nohup: ignoring input
Running MetaFusion2 container for run EGAD00001005500_RNA
Running MetaFusion2 container for run EGAD00001006282
Running MetaFusion2 container for run HRA000524
Running MetaFusion2 container for run IMmotion150
Running MetaFusion2 container for run IMmotion151
Running MetaFusion2 container for run IMvigor010
Running MetaFusion2 container for run IMvigor210
Running MetaFusion2 container for run OAK
Running MetaFusion2 container for run POPLAR
Running MetaFusion2 container for run PRJEB23709
Running MetaFusion2 container for run PRJEB25780
Running MetaFusion2 container for run PRJNA312948
Running MetaFusion2 container for run PRJNA356761
Running MetaFusion2 container for run PRJNA476140
Running MetaFusion2 container for run PRJNA482620
Running MetaFusion2 container for run PRJNA498500
Running MetaFusion2 container for run PRJNA744780
Running MetaFusion2 container for run PRJNA795330
Running MetaFusion2 container for run PRJNA923698
Running MetaFusion2 container for run PRJNA940989
Running MetaFusion2 container for run RNA_phs000452
Running MetaFusion2 container for run RNA_phs001427
Running MetaFusion2 container for run RNA_phs001464
Running MetaFusion2 container for run RNA_phs001493
Running MetaFusion2 container for run RNA_phs001919
Running MetaFusion2 container for run RNA_phs001994
Running MetaFusion2 container for run RNA_phs002176
Running MetaFusion2 container for run RNA_phs002270
Running MetaFusion2 container for run RNA_phs003284
Running MetaFusion2 container for run RNA_phs003316
nohup: ignoring input
Running MetaFusion2 container for run RNA_phs001038
