Start at Wed Oct 9 02:46:42 UTC 2024 -----------
Generating output in /MetaFusion/RUNS_Results/EGAD00001005500_RNA
mkdir: cannot create directory '/MetaFusion/RUNS_Results/EGAD00001005500_RNA': File exists
Rename cff
python rename_cff_file_genes.MetaFusion.py /MetaFusion/RUNS_Results/EGAD00001005500_RNA/EGAD00001005500_RNA.cff.reformat /MetaFusion/reference_files/Homo_sapiens.gene_info > /MetaFusion/RUNS_Results/EGAD00001005500_RNA/EGAD00001005500_RNA.cff.reformat.renamed
Annotate cff, extract sequence surrounding breakpoint
3186995 annotations from /MetaFusion/reference_files/hg38_gene.bed loaded.
17.7893910408 sec. elapsed.
Warning: Input gene annotations include multiple chr, strand, or regions (5Mb away). Skipping current gene annotation.
[('LINC00102', 'chrX', 'r'), ('LINC00102', 'chrY', 'r')]
Warning: Input gene annotations include multiple chr, strand, or regions (5Mb away). Skipping current gene annotation.
[('SNORD42', 'chr22', 'r'), ('SNORD42', 'chr4', 'r')]
Warning: Input gene annotations include multiple chr, strand, or regions (5Mb away). Skipping current gene annotation.
[('CD99P1', 'chrX', 'f'), ('CD99P1', 'chrY', 'f')]
Warning: Input gene annotations include multiple chr, strand, or regions (5Mb away). Skipping current gene annotation.
[('TNFRSF10A-DT', 'chr8', 'f'), ('TNFRSF10A-DT', 'chr8', 'r')]
Warning: Input gene annotations include multiple chr, strand, or regions (5Mb away). Skipping current gene annotation.
[('TRPC6P1', 'chrX', 'r'), ('TRPC6P1', 'chrY', 'r')]
Warning: Input gene annotations include multiple chr, strand, or regions (5Mb away). Skipping current gene annotation.
[('7SK', 'chr1', 'r'), ('7SK', 'chr1', 'f'), ('7SK', 'chr11', 'f'), ('7SK', 'chr17', 'f'), ('7SK', 'chr3', 'r'), ('7SK', 'chr6', 'f')]
Warning: Input gene annotations include multiple chr, strand, or regions (5Mb away). Skipping current gene annotation.
[('Y_RNA', 'chr1', 'r'), ('Y_RNA', 'chr1', 'f'), ('Y_RNA', 'chr10', 'r'), ('Y_RNA', 'chr10', 'f'), ('Y_RNA', 'chr11', 'f'), ('Y_RNA', 'chr11', 'r'), ('Y_RNA', 'chr12', 'r'), ('Y_RNA', 'chr12', 'f'), ('Y_RNA', 'chr13', 'f'), ('Y_RNA', 'chr14', 'f'), ('Y_RNA', 'chr14', 'r'), ('Y_RNA', 'chr15', 'f'), ('Y_RNA', 'chr15', 'r'), ('Y_RNA', 'chr16', 'f'), ('Y_RNA', 'chr16', 'r'), ('Y_RNA', 'chr17', 'f'), ('Y_RNA', 'chr17', 'r'), ('Y_RNA', 'chr18', 'f'), ('Y_RNA', 'chr18', 'r'), ('Y_RNA', 'chr19', 'r'), ('Y_RNA', 'chr19', 'f'), ('Y_RNA', 'chr2', 'f'), ('Y_RNA', 'chr2', 'r'), ('Y_RNA', 'chr20', 'f'), ('Y_RNA', 'chr20', 'r'), ('Y_RNA', 'chr21', 'f'), ('Y_RNA', 'chr21', 'r'), ('Y_RNA', 'chr22', 'f'), ('Y_RNA', 'chr22', 'r'), ('Y_RNA', 'chr3', 'r'), ('Y_RNA', 'chr3', 'f'), ('Y_RNA', 'chr4', 'r'), ('Y_RNA', 'chr4', 'f'), ('Y_RNA', 'chr5', 'r'), ('Y_RNA', 'chr5', 'f'), ('Y_RNA', 'chr6', 'r'), ('Y_RNA', 'chr6', 'f'), ('Y_RNA', 'chr7', 'r'), ('Y_RNA', 'chr7', 'f'), ('Y_RNA', 'chr8', 'f'), ('Y_RNA', 'chr8', 'r'), ('Y_RNA', 'chr9', 'f'), ('Y_RNA', 'chr9', 'r'), ('Y_RNA', 'chrX', 'r'), ('Y_RNA', 'chrX', 'f'), ('Y_RNA', 'chrY', 'f')]
Warning: Input gene annotations include multiple chr, strand, or regions (5Mb away). Skipping current gene annotation.
[('WASIR1', 'chrX', 'r'), ('WASIR1', 'chrY', 'r')]
Warning: Input gene annotations include multiple chr, strand, or regions (5Mb away). Skipping current gene annotation.
[('U8', 'chr1', 'f'), ('U8', 'chr10', 'r'), ('U8', 'chr10', 'f'), ('U8', 'chr11', 'f'), ('U8', 'chr12', 'r'), ('U8', 'chr12', 'f'), ('U8', 'chr15', 'f'), ('U8', 'chr15', 'r'), ('U8', 'chr18', 'r'), ('U8', 'chr2', 'r'), ('U8', 'chr2', 'f'), ('U8', 'chr3', 'r'), ('U8', 'chr3', 'f'), ('U8', 'chr5', 'r'), ('U8', 'chr5', 'f'), ('U8', 'chr6', 'r'), ('U8', 'chr8', 'r'), ('U8', 'chr9', 'f')]
Warning: Input gene annotations include multiple chr, strand, or regions (5Mb away). Skipping current gene annotation.
[('U4', 'chr1', 'r'), ('U4', 'chr1', 'f'), ('U4', 'chr11', 'r'), ('U4', 'chr2', 'f'), ('U4', 'chr5', 'r'), ('U4', 'chr6', 'f'), ('U4', 'chr8', 'r')]
Warning: Input gene annotations include multiple chr, strand, or regions (5Mb away). Skipping current gene annotation.
[('U7', 'chr1', 'f'), ('U7', 'chr12', 'r'), ('U7', 'chr15', 'f'), ('U7', 'chr16', 'r'), ('U7', 'chr22', 'r'), ('U7', 'chr3', 'f'), ('U7', 'chrX', 'f')]
Warning: Input gene annotations include multiple chr, strand, or regions (5Mb away). Skipping current gene annotation.
[('U6', 'chr1', 'r'), ('U6', 'chr1', 'f'), ('U6', 'chr10', 'f'), ('U6', 'chr11', 'r'), ('U6', 'chr11', 'f'), ('U6', 'chr12', 'f'), ('U6', 'chr12', 'r'), ('U6', 'chr13', 'f'), ('U6', 'chr14', 'r'), ('U6', 'chr15', 'r'), ('U6', 'chr15', 'f'), ('U6', 'chr16', 'f'), ('U6', 'chr17', 'r'), ('U6', 'chr2', 'f'), ('U6', 'chr2', 'r'), ('U6', 'chr20', 'r'), ('U6', 'chr21', 'f'), ('U6', 'chr22', 'f'), ('U6', 'chr3', 'f'), ('U6', 'chr4', 'f'), ('U6', 'chr4', 'r'), ('U6', 'chr9', 'f'), ('U6', 'chrX', 'f')]
Warning: Input gene annotations include multiple chr, strand, or regions (5Mb away). Skipping current gene annotation.
[('U1', 'chr1', 'f'), ('U1', 'chr1', 'r'), ('U1', 'chr21', 'f')]
Warning: Input gene annotations include multiple chr, strand, or regions (5Mb away). Skipping current gene annotation.
[('U3', 'chr1', 'f'), ('U3', 'chr1', 'r'), ('U3', 'chr10', 'f'), ('U3', 'chr10', 'r'), ('U3', 'chr11', 'f'), ('U3', 'chr14', 'r'), ('U3', 'chr15', 'f'), ('U3', 'chr15', 'r'), ('U3', 'chr17', 'r'), ('U3', 'chr17', 'f'), ('U3', 'chr18', 'f'), ('U3', 'chr18', 'r'), ('U3', 'chr19', 'r'), ('U3', 'chr2', 'f'), ('U3', 'chr2', 'r'), ('U3', 'chr20', 'f'), ('U3', 'chr20', 'r'), ('U3', 'chr21', 'r'), ('U3', 'chr3', 'r'), ('U3', 'chr3', 'f'), ('U3', 'chr4', 'f'), ('U3', 'chr5', 'f'), ('U3', 'chr5', 'r'), ('U3', 'chr6', 'f'), ('U3', 'chr6', 'r'), ('U3', 'chr7', 'f'), ('U3', 'chr7', 'r'), ('U3', 'chr8', 'f'), ('U3', 'chr8', 'r'), ('U3', 'chrX', 'f'), ('U3', 'chrX', 'r')]
Warning: Input gene annotations include multiple chr, strand, or regions (5Mb away). Skipping current gene annotation.
[('U2', 'chr1', 'f'), ('U2', 'chr14', 'r'), ('U2', 'chr17', 'r'), ('U2', 'chr22', 'r'), ('U2', 'chr3', 'f'), ('U2', 'chr4', 'f'), ('U2', 'chr8', 'r'), ('U2', 'chr9', 'f')]
Warning: Input gene annotations include multiple chr, strand, or regions (5Mb away). Skipping current gene annotation.
[('MIR6089', 'chrX', 'f'), ('MIR6089', 'chrY', 'f')]
Warning: Input gene annotations include multiple chr, strand, or regions (5Mb away). Skipping current gene annotation.
[('IL3RA', 'chrX', 'f'), ('IL3RA', 'chrY', 'f')]
Warning: Input gene annotations include multiple chr, strand, or regions (5Mb away). Skipping current gene annotation.
[('GTPBP6', 'chrX', 'r'), ('GTPBP6', 'chrY', 'r')]
Warning: Input gene annotations include multiple chr, strand, or regions (5Mb away). Skipping current gene annotation.
[('SNORD18', 'chr15', 'r'), ('SNORD18', 'chr2', 'r')]
Warning: Input gene annotations include multiple chr, strand, or regions (5Mb away). Skipping current gene annotation.
[('LSP1P5', 'chr1', 'f'), ('LSP1P5', 'chr2', 'r')]
Warning: Input gene annotations include multiple chr, strand, or regions (5Mb away). Skipping current gene annotation.
[('ELOCP24', 'chrX', 'r'), ('ELOCP24', 'chrY', 'r')]
Warning: Input gene annotations include multiple chr, strand, or regions (5Mb away). Skipping current gene annotation.
[('Vault', 'chr17', 'f'), ('Vault', 'chr17', 'r'), ('Vault', 'chr2', 'r'), ('Vault', 'chr5', 'r')]
Warning: Input gene annotations include multiple chr, strand, or regions (5Mb away). Skipping current gene annotation.
[('LINC03025', 'chr9', 'r'), ('LINC03025', 'chr9', 'f')]
Warning: Input gene annotations include multiple chr, strand, or regions (5Mb away). Skipping current gene annotation.
[('5S_rRNA', 'chr1', 'r'), ('5S_rRNA', 'chr16', 'r'), ('5S_rRNA', 'chr17', 'r'), ('5S_rRNA', 'chr19', 'r'), ('5S_rRNA', 'chr2', 'r'), ('5S_rRNA', 'chr2', 'f'), ('5S_rRNA', 'chr6', 'r'), ('5S_rRNA', 'chr7', 'r'), ('5S_rRNA', 'chrX', 'f')]
Warning: Input gene annotations include multiple chr, strand, or regions (5Mb away). Skipping current gene annotation.
[('WASH6P', 'chrX', 'f'), ('WASH6P', 'chrY', 'f')]
Warning: Input gene annotations include multiple chr, strand, or regions (5Mb away). Skipping current gene annotation.
[('LINC01238', 'chr2', 'f'), ('LINC01238', 'chr2', 'r')]
Warning: Input gene annotations include multiple chr, strand, or regions (5Mb away). Skipping current gene annotation.
[('MIR3690', 'chrX', 'f'), ('MIR3690', 'chrY', 'f')]
Warning: Input gene annotations include multiple chr, strand, or regions (5Mb away). Skipping current gene annotation.
[('HERC2P7', 'chr15', 'r'), ('HERC2P7', 'chr15', 'f')]
Warning: Input gene annotations include multiple chr, strand, or regions (5Mb away). Skipping current gene annotation.
[('CTSLP2', 'chr10', 'f'), ('CTSLP2', 'chr10', 'r')]
Warning: Input gene annotations include multiple chr, strand, or regions (5Mb away). Skipping current gene annotation.
[('SNORA62', 'chr1', 'f'), ('SNORA62', 'chr11', 'f'), ('SNORA62', 'chr16', 'r'), ('SNORA62', 'chr21', 'f'), ('SNORA62', 'chr3', 'f'), ('SNORA62', 'chr4', 'f'), ('SNORA62', 'chr8', 'f')]
Warning: Input gene annotations include multiple chr, strand, or regions (5Mb away). Skipping current gene annotation.
[('SNORA63', 'chr1', 'f'), ('SNORA63', 'chr1', 'r'), ('SNORA63', 'chr15', 'r'), ('SNORA63', 'chr3', 'f'), ('SNORA63', 'chr4', 'f'), ('SNORA63', 'chr5', 'f'), ('SNORA63', 'chr7', 'r')]
Warning: Input gene annotations include multiple chr, strand, or regions (5Mb away). Skipping current gene annotation.
[('SNORD116', 'chr1', 'r'), ('SNORD116', 'chr13', 'r'), ('SNORD116', 'chr9', 'f')]
Warning: Input gene annotations include multiple chr, strand, or regions (5Mb away). Skipping current gene annotation.
[('SNORD63', 'chr17', 'r'), ('SNORD63', 'chr3', 'r'), ('SNORD63', 'chr5', 'r')]
Warning: Input gene annotations include multiple chr, strand, or regions (5Mb away). Skipping current gene annotation.
[('KMT2CP1', 'chr1', 'r'), ('KMT2CP1', 'chr1', 'f')]
Warning: Input gene annotations include multiple chr, strand, or regions (5Mb away). Skipping current gene annotation.
[('SHOX', 'chrX', 'f'), ('SHOX', 'chrY', 'f')]
Warning: Input gene annotations include multiple chr, strand, or regions (5Mb away). Skipping current gene annotation.
[('RPL23AP7', 'chr2', 'r'), ('RPL23AP7', 'chr22', 'f')]
Warning: Input gene annotations include multiple chr, strand, or regions (5Mb away). Skipping current gene annotation.
[('DHRSX-IT1', 'chrX', 'r'), ('DHRSX-IT1', 'chrY', 'r')]
Warning: Input gene annotations include multiple chr, strand, or regions (5Mb away). Skipping current gene annotation.
[('SNORD39', 'chr11', 'r'), ('SNORD39', 'chr2', 'f'), ('SNORD39', 'chr4', 'r'), ('SNORD39', 'chr9', 'r')]
Warning: Input gene annotations include multiple chr, strand, or regions (5Mb away). Skipping current gene annotation.
[('ZBED1', 'chrX', 'r'), ('ZBED1', 'chrY', 'r')]
Warning: Input gene annotations include multiple chr, strand, or regions (5Mb away). Skipping current gene annotation.
[('ASMTL-AS1', 'chrX', 'f'), ('ASMTL-AS1', 'chrY', 'f')]
Warning: Input gene annotations include multiple chr, strand, or regions (5Mb away). Skipping current gene annotation.
[('SNORD30', 'chr11', 'r'), ('SNORD30', 'chrX', 'f')]
Warning: Input gene annotations include multiple chr, strand, or regions (5Mb away). Skipping current gene annotation.
[('ASMTL', 'chrX', 'r'), ('ASMTL', 'chrY', 'r')]
Warning: Input gene annotations include multiple chr, strand, or regions (5Mb away). Skipping current gene annotation.
[('FABP5P13', 'chrX', 'r'), ('FABP5P13', 'chrY', 'r')]
Warning: Input gene annotations include multiple chr, strand, or regions (5Mb away). Skipping current gene annotation.
[('CD99', 'chrX', 'f'), ('CD99', 'chrY', 'f')]
Warning: Input gene annotations include multiple chr, strand, or regions (5Mb away). Skipping current gene annotation.
[('DHRSX', 'chrX', 'r'), ('DHRSX', 'chrY', 'r')]
Warning: Input gene annotations include multiple chr, strand, or regions (5Mb away). Skipping current gene annotation.
[('SNORD33', 'chr16', 'r'), ('SNORD33', 'chr19', 'f')]
Warning: Input gene annotations include multiple chr, strand, or regions (5Mb away). Skipping current gene annotation.
[('NPIPA9', 'chr16', 'f'), ('NPIPA9', 'chr16', 'r')]
Warning: Input gene annotations include multiple chr, strand, or regions (5Mb away). Skipping current gene annotation.
[('SNORD81', 'chr1', 'f'), ('SNORD81', 'chr5', 'f'), ('SNORD81', 'chr7', 'f')]
Warning: Input gene annotations include multiple chr, strand, or regions (5Mb away). Skipping current gene annotation.
[('PLCXD1', 'chrX', 'f'), ('PLCXD1', 'chrY', 'f')]
Warning: Input gene annotations include multiple chr, strand, or regions (5Mb away). Skipping current gene annotation.
[('RNA5SP498', 'chrX', 'r'), ('RNA5SP498', 'chrY', 'r')]
Warning: Input gene annotations include multiple chr, strand, or regions (5Mb away). Skipping current gene annotation.
[('Metazoa_SRP', 'chr1', 'f'), ('Metazoa_SRP', 'chr1', 'r'), ('Metazoa_SRP', 'chr10', 'f'), ('Metazoa_SRP', 'chr10', 'r'), ('Metazoa_SRP', 'chr11', 'r'), ('Metazoa_SRP', 'chr11', 'f'), ('Metazoa_SRP', 'chr12', 'f'), ('Metazoa_SRP', 'chr12', 'r'), ('Metazoa_SRP', 'chr13', 'r'), ('Metazoa_SRP', 'chr13', 'f'), ('Metazoa_SRP', 'chr14', 'r'), ('Metazoa_SRP', 'chr14', 'f'), ('Metazoa_SRP', 'chr15', 'r'), ('Metazoa_SRP', 'chr15', 'f'), ('Metazoa_SRP', 'chr16', 'f'), ('Metazoa_SRP', 'chr16', 'r'), ('Metazoa_SRP', 'chr17', 'r'), ('Metazoa_SRP', 'chr17', 'f'), ('Metazoa_SRP', 'chr18', 'r'), ('Metazoa_SRP', 'chr19', 'f'), ('Metazoa_SRP', 'chr19', 'r'), ('Metazoa_SRP', 'chr2', 'f'), ('Metazoa_SRP', 'chr2', 'r'), ('Metazoa_SRP', 'chr20', 'f'), ('Metazoa_SRP', 'chr20', 'r'), ('Metazoa_SRP', 'chr22', 'f'), ('Metazoa_SRP', 'chr22', 'r'), ('Metazoa_SRP', 'chr3', 'r'), ('Metazoa_SRP', 'chr3', 'f'), ('Metazoa_SRP', 'chr4', 'r'), ('Metazoa_SRP', 'chr4', 'f'), ('Metazoa_SRP', 'chr5', 'f'), ('Metazoa_SRP', 'chr5', 'r'), ('Metazoa_SRP', 'chr6', 'f'), ('Metazoa_SRP', 'chr6', 'r'), ('Metazoa_SRP', 'chr7', 'f'), ('Metazoa_SRP', 'chr7', 'r'), ('Metazoa_SRP', 'chr8', 'f'), ('Metazoa_SRP', 'chr8', 'r'), ('Metazoa_SRP', 'chr9', 'f'), ('Metazoa_SRP', 'chr9', 'r'), ('Metazoa_SRP', 'chrX', 'r'), ('Metazoa_SRP', 'chrX', 'f'), ('Metazoa_SRP', 'chrY', 'r')]
Warning: Input gene annotations include multiple chr, strand, or regions (5Mb away). Skipping current gene annotation.
[('CSF2RA', 'chrX', 'f'), ('CSF2RA', 'chrY', 'f')]
Warning: Input gene annotations include multiple chr, strand, or regions (5Mb away). Skipping current gene annotation.
[('PPP2R3B', 'chrX', 'r'), ('PPP2R3B', 'chrY', 'r')]
Warning: Input gene annotations include multiple chr, strand, or regions (5Mb away). Skipping current gene annotation.
[('DPH3P2', 'chrX', 'f'), ('DPH3P2', 'chrY', 'f')]
Warning: Input gene annotations include multiple chr, strand, or regions (5Mb away). Skipping current gene annotation.
[('ASMT', 'chrX', 'f'), ('ASMT', 'chrY', 'f')]
Warning: Input gene annotations include multiple chr, strand, or regions (5Mb away). Skipping current gene annotation.
[('IL9R', 'chrX', 'f'), ('IL9R', 'chrY', 'f')]
Warning: Input gene annotations include multiple chr, strand, or regions (5Mb away). Skipping current gene annotation.
[('VAMP7', 'chrX', 'f'), ('VAMP7', 'chrY', 'f')]
Warning: Input gene annotations include multiple chr, strand, or regions (5Mb away). Skipping current gene annotation.
[('LINC02968', 'chrX', 'f'), ('LINC02968', 'chrY', 'f')]
Warning: Input gene annotations include multiple chr, strand, or regions (5Mb away). Skipping current gene annotation.
[('SNORA75', 'chr12', 'r'), ('SNORA75', 'chr12', 'f'), ('SNORA75', 'chr16', 'f'), ('SNORA75', 'chr2', 'r'), ('SNORA75', 'chr4', 'f')]
Warning: Input gene annotations include multiple chr, strand, or regions (5Mb away). Skipping current gene annotation.
[('SNORA74', 'chr12', 'r'), ('SNORA74', 'chr17', 'f'), ('SNORA74', 'chr2', 'f')]
Warning: Input gene annotations include multiple chr, strand, or regions (5Mb away). Skipping current gene annotation.
[('SNORA73', 'chr18', 'f'), ('SNORA73', 'chr18', 'r'), ('SNORA73', 'chr6', 'r')]
Warning: Input gene annotations include multiple chr, strand, or regions (5Mb away). Skipping current gene annotation.
[('SNORA72', 'chr1', 'r'), ('SNORA72', 'chr1', 'f'), ('SNORA72', 'chr2', 'f'), ('SNORA72', 'chr3', 'f'), ('SNORA72', 'chr3', 'r'), ('SNORA72', 'chr8', 'r')]
Warning: Input gene annotations include multiple chr, strand, or regions (5Mb away). Skipping current gene annotation.
[('SNORA71', 'chr10', 'f'), ('SNORA71', 'chr20', 'r'), ('SNORA71', 'chr20', 'f')]
Warning: Input gene annotations include multiple chr, strand, or regions (5Mb away). Skipping current gene annotation.
[('SNORA70', 'chr1', 'r'), ('SNORA70', 'chr12', 'r'), ('SNORA70', 'chr12', 'f'), ('SNORA70', 'chr14', 'f'), ('SNORA70', 'chr16', 'r'), ('SNORA70', 'chr17', 'r'), ('SNORA70', 'chr17', 'f'), ('SNORA70', 'chr18', 'r'), ('SNORA70', 'chr19', 'f'), ('SNORA70', 'chr21', 'f'), ('SNORA70', 'chr21', 'r'), ('SNORA70', 'chr3', 'f'), ('SNORA70', 'chr4', 'f'), ('SNORA70', 'chr5', 'f'), ('SNORA70', 'chr6', 'f'), ('SNORA70', 'chr8', 'r'), ('SNORA70', 'chr8', 'f'), ('SNORA70', 'chr9', 'f'), ('SNORA70', 'chr9', 'r'), ('SNORA70', 'chrX', 'f'), ('SNORA70', 'chrY', 'r'), ('SNORA70', 'chrY', 'f')]
Warning: Input gene annotations include multiple chr, strand, or regions (5Mb away). Skipping current gene annotation.
[('AMD1P2', 'chrX', 'r'), ('AMD1P2', 'chrY', 'r')]
Warning: Input gene annotations include multiple chr, strand, or regions (5Mb away). Skipping current gene annotation.
[('CRLF2', 'chrX', 'r'), ('CRLF2', 'chrY', 'r')]
Warning: Input gene annotations include multiple chr, strand, or regions (5Mb away). Skipping current gene annotation.
[('SNORD115', 'chr10', 'f'), ('SNORD115', 'chr15', 'f')]
Warning: Input gene annotations include multiple chr, strand, or regions (5Mb away). Skipping current gene annotation.
[('AKAP17A', 'chrX', 'f'), ('AKAP17A', 'chrY', 'f')]
Warning: Input gene annotations include multiple chr, strand, or regions (5Mb away). Skipping current gene annotation.
[('SNORD27', 'chr11', 'r'), ('SNORD27', 'chr13', 'r')]
Warning: Input gene annotations include multiple chr, strand, or regions (5Mb away). Skipping current gene annotation.
[('P2RY8', 'chrX', 'r'), ('P2RY8', 'chrY', 'r')]
Warning: Input gene annotations include multiple chr, strand, or regions (5Mb away). Skipping current gene annotation.
[('NPEPPSP1', 'chr17', 'f'), ('NPEPPSP1', 'chr17', 'r')]
Warning: Input gene annotations include multiple chr, strand, or regions (5Mb away). Skipping current gene annotation.
[('LINC00685', 'chrX', 'f'), ('LINC00685', 'chrY', 'f')]
Warning: Input gene annotations include multiple chr, strand, or regions (5Mb away). Skipping current gene annotation.
[('DDX11L2', 'chr1', 'f'), ('DDX11L2', 'chr2', 'r')]
Warning: Input gene annotations include multiple chr, strand, or regions (5Mb away). Skipping current gene annotation.
[('GABARAPL3', 'chr15', 'f'), ('GABARAPL3', 'chr15', 'r')]
Warning: Input gene annotations include multiple chr, strand, or regions (5Mb away). Skipping current gene annotation.
[('LINC02256', 'chr15', 'r'), ('LINC02256', 'chr15', 'f')]
Warning: Input gene annotations include multiple chr, strand, or regions (5Mb away). Skipping current gene annotation.
[('5_8S_rRNA', 'chr14', 'f'), ('5_8S_rRNA', 'chr20', 'r'), ('5_8S_rRNA', 'chr21', 'f'), ('5_8S_rRNA', 'chr22', 'r')]
Warning: Input gene annotations include multiple chr, strand, or regions (5Mb away). Skipping current gene annotation.
[('RPL14P5', 'chrX', 'r'), ('RPL14P5', 'chrY', 'r')]
Warning: Input gene annotations include multiple chr, strand, or regions (5Mb away). Skipping current gene annotation.
[('LINC00106', 'chrX', 'f'), ('LINC00106', 'chrY', 'f')]
Warning: Input gene annotations include multiple chr, strand, or regions (5Mb away). Skipping current gene annotation.
[('ANKRD20A5P', 'chr18', 'f'), ('ANKRD20A5P', 'chr9', 'f')]
Warning: Input gene annotations include multiple chr, strand, or regions (5Mb away). Skipping current gene annotation.
[('SLC25A6', 'chrX', 'r'), ('SLC25A6', 'chrY', 'r')]
Warning: Input gene annotations include multiple chr, strand, or regions (5Mb away). Skipping current gene annotation.
[('KRT18P53', 'chrX', 'r'), ('KRT18P53', 'chrY', 'r')]
Warning: Input gene annotations include multiple chr, strand, or regions (5Mb away). Skipping current gene annotation.
[('DDX11L16', 'chr15', 'r'), ('DDX11L16', 'chr16', 'f'), ('DDX11L16', 'chrX', 'r'), ('DDX11L16', 'chrY', 'r')]
Gene intervals loaded.
21.5564119816 sec. elapsed.
Transcript annotations loaded.
14.4179420471 sec. elapsed.
Warnning: gene name LOC124906378 is not in current annotation.
Warnning: gene name LOC124906378 is not in current annotation.
Warnning: gene name LOC124905166 is not in current annotation.
Warnning: gene name LOC124905166 is not in current annotation.
Warnning: gene name LOC124908055 is not in current annotation.
Warnning: gene name AC018742.1 is not in current annotation.
Warnning: gene name LOC124908055 is not in current annotation.
Warnning: gene name AC018742.1 is not in current annotation.
Warnning: gene name AFG2B is not in current annotation.
Warnning: gene name AFG2B is not in current annotation.
Warnning: gene name AC140168.1 is not in current annotation.
Warnning: gene name AC140172.1 is not in current annotation.
Warnning: gene name AC140168.1,AC140172.1 is not in current annotation.
Warnning: gene name AC010445.1 is not in current annotation.
Warnning: gene name AC010460.3 is not in current annotation.
Warnning: gene name AC010445.1,AC010460.3 is not in current annotation.
Warnning: gene name LOC402279 is not in current annotation.
Warnning: gene name LOC402279 is not in current annotation.
Warnning: gene name AC007161.3 is not in current annotation.
Warnning: gene name AC007161.3 is not in current annotation.
Warnning: gene name AC007161.3 is not in current annotation.
Warnning: gene name AC007161.3 is not in current annotation.
Warnning: gene name AC100807.2 is not in current annotation.
Warnning: gene name AC087354.1 is not in current annotation.
Warnning: gene name AC100807.2,AC087354.1 is not in current annotation.
Warnning: gene name AC006557.6 is not in current annotation.
Warnning: gene name AC006557.5 is not in current annotation.
Warnning: gene name AC006557.6,AC006557.5 is not in current annotation.
Warnning: gene name AL627309.5 is not in current annotation.
Warnning: gene name FO538757.1 is not in current annotation.
Warnning: gene name AL627309.5,FO538757.1 is not in current annotation.
Warnning: gene name LOC100996696 is not in current annotation.
Warnning: gene name LOC100996696 is not in current annotation.
Warnning: gene name AP007216.2 is not in current annotation.
Warnning: gene name AP003555.2 is not in current annotation.
Warnning: gene name AP007216.2,AP003555.2 is not in current annotation.
Warnning: gene name LOC100132659 is not in current annotation.
Warnning: gene name LOC100132659 is not in current annotation.
Warnning: gene name AC018880.2 is not in current annotation.
Warnning: gene name AC013727.1 is not in current annotation.
Warnning: gene name AC018880.2,AC013727.1 is not in current annotation.
Warnning: gene name AC099548.2 is not in current annotation.
Warnning: gene name LOC648442 is not in current annotation.
Warnning: gene name AC099548.2 is not in current annotation.
Warnning: gene name LOC648442 is not in current annotation.
Warnning: gene name LOC124904535 is not in current annotation.
Warnning: gene name LOC124904535 is not in current annotation.
Warnning: gene name AC131274.3 is not in current annotation.
Warnning: gene name AC069061.1 is not in current annotation.
Warnning: gene name AC131274.3,AC069061.1 is not in current annotation.
Warnning: gene name LOC105374736 is not in current annotation.
Warnning: gene name LOC105374736 is not in current annotation.
Warnning: gene name LOC105370728 is not in current annotation.
Warnning: gene name LOC105370728 is not in current annotation.
Warnning: gene name AL031315.1 is not in current annotation.
Warnning: gene name LOC105370728 is not in current annotation.
Warnning: gene name AL031315.1 is not in current annotation.
Warnning: gene name LOC105370728 is not in current annotation.
Warnning: gene name AC134878.2 is not in current annotation.
Warnning: gene name AC134878.2 is not in current annotation.
Warnning: gene name AC005291.2 is not in current annotation.
Warnning: gene name AC005291.2 is not in current annotation.
Warnning: gene name AL109809.4 is not in current annotation.
Warnning: gene name AL117335.1 is not in current annotation.
Warnning: gene name AL109809.4,AL117335.1 is not in current annotation.
Warnning: gene name AC134878.2 is not in current annotation.
Warnning: gene name AC134878.2 is not in current annotation.
Warnning: gene name AC215522.1 is not in current annotation.
Warnning: gene name AC093627.1 is not in current annotation.
Warnning: gene name AC215522.1,AC093627.1 is not in current annotation.
Warnning: gene name AC078929.1 is not in current annotation.
Warnning: gene name AC007649.1 is not in current annotation.
Warnning: gene name AC078929.1,AC007649.1 is not in current annotation.
Warnning: gene name AL021546.1 is not in current annotation.
Warnning: gene name AC078929.1 is not in current annotation.
Warnning: gene name AC007649.1 is not in current annotation.
Warnning: gene name AL021546.1 is not in current annotation.
Warnning: gene name AC078929.1,AC007649.1 is not in current annotation.
Warnning: gene name AP000787.1 is not in current annotation.
Warnning: gene name AP001790.1 is not in current annotation.
Warnning: gene name AP000787.1,AP001790.1 is not in current annotation.
Warnning: gene name AC061709.2 is not in current annotation.
Warnning: gene name AC061709.1 is not in current annotation.
Warnning: gene name AC061709.2,AC061709.1 is not in current annotation.
Warnning: gene name AC018659.2 is not in current annotation.
Warnning: gene name AC007424.1 is not in current annotation.
Warnning: gene name AC018659.2,AC007424.1 is not in current annotation.
Warnning: gene name AC022596.2 is not in current annotation.
Warnning: gene name AL353996.1 is not in current annotation.
Warnning: gene name AC022596.2,AL353996.1 is not in current annotation.
Warnning: gene name AP003100.2 is not in current annotation.
Warnning: gene name AP003100.1 is not in current annotation.
Warnning: gene name AP003100.2,AP003100.1 is not in current annotation.
Warnning: gene name AL031315.1 is not in current annotation.
Warnning: gene name AL031315.1 is not in current annotation.
Warnning: gene name AC010476.2 is not in current annotation.
Warnning: gene name AC010591.1 is not in current annotation.
Warnning: gene name AC010476.2,AC010591.1 is not in current annotation.
Warnning: gene name AC010476.2 is not in current annotation.
Warnning: gene name AC010591.1 is not in current annotation.
Warnning: gene name AC010476.2,AC010591.1 is not in current annotation.
Warnning: gene name AL512641.1 is not in current annotation.
Warnning: gene name AL357520.1 is not in current annotation.
Warnning: gene name AL512641.1,AL357520.1 is not in current annotation.
Warnning: gene name AC069503.2 is not in current annotation.
Warnning: gene name AC069503.2 is not in current annotation.
Warnning: gene name RPS6P17 is not in current annotation.
Warnning: gene name RPS6P17 is not in current annotation.
Warnning: gene name AL355602.1 is not in current annotation.
Warnning: gene name Z98747.1 is not in current annotation.
Warnning: gene name AL355602.1,Z98747.1 is not in current annotation.
Warnning: gene name LOC644909 is not in current annotation.
Warnning: gene name LOC644909 is not in current annotation.
Warnning: gene name AC010422.3 is not in current annotation.
Warnning: gene name AC010422.3 is not in current annotation.
Warnning: gene name LOC644909 is not in current annotation.
Warnning: gene name LOC644909 is not in current annotation.
Warnning: gene name AP000439.1 is not in current annotation.
Warnning: gene name AP000439.3 is not in current annotation.
Warnning: gene name AP000439.1,AP000439.3 is not in current annotation.
Warnning: gene name LOC124900381 is not in current annotation.
Warnning: gene name LOC124900381 is not in current annotation.
Warnning: gene name AP000487.1 is not in current annotation.
Warnning: gene name LOC442225 is not in current annotation.
Warnning: gene name AP000487.1 is not in current annotation.
Warnning: gene name LOC442225 is not in current annotation.
Warnning: gene name LOC646112 is not in current annotation.
Warnning: gene name LOC646112 is not in current annotation.
Warnning: gene name AC092821.2 is not in current annotation.
Warnning: gene name AC092821.2 is not in current annotation.
Warnning: gene name AC092821.4 is not in current annotation.
Warnning: gene name AC092821.4 is not in current annotation.
Warnning: gene name LOC646112 is not in current annotation.
Warnning: gene name LOC646112 is not in current annotation.
Warnning: gene name LOC442225 is not in current annotation.
Warnning: gene name LOC442225 is not in current annotation.
Warnning: gene name AC010329.2 is not in current annotation.
Warnning: gene name AC010329.1 is not in current annotation.
Warnning: gene name AC010329.2,AC010329.1 is not in current annotation.
Warnning: gene name LOC101927560 is not in current annotation.
Warnning: gene name LOC101927560 is not in current annotation.
Warnning: gene name LOC124906147 is not in current annotation.
Warnning: gene name LOC124906147 is not in current annotation.
Warnning: gene name AC012451.1 is not in current annotation.
Warnning: gene name AC068483.1 is not in current annotation.
Warnning: gene name AC012451.1,AC068483.1 is not in current annotation.
Warnning: gene name AC009509.2 is not in current annotation.
Warnning: gene name AC009509.2 is not in current annotation.
Warnning: gene name AC012451.1 is not in current annotation.
Warnning: gene name AC068483.1 is not in current annotation.
Warnning: gene name AC012451.1,AC068483.1 is not in current annotation.
Warnning: gene name LOC105376588 is not in current annotation.
Warnning: gene name LOC105376588 is not in current annotation.
Warnning: gene name AP001273.2 is not in current annotation.
Warnning: gene name LOC105376588 is not in current annotation.
Warnning: gene name AP001273.2 is not in current annotation.
Warnning: gene name LOC105376588 is not in current annotation.
Warnning: gene name AP001273.2 is not in current annotation.
Warnning: gene name AP001273.2 is not in current annotation.
Warnning: gene name AC215217.1 is not in current annotation.
Warnning: gene name AL713922.1 is not in current annotation.
Warnning: gene name AC215217.1,AL713922.1 is not in current annotation.
Warnning: gene name AC100805.1 is not in current annotation.
Warnning: gene name AC013701.1 is not in current annotation.
Warnning: gene name AC100805.1,AC013701.1 is not in current annotation.
Warnning: gene name AP005329.2 is not in current annotation.
Warnning: gene name AP005329.2 is not in current annotation.
Warnning: gene name AP000676.5 is not in current annotation.
Warnning: gene name AP000676.5 is not in current annotation.
Warnning: gene name LOC101060021 is not in current annotation.
Warnning: gene name LOC101060021 is not in current annotation.
Warnning: gene name AL158066.1 is not in current annotation.
Warnning: gene name AL158066.1 is not in current annotation.
Warnning: gene name AC005771.1 is not in current annotation.
Warnning: gene name AC007423.1 is not in current annotation.
Warnning: gene name AC005771.1,AC007423.1 is not in current annotation.
Warnning: gene name AC009879.3 is not in current annotation.
Warnning: gene name AC009879.3 is not in current annotation.
Warnning: gene name AC138701.1 is not in current annotation.
Warnning: gene name AC138701.1 is not in current annotation.
Warnning: gene name AC016629.2 is not in current annotation.
Warnning: gene name AC016629.2 is not in current annotation.
Warnning: gene name AC016629.3 is not in current annotation.
Warnning: gene name AC016629.3 is not in current annotation.
Warnning: gene name LOC101927450 is not in current annotation.
Warnning: gene name LOC101927450 is not in current annotation.
Warnning: gene name AC007432.1 is not in current annotation.
Warnning: gene name AC007432.1 is not in current annotation.
Warnning: gene name AC123904.3 is not in current annotation.
Warnning: gene name AC073525.1 is not in current annotation.
Warnning: gene name AC123904.3,AC073525.1 is not in current annotation.
Warnning: gene name AP000676.5 is not in current annotation.
Warnning: gene name AP000676.5 is not in current annotation.
Warnning: gene name AC079142.1 is not in current annotation.
Warnning: gene name AC079142.1 is not in current annotation.
Warnning: gene name AC093025.1 is not in current annotation.
Warnning: gene name AC090679.3 is not in current annotation.
Warnning: gene name AC093025.1,AC090679.3 is not in current annotation.
Warnning: gene name AC026736.1 is not in current annotation.
Warnning: gene name AC010266.2 is not in current annotation.
Warnning: gene name AC026736.1,AC010266.2 is not in current annotation.
Warnning: gene name LOC124904671 is not in current annotation.
Warnning: gene name LOC124904671 is not in current annotation.
Warnning: gene name AC021087.5 is not in current annotation.
Warnning: gene name AC026736.1 is not in current annotation.
Warnning: gene name AC010266.2 is not in current annotation.
Warnning: gene name AC021087.5 is not in current annotation.
Warnning: gene name AC026736.1,AC010266.2 is not in current annotation.
Warnning: gene name AC133480.1 is not in current annotation.
Warnning: gene name AC090503.2 is not in current annotation.
Warnning: gene name AC133480.1,AC090503.2 is not in current annotation.
Warnning: gene name AC090679.2 is not in current annotation.
Warnning: gene name AC087888.1 is not in current annotation.
Warnning: gene name AC090679.2,AC087888.1 is not in current annotation.
Warnning: gene name AC087888.1 is not in current annotation.
Warnning: gene name AC093027.1 is not in current annotation.
Warnning: gene name AC087888.1,AC093027.1 is not in current annotation.
Warnning: gene name AC026736.1 is not in current annotation.
Warnning: gene name AC010266.2 is not in current annotation.
Warnning: gene name AC026736.1,AC010266.2 is not in current annotation.
Warnning: gene name LOC107986376 is not in current annotation.
Warnning: gene name LOC107986376 is not in current annotation.
Warnning: gene name LOC101059974 is not in current annotation.
Warnning: gene name LOC101059974 is not in current annotation.
Warnning: gene name LOC124900325 is not in current annotation.
Warnning: gene name LOC124900325 is not in current annotation.
Warnning: gene name AC061709.2 is not in current annotation.
Warnning: gene name AC061709.1 is not in current annotation.
Warnning: gene name AC061709.2,AC061709.1 is not in current annotation.
Warnning: gene name LOC101059974 is not in current annotation.
Warnning: gene name LOC101059974 is not in current annotation.
Warnning: gene name AC004241.1 is not in current annotation.
Warnning: gene name AC004241.1 is not in current annotation.
Warnning: gene name AC133480.1 is not in current annotation.
Warnning: gene name AC090503.2 is not in current annotation.
Warnning: gene name AC133480.1,AC090503.2 is not in current annotation.
Warnning: gene name AC123905.1 is not in current annotation.
Warnning: gene name AC123905.1 is not in current annotation.
Warnning: gene name AC015943.1 is not in current annotation.
Warnning: gene name AC005951.1 is not in current annotation.
Warnning: gene name AC015943.1,AC005951.1 is not in current annotation.
Warnning: gene name LOC100134391 is not in current annotation.
Warnning: gene name LOC100134391 is not in current annotation.
Warnning: gene name LOC124901122 is not in current annotation.
Warnning: gene name LOC124901122 is not in current annotation.
Warnning: gene name LOC101929308 is not in current annotation.
Warnning: gene name LOC101929308 is not in current annotation.
Warnning: gene name AL109804.1 is not in current annotation.
Warnning: gene name AL109804.1 is not in current annotation.
Warnning: gene name AL645474.1 is not in current annotation.
Warnning: gene name AL136372.2 is not in current annotation.
Warnning: gene name AL645474.1,AL136372.2 is not in current annotation.
Warnning: gene name LOC442225 is not in current annotation.
Warnning: gene name LOC442225 is not in current annotation.
Warnning: gene name LOC442225 is not in current annotation.
Warnning: gene name LOC442225 is not in current annotation.
Warnning: gene name LOC107985126 is not in current annotation.
Warnning: gene name LOC107985126 is not in current annotation.
Warnning: gene name AL645474.1 is not in current annotation.
Warnning: gene name AL136372.2 is not in current annotation.
Warnning: gene name AL645474.1,AL136372.2 is not in current annotation.
Warnning: gene name AC011246.1 is not in current annotation.
Warnning: gene name AC011246.1 is not in current annotation.
Warnning: gene name AL645474.1 is not in current annotation.
Warnning: gene name AL136372.2 is not in current annotation.
Warnning: gene name AL645474.1,AL136372.2 is not in current annotation.
Warnning: gene name LOC100129847 is not in current annotation.
Warnning: gene name LOC100129847 is not in current annotation.
Warnning: gene name LOC100129847 is not in current annotation.
Warnning: gene name LOC100129847 is not in current annotation.
Warnning: gene name LOC124900496 is not in current annotation.
Warnning: gene name LOC124900496 is not in current annotation.
Warnning: gene name AL161912.4 is not in current annotation.
Warnning: gene name AL161782.1 is not in current annotation.
Warnning: gene name AL161912.4,AL161782.1 is not in current annotation.
Warnning: gene name AC020897.1 is not in current annotation.
Warnning: gene name AC020912.1 is not in current annotation.
Warnning: gene name AC020897.1,AC020912.1 is not in current annotation.
Warnning: gene name LOC105375358 is not in current annotation.
Warnning: gene name LOC105375358 is not in current annotation.
Warnning: gene name AC073071.1 is not in current annotation.
Warnning: gene name AC073387.1 is not in current annotation.
Warnning: gene name AC073071.1,AC073387.1 is not in current annotation.
Warnning: gene name AP000593.2 is not in current annotation.
Warnning: gene name AP000593.4 is not in current annotation.
Warnning: gene name AP000593.2,AP000593.4 is not in current annotation.
Warnning: gene name LOC105374524 is not in current annotation.
Warnning: gene name LOC105371672 is not in current annotation.
Warnning: gene name LOC105374524 is not in current annotation.
Warnning: gene name LOC105371672 is not in current annotation.
Warnning: gene name POLR2J3-UPK3BL2 is not in current annotation.
Warnning: gene name POLR2J3-UPK3BL2 is not in current annotation.
Warnning: gene name POLR2J3-UPK3BL2 is not in current annotation.
Warnning: gene name POLR2J3-UPK3BL2 is not in current annotation.
Warnning: gene name AP000593.2 is not in current annotation.
Warnning: gene name AP000593.4 is not in current annotation.
Warnning: gene name AP000593.2,AP000593.4 is not in current annotation.
Warnning: gene name AL136456.1 is not in current annotation.
Warnning: gene name LOC105371672 is not in current annotation.
Warnning: gene name AL136456.1 is not in current annotation.
Warnning: gene name LOC105371672 is not in current annotation.
Warnning: gene name AC134878.2 is not in current annotation.
Warnning: gene name AC134878.2 is not in current annotation.
Warnning: gene name LOC102723370 is not in current annotation.
Warnning: gene name LOC102723370 is not in current annotation.
Warnning: gene name POLR2J3-UPK3BL2 is not in current annotation.
Warnning: gene name POLR2J3-UPK3BL2 is not in current annotation.
Warnning: gene name AC027801.1 is not in current annotation.
Warnning: gene name AC027801.2 is not in current annotation.
Warnning: gene name AC027801.1,AC027801.2 is not in current annotation.
Warnning: gene name LOC392440 is not in current annotation.
Warnning: gene name LOC392440 is not in current annotation.
Warnning: gene name AL050402.1 is not in current annotation.
Warnning: gene name AL133456.1 is not in current annotation.
Warnning: gene name AL050402.1,AL133456.1 is not in current annotation.
Warnning: gene name LOC392440 is not in current annotation.
Warnning: gene name LOC392440 is not in current annotation.
Warnning: gene name LOC107986837 is not in current annotation.
Warnning: gene name LOC107986837 is not in current annotation.
Warnning: gene name AC026415.1 is not in current annotation.
Warnning: gene name AC010451.3 is not in current annotation.
Warnning: gene name AC026415.1,AC010451.3 is not in current annotation.
Warnning: gene name LOC124900229 is not in current annotation.
Warnning: gene name LOC124900229 is not in current annotation.
Warnning: gene name AC091905.4 is not in current annotation.
Warnning: gene name AC034229.1 is not in current annotation.
Warnning: gene name AC091905.4,AC034229.1 is not in current annotation.
Warnning: gene name LOC100996583 is not in current annotation.
Warnning: gene name LOC100996583 is not in current annotation.
Warnning: gene name AL161716.1 is not in current annotation.
Warnning: gene name AL138690.2 is not in current annotation.
Warnning: gene name AL161716.1,AL138690.2 is not in current annotation.
Warnning: gene name AL161716.1 is not in current annotation.
Warnning: gene name AL138690.2 is not in current annotation.
Warnning: gene name AL161716.1,AL138690.2 is not in current annotation.
Warnning: gene name AP002371.1 is not in current annotation.
Warnning: gene name AP003072.4 is not in current annotation.
Warnning: gene name AP002371.1,AP003072.4 is not in current annotation.
Warnning: gene name LOC100289416 is not in current annotation.
Warnning: gene name LOC100289416 is not in current annotation.
Warnning: gene name AC141557.1 is not in current annotation.
Warnning: gene name AC141557.1 is not in current annotation.
Warnning: gene name AP000851.1 is not in current annotation.
Warnning: gene name AP000851.2 is not in current annotation.
Warnning: gene name AP000851.1,AP000851.2 is not in current annotation.
Warnning: gene name AL669830.2 is not in current annotation.
Warnning: gene name AC073592.4 is not in current annotation.
Warnning: gene name AC073593.1 is not in current annotation.
Warnning: gene name AL669830.2 is not in current annotation.
Warnning: gene name AC073592.4,AC073593.1 is not in current annotation.
Warnning: gene name AC107373.1 is not in current annotation.
Warnning: gene name AC073581.1 is not in current annotation.
Warnning: gene name AC107373.1,AC073581.1 is not in current annotation.
Warnning: gene name LOC101928622 is not in current annotation.
Warnning: gene name LOC101928622 is not in current annotation.
Warnning: gene name LOC105371348 is not in current annotation.
Warnning: gene name LOC105371348 is not in current annotation.
Warnning: gene name AP003072.1 is not in current annotation.
Warnning: gene name AP003969.1 is not in current annotation.
Warnning: gene name AP003072.1,AP003969.1 is not in current annotation.
Warnning: gene name AC091114.1 is not in current annotation.
Warnning: gene name AC016074.2 is not in current annotation.
Warnning: gene name AC091114.1,AC016074.2 is not in current annotation.
Warnning: gene name AC099754.1 is not in current annotation.
Warnning: gene name AC099754.1 is not in current annotation.
Warnning: gene name LOC100422334 is not in current annotation.
Warnning: gene name LOC100422334 is not in current annotation.
Warnning: gene name RNA5-8SP is not in current annotation.
Warnning: gene name RNA5-8SP is not in current annotation.
Warnning: gene name LOC442225 is not in current annotation.
Warnning: gene name LOC442225 is not in current annotation.
Warnning: gene name LOC442225 is not in current annotation.
Warnning: gene name LOC442225 is not in current annotation.
Warnning: gene name LOC100506207 is not in current annotation.
Warnning: gene name LOC100506207 is not in current annotation.
Warnning: gene name HAVCR1P1 is not in current annotation.
Warnning: gene name HAVCR1P1 is not in current annotation.
Warnning: gene name AC016957.2 is not in current annotation.
Warnning: gene name AC016957.1 is not in current annotation.
Warnning: gene name AC016957.2,AC016957.1 is not in current annotation.
Warnning: gene name HAVCR1P1 is not in current annotation.
Warnning: gene name HAVCR1P1 is not in current annotation.
Warnning: gene name LOC646112 is not in current annotation.
Warnning: gene name LOC646112 is not in current annotation.
Warnning: gene name FP671120.6 is not in current annotation.
Warnning: gene name FP671120.5 is not in current annotation.
Warnning: gene name FP671120.6,FP671120.5 is not in current annotation.
Warnning: gene name AC069288.1 is not in current annotation.
Warnning: gene name AC069288.1 is not in current annotation.
Warnning: gene name AC069288.1 is not in current annotation.
Warnning: gene name AC069288.1 is not in current annotation.
Warnning: gene name LOC128966744 is not in current annotation.
Warnning: gene name LOC128966744 is not in current annotation.
Warnning: gene name AL354660.1 is not in current annotation.
Warnning: gene name AL390061.1 is not in current annotation.
Warnning: gene name AL354660.1,AL390061.1 is not in current annotation.
Warnning: gene name AMYH02020865.1 is not in current annotation.
Warnning: gene name FP325318.1 is not in current annotation.
Warnning: gene name AL591379.1 is not in current annotation.
Warnning: gene name AMYH02020865.1,FP325318.1 is not in current annotation.
Warnning: gene name AL591379.1 is not in current annotation.
Warnning: gene name PGBD3P1 is not in current annotation.
Warnning: gene name PGBD3P1 is not in current annotation.
Warnning: gene name AC078880.5 is not in current annotation.
Warnning: gene name AC078880.2 is not in current annotation.
Warnning: gene name AC078880.5,AC078880.2 is not in current annotation.
Warnning: gene name LOC105374736 is not in current annotation.
Warnning: gene name LOC105374736 is not in current annotation.
Warnning: gene name AC068802.1 is not in current annotation.
Warnning: gene name AC012038.2 is not in current annotation.
Warnning: gene name AC068802.1,AC012038.2 is not in current annotation.
Warnning: gene name AC073896.1 is not in current annotation.
Warnning: gene name AC068802.1 is not in current annotation.
Warnning: gene name AC012038.2 is not in current annotation.
Warnning: gene name AC073896.1 is not in current annotation.
Warnning: gene name AC068802.1,AC012038.2 is not in current annotation.
Warnning: gene name IPO11-LRRC70 is not in current annotation.
Warnning: gene name LOC100420027 is not in current annotation.
Warnning: gene name IPO11-LRRC70 is not in current annotation.
Warnning: gene name LOC100420027 is not in current annotation.
Warnning: gene name AC078880.2 is not in current annotation.
Warnning: gene name AC009803.2 is not in current annotation.
Warnning: gene name AC078880.2,AC009803.2 is not in current annotation.
Warnning: gene name AC078880.2 is not in current annotation.
Warnning: gene name AC009803.2 is not in current annotation.
Warnning: gene name AC078880.2,AC009803.2 is not in current annotation.
Warnning: gene name AC004241.1 is not in current annotation.
Warnning: gene name AC004241.1 is not in current annotation.
Warnning: gene name LOC105374736 is not in current annotation.
Warnning: gene name LOC105374736 is not in current annotation.
Warnning: gene name AC078880.2 is not in current annotation.
Warnning: gene name AC009803.2 is not in current annotation.
Warnning: gene name AC078880.2,AC009803.2 is not in current annotation.
Warnning: gene name AC025574.1 is not in current annotation.
Warnning: gene name AC024884.2 is not in current annotation.
Warnning: gene name AC025574.1,AC024884.2 is not in current annotation.
Warnning: gene name AC078880.4 is not in current annotation.
Warnning: gene name AC078880.5 is not in current annotation.
Warnning: gene name AC078880.4,AC078880.5 is not in current annotation.
Warnning: gene name AC025160.1 is not in current annotation.
Warnning: gene name AC087894.3 is not in current annotation.
Warnning: gene name AC025160.1,AC087894.3 is not in current annotation.
Warnning: gene name PGBD3P1 is not in current annotation.
Warnning: gene name PGBD3P1 is not in current annotation.
Warnning: gene name PGBD3P1 is not in current annotation.
Warnning: gene name PGBD3P1 is not in current annotation.
Warnning: gene name AC078880.2 is not in current annotation.
Warnning: gene name AC009803.2 is not in current annotation.
Warnning: gene name AC078880.2,AC009803.2 is not in current annotation.
Warnning: gene name LOC338694 is not in current annotation.
Warnning: gene name LOC338694 is not in current annotation.
Warnning: gene name AC104042.1 is not in current annotation.
Warnning: gene name AC061997.1 is not in current annotation.
Warnning: gene name AC104042.1,AC061997.1 is not in current annotation.
Warnning: gene name AC005332.4 is not in current annotation.
Warnning: gene name AC005332.1 is not in current annotation.
Warnning: gene name AC005332.4,AC005332.1 is not in current annotation.
Warnning: gene name AL008638.6 is not in current annotation.
Warnning: gene name AL008638.1 is not in current annotation.
Warnning: gene name AL008638.6,AL008638.1 is not in current annotation.
Warnning: gene name LOC107986376 is not in current annotation.
Warnning: gene name LOC107986376 is not in current annotation.
Warnning: gene name AC134878.2 is not in current annotation.
Warnning: gene name AC134878.2 is not in current annotation.
Warnning: gene name AC026202.1 is not in current annotation.
Warnning: gene name AC087857.1 is not in current annotation.
Warnning: gene name AC026202.1,AC087857.1 is not in current annotation.
Warnning: gene name CCNYL1B is not in current annotation.
Warnning: gene name CCNYL1B is not in current annotation.
Warnning: gene name LOC100996660 is not in current annotation.
Warnning: gene name LOC100996660 is not in current annotation.
Warnning: gene name LOC101930420 is not in current annotation.
Warnning: gene name LOC101930420 is not in current annotation.
Warnning: gene name LOC124906381 is not in current annotation.
Warnning: gene name LOC124906381 is not in current annotation.
Warnning: gene name CIMIP1 is not in current annotation.
Warnning: gene name CIMIP1 is not in current annotation.
Warnning: gene name AL365265.1 is not in current annotation.
Warnning: gene name AL021407.2 is not in current annotation.
Warnning: gene name AL365265.1,AL021407.2 is not in current annotation.
Warnning: gene name CIMIP1 is not in current annotation.
Warnning: gene name CIMIP1 is not in current annotation.
Warnning: gene name AL442163.1 is not in current annotation.
Warnning: gene name AL356800.1 is not in current annotation.
Warnning: gene name AL442163.1,AL356800.1 is not in current annotation.
Warnning: gene name AC090114.3 is not in current annotation.
Warnning: gene name AC090114.3 is not in current annotation.
Warnning: gene name AC139099.2 is not in current annotation.
Warnning: gene name AC139099.2 is not in current annotation.
Warnning: gene name AL391422.1 is not in current annotation.
Warnning: gene name AL391422.3 is not in current annotation.
Warnning: gene name AL391422.1,AL391422.3 is not in current annotation.
Warnning: gene name AC123904.3 is not in current annotation.
Warnning: gene name AC073525.1 is not in current annotation.
Warnning: gene name AC123904.3,AC073525.1 is not in current annotation.
Warnning: gene name AC123904.3 is not in current annotation.
Warnning: gene name AC073525.1 is not in current annotation.
Warnning: gene name AC123904.3,AC073525.1 is not in current annotation.
Warnning: gene name AC079142.1 is not in current annotation.
Warnning: gene name AC079142.1 is not in current annotation.
Warnning: gene name RPS17P12 is not in current annotation.
Warnning: gene name RPS17P12 is not in current annotation.
Warnning: gene name AC145285.2 is not in current annotation.
Warnning: gene name AC145285.3 is not in current annotation.
Warnning: gene name AC145285.2,AC145285.3 is not in current annotation.
Warnning: gene name LINC00473 is not in current annotation.
Warnning: gene name AL358972.1 is not in current annotation.
Warnning: gene name AL450345.2 is not in current annotation.
Warnning: gene name LINC00473 is not in current annotation.
Warnning: gene name AL358972.1,AL450345.2 is not in current annotation.
Warnning: gene name AC016831.6 is not in current annotation.
Warnning: gene name AC016831.6 is not in current annotation.
Warnning: gene name LOC114841035 is not in current annotation.
Warnning: gene name LOC114841035 is not in current annotation.
Warnning: gene name AC091912.1 is not in current annotation.
Warnning: gene name AC091912.3 is not in current annotation.
Warnning: gene name AC091912.1,AC091912.3 is not in current annotation.
Warnning: gene name AC073896.1 is not in current annotation.
Warnning: gene name AC091912.1 is not in current annotation.
Warnning: gene name AC091912.3 is not in current annotation.
Warnning: gene name AC073896.1 is not in current annotation.
Warnning: gene name AC091912.1,AC091912.3 is not in current annotation.
Warnning: gene name AC026415.1 is not in current annotation.
Warnning: gene name AC010451.3 is not in current annotation.
Warnning: gene name AC026415.1,AC010451.3 is not in current annotation.
Warnning: gene name LOC124901628 is not in current annotation.
Warnning: gene name LOC124901628 is not in current annotation.
Warnning: gene name AC010387.2 is not in current annotation.
Warnning: gene name AC010387.3 is not in current annotation.
Warnning: gene name AC010387.2,AC010387.3 is not in current annotation.
Warnning: gene name AC025165.3 is not in current annotation.
Warnning: gene name AC025165.3 is not in current annotation.
Warnning: gene name AC008014.1 is not in current annotation.
Warnning: gene name AC079906.1 is not in current annotation.
Warnning: gene name AC008014.1,AC079906.1 is not in current annotation.
Warnning: gene name SPICP4 is not in current annotation.
Warnning: gene name FP671120.5 is not in current annotation.
Warnning: gene name SPICP4 is not in current annotation.
Warnning: gene name FP671120.5 is not in current annotation.
Warnning: gene name AC008014.1 is not in current annotation.
Warnning: gene name AC079906.1 is not in current annotation.
Warnning: gene name AC008014.1,AC079906.1 is not in current annotation.
Warnning: gene name AC123904.3 is not in current annotation.
Warnning: gene name AC073525.1 is not in current annotation.
Warnning: gene name AC123904.3,AC073525.1 is not in current annotation.
Warnning: gene name RPL9P19 is not in current annotation.
Warnning: gene name RPL9P19 is not in current annotation.
Warnning: gene name AC008014.1 is not in current annotation.
Warnning: gene name AC079906.1 is not in current annotation.
Warnning: gene name AC008014.1,AC079906.1 is not in current annotation.
Warnning: gene name RPL9P19 is not in current annotation.
Warnning: gene name RPL9P19 is not in current annotation.
Warnning: gene name LOC645485 is not in current annotation.
Warnning: gene name LOC645485 is not in current annotation.
Warnning: gene name LINC00941 is not in current annotation.
Warnning: gene name LINC00941 is not in current annotation.
Warnning: gene name PGBD3P1 is not in current annotation.
Warnning: gene name PGBD3P1 is not in current annotation.
Warnning: gene name AC007731.5 is not in current annotation.
Warnning: gene name AC007731.5 is not in current annotation.
Warnning: gene name AC026415.1 is not in current annotation.
Warnning: gene name AC010451.3 is not in current annotation.
Warnning: gene name AC026415.1,AC010451.3 is not in current annotation.
Warnning: gene name AC008014.1 is not in current annotation.
Warnning: gene name AC079906.1 is not in current annotation.
Warnning: gene name AC008014.1,AC079906.1 is not in current annotation.
Warnning: gene name AC008014.1 is not in current annotation.
Warnning: gene name AC079906.1 is not in current annotation.
Warnning: gene name AC008014.1,AC079906.1 is not in current annotation.
Warnning: gene name FP325313.2 is not in current annotation.
Warnning: gene name AC135776.4 is not in current annotation.
Warnning: gene name FP325313.2,AC135776.4 is not in current annotation.
Warnning: gene name LOC107986376 is not in current annotation.
Warnning: gene name LOC107986376 is not in current annotation.
Warnning: gene name AC073896.2 is not in current annotation.
Warnning: gene name AC091912.1 is not in current annotation.
Warnning: gene name AC091912.3 is not in current annotation.
Warnning: gene name AC073896.2 is not in current annotation.
Warnning: gene name AC091912.1,AC091912.3 is not in current annotation.
Warnning: gene name LOC105372988 is not in current annotation.
Warnning: gene name LOC105372988 is not in current annotation.
Warnning: gene name AP000487.1 is not in current annotation.
Warnning: gene name AP001978.1 is not in current annotation.
Warnning: gene name AP001541.1 is not in current annotation.
Warnning: gene name AP000487.1 is not in current annotation.
Warnning: gene name AP001978.1,AP001541.1 is not in current annotation.
Warnning: gene name AP003715.1 is not in current annotation.
Warnning: gene name AP002428.1 is not in current annotation.
Warnning: gene name AP003715.1,AP002428.1 is not in current annotation.
Warnning: gene name AC016831.6 is not in current annotation.
Warnning: gene name AC016831.6 is not in current annotation.
Warnning: gene name AP002784.1 is not in current annotation.
Warnning: gene name AP002784.1 is not in current annotation.
Warnning: gene name AP003715.1 is not in current annotation.
Warnning: gene name AP002428.1 is not in current annotation.
Warnning: gene name AP003715.1,AP002428.1 is not in current annotation.
Warnning: gene name AP000487.1 is not in current annotation.
Warnning: gene name AP001978.1 is not in current annotation.
Warnning: gene name AP001541.1 is not in current annotation.
Warnning: gene name AP000487.1 is not in current annotation.
Warnning: gene name AP001978.1,AP001541.1 is not in current annotation.
Warnning: gene name LOC646112 is not in current annotation.
Warnning: gene name LOC646112 is not in current annotation.
Warnning: gene name LOC646112 is not in current annotation.
Warnning: gene name LOC646112 is not in current annotation.
Warnning: gene name LOC643381 is not in current annotation.
Warnning: gene name LOC643381 is not in current annotation.
Warnning: gene name AC005332.4 is not in current annotation.
Warnning: gene name AC005332.1 is not in current annotation.
Warnning: gene name AC005332.4,AC005332.1 is not in current annotation.
Warnning: gene name AL137078.1 is not in current annotation.
Warnning: gene name AL137078.2 is not in current annotation.
Warnning: gene name AL137078.1,AL137078.2 is not in current annotation.
Warnning: gene name LOC124905143 is not in current annotation.
Warnning: gene name LOC124905143 is not in current annotation.
Warnning: gene name AL137078.1 is not in current annotation.
Warnning: gene name AL137078.2 is not in current annotation.
Warnning: gene name AL137078.1,AL137078.2 is not in current annotation.
Warnning: gene name U91319.1 is not in current annotation.
Warnning: gene name U95743.1 is not in current annotation.
Warnning: gene name U91319.1,U95743.1 is not in current annotation.
Warnning: gene name LOC124905143 is not in current annotation.
Warnning: gene name LOC124905143 is not in current annotation.
Warnning: gene name U91319.1 is not in current annotation.
Warnning: gene name U95743.1 is not in current annotation.
Warnning: gene name U91319.1,U95743.1 is not in current annotation.
Warnning: gene name U91319.1 is not in current annotation.
Warnning: gene name U95743.1 is not in current annotation.
Warnning: gene name U91319.1,U95743.1 is not in current annotation.
Warnning: gene name MESDP1 is not in current annotation.
Warnning: gene name MESDP1 is not in current annotation.
Warnning: gene name AC091893.2 is not in current annotation.
Warnning: gene name AC091893.1 is not in current annotation.
Warnning: gene name AC091893.2,AC091893.1 is not in current annotation.
Warnning: gene name BX322639.1 is not in current annotation.
Warnning: gene name BX322639.1 is not in current annotation.
Warnning: gene name AC009053.2 is not in current annotation.
Warnning: gene name AC009053.2 is not in current annotation.
Warnning: gene name AC009053.2 is not in current annotation.
Warnning: gene name AC009053.2 is not in current annotation.
Warnning: gene name AC009053.2 is not in current annotation.
Warnning: gene name AC009053.2 is not in current annotation.
Warnning: gene name AL451080.1 is not in current annotation.
Warnning: gene name AL031767.1 is not in current annotation.
Warnning: gene name AL451080.1,AL031767.1 is not in current annotation.
Warnning: gene name AL451080.1 is not in current annotation.
Warnning: gene name AL031767.1 is not in current annotation.
Warnning: gene name AL451080.1,AL031767.1 is not in current annotation.
Warnning: gene name IPO11-LRRC70 is not in current annotation.
Warnning: gene name IPO11-LRRC70 is not in current annotation.
Warnning: gene name LOC112267859 is not in current annotation.
Warnning: gene name LOC112267859 is not in current annotation.
Warnning: gene name LOC124903956 is not in current annotation.
Warnning: gene name LOC124903956 is not in current annotation.
cff /MetaFusion/RUNS_Results/EGAD00001005500_RNA/EGAD00001005500_RNA.cff.reformat.renamed.reann.WITH_SEQ
Add adjacent exons to cff
3186995 annotations from /MetaFusion/reference_files/hg38_gene.bed loaded.
16.5377020836 sec. elapsed.
Warning: Input gene annotations include multiple chr, strand, or regions (5Mb away). Skipping current gene annotation.
[('LINC00102', 'chrX', 'r'), ('LINC00102', 'chrY', 'r')]
Warning: Input gene annotations include multiple chr, strand, or regions (5Mb away). Skipping current gene annotation.
[('SNORD42', 'chr22', 'r'), ('SNORD42', 'chr4', 'r')]
Warning: Input gene annotations include multiple chr, strand, or regions (5Mb away). Skipping current gene annotation.
[('CD99P1', 'chrX', 'f'), ('CD99P1', 'chrY', 'f')]
Warning: Input gene annotations include multiple chr, strand, or regions (5Mb away). Skipping current gene annotation.
[('TNFRSF10A-DT', 'chr8', 'f'), ('TNFRSF10A-DT', 'chr8', 'r')]
Warning: Input gene annotations include multiple chr, strand, or regions (5Mb away). Skipping current gene annotation.
[('TRPC6P1', 'chrX', 'r'), ('TRPC6P1', 'chrY', 'r')]
Warning: Input gene annotations include multiple chr, strand, or regions (5Mb away). Skipping current gene annotation.
[('7SK', 'chr1', 'r'), ('7SK', 'chr1', 'f'), ('7SK', 'chr11', 'f'), ('7SK', 'chr17', 'f'), ('7SK', 'chr3', 'r'), ('7SK', 'chr6', 'f')]
Warning: Input gene annotations include multiple chr, strand, or regions (5Mb away). Skipping current gene annotation.
[('Y_RNA', 'chr1', 'r'), ('Y_RNA', 'chr1', 'f'), ('Y_RNA', 'chr10', 'r'), ('Y_RNA', 'chr10', 'f'), ('Y_RNA', 'chr11', 'f'), ('Y_RNA', 'chr11', 'r'), ('Y_RNA', 'chr12', 'r'), ('Y_RNA', 'chr12', 'f'), ('Y_RNA', 'chr13', 'f'), ('Y_RNA', 'chr14', 'f'), ('Y_RNA', 'chr14', 'r'), ('Y_RNA', 'chr15', 'f'), ('Y_RNA', 'chr15', 'r'), ('Y_RNA', 'chr16', 'f'), ('Y_RNA', 'chr16', 'r'), ('Y_RNA', 'chr17', 'f'), ('Y_RNA', 'chr17', 'r'), ('Y_RNA', 'chr18', 'f'), ('Y_RNA', 'chr18', 'r'), ('Y_RNA', 'chr19', 'r'), ('Y_RNA', 'chr19', 'f'), ('Y_RNA', 'chr2', 'f'), ('Y_RNA', 'chr2', 'r'), ('Y_RNA', 'chr20', 'f'), ('Y_RNA', 'chr20', 'r'), ('Y_RNA', 'chr21', 'f'), ('Y_RNA', 'chr21', 'r'), ('Y_RNA', 'chr22', 'f'), ('Y_RNA', 'chr22', 'r'), ('Y_RNA', 'chr3', 'r'), ('Y_RNA', 'chr3', 'f'), ('Y_RNA', 'chr4', 'r'), ('Y_RNA', 'chr4', 'f'), ('Y_RNA', 'chr5', 'r'), ('Y_RNA', 'chr5', 'f'), ('Y_RNA', 'chr6', 'r'), ('Y_RNA', 'chr6', 'f'), ('Y_RNA', 'chr7', 'r'), ('Y_RNA', 'chr7', 'f'), ('Y_RNA', 'chr8', 'f'), ('Y_RNA', 'chr8', 'r'), ('Y_RNA', 'chr9', 'f'), ('Y_RNA', 'chr9', 'r'), ('Y_RNA', 'chrX', 'r'), ('Y_RNA', 'chrX', 'f'), ('Y_RNA', 'chrY', 'f')]
Warning: Input gene annotations include multiple chr, strand, or regions (5Mb away). Skipping current gene annotation.
[('WASIR1', 'chrX', 'r'), ('WASIR1', 'chrY', 'r')]
Warning: Input gene annotations include multiple chr, strand, or regions (5Mb away). Skipping current gene annotation.
[('U8', 'chr1', 'f'), ('U8', 'chr10', 'r'), ('U8', 'chr10', 'f'), ('U8', 'chr11', 'f'), ('U8', 'chr12', 'r'), ('U8', 'chr12', 'f'), ('U8', 'chr15', 'f'), ('U8', 'chr15', 'r'), ('U8', 'chr18', 'r'), ('U8', 'chr2', 'r'), ('U8', 'chr2', 'f'), ('U8', 'chr3', 'r'), ('U8', 'chr3', 'f'), ('U8', 'chr5', 'r'), ('U8', 'chr5', 'f'), ('U8', 'chr6', 'r'), ('U8', 'chr8', 'r'), ('U8', 'chr9', 'f')]
Warning: Input gene annotations include multiple chr, strand, or regions (5Mb away). Skipping current gene annotation.
[('U4', 'chr1', 'r'), ('U4', 'chr1', 'f'), ('U4', 'chr11', 'r'), ('U4', 'chr2', 'f'), ('U4', 'chr5', 'r'), ('U4', 'chr6', 'f'), ('U4', 'chr8', 'r')]
Warning: Input gene annotations include multiple chr, strand, or regions (5Mb away). Skipping current gene annotation.
[('U7', 'chr1', 'f'), ('U7', 'chr12', 'r'), ('U7', 'chr15', 'f'), ('U7', 'chr16', 'r'), ('U7', 'chr22', 'r'), ('U7', 'chr3', 'f'), ('U7', 'chrX', 'f')]
Warning: Input gene annotations include multiple chr, strand, or regions (5Mb away). Skipping current gene annotation.
[('U6', 'chr1', 'r'), ('U6', 'chr1', 'f'), ('U6', 'chr10', 'f'), ('U6', 'chr11', 'r'), ('U6', 'chr11', 'f'), ('U6', 'chr12', 'f'), ('U6', 'chr12', 'r'), ('U6', 'chr13', 'f'), ('U6', 'chr14', 'r'), ('U6', 'chr15', 'r'), ('U6', 'chr15', 'f'), ('U6', 'chr16', 'f'), ('U6', 'chr17', 'r'), ('U6', 'chr2', 'f'), ('U6', 'chr2', 'r'), ('U6', 'chr20', 'r'), ('U6', 'chr21', 'f'), ('U6', 'chr22', 'f'), ('U6', 'chr3', 'f'), ('U6', 'chr4', 'f'), ('U6', 'chr4', 'r'), ('U6', 'chr9', 'f'), ('U6', 'chrX', 'f')]
Warning: Input gene annotations include multiple chr, strand, or regions (5Mb away). Skipping current gene annotation.
[('U1', 'chr1', 'f'), ('U1', 'chr1', 'r'), ('U1', 'chr21', 'f')]
Warning: Input gene annotations include multiple chr, strand, or regions (5Mb away). Skipping current gene annotation.
[('U3', 'chr1', 'f'), ('U3', 'chr1', 'r'), ('U3', 'chr10', 'f'), ('U3', 'chr10', 'r'), ('U3', 'chr11', 'f'), ('U3', 'chr14', 'r'), ('U3', 'chr15', 'f'), ('U3', 'chr15', 'r'), ('U3', 'chr17', 'r'), ('U3', 'chr17', 'f'), ('U3', 'chr18', 'f'), ('U3', 'chr18', 'r'), ('U3', 'chr19', 'r'), ('U3', 'chr2', 'f'), ('U3', 'chr2', 'r'), ('U3', 'chr20', 'f'), ('U3', 'chr20', 'r'), ('U3', 'chr21', 'r'), ('U3', 'chr3', 'r'), ('U3', 'chr3', 'f'), ('U3', 'chr4', 'f'), ('U3', 'chr5', 'f'), ('U3', 'chr5', 'r'), ('U3', 'chr6', 'f'), ('U3', 'chr6', 'r'), ('U3', 'chr7', 'f'), ('U3', 'chr7', 'r'), ('U3', 'chr8', 'f'), ('U3', 'chr8', 'r'), ('U3', 'chrX', 'f'), ('U3', 'chrX', 'r')]
Warning: Input gene annotations include multiple chr, strand, or regions (5Mb away). Skipping current gene annotation.
[('U2', 'chr1', 'f'), ('U2', 'chr14', 'r'), ('U2', 'chr17', 'r'), ('U2', 'chr22', 'r'), ('U2', 'chr3', 'f'), ('U2', 'chr4', 'f'), ('U2', 'chr8', 'r'), ('U2', 'chr9', 'f')]
Warning: Input gene annotations include multiple chr, strand, or regions (5Mb away). Skipping current gene annotation.
[('MIR6089', 'chrX', 'f'), ('MIR6089', 'chrY', 'f')]
Warning: Input gene annotations include multiple chr, strand, or regions (5Mb away). Skipping current gene annotation.
[('IL3RA', 'chrX', 'f'), ('IL3RA', 'chrY', 'f')]
Warning: Input gene annotations include multiple chr, strand, or regions (5Mb away). Skipping current gene annotation.
[('GTPBP6', 'chrX', 'r'), ('GTPBP6', 'chrY', 'r')]
Warning: Input gene annotations include multiple chr, strand, or regions (5Mb away). Skipping current gene annotation.
[('SNORD18', 'chr15', 'r'), ('SNORD18', 'chr2', 'r')]
Warning: Input gene annotations include multiple chr, strand, or regions (5Mb away). Skipping current gene annotation.
[('LSP1P5', 'chr1', 'f'), ('LSP1P5', 'chr2', 'r')]
Warning: Input gene annotations include multiple chr, strand, or regions (5Mb away). Skipping current gene annotation.
[('ELOCP24', 'chrX', 'r'), ('ELOCP24', 'chrY', 'r')]
Warning: Input gene annotations include multiple chr, strand, or regions (5Mb away). Skipping current gene annotation.
[('Vault', 'chr17', 'f'), ('Vault', 'chr17', 'r'), ('Vault', 'chr2', 'r'), ('Vault', 'chr5', 'r')]
Warning: Input gene annotations include multiple chr, strand, or regions (5Mb away). Skipping current gene annotation.
[('LINC03025', 'chr9', 'r'), ('LINC03025', 'chr9', 'f')]
Warning: Input gene annotations include multiple chr, strand, or regions (5Mb away). Skipping current gene annotation.
[('5S_rRNA', 'chr1', 'r'), ('5S_rRNA', 'chr16', 'r'), ('5S_rRNA', 'chr17', 'r'), ('5S_rRNA', 'chr19', 'r'), ('5S_rRNA', 'chr2', 'r'), ('5S_rRNA', 'chr2', 'f'), ('5S_rRNA', 'chr6', 'r'), ('5S_rRNA', 'chr7', 'r'), ('5S_rRNA', 'chrX', 'f')]
Warning: Input gene annotations include multiple chr, strand, or regions (5Mb away). Skipping current gene annotation.
[('WASH6P', 'chrX', 'f'), ('WASH6P', 'chrY', 'f')]
Warning: Input gene annotations include multiple chr, strand, or regions (5Mb away). Skipping current gene annotation.
[('LINC01238', 'chr2', 'f'), ('LINC01238', 'chr2', 'r')]
Warning: Input gene annotations include multiple chr, strand, or regions (5Mb away). Skipping current gene annotation.
[('MIR3690', 'chrX', 'f'), ('MIR3690', 'chrY', 'f')]
Warning: Input gene annotations include multiple chr, strand, or regions (5Mb away). Skipping current gene annotation.
[('HERC2P7', 'chr15', 'r'), ('HERC2P7', 'chr15', 'f')]
Warning: Input gene annotations include multiple chr, strand, or regions (5Mb away). Skipping current gene annotation.
[('CTSLP2', 'chr10', 'f'), ('CTSLP2', 'chr10', 'r')]
Warning: Input gene annotations include multiple chr, strand, or regions (5Mb away). Skipping current gene annotation.
[('SNORA62', 'chr1', 'f'), ('SNORA62', 'chr11', 'f'), ('SNORA62', 'chr16', 'r'), ('SNORA62', 'chr21', 'f'), ('SNORA62', 'chr3', 'f'), ('SNORA62', 'chr4', 'f'), ('SNORA62', 'chr8', 'f')]
Warning: Input gene annotations include multiple chr, strand, or regions (5Mb away). Skipping current gene annotation.
[('SNORA63', 'chr1', 'f'), ('SNORA63', 'chr1', 'r'), ('SNORA63', 'chr15', 'r'), ('SNORA63', 'chr3', 'f'), ('SNORA63', 'chr4', 'f'), ('SNORA63', 'chr5', 'f'), ('SNORA63', 'chr7', 'r')]
Warning: Input gene annotations include multiple chr, strand, or regions (5Mb away). Skipping current gene annotation.
[('SNORD116', 'chr1', 'r'), ('SNORD116', 'chr13', 'r'), ('SNORD116', 'chr9', 'f')]
Warning: Input gene annotations include multiple chr, strand, or regions (5Mb away). Skipping current gene annotation.
[('SNORD63', 'chr17', 'r'), ('SNORD63', 'chr3', 'r'), ('SNORD63', 'chr5', 'r')]
Warning: Input gene annotations include multiple chr, strand, or regions (5Mb away). Skipping current gene annotation.
[('KMT2CP1', 'chr1', 'r'), ('KMT2CP1', 'chr1', 'f')]
Warning: Input gene annotations include multiple chr, strand, or regions (5Mb away). Skipping current gene annotation.
[('SHOX', 'chrX', 'f'), ('SHOX', 'chrY', 'f')]
Warning: Input gene annotations include multiple chr, strand, or regions (5Mb away). Skipping current gene annotation.
[('RPL23AP7', 'chr2', 'r'), ('RPL23AP7', 'chr22', 'f')]
Warning: Input gene annotations include multiple chr, strand, or regions (5Mb away). Skipping current gene annotation.
[('DHRSX-IT1', 'chrX', 'r'), ('DHRSX-IT1', 'chrY', 'r')]
Warning: Input gene annotations include multiple chr, strand, or regions (5Mb away). Skipping current gene annotation.
[('SNORD39', 'chr11', 'r'), ('SNORD39', 'chr2', 'f'), ('SNORD39', 'chr4', 'r'), ('SNORD39', 'chr9', 'r')]
Warning: Input gene annotations include multiple chr, strand, or regions (5Mb away). Skipping current gene annotation.
[('ZBED1', 'chrX', 'r'), ('ZBED1', 'chrY', 'r')]
Warning: Input gene annotations include multiple chr, strand, or regions (5Mb away). Skipping current gene annotation.
[('ASMTL-AS1', 'chrX', 'f'), ('ASMTL-AS1', 'chrY', 'f')]
Warning: Input gene annotations include multiple chr, strand, or regions (5Mb away). Skipping current gene annotation.
[('SNORD30', 'chr11', 'r'), ('SNORD30', 'chrX', 'f')]
Warning: Input gene annotations include multiple chr, strand, or regions (5Mb away). Skipping current gene annotation.
[('ASMTL', 'chrX', 'r'), ('ASMTL', 'chrY', 'r')]
Warning: Input gene annotations include multiple chr, strand, or regions (5Mb away). Skipping current gene annotation.
[('FABP5P13', 'chrX', 'r'), ('FABP5P13', 'chrY', 'r')]
Warning: Input gene annotations include multiple chr, strand, or regions (5Mb away). Skipping current gene annotation.
[('CD99', 'chrX', 'f'), ('CD99', 'chrY', 'f')]
Warning: Input gene annotations include multiple chr, strand, or regions (5Mb away). Skipping current gene annotation.
[('DHRSX', 'chrX', 'r'), ('DHRSX', 'chrY', 'r')]
Warning: Input gene annotations include multiple chr, strand, or regions (5Mb away). Skipping current gene annotation.
[('SNORD33', 'chr16', 'r'), ('SNORD33', 'chr19', 'f')]
Warning: Input gene annotations include multiple chr, strand, or regions (5Mb away). Skipping current gene annotation.
[('NPIPA9', 'chr16', 'f'), ('NPIPA9', 'chr16', 'r')]
Warning: Input gene annotations include multiple chr, strand, or regions (5Mb away). Skipping current gene annotation.
[('SNORD81', 'chr1', 'f'), ('SNORD81', 'chr5', 'f'), ('SNORD81', 'chr7', 'f')]
Warning: Input gene annotations include multiple chr, strand, or regions (5Mb away). Skipping current gene annotation.
[('PLCXD1', 'chrX', 'f'), ('PLCXD1', 'chrY', 'f')]
Warning: Input gene annotations include multiple chr, strand, or regions (5Mb away). Skipping current gene annotation.
[('RNA5SP498', 'chrX', 'r'), ('RNA5SP498', 'chrY', 'r')]
Warning: Input gene annotations include multiple chr, strand, or regions (5Mb away). Skipping current gene annotation.
[('Metazoa_SRP', 'chr1', 'f'), ('Metazoa_SRP', 'chr1', 'r'), ('Metazoa_SRP', 'chr10', 'f'), ('Metazoa_SRP', 'chr10', 'r'), ('Metazoa_SRP', 'chr11', 'r'), ('Metazoa_SRP', 'chr11', 'f'), ('Metazoa_SRP', 'chr12', 'f'), ('Metazoa_SRP', 'chr12', 'r'), ('Metazoa_SRP', 'chr13', 'r'), ('Metazoa_SRP', 'chr13', 'f'), ('Metazoa_SRP', 'chr14', 'r'), ('Metazoa_SRP', 'chr14', 'f'), ('Metazoa_SRP', 'chr15', 'r'), ('Metazoa_SRP', 'chr15', 'f'), ('Metazoa_SRP', 'chr16', 'f'), ('Metazoa_SRP', 'chr16', 'r'), ('Metazoa_SRP', 'chr17', 'r'), ('Metazoa_SRP', 'chr17', 'f'), ('Metazoa_SRP', 'chr18', 'r'), ('Metazoa_SRP', 'chr19', 'f'), ('Metazoa_SRP', 'chr19', 'r'), ('Metazoa_SRP', 'chr2', 'f'), ('Metazoa_SRP', 'chr2', 'r'), ('Metazoa_SRP', 'chr20', 'f'), ('Metazoa_SRP', 'chr20', 'r'), ('Metazoa_SRP', 'chr22', 'f'), ('Metazoa_SRP', 'chr22', 'r'), ('Metazoa_SRP', 'chr3', 'r'), ('Metazoa_SRP', 'chr3', 'f'), ('Metazoa_SRP', 'chr4', 'r'), ('Metazoa_SRP', 'chr4', 'f'), ('Metazoa_SRP', 'chr5', 'f'), ('Metazoa_SRP', 'chr5', 'r'), ('Metazoa_SRP', 'chr6', 'f'), ('Metazoa_SRP', 'chr6', 'r'), ('Metazoa_SRP', 'chr7', 'f'), ('Metazoa_SRP', 'chr7', 'r'), ('Metazoa_SRP', 'chr8', 'f'), ('Metazoa_SRP', 'chr8', 'r'), ('Metazoa_SRP', 'chr9', 'f'), ('Metazoa_SRP', 'chr9', 'r'), ('Metazoa_SRP', 'chrX', 'r'), ('Metazoa_SRP', 'chrX', 'f'), ('Metazoa_SRP', 'chrY', 'r')]
Warning: Input gene annotations include multiple chr, strand, or regions (5Mb away). Skipping current gene annotation.
[('CSF2RA', 'chrX', 'f'), ('CSF2RA', 'chrY', 'f')]
Warning: Input gene annotations include multiple chr, strand, or regions (5Mb away). Skipping current gene annotation.
[('PPP2R3B', 'chrX', 'r'), ('PPP2R3B', 'chrY', 'r')]
Warning: Input gene annotations include multiple chr, strand, or regions (5Mb away). Skipping current gene annotation.
[('DPH3P2', 'chrX', 'f'), ('DPH3P2', 'chrY', 'f')]
Warning: Input gene annotations include multiple chr, strand, or regions (5Mb away). Skipping current gene annotation.
[('ASMT', 'chrX', 'f'), ('ASMT', 'chrY', 'f')]
Warning: Input gene annotations include multiple chr, strand, or regions (5Mb away). Skipping current gene annotation.
[('IL9R', 'chrX', 'f'), ('IL9R', 'chrY', 'f')]
Warning: Input gene annotations include multiple chr, strand, or regions (5Mb away). Skipping current gene annotation.
[('VAMP7', 'chrX', 'f'), ('VAMP7', 'chrY', 'f')]
Warning: Input gene annotations include multiple chr, strand, or regions (5Mb away). Skipping current gene annotation.
[('LINC02968', 'chrX', 'f'), ('LINC02968', 'chrY', 'f')]
Warning: Input gene annotations include multiple chr, strand, or regions (5Mb away). Skipping current gene annotation.
[('SNORA75', 'chr12', 'r'), ('SNORA75', 'chr12', 'f'), ('SNORA75', 'chr16', 'f'), ('SNORA75', 'chr2', 'r'), ('SNORA75', 'chr4', 'f')]
Warning: Input gene annotations include multiple chr, strand, or regions (5Mb away). Skipping current gene annotation.
[('SNORA74', 'chr12', 'r'), ('SNORA74', 'chr17', 'f'), ('SNORA74', 'chr2', 'f')]
Warning: Input gene annotations include multiple chr, strand, or regions (5Mb away). Skipping current gene annotation.
[('SNORA73', 'chr18', 'f'), ('SNORA73', 'chr18', 'r'), ('SNORA73', 'chr6', 'r')]
Warning: Input gene annotations include multiple chr, strand, or regions (5Mb away). Skipping current gene annotation.
[('SNORA72', 'chr1', 'r'), ('SNORA72', 'chr1', 'f'), ('SNORA72', 'chr2', 'f'), ('SNORA72', 'chr3', 'f'), ('SNORA72', 'chr3', 'r'), ('SNORA72', 'chr8', 'r')]
Warning: Input gene annotations include multiple chr, strand, or regions (5Mb away). Skipping current gene annotation.
[('SNORA71', 'chr10', 'f'), ('SNORA71', 'chr20', 'r'), ('SNORA71', 'chr20', 'f')]
Warning: Input gene annotations include multiple chr, strand, or regions (5Mb away). Skipping current gene annotation.
[('SNORA70', 'chr1', 'r'), ('SNORA70', 'chr12', 'r'), ('SNORA70', 'chr12', 'f'), ('SNORA70', 'chr14', 'f'), ('SNORA70', 'chr16', 'r'), ('SNORA70', 'chr17', 'r'), ('SNORA70', 'chr17', 'f'), ('SNORA70', 'chr18', 'r'), ('SNORA70', 'chr19', 'f'), ('SNORA70', 'chr21', 'f'), ('SNORA70', 'chr21', 'r'), ('SNORA70', 'chr3', 'f'), ('SNORA70', 'chr4', 'f'), ('SNORA70', 'chr5', 'f'), ('SNORA70', 'chr6', 'f'), ('SNORA70', 'chr8', 'r'), ('SNORA70', 'chr8', 'f'), ('SNORA70', 'chr9', 'f'), ('SNORA70', 'chr9', 'r'), ('SNORA70', 'chrX', 'f'), ('SNORA70', 'chrY', 'r'), ('SNORA70', 'chrY', 'f')]
Warning: Input gene annotations include multiple chr, strand, or regions (5Mb away). Skipping current gene annotation.
[('AMD1P2', 'chrX', 'r'), ('AMD1P2', 'chrY', 'r')]
Warning: Input gene annotations include multiple chr, strand, or regions (5Mb away). Skipping current gene annotation.
[('CRLF2', 'chrX', 'r'), ('CRLF2', 'chrY', 'r')]
Warning: Input gene annotations include multiple chr, strand, or regions (5Mb away). Skipping current gene annotation.
[('SNORD115', 'chr10', 'f'), ('SNORD115', 'chr15', 'f')]
Warning: Input gene annotations include multiple chr, strand, or regions (5Mb away). Skipping current gene annotation.
[('AKAP17A', 'chrX', 'f'), ('AKAP17A', 'chrY', 'f')]
Warning: Input gene annotations include multiple chr, strand, or regions (5Mb away). Skipping current gene annotation.
[('SNORD27', 'chr11', 'r'), ('SNORD27', 'chr13', 'r')]
Warning: Input gene annotations include multiple chr, strand, or regions (5Mb away). Skipping current gene annotation.
[('P2RY8', 'chrX', 'r'), ('P2RY8', 'chrY', 'r')]
Warning: Input gene annotations include multiple chr, strand, or regions (5Mb away). Skipping current gene annotation.
[('NPEPPSP1', 'chr17', 'f'), ('NPEPPSP1', 'chr17', 'r')]
Warning: Input gene annotations include multiple chr, strand, or regions (5Mb away). Skipping current gene annotation.
[('LINC00685', 'chrX', 'f'), ('LINC00685', 'chrY', 'f')]
Warning: Input gene annotations include multiple chr, strand, or regions (5Mb away). Skipping current gene annotation.
[('DDX11L2', 'chr1', 'f'), ('DDX11L2', 'chr2', 'r')]
Warning: Input gene annotations include multiple chr, strand, or regions (5Mb away). Skipping current gene annotation.
[('GABARAPL3', 'chr15', 'f'), ('GABARAPL3', 'chr15', 'r')]
Warning: Input gene annotations include multiple chr, strand, or regions (5Mb away). Skipping current gene annotation.
[('LINC02256', 'chr15', 'r'), ('LINC02256', 'chr15', 'f')]
Warning: Input gene annotations include multiple chr, strand, or regions (5Mb away). Skipping current gene annotation.
[('5_8S_rRNA', 'chr14', 'f'), ('5_8S_rRNA', 'chr20', 'r'), ('5_8S_rRNA', 'chr21', 'f'), ('5_8S_rRNA', 'chr22', 'r')]
Warning: Input gene annotations include multiple chr, strand, or regions (5Mb away). Skipping current gene annotation.
[('RPL14P5', 'chrX', 'r'), ('RPL14P5', 'chrY', 'r')]
Warning: Input gene annotations include multiple chr, strand, or regions (5Mb away). Skipping current gene annotation.
[('LINC00106', 'chrX', 'f'), ('LINC00106', 'chrY', 'f')]
Warning: Input gene annotations include multiple chr, strand, or regions (5Mb away). Skipping current gene annotation.
[('ANKRD20A5P', 'chr18', 'f'), ('ANKRD20A5P', 'chr9', 'f')]
Warning: Input gene annotations include multiple chr, strand, or regions (5Mb away). Skipping current gene annotation.
[('SLC25A6', 'chrX', 'r'), ('SLC25A6', 'chrY', 'r')]
Warning: Input gene annotations include multiple chr, strand, or regions (5Mb away). Skipping current gene annotation.
[('KRT18P53', 'chrX', 'r'), ('KRT18P53', 'chrY', 'r')]
Warning: Input gene annotations include multiple chr, strand, or regions (5Mb away). Skipping current gene annotation.
[('DDX11L16', 'chr15', 'r'), ('DDX11L16', 'chr16', 'f'), ('DDX11L16', 'chrX', 'r'), ('DDX11L16', 'chrY', 'r')]
Gene intervals loaded.
21.7196819782 sec. elapsed.
Transcript annotations loaded.
14.7836499214 sec. elapsed.
Merge cff by exons
Loading required package: graph
Loading required package: BiocGenerics

Attaching package: 'BiocGenerics'

The following objects are masked from 'package:stats':

    IQR, mad, sd, var, xtabs

The following objects are masked from 'package:base':

    Filter, Find, Map, Position, Reduce, anyDuplicated, append,
    as.data.frame, basename, cbind, colnames, dirname, do.call,
    duplicated, eval, evalq, get, grep, grepl, intersect, is.unsorted,
    lapply, mapply, match, mget, order, paste, pmax, pmax.int, pmin,
    pmin.int, rank, rbind, rownames, sapply, setdiff, sort, table,
    tapply, union, unique, unsplit, which.max, which.min

Reading FID.intersections.tsv file
8427 records to build graph
Building graph
output cis-sage.cluster file
ReadThrough, callerfilter 1
python callerfilter_num.py --cluster /MetaFusion/RUNS_Results/EGAD00001005500_RNA/EGAD00001005500_RNA.cff.reformat.renamed.reann.WITH_SEQ.exons.cluster --num_tools 1 | grep -v ReadThrough > /MetaFusion/RUNS_Results/EGAD00001005500_RNA/EGAD00001005500_RNA.cff.reformat.renamed.reann.WITH_SEQ.exons.cluster.RT_filter.callerfilter.1
blocklist filter
ANC adjacent noncoding filter
Rank and generate final.cluster
Running FusionAnnotator
-parsing annotation gene spans
-warning, no gene stored for identifier: [AC011246.1]
-warning, no gene stored for identifier: [AC016587.1]
-warning, no gene stored for identifier: [CDC42-AS1]
-warning, no gene stored for identifier: [AC026341.1]
-warning, no gene stored for identifier: [AC099517.1]
-warning, no gene stored for identifier: [LOC100506869]
-warning, no gene stored for identifier: [AC245060.7]
-warning, no gene stored for identifier: [IGL@-ext]
-warning, no gene stored for identifier: [LINC02747]
-warning, no gene stored for identifier: [DYRK3-AS1]
-warning, no gene stored for identifier: [LOC107984948]
-warning, no gene stored for identifier: [LOC105373682]
-warning, no gene stored for identifier: [TOP6BL]
-warning, no gene stored for identifier: [LOC442497]
-warning, no gene stored for identifier: [BX546033.1]
-warning, no gene stored for identifier: [CARD17P]
-warning, no gene stored for identifier: [C1QTNF7-AS1]
-warning, no gene stored for identifier: [LOC124900694]
-warning, no gene stored for identifier: [PRIM2BP]
-warning, no gene stored for identifier: [LOC101928896]
-warning, no gene stored for identifier: [LRRC51]
-warning, no gene stored for identifier: [FHIP2A]
-warning, no gene stored for identifier: [LOC400499]
-warning, no gene stored for identifier: [DLG2-AS2]
-warning, no gene stored for identifier: [PDE2A-AS2]
-warning, no gene stored for identifier: [AC005747.1]
-warning, no gene stored for identifier: [AL133405.2]
-warning, no gene stored for identifier: [AL009177.1]
-warning, no gene stored for identifier: [LNC-LBCS]
-warning, no gene stored for identifier: [RABGEF1P2]
-warning, no gene stored for identifier: [LINC00673]
-warning, no gene stored for identifier: [B3GALT1-AS1]
-warning, no gene stored for identifier: [LINC02982]
-warning, no gene stored for identifier: [LINC03060]
-warning, no gene stored for identifier: [LOC100506207]
-warning, no gene stored for identifier: [LOC101927293]
-warning, no gene stored for identifier: [LOC105374524]
-warning, no gene stored for identifier: [LOC105375751]
-warning, no gene stored for identifier: [LOC124902964]
-warning, no gene stored for identifier: [LOC730338]
-warning, no gene stored for identifier: [C10orf67-AS1]
-warning, no gene stored for identifier: [AL033519.5]
-warning, no gene stored for identifier: [DBX2-AS1]
-warning, no gene stored for identifier: [AC006059.4]
-warning, no gene stored for identifier: [SPMIP11]
-warning, no gene stored for identifier: [NHSL3]
-warning, no gene stored for identifier: [RPL31P46]
-warning, no gene stored for identifier: [BX470111.1]
-warning, no gene stored for identifier: [KRT10-AS1]
-warning, no gene stored for identifier: [RIMOC1]
-warning, no gene stored for identifier: [AC021087.5]
-warning, no gene stored for identifier: [SLC18A2-AS1]
-warning, no gene stored for identifier: [POLR2J3-UPK3BL2]
-warning, no gene stored for identifier: [TAF12-DT]
-warning, no gene stored for identifier: [RNF139-DT]
-warning, no gene stored for identifier: [AC016721.1]
-warning, no gene stored for identifier: [LINC02757]
-warning, no gene stored for identifier: [BLTP3A]
-warning, no gene stored for identifier: [SMASR]
-warning, no gene stored for identifier: [SLC35D2-HSD17B3]
-warning, no gene stored for identifier: [AC107223.1]
-warning, no gene stored for identifier: [IFITM3P6]
-warning, no gene stored for identifier: [LOC105370775]
-warning, no gene stored for identifier: [LOC124900600]
-warning, no gene stored for identifier: [LOC105370781]
-warning, no gene stored for identifier: [ST7-OT3]
-warning, no gene stored for identifier: [SUCLG2-DT]
-warning, no gene stored for identifier: [AL359813.1]
-warning, no gene stored for identifier: [GPR84-AS1]
-warning, no gene stored for identifier: [AC007652.2]
-warning, no gene stored for identifier: [LOC105369187]
-warning, no gene stored for identifier: [AC074091.2]
-warning, no gene stored for identifier: [AC018688.2]
-warning, no gene stored for identifier: [AC004470.2]
-warning, no gene stored for identifier: [AC092604.1]
-warning, no gene stored for identifier: [AC092807.4]
-warning, no gene stored for identifier: [AC119673.3]
-warning, no gene stored for identifier: [AC124852.1]
-warning, no gene stored for identifier: [AC138776.1]
-warning, no gene stored for identifier: [AC009522.1]
-warning, no gene stored for identifier: [LOC349160]
-warning, no gene stored for identifier: [GBX2-AS1]
-warning, no gene stored for identifier: [AL136419.3]
-warning, no gene stored for identifier: [AL445985.1]
-warning, no gene stored for identifier: [LHX4-AS1]
-warning, no gene stored for identifier: [AC026273.1]
-warning, no gene stored for identifier: [TNS2-AS1]
-warning, no gene stored for identifier: [ABTB3]
-warning, no gene stored for identifier: [LIPT2-AS1]
-warning, no gene stored for identifier: [LOC102723838]
-warning, no gene stored for identifier: [ARHGEF35-AS1]
-warning, no gene stored for identifier: [LY6S-AS1]
-warning, no gene stored for identifier: [ATF7-NPFF]
-warning, no gene stored for identifier: [BLTP3B]
-warning, no gene stored for identifier: [Z95118.2]
-warning, no gene stored for identifier: [SAXO4]
-warning, no gene stored for identifier: [FP671120.5]
-warning, no gene stored for identifier: [AC061708.1]
-warning, no gene stored for identifier: [LOC107986400]
-warning, no gene stored for identifier: [NHERF1]
-warning, no gene stored for identifier: [CEP192P1]
-warning, no gene stored for identifier: [AC139491.8]
-warning, no gene stored for identifier: [LOC100505851]
-warning, no gene stored for identifier: [AL590627.3]
-warning, no gene stored for identifier: [AC009248.3]
-warning, no gene stored for identifier: [AL022724.3]
-warning, no gene stored for identifier: [LINC02754]
-warning, no gene stored for identifier: [EEIG1]
-warning, no gene stored for identifier: [PLS1P1]
-warning, no gene stored for identifier: [EOLA1-DT]
-warning, no gene stored for identifier: [LOC102723370]
-warning, no gene stored for identifier: [AC079142.1]
-warning, no gene stored for identifier: [AC025165.6]
-warning, no gene stored for identifier: [SLC26A10P]
-warning, no gene stored for identifier: [AL591519.1]
-warning, no gene stored for identifier: [SLC7A14-AS1]
-warning, no gene stored for identifier: [AP001977.1]
-warning, no gene stored for identifier: [HAPSTR1]
-warning, no gene stored for identifier: [HCCS-DT]
-warning, no gene stored for identifier: [HEATR6-DT]
-warning, no gene stored for identifier: [AL353804.5]
-warning, no gene stored for identifier: [LINC02748]
-warning, no gene stored for identifier: [BMAL1]
-warning, no gene stored for identifier: [AL391056.2]
-warning, no gene stored for identifier: [AL512427.2]
-warning, no gene stored for identifier: [LINC03048]
-warning, no gene stored for identifier: [LINC03051]
-warning, no gene stored for identifier: [LOC100505555]
-warning, no gene stored for identifier: [LOC100506444]
-warning, no gene stored for identifier: [LOC101927178]
-warning, no gene stored for identifier: [LOC101930100]
-warning, no gene stored for identifier: [LOC105369165]
-warning, no gene stored for identifier: [NRXN1-DT]
-warning, no gene stored for identifier: [LOC105372401]
-warning, no gene stored for identifier: [LOC124909426]
-warning, no gene stored for identifier: [LOC100131635]
-warning, no gene stored for identifier: [AC091893.2]
-warning, no gene stored for identifier: [XNDC1N]
-warning, no gene stored for identifier: [ZNF705EP]
-warning, no gene stored for identifier: [LOC124903372]
-warning, no gene stored for identifier: [LYRM4-AS1]
-warning, no gene stored for identifier: [COPS8-DT]
-warning, no gene stored for identifier: [FIRRM]
-warning, no gene stored for identifier: [LOC105372316]
-warning, no gene stored for identifier: [AC134043.3]
-warning, no gene stored for identifier: [APP-DT]
-warning, no gene stored for identifier: [AC026433.1]
-warning, no gene stored for identifier: [RPS10P23]
-warning, no gene stored for identifier: [AL590229.2]
-warning, no gene stored for identifier: [LOC646828]
-warning, no gene stored for identifier: [AC104232.3]
-warning, no gene stored for identifier: [PARAIL]
-warning, no gene stored for identifier: [LOC101927040]
-warning, no gene stored for identifier: [AC010476.2]
-warning, no gene stored for identifier: [LOC101929227]
-warning, no gene stored for identifier: [AC093898.1]
-warning, no gene stored for identifier: [LOC646112]
-warning, no gene stored for identifier: [CREB3L2-AS1]
-warning, no gene stored for identifier: [PRDX6-AS1]
-warning, no gene stored for identifier: [LOC105376635]
-warning, no gene stored for identifier: [LOC124902439]
-warning, no gene stored for identifier: [FP671120.9]
-warning, no gene stored for identifier: [LINC02715]
-warning, no gene stored for identifier: [AC091938.1]
-warning, no gene stored for identifier: [LOC101927314]
-warning, no gene stored for identifier: [SEPT5-GP1BB]
-warning, no gene stored for identifier: [KIAA1191P2]
-warning, no gene stored for identifier: [DNAI7]
-warning, no gene stored for identifier: [LOC101928002]
-warning, no gene stored for identifier: [LOC107986281]
-warning, no gene stored for identifier: [LOC102724849]
-warning, no gene stored for identifier: [LINC02720]
-warning, no gene stored for identifier: [LOC124901671]
-warning, no gene stored for identifier: [LOC105375523]
-warning, no gene stored for identifier: [AC087863.2]
-warning, no gene stored for identifier: [CFAP418-AS1]
-warning, no gene stored for identifier: [SLC17A6-DT]
-warning, no gene stored for identifier: [USP41P]
-warning, no gene stored for identifier: [AC023490.6]
-warning, no gene stored for identifier: [VCF1]
-warning, no gene stored for identifier: [AL031681.3]
-warning, no gene stored for identifier: [LOC105371046]
-warning, no gene stored for identifier: [SLC1A3-AS1]
-warning, no gene stored for identifier: [ZNF225-AS1]
-warning, no gene stored for identifier: [AC007786.4]
-warning, no gene stored for identifier: [AC084740.1]
-warning, no gene stored for identifier: [ZNF747-DT]
Adding FusionAnnotator database hits to final.cluster.CANCER_FUSIONS file
no benchmarking performed
Done
End at Wed Oct 9 02:54:54 UTC 2024 -----------
