Start at Wed Oct 9 04:14:08 UTC 2024 -----------
Generating output in /MetaFusion/RUNS_Results/PRJEB25780
mkdir: cannot create directory '/MetaFusion/RUNS_Results/PRJEB25780': File exists
Rename cff
python rename_cff_file_genes.MetaFusion.py /MetaFusion/RUNS_Results/PRJEB25780/PRJEB25780.cff.reformat /MetaFusion/reference_files/Homo_sapiens.gene_info > /MetaFusion/RUNS_Results/PRJEB25780/PRJEB25780.cff.reformat.renamed
Annotate cff, extract sequence surrounding breakpoint
3186995 annotations from /MetaFusion/reference_files/hg38_gene.bed loaded.
17.3612530231 sec. elapsed.
Warning: Input gene annotations include multiple chr, strand, or regions (5Mb away). Skipping current gene annotation.
[('LINC00102', 'chrX', 'r'), ('LINC00102', 'chrY', 'r')]
Warning: Input gene annotations include multiple chr, strand, or regions (5Mb away). Skipping current gene annotation.
[('SNORD42', 'chr22', 'r'), ('SNORD42', 'chr4', 'r')]
Warning: Input gene annotations include multiple chr, strand, or regions (5Mb away). Skipping current gene annotation.
[('CD99P1', 'chrX', 'f'), ('CD99P1', 'chrY', 'f')]
Warning: Input gene annotations include multiple chr, strand, or regions (5Mb away). Skipping current gene annotation.
[('TNFRSF10A-DT', 'chr8', 'f'), ('TNFRSF10A-DT', 'chr8', 'r')]
Warning: Input gene annotations include multiple chr, strand, or regions (5Mb away). Skipping current gene annotation.
[('TRPC6P1', 'chrX', 'r'), ('TRPC6P1', 'chrY', 'r')]
Warning: Input gene annotations include multiple chr, strand, or regions (5Mb away). Skipping current gene annotation.
[('7SK', 'chr1', 'r'), ('7SK', 'chr1', 'f'), ('7SK', 'chr11', 'f'), ('7SK', 'chr17', 'f'), ('7SK', 'chr3', 'r'), ('7SK', 'chr6', 'f')]
Warning: Input gene annotations include multiple chr, strand, or regions (5Mb away). Skipping current gene annotation.
[('Y_RNA', 'chr1', 'r'), ('Y_RNA', 'chr1', 'f'), ('Y_RNA', 'chr10', 'r'), ('Y_RNA', 'chr10', 'f'), ('Y_RNA', 'chr11', 'f'), ('Y_RNA', 'chr11', 'r'), ('Y_RNA', 'chr12', 'r'), ('Y_RNA', 'chr12', 'f'), ('Y_RNA', 'chr13', 'f'), ('Y_RNA', 'chr14', 'f'), ('Y_RNA', 'chr14', 'r'), ('Y_RNA', 'chr15', 'f'), ('Y_RNA', 'chr15', 'r'), ('Y_RNA', 'chr16', 'f'), ('Y_RNA', 'chr16', 'r'), ('Y_RNA', 'chr17', 'f'), ('Y_RNA', 'chr17', 'r'), ('Y_RNA', 'chr18', 'f'), ('Y_RNA', 'chr18', 'r'), ('Y_RNA', 'chr19', 'r'), ('Y_RNA', 'chr19', 'f'), ('Y_RNA', 'chr2', 'f'), ('Y_RNA', 'chr2', 'r'), ('Y_RNA', 'chr20', 'f'), ('Y_RNA', 'chr20', 'r'), ('Y_RNA', 'chr21', 'f'), ('Y_RNA', 'chr21', 'r'), ('Y_RNA', 'chr22', 'f'), ('Y_RNA', 'chr22', 'r'), ('Y_RNA', 'chr3', 'r'), ('Y_RNA', 'chr3', 'f'), ('Y_RNA', 'chr4', 'r'), ('Y_RNA', 'chr4', 'f'), ('Y_RNA', 'chr5', 'r'), ('Y_RNA', 'chr5', 'f'), ('Y_RNA', 'chr6', 'r'), ('Y_RNA', 'chr6', 'f'), ('Y_RNA', 'chr7', 'r'), ('Y_RNA', 'chr7', 'f'), ('Y_RNA', 'chr8', 'f'), ('Y_RNA', 'chr8', 'r'), ('Y_RNA', 'chr9', 'f'), ('Y_RNA', 'chr9', 'r'), ('Y_RNA', 'chrX', 'r'), ('Y_RNA', 'chrX', 'f'), ('Y_RNA', 'chrY', 'f')]
Warning: Input gene annotations include multiple chr, strand, or regions (5Mb away). Skipping current gene annotation.
[('WASIR1', 'chrX', 'r'), ('WASIR1', 'chrY', 'r')]
Warning: Input gene annotations include multiple chr, strand, or regions (5Mb away). Skipping current gene annotation.
[('U8', 'chr1', 'f'), ('U8', 'chr10', 'r'), ('U8', 'chr10', 'f'), ('U8', 'chr11', 'f'), ('U8', 'chr12', 'r'), ('U8', 'chr12', 'f'), ('U8', 'chr15', 'f'), ('U8', 'chr15', 'r'), ('U8', 'chr18', 'r'), ('U8', 'chr2', 'r'), ('U8', 'chr2', 'f'), ('U8', 'chr3', 'r'), ('U8', 'chr3', 'f'), ('U8', 'chr5', 'r'), ('U8', 'chr5', 'f'), ('U8', 'chr6', 'r'), ('U8', 'chr8', 'r'), ('U8', 'chr9', 'f')]
Warning: Input gene annotations include multiple chr, strand, or regions (5Mb away). Skipping current gene annotation.
[('U4', 'chr1', 'r'), ('U4', 'chr1', 'f'), ('U4', 'chr11', 'r'), ('U4', 'chr2', 'f'), ('U4', 'chr5', 'r'), ('U4', 'chr6', 'f'), ('U4', 'chr8', 'r')]
Warning: Input gene annotations include multiple chr, strand, or regions (5Mb away). Skipping current gene annotation.
[('U7', 'chr1', 'f'), ('U7', 'chr12', 'r'), ('U7', 'chr15', 'f'), ('U7', 'chr16', 'r'), ('U7', 'chr22', 'r'), ('U7', 'chr3', 'f'), ('U7', 'chrX', 'f')]
Warning: Input gene annotations include multiple chr, strand, or regions (5Mb away). Skipping current gene annotation.
[('U6', 'chr1', 'r'), ('U6', 'chr1', 'f'), ('U6', 'chr10', 'f'), ('U6', 'chr11', 'r'), ('U6', 'chr11', 'f'), ('U6', 'chr12', 'f'), ('U6', 'chr12', 'r'), ('U6', 'chr13', 'f'), ('U6', 'chr14', 'r'), ('U6', 'chr15', 'r'), ('U6', 'chr15', 'f'), ('U6', 'chr16', 'f'), ('U6', 'chr17', 'r'), ('U6', 'chr2', 'f'), ('U6', 'chr2', 'r'), ('U6', 'chr20', 'r'), ('U6', 'chr21', 'f'), ('U6', 'chr22', 'f'), ('U6', 'chr3', 'f'), ('U6', 'chr4', 'f'), ('U6', 'chr4', 'r'), ('U6', 'chr9', 'f'), ('U6', 'chrX', 'f')]
Warning: Input gene annotations include multiple chr, strand, or regions (5Mb away). Skipping current gene annotation.
[('U1', 'chr1', 'f'), ('U1', 'chr1', 'r'), ('U1', 'chr21', 'f')]
Warning: Input gene annotations include multiple chr, strand, or regions (5Mb away). Skipping current gene annotation.
[('U3', 'chr1', 'f'), ('U3', 'chr1', 'r'), ('U3', 'chr10', 'f'), ('U3', 'chr10', 'r'), ('U3', 'chr11', 'f'), ('U3', 'chr14', 'r'), ('U3', 'chr15', 'f'), ('U3', 'chr15', 'r'), ('U3', 'chr17', 'r'), ('U3', 'chr17', 'f'), ('U3', 'chr18', 'f'), ('U3', 'chr18', 'r'), ('U3', 'chr19', 'r'), ('U3', 'chr2', 'f'), ('U3', 'chr2', 'r'), ('U3', 'chr20', 'f'), ('U3', 'chr20', 'r'), ('U3', 'chr21', 'r'), ('U3', 'chr3', 'r'), ('U3', 'chr3', 'f'), ('U3', 'chr4', 'f'), ('U3', 'chr5', 'f'), ('U3', 'chr5', 'r'), ('U3', 'chr6', 'f'), ('U3', 'chr6', 'r'), ('U3', 'chr7', 'f'), ('U3', 'chr7', 'r'), ('U3', 'chr8', 'f'), ('U3', 'chr8', 'r'), ('U3', 'chrX', 'f'), ('U3', 'chrX', 'r')]
Warning: Input gene annotations include multiple chr, strand, or regions (5Mb away). Skipping current gene annotation.
[('U2', 'chr1', 'f'), ('U2', 'chr14', 'r'), ('U2', 'chr17', 'r'), ('U2', 'chr22', 'r'), ('U2', 'chr3', 'f'), ('U2', 'chr4', 'f'), ('U2', 'chr8', 'r'), ('U2', 'chr9', 'f')]
Warning: Input gene annotations include multiple chr, strand, or regions (5Mb away). Skipping current gene annotation.
[('MIR6089', 'chrX', 'f'), ('MIR6089', 'chrY', 'f')]
Warning: Input gene annotations include multiple chr, strand, or regions (5Mb away). Skipping current gene annotation.
[('IL3RA', 'chrX', 'f'), ('IL3RA', 'chrY', 'f')]
Warning: Input gene annotations include multiple chr, strand, or regions (5Mb away). Skipping current gene annotation.
[('GTPBP6', 'chrX', 'r'), ('GTPBP6', 'chrY', 'r')]
Warning: Input gene annotations include multiple chr, strand, or regions (5Mb away). Skipping current gene annotation.
[('SNORD18', 'chr15', 'r'), ('SNORD18', 'chr2', 'r')]
Warning: Input gene annotations include multiple chr, strand, or regions (5Mb away). Skipping current gene annotation.
[('LSP1P5', 'chr1', 'f'), ('LSP1P5', 'chr2', 'r')]
Warning: Input gene annotations include multiple chr, strand, or regions (5Mb away). Skipping current gene annotation.
[('ELOCP24', 'chrX', 'r'), ('ELOCP24', 'chrY', 'r')]
Warning: Input gene annotations include multiple chr, strand, or regions (5Mb away). Skipping current gene annotation.
[('Vault', 'chr17', 'f'), ('Vault', 'chr17', 'r'), ('Vault', 'chr2', 'r'), ('Vault', 'chr5', 'r')]
Warning: Input gene annotations include multiple chr, strand, or regions (5Mb away). Skipping current gene annotation.
[('LINC03025', 'chr9', 'r'), ('LINC03025', 'chr9', 'f')]
Warning: Input gene annotations include multiple chr, strand, or regions (5Mb away). Skipping current gene annotation.
[('5S_rRNA', 'chr1', 'r'), ('5S_rRNA', 'chr16', 'r'), ('5S_rRNA', 'chr17', 'r'), ('5S_rRNA', 'chr19', 'r'), ('5S_rRNA', 'chr2', 'r'), ('5S_rRNA', 'chr2', 'f'), ('5S_rRNA', 'chr6', 'r'), ('5S_rRNA', 'chr7', 'r'), ('5S_rRNA', 'chrX', 'f')]
Warning: Input gene annotations include multiple chr, strand, or regions (5Mb away). Skipping current gene annotation.
[('WASH6P', 'chrX', 'f'), ('WASH6P', 'chrY', 'f')]
Warning: Input gene annotations include multiple chr, strand, or regions (5Mb away). Skipping current gene annotation.
[('LINC01238', 'chr2', 'f'), ('LINC01238', 'chr2', 'r')]
Warning: Input gene annotations include multiple chr, strand, or regions (5Mb away). Skipping current gene annotation.
[('MIR3690', 'chrX', 'f'), ('MIR3690', 'chrY', 'f')]
Warning: Input gene annotations include multiple chr, strand, or regions (5Mb away). Skipping current gene annotation.
[('HERC2P7', 'chr15', 'r'), ('HERC2P7', 'chr15', 'f')]
Warning: Input gene annotations include multiple chr, strand, or regions (5Mb away). Skipping current gene annotation.
[('CTSLP2', 'chr10', 'f'), ('CTSLP2', 'chr10', 'r')]
Warning: Input gene annotations include multiple chr, strand, or regions (5Mb away). Skipping current gene annotation.
[('SNORA62', 'chr1', 'f'), ('SNORA62', 'chr11', 'f'), ('SNORA62', 'chr16', 'r'), ('SNORA62', 'chr21', 'f'), ('SNORA62', 'chr3', 'f'), ('SNORA62', 'chr4', 'f'), ('SNORA62', 'chr8', 'f')]
Warning: Input gene annotations include multiple chr, strand, or regions (5Mb away). Skipping current gene annotation.
[('SNORA63', 'chr1', 'f'), ('SNORA63', 'chr1', 'r'), ('SNORA63', 'chr15', 'r'), ('SNORA63', 'chr3', 'f'), ('SNORA63', 'chr4', 'f'), ('SNORA63', 'chr5', 'f'), ('SNORA63', 'chr7', 'r')]
Warning: Input gene annotations include multiple chr, strand, or regions (5Mb away). Skipping current gene annotation.
[('SNORD116', 'chr1', 'r'), ('SNORD116', 'chr13', 'r'), ('SNORD116', 'chr9', 'f')]
Warning: Input gene annotations include multiple chr, strand, or regions (5Mb away). Skipping current gene annotation.
[('SNORD63', 'chr17', 'r'), ('SNORD63', 'chr3', 'r'), ('SNORD63', 'chr5', 'r')]
Warning: Input gene annotations include multiple chr, strand, or regions (5Mb away). Skipping current gene annotation.
[('KMT2CP1', 'chr1', 'r'), ('KMT2CP1', 'chr1', 'f')]
Warning: Input gene annotations include multiple chr, strand, or regions (5Mb away). Skipping current gene annotation.
[('SHOX', 'chrX', 'f'), ('SHOX', 'chrY', 'f')]
Warning: Input gene annotations include multiple chr, strand, or regions (5Mb away). Skipping current gene annotation.
[('RPL23AP7', 'chr2', 'r'), ('RPL23AP7', 'chr22', 'f')]
Warning: Input gene annotations include multiple chr, strand, or regions (5Mb away). Skipping current gene annotation.
[('DHRSX-IT1', 'chrX', 'r'), ('DHRSX-IT1', 'chrY', 'r')]
Warning: Input gene annotations include multiple chr, strand, or regions (5Mb away). Skipping current gene annotation.
[('SNORD39', 'chr11', 'r'), ('SNORD39', 'chr2', 'f'), ('SNORD39', 'chr4', 'r'), ('SNORD39', 'chr9', 'r')]
Warning: Input gene annotations include multiple chr, strand, or regions (5Mb away). Skipping current gene annotation.
[('ZBED1', 'chrX', 'r'), ('ZBED1', 'chrY', 'r')]
Warning: Input gene annotations include multiple chr, strand, or regions (5Mb away). Skipping current gene annotation.
[('ASMTL-AS1', 'chrX', 'f'), ('ASMTL-AS1', 'chrY', 'f')]
Warning: Input gene annotations include multiple chr, strand, or regions (5Mb away). Skipping current gene annotation.
[('SNORD30', 'chr11', 'r'), ('SNORD30', 'chrX', 'f')]
Warning: Input gene annotations include multiple chr, strand, or regions (5Mb away). Skipping current gene annotation.
[('ASMTL', 'chrX', 'r'), ('ASMTL', 'chrY', 'r')]
Warning: Input gene annotations include multiple chr, strand, or regions (5Mb away). Skipping current gene annotation.
[('FABP5P13', 'chrX', 'r'), ('FABP5P13', 'chrY', 'r')]
Warning: Input gene annotations include multiple chr, strand, or regions (5Mb away). Skipping current gene annotation.
[('CD99', 'chrX', 'f'), ('CD99', 'chrY', 'f')]
Warning: Input gene annotations include multiple chr, strand, or regions (5Mb away). Skipping current gene annotation.
[('DHRSX', 'chrX', 'r'), ('DHRSX', 'chrY', 'r')]
Warning: Input gene annotations include multiple chr, strand, or regions (5Mb away). Skipping current gene annotation.
[('SNORD33', 'chr16', 'r'), ('SNORD33', 'chr19', 'f')]
Warning: Input gene annotations include multiple chr, strand, or regions (5Mb away). Skipping current gene annotation.
[('NPIPA9', 'chr16', 'f'), ('NPIPA9', 'chr16', 'r')]
Warning: Input gene annotations include multiple chr, strand, or regions (5Mb away). Skipping current gene annotation.
[('SNORD81', 'chr1', 'f'), ('SNORD81', 'chr5', 'f'), ('SNORD81', 'chr7', 'f')]
Warning: Input gene annotations include multiple chr, strand, or regions (5Mb away). Skipping current gene annotation.
[('PLCXD1', 'chrX', 'f'), ('PLCXD1', 'chrY', 'f')]
Warning: Input gene annotations include multiple chr, strand, or regions (5Mb away). Skipping current gene annotation.
[('RNA5SP498', 'chrX', 'r'), ('RNA5SP498', 'chrY', 'r')]
Warning: Input gene annotations include multiple chr, strand, or regions (5Mb away). Skipping current gene annotation.
[('Metazoa_SRP', 'chr1', 'f'), ('Metazoa_SRP', 'chr1', 'r'), ('Metazoa_SRP', 'chr10', 'f'), ('Metazoa_SRP', 'chr10', 'r'), ('Metazoa_SRP', 'chr11', 'r'), ('Metazoa_SRP', 'chr11', 'f'), ('Metazoa_SRP', 'chr12', 'f'), ('Metazoa_SRP', 'chr12', 'r'), ('Metazoa_SRP', 'chr13', 'r'), ('Metazoa_SRP', 'chr13', 'f'), ('Metazoa_SRP', 'chr14', 'r'), ('Metazoa_SRP', 'chr14', 'f'), ('Metazoa_SRP', 'chr15', 'r'), ('Metazoa_SRP', 'chr15', 'f'), ('Metazoa_SRP', 'chr16', 'f'), ('Metazoa_SRP', 'chr16', 'r'), ('Metazoa_SRP', 'chr17', 'r'), ('Metazoa_SRP', 'chr17', 'f'), ('Metazoa_SRP', 'chr18', 'r'), ('Metazoa_SRP', 'chr19', 'f'), ('Metazoa_SRP', 'chr19', 'r'), ('Metazoa_SRP', 'chr2', 'f'), ('Metazoa_SRP', 'chr2', 'r'), ('Metazoa_SRP', 'chr20', 'f'), ('Metazoa_SRP', 'chr20', 'r'), ('Metazoa_SRP', 'chr22', 'f'), ('Metazoa_SRP', 'chr22', 'r'), ('Metazoa_SRP', 'chr3', 'r'), ('Metazoa_SRP', 'chr3', 'f'), ('Metazoa_SRP', 'chr4', 'r'), ('Metazoa_SRP', 'chr4', 'f'), ('Metazoa_SRP', 'chr5', 'f'), ('Metazoa_SRP', 'chr5', 'r'), ('Metazoa_SRP', 'chr6', 'f'), ('Metazoa_SRP', 'chr6', 'r'), ('Metazoa_SRP', 'chr7', 'f'), ('Metazoa_SRP', 'chr7', 'r'), ('Metazoa_SRP', 'chr8', 'f'), ('Metazoa_SRP', 'chr8', 'r'), ('Metazoa_SRP', 'chr9', 'f'), ('Metazoa_SRP', 'chr9', 'r'), ('Metazoa_SRP', 'chrX', 'r'), ('Metazoa_SRP', 'chrX', 'f'), ('Metazoa_SRP', 'chrY', 'r')]
Warning: Input gene annotations include multiple chr, strand, or regions (5Mb away). Skipping current gene annotation.
[('CSF2RA', 'chrX', 'f'), ('CSF2RA', 'chrY', 'f')]
Warning: Input gene annotations include multiple chr, strand, or regions (5Mb away). Skipping current gene annotation.
[('PPP2R3B', 'chrX', 'r'), ('PPP2R3B', 'chrY', 'r')]
Warning: Input gene annotations include multiple chr, strand, or regions (5Mb away). Skipping current gene annotation.
[('DPH3P2', 'chrX', 'f'), ('DPH3P2', 'chrY', 'f')]
Warning: Input gene annotations include multiple chr, strand, or regions (5Mb away). Skipping current gene annotation.
[('ASMT', 'chrX', 'f'), ('ASMT', 'chrY', 'f')]
Warning: Input gene annotations include multiple chr, strand, or regions (5Mb away). Skipping current gene annotation.
[('IL9R', 'chrX', 'f'), ('IL9R', 'chrY', 'f')]
Warning: Input gene annotations include multiple chr, strand, or regions (5Mb away). Skipping current gene annotation.
[('VAMP7', 'chrX', 'f'), ('VAMP7', 'chrY', 'f')]
Warning: Input gene annotations include multiple chr, strand, or regions (5Mb away). Skipping current gene annotation.
[('LINC02968', 'chrX', 'f'), ('LINC02968', 'chrY', 'f')]
Warning: Input gene annotations include multiple chr, strand, or regions (5Mb away). Skipping current gene annotation.
[('SNORA75', 'chr12', 'r'), ('SNORA75', 'chr12', 'f'), ('SNORA75', 'chr16', 'f'), ('SNORA75', 'chr2', 'r'), ('SNORA75', 'chr4', 'f')]
Warning: Input gene annotations include multiple chr, strand, or regions (5Mb away). Skipping current gene annotation.
[('SNORA74', 'chr12', 'r'), ('SNORA74', 'chr17', 'f'), ('SNORA74', 'chr2', 'f')]
Warning: Input gene annotations include multiple chr, strand, or regions (5Mb away). Skipping current gene annotation.
[('SNORA73', 'chr18', 'f'), ('SNORA73', 'chr18', 'r'), ('SNORA73', 'chr6', 'r')]
Warning: Input gene annotations include multiple chr, strand, or regions (5Mb away). Skipping current gene annotation.
[('SNORA72', 'chr1', 'r'), ('SNORA72', 'chr1', 'f'), ('SNORA72', 'chr2', 'f'), ('SNORA72', 'chr3', 'f'), ('SNORA72', 'chr3', 'r'), ('SNORA72', 'chr8', 'r')]
Warning: Input gene annotations include multiple chr, strand, or regions (5Mb away). Skipping current gene annotation.
[('SNORA71', 'chr10', 'f'), ('SNORA71', 'chr20', 'r'), ('SNORA71', 'chr20', 'f')]
Warning: Input gene annotations include multiple chr, strand, or regions (5Mb away). Skipping current gene annotation.
[('SNORA70', 'chr1', 'r'), ('SNORA70', 'chr12', 'r'), ('SNORA70', 'chr12', 'f'), ('SNORA70', 'chr14', 'f'), ('SNORA70', 'chr16', 'r'), ('SNORA70', 'chr17', 'r'), ('SNORA70', 'chr17', 'f'), ('SNORA70', 'chr18', 'r'), ('SNORA70', 'chr19', 'f'), ('SNORA70', 'chr21', 'f'), ('SNORA70', 'chr21', 'r'), ('SNORA70', 'chr3', 'f'), ('SNORA70', 'chr4', 'f'), ('SNORA70', 'chr5', 'f'), ('SNORA70', 'chr6', 'f'), ('SNORA70', 'chr8', 'r'), ('SNORA70', 'chr8', 'f'), ('SNORA70', 'chr9', 'f'), ('SNORA70', 'chr9', 'r'), ('SNORA70', 'chrX', 'f'), ('SNORA70', 'chrY', 'r'), ('SNORA70', 'chrY', 'f')]
Warning: Input gene annotations include multiple chr, strand, or regions (5Mb away). Skipping current gene annotation.
[('AMD1P2', 'chrX', 'r'), ('AMD1P2', 'chrY', 'r')]
Warning: Input gene annotations include multiple chr, strand, or regions (5Mb away). Skipping current gene annotation.
[('CRLF2', 'chrX', 'r'), ('CRLF2', 'chrY', 'r')]
Warning: Input gene annotations include multiple chr, strand, or regions (5Mb away). Skipping current gene annotation.
[('SNORD115', 'chr10', 'f'), ('SNORD115', 'chr15', 'f')]
Warning: Input gene annotations include multiple chr, strand, or regions (5Mb away). Skipping current gene annotation.
[('AKAP17A', 'chrX', 'f'), ('AKAP17A', 'chrY', 'f')]
Warning: Input gene annotations include multiple chr, strand, or regions (5Mb away). Skipping current gene annotation.
[('SNORD27', 'chr11', 'r'), ('SNORD27', 'chr13', 'r')]
Warning: Input gene annotations include multiple chr, strand, or regions (5Mb away). Skipping current gene annotation.
[('P2RY8', 'chrX', 'r'), ('P2RY8', 'chrY', 'r')]
Warning: Input gene annotations include multiple chr, strand, or regions (5Mb away). Skipping current gene annotation.
[('NPEPPSP1', 'chr17', 'f'), ('NPEPPSP1', 'chr17', 'r')]
Warning: Input gene annotations include multiple chr, strand, or regions (5Mb away). Skipping current gene annotation.
[('LINC00685', 'chrX', 'f'), ('LINC00685', 'chrY', 'f')]
Warning: Input gene annotations include multiple chr, strand, or regions (5Mb away). Skipping current gene annotation.
[('DDX11L2', 'chr1', 'f'), ('DDX11L2', 'chr2', 'r')]
Warning: Input gene annotations include multiple chr, strand, or regions (5Mb away). Skipping current gene annotation.
[('GABARAPL3', 'chr15', 'f'), ('GABARAPL3', 'chr15', 'r')]
Warning: Input gene annotations include multiple chr, strand, or regions (5Mb away). Skipping current gene annotation.
[('LINC02256', 'chr15', 'r'), ('LINC02256', 'chr15', 'f')]
Warning: Input gene annotations include multiple chr, strand, or regions (5Mb away). Skipping current gene annotation.
[('5_8S_rRNA', 'chr14', 'f'), ('5_8S_rRNA', 'chr20', 'r'), ('5_8S_rRNA', 'chr21', 'f'), ('5_8S_rRNA', 'chr22', 'r')]
Warning: Input gene annotations include multiple chr, strand, or regions (5Mb away). Skipping current gene annotation.
[('RPL14P5', 'chrX', 'r'), ('RPL14P5', 'chrY', 'r')]
Warning: Input gene annotations include multiple chr, strand, or regions (5Mb away). Skipping current gene annotation.
[('LINC00106', 'chrX', 'f'), ('LINC00106', 'chrY', 'f')]
Warning: Input gene annotations include multiple chr, strand, or regions (5Mb away). Skipping current gene annotation.
[('ANKRD20A5P', 'chr18', 'f'), ('ANKRD20A5P', 'chr9', 'f')]
Warning: Input gene annotations include multiple chr, strand, or regions (5Mb away). Skipping current gene annotation.
[('SLC25A6', 'chrX', 'r'), ('SLC25A6', 'chrY', 'r')]
Warning: Input gene annotations include multiple chr, strand, or regions (5Mb away). Skipping current gene annotation.
[('KRT18P53', 'chrX', 'r'), ('KRT18P53', 'chrY', 'r')]
Warning: Input gene annotations include multiple chr, strand, or regions (5Mb away). Skipping current gene annotation.
[('DDX11L16', 'chr15', 'r'), ('DDX11L16', 'chr16', 'f'), ('DDX11L16', 'chrX', 'r'), ('DDX11L16', 'chrY', 'r')]
Gene intervals loaded.
24.1590659618 sec. elapsed.
Transcript annotations loaded.
16.9230620861 sec. elapsed.
Warnning: gene name AC099511.1 is not in current annotation.
Warnning: gene name AC010528.1 is not in current annotation.
Warnning: gene name AC099511.1,AC010528.1 is not in current annotation.
Warnning: gene name LOC124900369 is not in current annotation.
Warnning: gene name LOC124900369 is not in current annotation.
Warnning: gene name LOC124900369 is not in current annotation.
Warnning: gene name LOC124900369 is not in current annotation.
Warnning: gene name AL357972.1 is not in current annotation.
Warnning: gene name AL663058.1 is not in current annotation.
Warnning: gene name AL357972.1,AL663058.1 is not in current annotation.
Warnning: gene name AC010226.1 is not in current annotation.
Warnning: gene name AC010226.1 is not in current annotation.
Warnning: gene name LOC124904769 is not in current annotation.
Warnning: gene name LOC124904769 is not in current annotation.
Warnning: gene name AC112128.1 is not in current annotation.
Warnning: gene name AC112128.1 is not in current annotation.
Warnning: gene name LOC124900421 is not in current annotation.
Warnning: gene name LOC124900421 is not in current annotation.
Warnning: gene name LOC101928295 is not in current annotation.
Warnning: gene name LOC101928295 is not in current annotation.
Warnning: gene name AL139142.2 is not in current annotation.
Warnning: gene name AL139142.2 is not in current annotation.
Warnning: gene name CCL15-CCL14 is not in current annotation.
Warnning: gene name CCL15-CCL14 is not in current annotation.
Warnning: gene name AC012560.2 is not in current annotation.
Warnning: gene name AC016820.1 is not in current annotation.
Warnning: gene name AC012560.2,AC016820.1 is not in current annotation.
Warnning: gene name LOC124900381 is not in current annotation.
Warnning: gene name LOC124900381 is not in current annotation.
Warnning: gene name AL357972.1 is not in current annotation.
Warnning: gene name AL663058.1 is not in current annotation.
Warnning: gene name AL357972.1,AL663058.1 is not in current annotation.
Warnning: gene name LOC102723370 is not in current annotation.
Warnning: gene name LOC102723370 is not in current annotation.
Warnning: gene name AL161640.3 is not in current annotation.
Warnning: gene name AL161640.4 is not in current annotation.
Warnning: gene name AL161640.3,AL161640.4 is not in current annotation.
Warnning: gene name AC079142.1 is not in current annotation.
Warnning: gene name AC079142.1 is not in current annotation.
Warnning: gene name AC006063.3 is not in current annotation.
Warnning: gene name AC006063.4 is not in current annotation.
Warnning: gene name AC006063.3,AC006063.4 is not in current annotation.
Warnning: gene name AC110048.2 is not in current annotation.
Warnning: gene name AC093334.1 is not in current annotation.
Warnning: gene name AC110048.2,AC093334.1 is not in current annotation.
Warnning: gene name AC005833.1 is not in current annotation.
Warnning: gene name AC006063.3 is not in current annotation.
Warnning: gene name AC006063.4 is not in current annotation.
Warnning: gene name AC005833.1 is not in current annotation.
Warnning: gene name AC006063.3,AC006063.4 is not in current annotation.
Warnning: gene name CFAP298-TCP10L is not in current annotation.
Warnning: gene name CFAP298-TCP10L is not in current annotation.
Warnning: gene name AC092681.1 is not in current annotation.
Warnning: gene name AC092681.2 is not in current annotation.
Warnning: gene name AC092681.1,AC092681.2 is not in current annotation.
Warnning: gene name LOC400347 is not in current annotation.
Warnning: gene name LOC400347 is not in current annotation.
Warnning: gene name AP001269.2 is not in current annotation.
Warnning: gene name AP001269.3 is not in current annotation.
Warnning: gene name AP001269.2,AP001269.3 is not in current annotation.
Warnning: gene name LOC100996696 is not in current annotation.
Warnning: gene name LOC100996696 is not in current annotation.
Warnning: gene name IGLV5-45 is not in current annotation.
Warnning: gene name IGLV5-45 is not in current annotation.
Warnning: gene name RPS11P4 is not in current annotation.
Warnning: gene name RPS11P4 is not in current annotation.
Warnning: gene name LOC100289416 is not in current annotation.
Warnning: gene name LOC100289416 is not in current annotation.
Warnning: gene name AC017083.3 is not in current annotation.
Warnning: gene name AC017083.3 is not in current annotation.
Warnning: gene name LOC646112 is not in current annotation.
Warnning: gene name LOC646112 is not in current annotation.
Warnning: gene name LOC646112 is not in current annotation.
Warnning: gene name LOC646112 is not in current annotation.
Warnning: gene name AC005244.2 is not in current annotation.
Warnning: gene name AC084167.1 is not in current annotation.
Warnning: gene name AC005244.2,AC084167.1 is not in current annotation.
Warnning: gene name AC005244.2 is not in current annotation.
Warnning: gene name AC084167.1 is not in current annotation.
Warnning: gene name AC005244.2,AC084167.1 is not in current annotation.
Warnning: gene name AC092329.3 is not in current annotation.
Warnning: gene name AC092329.3 is not in current annotation.
Warnning: gene name AC092329.4 is not in current annotation.
Warnning: gene name AC092329.4 is not in current annotation.
Warnning: gene name AC024603.1 is not in current annotation.
Warnning: gene name AC013738.1 is not in current annotation.
Warnning: gene name AC024603.1,AC013738.1 is not in current annotation.
Warnning: gene name AC092329.1 is not in current annotation.
Warnning: gene name AC092329.1 is not in current annotation.
Warnning: gene name AC005244.2 is not in current annotation.
Warnning: gene name AC084167.1 is not in current annotation.
Warnning: gene name AC005244.2,AC084167.1 is not in current annotation.
Warnning: gene name LOC102723313 is not in current annotation.
Warnning: gene name LOC102723313 is not in current annotation.
Warnning: gene name AP007216.2 is not in current annotation.
Warnning: gene name AP003555.2 is not in current annotation.
Warnning: gene name AP007216.2,AP003555.2 is not in current annotation.
Warnning: gene name AC006369.2 is not in current annotation.
Warnning: gene name AC010878.1 is not in current annotation.
Warnning: gene name AC006369.2,AC010878.1 is not in current annotation.
Warnning: gene name AL138756.1 is not in current annotation.
Warnning: gene name AL138756.1 is not in current annotation.
Warnning: gene name AP000959.1 is not in current annotation.
Warnning: gene name AP000949.1 is not in current annotation.
Warnning: gene name AP000959.1,AP000949.1 is not in current annotation.
Warnning: gene name LOC101927293 is not in current annotation.
Warnning: gene name LOC101927293 is not in current annotation.
Warnning: gene name AC094104.2 is not in current annotation.
Warnning: gene name AC094104.1 is not in current annotation.
Warnning: gene name AC094104.2,AC094104.1 is not in current annotation.
Warnning: gene name AC104040.1 is not in current annotation.
Warnning: gene name AC060788.1 is not in current annotation.
Warnning: gene name AC104040.1,AC060788.1 is not in current annotation.
Warnning: gene name LOC100289470 is not in current annotation.
Warnning: gene name LOC100289470 is not in current annotation.
Warnning: gene name AL135936.1 is not in current annotation.
Warnning: gene name AL136090.2 is not in current annotation.
Warnning: gene name AL135936.1,AL136090.2 is not in current annotation.
Warnning: gene name AC006960.2 is not in current annotation.
Warnning: gene name AC006960.4 is not in current annotation.
Warnning: gene name AC006960.2,AC006960.4 is not in current annotation.
Warnning: gene name AC018706.1 is not in current annotation.
Warnning: gene name AC010719.1 is not in current annotation.
Warnning: gene name AC018706.1,AC010719.1 is not in current annotation.
Warnning: gene name AC018521.1 is not in current annotation.
Warnning: gene name AC018521.1 is not in current annotation.
Warnning: gene name AC026700.1 is not in current annotation.
Warnning: gene name AC010595.1 is not in current annotation.
Warnning: gene name AC026700.1,AC010595.1 is not in current annotation.
Warnning: gene name AL035401.1 is not in current annotation.
Warnning: gene name AL035401.1 is not in current annotation.
Warnning: gene name AC006960.2 is not in current annotation.
Warnning: gene name AC006960.4 is not in current annotation.
Warnning: gene name AC006960.2,AC006960.4 is not in current annotation.
Warnning: gene name AC010336.1 is not in current annotation.
Warnning: gene name AC010336.1 is not in current annotation.
Warnning: gene name AC010463.1 is not in current annotation.
Warnning: gene name AC010463.1 is not in current annotation.
Warnning: gene name AC010463.1 is not in current annotation.
Warnning: gene name AC010463.1 is not in current annotation.
Warnning: gene name LOC107987329 is not in current annotation.
Warnning: gene name LOC107987329 is not in current annotation.
Warnning: gene name LOC105372937 is not in current annotation.
Warnning: gene name LOC105372937 is not in current annotation.
Warnning: gene name AC023055.1 is not in current annotation.
Warnning: gene name AC023055.1 is not in current annotation.
Warnning: gene name AC008571.2 is not in current annotation.
Warnning: gene name AC008571.2 is not in current annotation.
Warnning: gene name LOC124900221 is not in current annotation.
Warnning: gene name LOC124900221 is not in current annotation.
Warnning: gene name LOC100421651 is not in current annotation.
Warnning: gene name AC012494.1 is not in current annotation.
Warnning: gene name LOC100421651 is not in current annotation.
Warnning: gene name AC012494.1 is not in current annotation.
Warnning: gene name AC008281.1 is not in current annotation.
Warnning: gene name AC009310.1 is not in current annotation.
Warnning: gene name AC008281.1,AC009310.1 is not in current annotation.
Warnning: gene name LOC105375751 is not in current annotation.
Warnning: gene name LOC105375751 is not in current annotation.
Warnning: gene name AL162632.2 is not in current annotation.
Warnning: gene name AL139354.1 is not in current annotation.
Warnning: gene name AL162632.2,AL139354.1 is not in current annotation.
Warnning: gene name LOC349160 is not in current annotation.
Warnning: gene name LOC349160 is not in current annotation.
Warnning: gene name LOC124900221 is not in current annotation.
Warnning: gene name LOC124900221 is not in current annotation.
Warnning: gene name LOC101927657 is not in current annotation.
Warnning: gene name LOC101927657 is not in current annotation.
Warnning: gene name AC008281.1 is not in current annotation.
Warnning: gene name AC009310.1 is not in current annotation.
Warnning: gene name AC008281.1,AC009310.1 is not in current annotation.
Warnning: gene name LOC101928565 is not in current annotation.
Warnning: gene name LOC101928565 is not in current annotation.
Warnning: gene name AC245060.6 is not in current annotation.
Warnning: gene name AC245060.5 is not in current annotation.
Warnning: gene name AC245060.6,AC245060.5 is not in current annotation.
Warnning: gene name AL158212.4 is not in current annotation.
Warnning: gene name AL158212.1 is not in current annotation.
Warnning: gene name AL158212.4,AL158212.1 is not in current annotation.
Warnning: gene name AC090365.1 is not in current annotation.
Warnning: gene name AC023932.1 is not in current annotation.
Warnning: gene name AC090365.1,AC023932.1 is not in current annotation.
Warnning: gene name AC114954.1 is not in current annotation.
Warnning: gene name AC116350.1 is not in current annotation.
Warnning: gene name AC114954.1,AC116350.1 is not in current annotation.
Warnning: gene name AL109804.1 is not in current annotation.
Warnning: gene name AL109804.1 is not in current annotation.
Warnning: gene name AC023141.7 is not in current annotation.
Warnning: gene name AC128676.1 is not in current annotation.
Warnning: gene name AC023141.7,AC128676.1 is not in current annotation.
Warnning: gene name AC114954.1 is not in current annotation.
Warnning: gene name AC116350.1 is not in current annotation.
Warnning: gene name AC114954.1,AC116350.1 is not in current annotation.
Warnning: gene name RPL7L1P16 is not in current annotation.
Warnning: gene name RPL7L1P16 is not in current annotation.
Warnning: gene name IGHV3OR16-12 is not in current annotation.
Warnning: gene name IGHV3OR16-12 is not in current annotation.
Warnning: gene name AP001628.2 is not in current annotation.
Warnning: gene name AP001628.1 is not in current annotation.
Warnning: gene name AP001628.2,AP001628.1 is not in current annotation.
Warnning: gene name LOC100287243 is not in current annotation.
Warnning: gene name LOC100287243 is not in current annotation.
Warnning: gene name AC010511.1 is not in current annotation.
Warnning: gene name AC020905.1 is not in current annotation.
Warnning: gene name AC010511.1,AC020905.1 is not in current annotation.
Warnning: gene name AC011518.1 is not in current annotation.
Warnning: gene name AC074139.1 is not in current annotation.
Warnning: gene name AC011518.1,AC074139.1 is not in current annotation.
Warnning: gene name AC011518.1 is not in current annotation.
Warnning: gene name AC074139.1 is not in current annotation.
Warnning: gene name AC011518.1,AC074139.1 is not in current annotation.
Warnning: gene name LOC124900243 is not in current annotation.
Warnning: gene name LOC124900243 is not in current annotation.
Warnning: gene name TEKTL1 is not in current annotation.
Warnning: gene name TEKTL1 is not in current annotation.
Warnning: gene name AC092279.1 is not in current annotation.
Warnning: gene name LOC101928797 is not in current annotation.
Warnning: gene name AC092279.1 is not in current annotation.
Warnning: gene name LOC101928797 is not in current annotation.
Warnning: gene name AC020897.1 is not in current annotation.
Warnning: gene name AC020912.1 is not in current annotation.
Warnning: gene name AC020897.1,AC020912.1 is not in current annotation.
Warnning: gene name AL590609.1 is not in current annotation.
Warnning: gene name AL591178.1 is not in current annotation.
Warnning: gene name AL590609.1,AL591178.1 is not in current annotation.
Warnning: gene name LOC100420020 is not in current annotation.
Warnning: gene name LOC100420020 is not in current annotation.
Warnning: gene name AC005776.1 is not in current annotation.
Warnning: gene name AC005776.2 is not in current annotation.
Warnning: gene name AC005776.1,AC005776.2 is not in current annotation.
Warnning: gene name AL358053.1 is not in current annotation.
Warnning: gene name AL591644.1 is not in current annotation.
Warnning: gene name AL358053.1,AL591644.1 is not in current annotation.
Warnning: gene name LOC100421651 is not in current annotation.
Warnning: gene name AC012494.1 is not in current annotation.
Warnning: gene name LOC100421651 is not in current annotation.
Warnning: gene name AC012494.1 is not in current annotation.
Warnning: gene name AC097493.3 is not in current annotation.
Warnning: gene name AC097493.3 is not in current annotation.
Warnning: gene name BRD10 is not in current annotation.
Warnning: gene name BRD10 is not in current annotation.
Warnning: gene name AC079142.1 is not in current annotation.
Warnning: gene name AC079142.1 is not in current annotation.
Warnning: gene name AC006453.2 is not in current annotation.
Warnning: gene name AC006453.2 is not in current annotation.
Warnning: gene name AC009021.1 is not in current annotation.
Warnning: gene name AC130466.1 is not in current annotation.
Warnning: gene name AC009021.1,AC130466.1 is not in current annotation.
Warnning: gene name IGHV3-43 is not in current annotation.
Warnning: gene name IGHV3-43 is not in current annotation.
Warnning: gene name AC007952.4 is not in current annotation.
Warnning: gene name FP671120.3 is not in current annotation.
Warnning: gene name FP671120.8 is not in current annotation.
Warnning: gene name AC007952.4 is not in current annotation.
Warnning: gene name FP671120.3,FP671120.8 is not in current annotation.
Warnning: gene name FP671120.3 is not in current annotation.
Warnning: gene name FP671120.8 is not in current annotation.
Warnning: gene name FP671120.3,FP671120.8 is not in current annotation.
Warnning: gene name FP671120.3 is not in current annotation.
Warnning: gene name FP671120.8 is not in current annotation.
Warnning: gene name FP671120.3,FP671120.8 is not in current annotation.
Warnning: gene name LOC100132524 is not in current annotation.
Warnning: gene name LOC100132524 is not in current annotation.
Warnning: gene name LOC100132524 is not in current annotation.
Warnning: gene name LOC100132524 is not in current annotation.
Warnning: gene name AC008735.5 is not in current annotation.
Warnning: gene name AC008735.3 is not in current annotation.
Warnning: gene name AC008735.5,AC008735.3 is not in current annotation.
Warnning: gene name AC009154.1 is not in current annotation.
Warnning: gene name AC009154.2 is not in current annotation.
Warnning: gene name AC009154.1,AC009154.2 is not in current annotation.
Warnning: gene name AC144568.1 is not in current annotation.
Warnning: gene name AC144568.2 is not in current annotation.
Warnning: gene name AC144568.1,AC144568.2 is not in current annotation.
Warnning: gene name AP005018.2 is not in current annotation.
Warnning: gene name AP005018.1 is not in current annotation.
Warnning: gene name AP005018.2,AP005018.1 is not in current annotation.
Warnning: gene name LOC105372522 is not in current annotation.
Warnning: gene name LOC105372522 is not in current annotation.
Warnning: gene name AC007923.1 is not in current annotation.
Warnning: gene name AC004253.2 is not in current annotation.
Warnning: gene name AC007923.1,AC004253.2 is not in current annotation.
Warnning: gene name MYO1D-DT is not in current annotation.
Warnning: gene name MYO1D-DT is not in current annotation.
Warnning: gene name AC134698.2 is not in current annotation.
Warnning: gene name AC139365.2 is not in current annotation.
Warnning: gene name AC134698.2,AC139365.2 is not in current annotation.
Warnning: gene name AP000432.1 is not in current annotation.
Warnning: gene name AP000432.2 is not in current annotation.
Warnning: gene name AP000432.1,AP000432.2 is not in current annotation.
Warnning: gene name RPL27P10 is not in current annotation.
Warnning: gene name RPL27P10 is not in current annotation.
Warnning: gene name LOC338694 is not in current annotation.
Warnning: gene name LOC338694 is not in current annotation.
Warnning: gene name RBM14-RBM4 is not in current annotation.
Warnning: gene name LOC338694 is not in current annotation.
Warnning: gene name RBM14-RBM4 is not in current annotation.
Warnning: gene name LOC338694 is not in current annotation.
Warnning: gene name LOC105373314 is not in current annotation.
Warnning: gene name LOC105373314 is not in current annotation.
Warnning: gene name AC109635.3 is not in current annotation.
Warnning: gene name AC021749.1 is not in current annotation.
Warnning: gene name AC021820.1 is not in current annotation.
Warnning: gene name AC109635.3 is not in current annotation.
Warnning: gene name AC021749.1,AC021820.1 is not in current annotation.
Warnning: gene name AL356489.3 is not in current annotation.
Warnning: gene name AL356489.1 is not in current annotation.
Warnning: gene name AL356489.3,AL356489.1 is not in current annotation.
Warnning: gene name AL139823.1 is not in current annotation.
Warnning: gene name Z98259.3 is not in current annotation.
Warnning: gene name AL139823.1,Z98259.3 is not in current annotation.
Warnning: gene name LINC00673 is not in current annotation.
Warnning: gene name LINC00673 is not in current annotation.
Warnning: gene name LOC728307 is not in current annotation.
Warnning: gene name LOC728307 is not in current annotation.
Warnning: gene name IFNAR2-IL10RB is not in current annotation.
Warnning: gene name IFNAR2-IL10RB is not in current annotation.
Warnning: gene name CU104787.1 is not in current annotation.
Warnning: gene name LOC124905166 is not in current annotation.
Warnning: gene name CU104787.1 is not in current annotation.
Warnning: gene name LOC124905166 is not in current annotation.
Warnning: gene name LOC105370650 is not in current annotation.
Warnning: gene name LOC105370650 is not in current annotation.
Warnning: gene name LOC100420803 is not in current annotation.
Warnning: gene name LOC100420803 is not in current annotation.
Warnning: gene name AC242376.1 is not in current annotation.
Warnning: gene name AC242376.2 is not in current annotation.
Warnning: gene name AC242376.1,AC242376.2 is not in current annotation.
Warnning: gene name AC021087.5 is not in current annotation.
Warnning: gene name AC021087.5 is not in current annotation.
Warnning: gene name LOC284191 is not in current annotation.
Warnning: gene name LOC284191 is not in current annotation.
Warnning: gene name AL022238.4 is not in current annotation.
Warnning: gene name AL022238.4 is not in current annotation.
Warnning: gene name AL357514.1 is not in current annotation.
Warnning: gene name AL358942.1 is not in current annotation.
Warnning: gene name AL357514.1,AL358942.1 is not in current annotation.
Warnning: gene name AF254983.1 is not in current annotation.
Warnning: gene name AF254983.1 is not in current annotation.
Warnning: gene name AC009093.3 is not in current annotation.
Warnning: gene name AC009093.3 is not in current annotation.
Warnning: gene name LOC100420336 is not in current annotation.
Warnning: gene name LOC100420336 is not in current annotation.
Warnning: gene name AC009965.1 is not in current annotation.
Warnning: gene name AC009498.1 is not in current annotation.
Warnning: gene name AC009965.1,AC009498.1 is not in current annotation.
Warnning: gene name AC009965.1 is not in current annotation.
Warnning: gene name AC009498.1 is not in current annotation.
Warnning: gene name AC009965.1,AC009498.1 is not in current annotation.
Warnning: gene name LOC100129422 is not in current annotation.
Warnning: gene name LOC100129422 is not in current annotation.
Warnning: gene name AC021678.1 is not in current annotation.
Warnning: gene name AC021678.3 is not in current annotation.
Warnning: gene name AC021678.1,AC021678.3 is not in current annotation.
Warnning: gene name AF254983.1 is not in current annotation.
Warnning: gene name AF254983.1 is not in current annotation.
Warnning: gene name AF254983.1 is not in current annotation.
Warnning: gene name AF254983.1 is not in current annotation.
Warnning: gene name CU104787.1 is not in current annotation.
Warnning: gene name LOC124905166 is not in current annotation.
Warnning: gene name CU104787.1 is not in current annotation.
Warnning: gene name LOC124905166 is not in current annotation.
Warnning: gene name AC008443.3 is not in current annotation.
Warnning: gene name LOC124905166 is not in current annotation.
Warnning: gene name AC008443.3 is not in current annotation.
Warnning: gene name LOC124905166 is not in current annotation.
Warnning: gene name AC108681.1 is not in current annotation.
Warnning: gene name AC068295.1 is not in current annotation.
Warnning: gene name AC108681.1,AC068295.1 is not in current annotation.
Warnning: gene name AL139415.1 is not in current annotation.
Warnning: gene name AL139415.2 is not in current annotation.
Warnning: gene name AL139415.1,AL139415.2 is not in current annotation.
Warnning: gene name AC107373.1 is not in current annotation.
Warnning: gene name AC073581.1 is not in current annotation.
Warnning: gene name AC107373.1,AC073581.1 is not in current annotation.
Warnning: gene name AL596442.4 is not in current annotation.
Warnning: gene name AL596442.3 is not in current annotation.
Warnning: gene name AL596442.4,AL596442.3 is not in current annotation.
Warnning: gene name AP001628.2 is not in current annotation.
Warnning: gene name AP001628.1 is not in current annotation.
Warnning: gene name AP001628.2,AP001628.1 is not in current annotation.
Warnning: gene name LOC100996583 is not in current annotation.
Warnning: gene name LOC100996583 is not in current annotation.
Warnning: gene name LOC124900343 is not in current annotation.
Warnning: gene name LOC124900343 is not in current annotation.
Warnning: gene name LOC124904715 is not in current annotation.
Warnning: gene name LOC124904715 is not in current annotation.
Warnning: gene name AC091588.3 is not in current annotation.
Warnning: gene name AC091588.2 is not in current annotation.
Warnning: gene name AC091588.3,AC091588.2 is not in current annotation.
Warnning: gene name BX890604.2 is not in current annotation.
Warnning: gene name BX890604.2 is not in current annotation.
Warnning: gene name AF254983.1 is not in current annotation.
Warnning: gene name AF254983.1 is not in current annotation.
Warnning: gene name AC243960.5 is not in current annotation.
Warnning: gene name AC243960.4 is not in current annotation.
Warnning: gene name AC243960.5,AC243960.4 is not in current annotation.
cff /MetaFusion/RUNS_Results/PRJEB25780/PRJEB25780.cff.reformat.renamed.reann.WITH_SEQ
Add adjacent exons to cff
3186995 annotations from /MetaFusion/reference_files/hg38_gene.bed loaded.
16.5217490196 sec. elapsed.
Warning: Input gene annotations include multiple chr, strand, or regions (5Mb away). Skipping current gene annotation.
[('LINC00102', 'chrX', 'r'), ('LINC00102', 'chrY', 'r')]
Warning: Input gene annotations include multiple chr, strand, or regions (5Mb away). Skipping current gene annotation.
[('SNORD42', 'chr22', 'r'), ('SNORD42', 'chr4', 'r')]
Warning: Input gene annotations include multiple chr, strand, or regions (5Mb away). Skipping current gene annotation.
[('CD99P1', 'chrX', 'f'), ('CD99P1', 'chrY', 'f')]
Warning: Input gene annotations include multiple chr, strand, or regions (5Mb away). Skipping current gene annotation.
[('TNFRSF10A-DT', 'chr8', 'f'), ('TNFRSF10A-DT', 'chr8', 'r')]
Warning: Input gene annotations include multiple chr, strand, or regions (5Mb away). Skipping current gene annotation.
[('TRPC6P1', 'chrX', 'r'), ('TRPC6P1', 'chrY', 'r')]
Warning: Input gene annotations include multiple chr, strand, or regions (5Mb away). Skipping current gene annotation.
[('7SK', 'chr1', 'r'), ('7SK', 'chr1', 'f'), ('7SK', 'chr11', 'f'), ('7SK', 'chr17', 'f'), ('7SK', 'chr3', 'r'), ('7SK', 'chr6', 'f')]
Warning: Input gene annotations include multiple chr, strand, or regions (5Mb away). Skipping current gene annotation.
[('Y_RNA', 'chr1', 'r'), ('Y_RNA', 'chr1', 'f'), ('Y_RNA', 'chr10', 'r'), ('Y_RNA', 'chr10', 'f'), ('Y_RNA', 'chr11', 'f'), ('Y_RNA', 'chr11', 'r'), ('Y_RNA', 'chr12', 'r'), ('Y_RNA', 'chr12', 'f'), ('Y_RNA', 'chr13', 'f'), ('Y_RNA', 'chr14', 'f'), ('Y_RNA', 'chr14', 'r'), ('Y_RNA', 'chr15', 'f'), ('Y_RNA', 'chr15', 'r'), ('Y_RNA', 'chr16', 'f'), ('Y_RNA', 'chr16', 'r'), ('Y_RNA', 'chr17', 'f'), ('Y_RNA', 'chr17', 'r'), ('Y_RNA', 'chr18', 'f'), ('Y_RNA', 'chr18', 'r'), ('Y_RNA', 'chr19', 'r'), ('Y_RNA', 'chr19', 'f'), ('Y_RNA', 'chr2', 'f'), ('Y_RNA', 'chr2', 'r'), ('Y_RNA', 'chr20', 'f'), ('Y_RNA', 'chr20', 'r'), ('Y_RNA', 'chr21', 'f'), ('Y_RNA', 'chr21', 'r'), ('Y_RNA', 'chr22', 'f'), ('Y_RNA', 'chr22', 'r'), ('Y_RNA', 'chr3', 'r'), ('Y_RNA', 'chr3', 'f'), ('Y_RNA', 'chr4', 'r'), ('Y_RNA', 'chr4', 'f'), ('Y_RNA', 'chr5', 'r'), ('Y_RNA', 'chr5', 'f'), ('Y_RNA', 'chr6', 'r'), ('Y_RNA', 'chr6', 'f'), ('Y_RNA', 'chr7', 'r'), ('Y_RNA', 'chr7', 'f'), ('Y_RNA', 'chr8', 'f'), ('Y_RNA', 'chr8', 'r'), ('Y_RNA', 'chr9', 'f'), ('Y_RNA', 'chr9', 'r'), ('Y_RNA', 'chrX', 'r'), ('Y_RNA', 'chrX', 'f'), ('Y_RNA', 'chrY', 'f')]
Warning: Input gene annotations include multiple chr, strand, or regions (5Mb away). Skipping current gene annotation.
[('WASIR1', 'chrX', 'r'), ('WASIR1', 'chrY', 'r')]
Warning: Input gene annotations include multiple chr, strand, or regions (5Mb away). Skipping current gene annotation.
[('U8', 'chr1', 'f'), ('U8', 'chr10', 'r'), ('U8', 'chr10', 'f'), ('U8', 'chr11', 'f'), ('U8', 'chr12', 'r'), ('U8', 'chr12', 'f'), ('U8', 'chr15', 'f'), ('U8', 'chr15', 'r'), ('U8', 'chr18', 'r'), ('U8', 'chr2', 'r'), ('U8', 'chr2', 'f'), ('U8', 'chr3', 'r'), ('U8', 'chr3', 'f'), ('U8', 'chr5', 'r'), ('U8', 'chr5', 'f'), ('U8', 'chr6', 'r'), ('U8', 'chr8', 'r'), ('U8', 'chr9', 'f')]
Warning: Input gene annotations include multiple chr, strand, or regions (5Mb away). Skipping current gene annotation.
[('U4', 'chr1', 'r'), ('U4', 'chr1', 'f'), ('U4', 'chr11', 'r'), ('U4', 'chr2', 'f'), ('U4', 'chr5', 'r'), ('U4', 'chr6', 'f'), ('U4', 'chr8', 'r')]
Warning: Input gene annotations include multiple chr, strand, or regions (5Mb away). Skipping current gene annotation.
[('U7', 'chr1', 'f'), ('U7', 'chr12', 'r'), ('U7', 'chr15', 'f'), ('U7', 'chr16', 'r'), ('U7', 'chr22', 'r'), ('U7', 'chr3', 'f'), ('U7', 'chrX', 'f')]
Warning: Input gene annotations include multiple chr, strand, or regions (5Mb away). Skipping current gene annotation.
[('U6', 'chr1', 'r'), ('U6', 'chr1', 'f'), ('U6', 'chr10', 'f'), ('U6', 'chr11', 'r'), ('U6', 'chr11', 'f'), ('U6', 'chr12', 'f'), ('U6', 'chr12', 'r'), ('U6', 'chr13', 'f'), ('U6', 'chr14', 'r'), ('U6', 'chr15', 'r'), ('U6', 'chr15', 'f'), ('U6', 'chr16', 'f'), ('U6', 'chr17', 'r'), ('U6', 'chr2', 'f'), ('U6', 'chr2', 'r'), ('U6', 'chr20', 'r'), ('U6', 'chr21', 'f'), ('U6', 'chr22', 'f'), ('U6', 'chr3', 'f'), ('U6', 'chr4', 'f'), ('U6', 'chr4', 'r'), ('U6', 'chr9', 'f'), ('U6', 'chrX', 'f')]
Warning: Input gene annotations include multiple chr, strand, or regions (5Mb away). Skipping current gene annotation.
[('U1', 'chr1', 'f'), ('U1', 'chr1', 'r'), ('U1', 'chr21', 'f')]
Warning: Input gene annotations include multiple chr, strand, or regions (5Mb away). Skipping current gene annotation.
[('U3', 'chr1', 'f'), ('U3', 'chr1', 'r'), ('U3', 'chr10', 'f'), ('U3', 'chr10', 'r'), ('U3', 'chr11', 'f'), ('U3', 'chr14', 'r'), ('U3', 'chr15', 'f'), ('U3', 'chr15', 'r'), ('U3', 'chr17', 'r'), ('U3', 'chr17', 'f'), ('U3', 'chr18', 'f'), ('U3', 'chr18', 'r'), ('U3', 'chr19', 'r'), ('U3', 'chr2', 'f'), ('U3', 'chr2', 'r'), ('U3', 'chr20', 'f'), ('U3', 'chr20', 'r'), ('U3', 'chr21', 'r'), ('U3', 'chr3', 'r'), ('U3', 'chr3', 'f'), ('U3', 'chr4', 'f'), ('U3', 'chr5', 'f'), ('U3', 'chr5', 'r'), ('U3', 'chr6', 'f'), ('U3', 'chr6', 'r'), ('U3', 'chr7', 'f'), ('U3', 'chr7', 'r'), ('U3', 'chr8', 'f'), ('U3', 'chr8', 'r'), ('U3', 'chrX', 'f'), ('U3', 'chrX', 'r')]
Warning: Input gene annotations include multiple chr, strand, or regions (5Mb away). Skipping current gene annotation.
[('U2', 'chr1', 'f'), ('U2', 'chr14', 'r'), ('U2', 'chr17', 'r'), ('U2', 'chr22', 'r'), ('U2', 'chr3', 'f'), ('U2', 'chr4', 'f'), ('U2', 'chr8', 'r'), ('U2', 'chr9', 'f')]
Warning: Input gene annotations include multiple chr, strand, or regions (5Mb away). Skipping current gene annotation.
[('MIR6089', 'chrX', 'f'), ('MIR6089', 'chrY', 'f')]
Warning: Input gene annotations include multiple chr, strand, or regions (5Mb away). Skipping current gene annotation.
[('IL3RA', 'chrX', 'f'), ('IL3RA', 'chrY', 'f')]
Warning: Input gene annotations include multiple chr, strand, or regions (5Mb away). Skipping current gene annotation.
[('GTPBP6', 'chrX', 'r'), ('GTPBP6', 'chrY', 'r')]
Warning: Input gene annotations include multiple chr, strand, or regions (5Mb away). Skipping current gene annotation.
[('SNORD18', 'chr15', 'r'), ('SNORD18', 'chr2', 'r')]
Warning: Input gene annotations include multiple chr, strand, or regions (5Mb away). Skipping current gene annotation.
[('LSP1P5', 'chr1', 'f'), ('LSP1P5', 'chr2', 'r')]
Warning: Input gene annotations include multiple chr, strand, or regions (5Mb away). Skipping current gene annotation.
[('ELOCP24', 'chrX', 'r'), ('ELOCP24', 'chrY', 'r')]
Warning: Input gene annotations include multiple chr, strand, or regions (5Mb away). Skipping current gene annotation.
[('Vault', 'chr17', 'f'), ('Vault', 'chr17', 'r'), ('Vault', 'chr2', 'r'), ('Vault', 'chr5', 'r')]
Warning: Input gene annotations include multiple chr, strand, or regions (5Mb away). Skipping current gene annotation.
[('LINC03025', 'chr9', 'r'), ('LINC03025', 'chr9', 'f')]
Warning: Input gene annotations include multiple chr, strand, or regions (5Mb away). Skipping current gene annotation.
[('5S_rRNA', 'chr1', 'r'), ('5S_rRNA', 'chr16', 'r'), ('5S_rRNA', 'chr17', 'r'), ('5S_rRNA', 'chr19', 'r'), ('5S_rRNA', 'chr2', 'r'), ('5S_rRNA', 'chr2', 'f'), ('5S_rRNA', 'chr6', 'r'), ('5S_rRNA', 'chr7', 'r'), ('5S_rRNA', 'chrX', 'f')]
Warning: Input gene annotations include multiple chr, strand, or regions (5Mb away). Skipping current gene annotation.
[('WASH6P', 'chrX', 'f'), ('WASH6P', 'chrY', 'f')]
Warning: Input gene annotations include multiple chr, strand, or regions (5Mb away). Skipping current gene annotation.
[('LINC01238', 'chr2', 'f'), ('LINC01238', 'chr2', 'r')]
Warning: Input gene annotations include multiple chr, strand, or regions (5Mb away). Skipping current gene annotation.
[('MIR3690', 'chrX', 'f'), ('MIR3690', 'chrY', 'f')]
Warning: Input gene annotations include multiple chr, strand, or regions (5Mb away). Skipping current gene annotation.
[('HERC2P7', 'chr15', 'r'), ('HERC2P7', 'chr15', 'f')]
Warning: Input gene annotations include multiple chr, strand, or regions (5Mb away). Skipping current gene annotation.
[('CTSLP2', 'chr10', 'f'), ('CTSLP2', 'chr10', 'r')]
Warning: Input gene annotations include multiple chr, strand, or regions (5Mb away). Skipping current gene annotation.
[('SNORA62', 'chr1', 'f'), ('SNORA62', 'chr11', 'f'), ('SNORA62', 'chr16', 'r'), ('SNORA62', 'chr21', 'f'), ('SNORA62', 'chr3', 'f'), ('SNORA62', 'chr4', 'f'), ('SNORA62', 'chr8', 'f')]
Warning: Input gene annotations include multiple chr, strand, or regions (5Mb away). Skipping current gene annotation.
[('SNORA63', 'chr1', 'f'), ('SNORA63', 'chr1', 'r'), ('SNORA63', 'chr15', 'r'), ('SNORA63', 'chr3', 'f'), ('SNORA63', 'chr4', 'f'), ('SNORA63', 'chr5', 'f'), ('SNORA63', 'chr7', 'r')]
Warning: Input gene annotations include multiple chr, strand, or regions (5Mb away). Skipping current gene annotation.
[('SNORD116', 'chr1', 'r'), ('SNORD116', 'chr13', 'r'), ('SNORD116', 'chr9', 'f')]
Warning: Input gene annotations include multiple chr, strand, or regions (5Mb away). Skipping current gene annotation.
[('SNORD63', 'chr17', 'r'), ('SNORD63', 'chr3', 'r'), ('SNORD63', 'chr5', 'r')]
Warning: Input gene annotations include multiple chr, strand, or regions (5Mb away). Skipping current gene annotation.
[('KMT2CP1', 'chr1', 'r'), ('KMT2CP1', 'chr1', 'f')]
Warning: Input gene annotations include multiple chr, strand, or regions (5Mb away). Skipping current gene annotation.
[('SHOX', 'chrX', 'f'), ('SHOX', 'chrY', 'f')]
Warning: Input gene annotations include multiple chr, strand, or regions (5Mb away). Skipping current gene annotation.
[('RPL23AP7', 'chr2', 'r'), ('RPL23AP7', 'chr22', 'f')]
Warning: Input gene annotations include multiple chr, strand, or regions (5Mb away). Skipping current gene annotation.
[('DHRSX-IT1', 'chrX', 'r'), ('DHRSX-IT1', 'chrY', 'r')]
Warning: Input gene annotations include multiple chr, strand, or regions (5Mb away). Skipping current gene annotation.
[('SNORD39', 'chr11', 'r'), ('SNORD39', 'chr2', 'f'), ('SNORD39', 'chr4', 'r'), ('SNORD39', 'chr9', 'r')]
Warning: Input gene annotations include multiple chr, strand, or regions (5Mb away). Skipping current gene annotation.
[('ZBED1', 'chrX', 'r'), ('ZBED1', 'chrY', 'r')]
Warning: Input gene annotations include multiple chr, strand, or regions (5Mb away). Skipping current gene annotation.
[('ASMTL-AS1', 'chrX', 'f'), ('ASMTL-AS1', 'chrY', 'f')]
Warning: Input gene annotations include multiple chr, strand, or regions (5Mb away). Skipping current gene annotation.
[('SNORD30', 'chr11', 'r'), ('SNORD30', 'chrX', 'f')]
Warning: Input gene annotations include multiple chr, strand, or regions (5Mb away). Skipping current gene annotation.
[('ASMTL', 'chrX', 'r'), ('ASMTL', 'chrY', 'r')]
Warning: Input gene annotations include multiple chr, strand, or regions (5Mb away). Skipping current gene annotation.
[('FABP5P13', 'chrX', 'r'), ('FABP5P13', 'chrY', 'r')]
Warning: Input gene annotations include multiple chr, strand, or regions (5Mb away). Skipping current gene annotation.
[('CD99', 'chrX', 'f'), ('CD99', 'chrY', 'f')]
Warning: Input gene annotations include multiple chr, strand, or regions (5Mb away). Skipping current gene annotation.
[('DHRSX', 'chrX', 'r'), ('DHRSX', 'chrY', 'r')]
Warning: Input gene annotations include multiple chr, strand, or regions (5Mb away). Skipping current gene annotation.
[('SNORD33', 'chr16', 'r'), ('SNORD33', 'chr19', 'f')]
Warning: Input gene annotations include multiple chr, strand, or regions (5Mb away). Skipping current gene annotation.
[('NPIPA9', 'chr16', 'f'), ('NPIPA9', 'chr16', 'r')]
Warning: Input gene annotations include multiple chr, strand, or regions (5Mb away). Skipping current gene annotation.
[('SNORD81', 'chr1', 'f'), ('SNORD81', 'chr5', 'f'), ('SNORD81', 'chr7', 'f')]
Warning: Input gene annotations include multiple chr, strand, or regions (5Mb away). Skipping current gene annotation.
[('PLCXD1', 'chrX', 'f'), ('PLCXD1', 'chrY', 'f')]
Warning: Input gene annotations include multiple chr, strand, or regions (5Mb away). Skipping current gene annotation.
[('RNA5SP498', 'chrX', 'r'), ('RNA5SP498', 'chrY', 'r')]
Warning: Input gene annotations include multiple chr, strand, or regions (5Mb away). Skipping current gene annotation.
[('Metazoa_SRP', 'chr1', 'f'), ('Metazoa_SRP', 'chr1', 'r'), ('Metazoa_SRP', 'chr10', 'f'), ('Metazoa_SRP', 'chr10', 'r'), ('Metazoa_SRP', 'chr11', 'r'), ('Metazoa_SRP', 'chr11', 'f'), ('Metazoa_SRP', 'chr12', 'f'), ('Metazoa_SRP', 'chr12', 'r'), ('Metazoa_SRP', 'chr13', 'r'), ('Metazoa_SRP', 'chr13', 'f'), ('Metazoa_SRP', 'chr14', 'r'), ('Metazoa_SRP', 'chr14', 'f'), ('Metazoa_SRP', 'chr15', 'r'), ('Metazoa_SRP', 'chr15', 'f'), ('Metazoa_SRP', 'chr16', 'f'), ('Metazoa_SRP', 'chr16', 'r'), ('Metazoa_SRP', 'chr17', 'r'), ('Metazoa_SRP', 'chr17', 'f'), ('Metazoa_SRP', 'chr18', 'r'), ('Metazoa_SRP', 'chr19', 'f'), ('Metazoa_SRP', 'chr19', 'r'), ('Metazoa_SRP', 'chr2', 'f'), ('Metazoa_SRP', 'chr2', 'r'), ('Metazoa_SRP', 'chr20', 'f'), ('Metazoa_SRP', 'chr20', 'r'), ('Metazoa_SRP', 'chr22', 'f'), ('Metazoa_SRP', 'chr22', 'r'), ('Metazoa_SRP', 'chr3', 'r'), ('Metazoa_SRP', 'chr3', 'f'), ('Metazoa_SRP', 'chr4', 'r'), ('Metazoa_SRP', 'chr4', 'f'), ('Metazoa_SRP', 'chr5', 'f'), ('Metazoa_SRP', 'chr5', 'r'), ('Metazoa_SRP', 'chr6', 'f'), ('Metazoa_SRP', 'chr6', 'r'), ('Metazoa_SRP', 'chr7', 'f'), ('Metazoa_SRP', 'chr7', 'r'), ('Metazoa_SRP', 'chr8', 'f'), ('Metazoa_SRP', 'chr8', 'r'), ('Metazoa_SRP', 'chr9', 'f'), ('Metazoa_SRP', 'chr9', 'r'), ('Metazoa_SRP', 'chrX', 'r'), ('Metazoa_SRP', 'chrX', 'f'), ('Metazoa_SRP', 'chrY', 'r')]
Warning: Input gene annotations include multiple chr, strand, or regions (5Mb away). Skipping current gene annotation.
[('CSF2RA', 'chrX', 'f'), ('CSF2RA', 'chrY', 'f')]
Warning: Input gene annotations include multiple chr, strand, or regions (5Mb away). Skipping current gene annotation.
[('PPP2R3B', 'chrX', 'r'), ('PPP2R3B', 'chrY', 'r')]
Warning: Input gene annotations include multiple chr, strand, or regions (5Mb away). Skipping current gene annotation.
[('DPH3P2', 'chrX', 'f'), ('DPH3P2', 'chrY', 'f')]
Warning: Input gene annotations include multiple chr, strand, or regions (5Mb away). Skipping current gene annotation.
[('ASMT', 'chrX', 'f'), ('ASMT', 'chrY', 'f')]
Warning: Input gene annotations include multiple chr, strand, or regions (5Mb away). Skipping current gene annotation.
[('IL9R', 'chrX', 'f'), ('IL9R', 'chrY', 'f')]
Warning: Input gene annotations include multiple chr, strand, or regions (5Mb away). Skipping current gene annotation.
[('VAMP7', 'chrX', 'f'), ('VAMP7', 'chrY', 'f')]
Warning: Input gene annotations include multiple chr, strand, or regions (5Mb away). Skipping current gene annotation.
[('LINC02968', 'chrX', 'f'), ('LINC02968', 'chrY', 'f')]
Warning: Input gene annotations include multiple chr, strand, or regions (5Mb away). Skipping current gene annotation.
[('SNORA75', 'chr12', 'r'), ('SNORA75', 'chr12', 'f'), ('SNORA75', 'chr16', 'f'), ('SNORA75', 'chr2', 'r'), ('SNORA75', 'chr4', 'f')]
Warning: Input gene annotations include multiple chr, strand, or regions (5Mb away). Skipping current gene annotation.
[('SNORA74', 'chr12', 'r'), ('SNORA74', 'chr17', 'f'), ('SNORA74', 'chr2', 'f')]
Warning: Input gene annotations include multiple chr, strand, or regions (5Mb away). Skipping current gene annotation.
[('SNORA73', 'chr18', 'f'), ('SNORA73', 'chr18', 'r'), ('SNORA73', 'chr6', 'r')]
Warning: Input gene annotations include multiple chr, strand, or regions (5Mb away). Skipping current gene annotation.
[('SNORA72', 'chr1', 'r'), ('SNORA72', 'chr1', 'f'), ('SNORA72', 'chr2', 'f'), ('SNORA72', 'chr3', 'f'), ('SNORA72', 'chr3', 'r'), ('SNORA72', 'chr8', 'r')]
Warning: Input gene annotations include multiple chr, strand, or regions (5Mb away). Skipping current gene annotation.
[('SNORA71', 'chr10', 'f'), ('SNORA71', 'chr20', 'r'), ('SNORA71', 'chr20', 'f')]
Warning: Input gene annotations include multiple chr, strand, or regions (5Mb away). Skipping current gene annotation.
[('SNORA70', 'chr1', 'r'), ('SNORA70', 'chr12', 'r'), ('SNORA70', 'chr12', 'f'), ('SNORA70', 'chr14', 'f'), ('SNORA70', 'chr16', 'r'), ('SNORA70', 'chr17', 'r'), ('SNORA70', 'chr17', 'f'), ('SNORA70', 'chr18', 'r'), ('SNORA70', 'chr19', 'f'), ('SNORA70', 'chr21', 'f'), ('SNORA70', 'chr21', 'r'), ('SNORA70', 'chr3', 'f'), ('SNORA70', 'chr4', 'f'), ('SNORA70', 'chr5', 'f'), ('SNORA70', 'chr6', 'f'), ('SNORA70', 'chr8', 'r'), ('SNORA70', 'chr8', 'f'), ('SNORA70', 'chr9', 'f'), ('SNORA70', 'chr9', 'r'), ('SNORA70', 'chrX', 'f'), ('SNORA70', 'chrY', 'r'), ('SNORA70', 'chrY', 'f')]
Warning: Input gene annotations include multiple chr, strand, or regions (5Mb away). Skipping current gene annotation.
[('AMD1P2', 'chrX', 'r'), ('AMD1P2', 'chrY', 'r')]
Warning: Input gene annotations include multiple chr, strand, or regions (5Mb away). Skipping current gene annotation.
[('CRLF2', 'chrX', 'r'), ('CRLF2', 'chrY', 'r')]
Warning: Input gene annotations include multiple chr, strand, or regions (5Mb away). Skipping current gene annotation.
[('SNORD115', 'chr10', 'f'), ('SNORD115', 'chr15', 'f')]
Warning: Input gene annotations include multiple chr, strand, or regions (5Mb away). Skipping current gene annotation.
[('AKAP17A', 'chrX', 'f'), ('AKAP17A', 'chrY', 'f')]
Warning: Input gene annotations include multiple chr, strand, or regions (5Mb away). Skipping current gene annotation.
[('SNORD27', 'chr11', 'r'), ('SNORD27', 'chr13', 'r')]
Warning: Input gene annotations include multiple chr, strand, or regions (5Mb away). Skipping current gene annotation.
[('P2RY8', 'chrX', 'r'), ('P2RY8', 'chrY', 'r')]
Warning: Input gene annotations include multiple chr, strand, or regions (5Mb away). Skipping current gene annotation.
[('NPEPPSP1', 'chr17', 'f'), ('NPEPPSP1', 'chr17', 'r')]
Warning: Input gene annotations include multiple chr, strand, or regions (5Mb away). Skipping current gene annotation.
[('LINC00685', 'chrX', 'f'), ('LINC00685', 'chrY', 'f')]
Warning: Input gene annotations include multiple chr, strand, or regions (5Mb away). Skipping current gene annotation.
[('DDX11L2', 'chr1', 'f'), ('DDX11L2', 'chr2', 'r')]
Warning: Input gene annotations include multiple chr, strand, or regions (5Mb away). Skipping current gene annotation.
[('GABARAPL3', 'chr15', 'f'), ('GABARAPL3', 'chr15', 'r')]
Warning: Input gene annotations include multiple chr, strand, or regions (5Mb away). Skipping current gene annotation.
[('LINC02256', 'chr15', 'r'), ('LINC02256', 'chr15', 'f')]
Warning: Input gene annotations include multiple chr, strand, or regions (5Mb away). Skipping current gene annotation.
[('5_8S_rRNA', 'chr14', 'f'), ('5_8S_rRNA', 'chr20', 'r'), ('5_8S_rRNA', 'chr21', 'f'), ('5_8S_rRNA', 'chr22', 'r')]
Warning: Input gene annotations include multiple chr, strand, or regions (5Mb away). Skipping current gene annotation.
[('RPL14P5', 'chrX', 'r'), ('RPL14P5', 'chrY', 'r')]
Warning: Input gene annotations include multiple chr, strand, or regions (5Mb away). Skipping current gene annotation.
[('LINC00106', 'chrX', 'f'), ('LINC00106', 'chrY', 'f')]
Warning: Input gene annotations include multiple chr, strand, or regions (5Mb away). Skipping current gene annotation.
[('ANKRD20A5P', 'chr18', 'f'), ('ANKRD20A5P', 'chr9', 'f')]
Warning: Input gene annotations include multiple chr, strand, or regions (5Mb away). Skipping current gene annotation.
[('SLC25A6', 'chrX', 'r'), ('SLC25A6', 'chrY', 'r')]
Warning: Input gene annotations include multiple chr, strand, or regions (5Mb away). Skipping current gene annotation.
[('KRT18P53', 'chrX', 'r'), ('KRT18P53', 'chrY', 'r')]
Warning: Input gene annotations include multiple chr, strand, or regions (5Mb away). Skipping current gene annotation.
[('DDX11L16', 'chr15', 'r'), ('DDX11L16', 'chr16', 'f'), ('DDX11L16', 'chrX', 'r'), ('DDX11L16', 'chrY', 'r')]
Gene intervals loaded.
21.7315499783 sec. elapsed.
Transcript annotations loaded.
14.6429381371 sec. elapsed.
Merge cff by exons
Loading required package: graph
Loading required package: BiocGenerics

Attaching package: 'BiocGenerics'

The following objects are masked from 'package:stats':

    IQR, mad, sd, var, xtabs

The following objects are masked from 'package:base':

    Filter, Find, Map, Position, Reduce, anyDuplicated, append,
    as.data.frame, basename, cbind, colnames, dirname, do.call,
    duplicated, eval, evalq, get, grep, grepl, intersect, is.unsorted,
    lapply, mapply, match, mget, order, paste, pmax, pmax.int, pmin,
    pmin.int, rank, rbind, rownames, sapply, setdiff, sort, table,
    tapply, union, unique, unsplit, which.max, which.min

Reading FID.intersections.tsv file
9113 records to build graph
Building graph
output cis-sage.cluster file
ReadThrough, callerfilter 1
python callerfilter_num.py --cluster /MetaFusion/RUNS_Results/PRJEB25780/PRJEB25780.cff.reformat.renamed.reann.WITH_SEQ.exons.cluster --num_tools 1 | grep -v ReadThrough > /MetaFusion/RUNS_Results/PRJEB25780/PRJEB25780.cff.reformat.renamed.reann.WITH_SEQ.exons.cluster.RT_filter.callerfilter.1
blocklist filter
ANC adjacent noncoding filter
Rank and generate final.cluster
Running FusionAnnotator
-parsing annotation gene spans
-warning, no gene stored for identifier: [AC099565.1]
-warning, no gene stored for identifier: [AL359894.1]
-warning, no gene stored for identifier: [AC093866.1]
-warning, no gene stored for identifier: [ARHGAP29-AS1]
-warning, no gene stored for identifier: [LOC105374114]
-warning, no gene stored for identifier: [CSTPP1]
-warning, no gene stored for identifier: [CYP2U1-AS1]
-warning, no gene stored for identifier: [LOC116435278]
-warning, no gene stored for identifier: [EEIG1]
-warning, no gene stored for identifier: [TAF12-DT]
-warning, no gene stored for identifier: [B3GALT1-AS1]
-warning, no gene stored for identifier: [IFNAR2-IL10RB]
-warning, no gene stored for identifier: [LOC105377043]
-warning, no gene stored for identifier: [AC099541.2]
-warning, no gene stored for identifier: [LINC02889]
-warning, no gene stored for identifier: [LOC105375751]
-warning, no gene stored for identifier: [MSANTD7]
-warning, no gene stored for identifier: [LOC101927571]
-warning, no gene stored for identifier: [LOC124902771]
-warning, no gene stored for identifier: [LOC124903324]
-warning, no gene stored for identifier: [POLR1HASP]
-warning, no gene stored for identifier: [PRH1-TAS2R14]
-warning, no gene stored for identifier: [PRP4K]
-warning, no gene stored for identifier: [HSDL2-AS1]
-warning, no gene stored for identifier: [LOC124902280]
-warning, no gene stored for identifier: [LINC00673]
-warning, no gene stored for identifier: [AL022724.3]
-warning, no gene stored for identifier: [AC107071.1]
-warning, no gene stored for identifier: [AP006545.3]
-warning, no gene stored for identifier: [AC008798.2]
-warning, no gene stored for identifier: [AC012560.2]
-warning, no gene stored for identifier: [SPATA31H1]
-warning, no gene stored for identifier: [AC003093.1]
-warning, no gene stored for identifier: [AC011029.1]
-warning, no gene stored for identifier: [AC012459.1]
-warning, no gene stored for identifier: [AC024560.5]
-warning, no gene stored for identifier: [C7orf78]
-warning, no gene stored for identifier: [AC079841.2]
-warning, no gene stored for identifier: [LOC101928160]
-warning, no gene stored for identifier: [AC092807.4]
-warning, no gene stored for identifier: [LOC102724421]
-warning, no gene stored for identifier: [AC093895.2]
-warning, no gene stored for identifier: [AC126755.7]
-warning, no gene stored for identifier: [PKD1P4]
-warning, no gene stored for identifier: [AC138776.1]
-warning, no gene stored for identifier: [ZNG1F]
-warning, no gene stored for identifier: [IGL@-ext]
-warning, no gene stored for identifier: [AFG2A]
-warning, no gene stored for identifier: [AL050309.1]
-warning, no gene stored for identifier: [AL078587.2]
-warning, no gene stored for identifier: [AC131956.3]
-warning, no gene stored for identifier: [AL445985.1]
-warning, no gene stored for identifier: [AL451062.4]
-warning, no gene stored for identifier: [L3MBTL2-AS1]
-warning, no gene stored for identifier: [AL627171.4]
-warning, no gene stored for identifier: [CHASERR]
-warning, no gene stored for identifier: [AC092821.4]
-warning, no gene stored for identifier: [ARB2A]
-warning, no gene stored for identifier: [NOVA1-DT]
-warning, no gene stored for identifier: [LINC02842]
-warning, no gene stored for identifier: [ATOSB]
-warning, no gene stored for identifier: [ATP5MJ]
-warning, no gene stored for identifier: [ATRIP-TREX1]
-warning, no gene stored for identifier: [PPM1F-AS1]
-warning, no gene stored for identifier: [BLTP2]
-warning, no gene stored for identifier: [BMAL2]
-warning, no gene stored for identifier: [BRD10]
-warning, no gene stored for identifier: [MSL3B]
-warning, no gene stored for identifier: [PALS1]
-warning, no gene stored for identifier: [AC136431.1]
-warning, no gene stored for identifier: [UQCC6]
-warning, no gene stored for identifier: [CARINH]
-warning, no gene stored for identifier: [LINC03026]
-warning, no gene stored for identifier: [ODC1-DT]
-warning, no gene stored for identifier: [CEROX1]
-warning, no gene stored for identifier: [CFAP68]
-warning, no gene stored for identifier: [LOC100996583]
-warning, no gene stored for identifier: [WDR5B-DT]
-warning, no gene stored for identifier: [AC068075.2]
-warning, no gene stored for identifier: [CHMP3-AS1]
-warning, no gene stored for identifier: [CIMIP2A]
-warning, no gene stored for identifier: [AL136418.3]
-warning, no gene stored for identifier: [AC004830.2]
-warning, no gene stored for identifier: [AC018809.3]
-warning, no gene stored for identifier: [AL662899.4]
-warning, no gene stored for identifier: [AP000867.5]
-warning, no gene stored for identifier: [SNHG31]
-warning, no gene stored for identifier: [SMPD4BP]
-warning, no gene stored for identifier: [AC084741.1]
-warning, no gene stored for identifier: [DHCR7-DT]
-warning, no gene stored for identifier: [LOC105369187]
-warning, no gene stored for identifier: [DNAAF9]
-warning, no gene stored for identifier: [PRIM2BP]
-warning, no gene stored for identifier: [EEIG2]
-warning, no gene stored for identifier: [KLRK1-AS1]
-warning, no gene stored for identifier: [LOC102724428]
-warning, no gene stored for identifier: [ERCC6L2-AS1]
-warning, no gene stored for identifier: [LOC100130207]
-warning, no gene stored for identifier: [SLX9]
-warning, no gene stored for identifier: [PWWP3A]
-warning, no gene stored for identifier: [EPCIP-AS1]
-warning, no gene stored for identifier: [FAM24B-CUZD1]
-warning, no gene stored for identifier: [LOC100420006]
-warning, no gene stored for identifier: [ST7-OT3]
-warning, no gene stored for identifier: [AP006219.3]
-warning, no gene stored for identifier: [FHIP1B]
-warning, no gene stored for identifier: [ATP6V0D1-DT]
-warning, no gene stored for identifier: [FIRRM]
-warning, no gene stored for identifier: [GBA1]
-warning, no gene stored for identifier: [MLXP1]
-warning, no gene stored for identifier: [GFOD3P]
-warning, no gene stored for identifier: [PITX1-AS1]
-warning, no gene stored for identifier: [LOC107984685]
-warning, no gene stored for identifier: [ZBED10P]
-warning, no gene stored for identifier: [HCCS-DT]
-warning, no gene stored for identifier: [HIF1A-AS3]
-warning, no gene stored for identifier: [HYCC2]
-warning, no gene stored for identifier: [ICAM4-AS1]
-warning, no gene stored for identifier: [IGL-@-ext]
-warning, no gene stored for identifier: [RBM33-DT]
-warning, no gene stored for identifier: [JAKMIP1-DT]
-warning, no gene stored for identifier: [LOC101927446]
-warning, no gene stored for identifier: [LINC01348]
-warning, no gene stored for identifier: [LINC02645]
-warning, no gene stored for identifier: [LINC02754]
-warning, no gene stored for identifier: [LINC02981]
-warning, no gene stored for identifier: [LINC02987]
-warning, no gene stored for identifier: [LINC03040]
-warning, no gene stored for identifier: [AC084212.1]
-warning, no gene stored for identifier: [LOC100128966]
-warning, no gene stored for identifier: [LOC100506403]
-warning, no gene stored for identifier: [LOC100507053]
-warning, no gene stored for identifier: [LOC101927178]
-warning, no gene stored for identifier: [LOC101927708]
-warning, no gene stored for identifier: [LOC102724594]
-warning, no gene stored for identifier: [LOC105371745]
-warning, no gene stored for identifier: [LOC105375971]
-warning, no gene stored for identifier: [LOC107986281]
-warning, no gene stored for identifier: [LOC124904403]
-warning, no gene stored for identifier: [LOC127814295]
-warning, no gene stored for identifier: [LOC127814297]
-warning, no gene stored for identifier: [LOC389602]
-warning, no gene stored for identifier: [RUNX1-AS1]
-warning, no gene stored for identifier: [LRRC51]
-warning, no gene stored for identifier: [SKIC8]
-warning, no gene stored for identifier: [LOC105379699]
-warning, no gene stored for identifier: [METTL25B]
-warning, no gene stored for identifier: [MISFA]
-warning, no gene stored for identifier: [GALNT7-DT]
-warning, no gene stored for identifier: [LOC105377622]
-warning, no gene stored for identifier: [AC068286.2]
-warning, no gene stored for identifier: [STEEP1]
-warning, no gene stored for identifier: [AC016074.2]
-warning, no gene stored for identifier: [TRD-AS1]
-warning, no gene stored for identifier: [NPEPPSP1]
-warning, no gene stored for identifier: [ASMER1]
-warning, no gene stored for identifier: [NINJ2-AS1]
-warning, no gene stored for identifier: [PARAIL]
-warning, no gene stored for identifier: [AC126121.3]
-warning, no gene stored for identifier: [PCGF3-AS1]
-warning, no gene stored for identifier: [LDAF1]
-warning, no gene stored for identifier: [PELO-AS1]
-warning, no gene stored for identifier: [IGH@-ext]
-warning, no gene stored for identifier: [FP671120.5]
-warning, no gene stored for identifier: [AL672310.1]
-warning, no gene stored for identifier: [NPIPA6]
-warning, no gene stored for identifier: [PKD1P3]
-warning, no gene stored for identifier: [POLR2J3-UPK3BL2]
-warning, no gene stored for identifier: [SUCLG2-DT]
-warning, no gene stored for identifier: [MIRLET7IHG]
-warning, no gene stored for identifier: [PRMT5-DT]
-warning, no gene stored for identifier: [PTGR3]
-warning, no gene stored for identifier: [LOC128125822]
-warning, no gene stored for identifier: [ODAD3]
-warning, no gene stored for identifier: [AC004921.2]
-warning, no gene stored for identifier: [LOC101929532]
-warning, no gene stored for identifier: [LOC100506274]
-warning, no gene stored for identifier: [TOP6BL]
-warning, no gene stored for identifier: [RNF213-AS1]
-warning, no gene stored for identifier: [RRAGC-DT]
-warning, no gene stored for identifier: [LOC100420803]
-warning, no gene stored for identifier: [PPP1R35-AS1]
-warning, no gene stored for identifier: [LOC105369147]
-warning, no gene stored for identifier: [REDIC1]
-warning, no gene stored for identifier: [ARK2C]
-warning, no gene stored for identifier: [LOC128706666]
-warning, no gene stored for identifier: [CPVL-AS2]
-warning, no gene stored for identifier: [MAP3K2-DT]
-warning, no gene stored for identifier: [TMEM161B-DT]
-warning, no gene stored for identifier: [AL441992.3]
-warning, no gene stored for identifier: [AC119673.3]
-warning, no gene stored for identifier: [BLTP3A]
-warning, no gene stored for identifier: [TBC1D7-LOC100130357]
-warning, no gene stored for identifier: [TMED2-DT]
-warning, no gene stored for identifier: [TMEM11-DT]
-warning, no gene stored for identifier: [LOC339260]
-warning, no gene stored for identifier: [AL136295.17]
-warning, no gene stored for identifier: [RPS17P12]
-warning, no gene stored for identifier: [TRIM59-IFT80]
-warning, no gene stored for identifier: [CFAP107]
-warning, no gene stored for identifier: [UBR5-DT]
-warning, no gene stored for identifier: [LOC440311]
-warning, no gene stored for identifier: [AL354916.2]
-warning, no gene stored for identifier: [ZNF778-DT]
-warning, no gene stored for identifier: [SCIRT]
-warning, no gene stored for identifier: [LHX4-AS1]
-warning, no gene stored for identifier: [YJU2B]
-warning, no gene stored for identifier: [MIX23]
-warning, no gene stored for identifier: [ZFTRAF1]
-warning, no gene stored for identifier: [ZNF225-AS1]
-warning, no gene stored for identifier: [AL031681.3]
-warning, no gene stored for identifier: [LOC101927829]
-warning, no gene stored for identifier: [ZNF8-DT]
-warning, no gene stored for identifier: [ZPR1P1]
-warning, no gene stored for identifier: [LOC105377730]
Adding FusionAnnotator database hits to final.cluster.CANCER_FUSIONS file
no benchmarking performed
Done
End at Wed Oct 9 04:22:11 UTC 2024 -----------
