Start at Wed Oct 9 04:27:43 UTC 2024 -----------
Generating output in /MetaFusion/RUNS_Results/PRJNA356761
mkdir: cannot create directory '/MetaFusion/RUNS_Results/PRJNA356761': File exists
Rename cff
python rename_cff_file_genes.MetaFusion.py /MetaFusion/RUNS_Results/PRJNA356761/PRJNA356761.cff.reformat /MetaFusion/reference_files/Homo_sapiens.gene_info > /MetaFusion/RUNS_Results/PRJNA356761/PRJNA356761.cff.reformat.renamed
Annotate cff, extract sequence surrounding breakpoint
3186995 annotations from /MetaFusion/reference_files/hg38_gene.bed loaded.
16.2399010658 sec. elapsed.
Warning: Input gene annotations include multiple chr, strand, or regions (5Mb away). Skipping current gene annotation.
[('LINC00102', 'chrX', 'r'), ('LINC00102', 'chrY', 'r')]
Warning: Input gene annotations include multiple chr, strand, or regions (5Mb away). Skipping current gene annotation.
[('SNORD42', 'chr22', 'r'), ('SNORD42', 'chr4', 'r')]
Warning: Input gene annotations include multiple chr, strand, or regions (5Mb away). Skipping current gene annotation.
[('CD99P1', 'chrX', 'f'), ('CD99P1', 'chrY', 'f')]
Warning: Input gene annotations include multiple chr, strand, or regions (5Mb away). Skipping current gene annotation.
[('TNFRSF10A-DT', 'chr8', 'f'), ('TNFRSF10A-DT', 'chr8', 'r')]
Warning: Input gene annotations include multiple chr, strand, or regions (5Mb away). Skipping current gene annotation.
[('TRPC6P1', 'chrX', 'r'), ('TRPC6P1', 'chrY', 'r')]
Warning: Input gene annotations include multiple chr, strand, or regions (5Mb away). Skipping current gene annotation.
[('7SK', 'chr1', 'r'), ('7SK', 'chr1', 'f'), ('7SK', 'chr11', 'f'), ('7SK', 'chr17', 'f'), ('7SK', 'chr3', 'r'), ('7SK', 'chr6', 'f')]
Warning: Input gene annotations include multiple chr, strand, or regions (5Mb away). Skipping current gene annotation.
[('Y_RNA', 'chr1', 'r'), ('Y_RNA', 'chr1', 'f'), ('Y_RNA', 'chr10', 'r'), ('Y_RNA', 'chr10', 'f'), ('Y_RNA', 'chr11', 'f'), ('Y_RNA', 'chr11', 'r'), ('Y_RNA', 'chr12', 'r'), ('Y_RNA', 'chr12', 'f'), ('Y_RNA', 'chr13', 'f'), ('Y_RNA', 'chr14', 'f'), ('Y_RNA', 'chr14', 'r'), ('Y_RNA', 'chr15', 'f'), ('Y_RNA', 'chr15', 'r'), ('Y_RNA', 'chr16', 'f'), ('Y_RNA', 'chr16', 'r'), ('Y_RNA', 'chr17', 'f'), ('Y_RNA', 'chr17', 'r'), ('Y_RNA', 'chr18', 'f'), ('Y_RNA', 'chr18', 'r'), ('Y_RNA', 'chr19', 'r'), ('Y_RNA', 'chr19', 'f'), ('Y_RNA', 'chr2', 'f'), ('Y_RNA', 'chr2', 'r'), ('Y_RNA', 'chr20', 'f'), ('Y_RNA', 'chr20', 'r'), ('Y_RNA', 'chr21', 'f'), ('Y_RNA', 'chr21', 'r'), ('Y_RNA', 'chr22', 'f'), ('Y_RNA', 'chr22', 'r'), ('Y_RNA', 'chr3', 'r'), ('Y_RNA', 'chr3', 'f'), ('Y_RNA', 'chr4', 'r'), ('Y_RNA', 'chr4', 'f'), ('Y_RNA', 'chr5', 'r'), ('Y_RNA', 'chr5', 'f'), ('Y_RNA', 'chr6', 'r'), ('Y_RNA', 'chr6', 'f'), ('Y_RNA', 'chr7', 'r'), ('Y_RNA', 'chr7', 'f'), ('Y_RNA', 'chr8', 'f'), ('Y_RNA', 'chr8', 'r'), ('Y_RNA', 'chr9', 'f'), ('Y_RNA', 'chr9', 'r'), ('Y_RNA', 'chrX', 'r'), ('Y_RNA', 'chrX', 'f'), ('Y_RNA', 'chrY', 'f')]
Warning: Input gene annotations include multiple chr, strand, or regions (5Mb away). Skipping current gene annotation.
[('WASIR1', 'chrX', 'r'), ('WASIR1', 'chrY', 'r')]
Warning: Input gene annotations include multiple chr, strand, or regions (5Mb away). Skipping current gene annotation.
[('U8', 'chr1', 'f'), ('U8', 'chr10', 'r'), ('U8', 'chr10', 'f'), ('U8', 'chr11', 'f'), ('U8', 'chr12', 'r'), ('U8', 'chr12', 'f'), ('U8', 'chr15', 'f'), ('U8', 'chr15', 'r'), ('U8', 'chr18', 'r'), ('U8', 'chr2', 'r'), ('U8', 'chr2', 'f'), ('U8', 'chr3', 'r'), ('U8', 'chr3', 'f'), ('U8', 'chr5', 'r'), ('U8', 'chr5', 'f'), ('U8', 'chr6', 'r'), ('U8', 'chr8', 'r'), ('U8', 'chr9', 'f')]
Warning: Input gene annotations include multiple chr, strand, or regions (5Mb away). Skipping current gene annotation.
[('U4', 'chr1', 'r'), ('U4', 'chr1', 'f'), ('U4', 'chr11', 'r'), ('U4', 'chr2', 'f'), ('U4', 'chr5', 'r'), ('U4', 'chr6', 'f'), ('U4', 'chr8', 'r')]
Warning: Input gene annotations include multiple chr, strand, or regions (5Mb away). Skipping current gene annotation.
[('U7', 'chr1', 'f'), ('U7', 'chr12', 'r'), ('U7', 'chr15', 'f'), ('U7', 'chr16', 'r'), ('U7', 'chr22', 'r'), ('U7', 'chr3', 'f'), ('U7', 'chrX', 'f')]
Warning: Input gene annotations include multiple chr, strand, or regions (5Mb away). Skipping current gene annotation.
[('U6', 'chr1', 'r'), ('U6', 'chr1', 'f'), ('U6', 'chr10', 'f'), ('U6', 'chr11', 'r'), ('U6', 'chr11', 'f'), ('U6', 'chr12', 'f'), ('U6', 'chr12', 'r'), ('U6', 'chr13', 'f'), ('U6', 'chr14', 'r'), ('U6', 'chr15', 'r'), ('U6', 'chr15', 'f'), ('U6', 'chr16', 'f'), ('U6', 'chr17', 'r'), ('U6', 'chr2', 'f'), ('U6', 'chr2', 'r'), ('U6', 'chr20', 'r'), ('U6', 'chr21', 'f'), ('U6', 'chr22', 'f'), ('U6', 'chr3', 'f'), ('U6', 'chr4', 'f'), ('U6', 'chr4', 'r'), ('U6', 'chr9', 'f'), ('U6', 'chrX', 'f')]
Warning: Input gene annotations include multiple chr, strand, or regions (5Mb away). Skipping current gene annotation.
[('U1', 'chr1', 'f'), ('U1', 'chr1', 'r'), ('U1', 'chr21', 'f')]
Warning: Input gene annotations include multiple chr, strand, or regions (5Mb away). Skipping current gene annotation.
[('U3', 'chr1', 'f'), ('U3', 'chr1', 'r'), ('U3', 'chr10', 'f'), ('U3', 'chr10', 'r'), ('U3', 'chr11', 'f'), ('U3', 'chr14', 'r'), ('U3', 'chr15', 'f'), ('U3', 'chr15', 'r'), ('U3', 'chr17', 'r'), ('U3', 'chr17', 'f'), ('U3', 'chr18', 'f'), ('U3', 'chr18', 'r'), ('U3', 'chr19', 'r'), ('U3', 'chr2', 'f'), ('U3', 'chr2', 'r'), ('U3', 'chr20', 'f'), ('U3', 'chr20', 'r'), ('U3', 'chr21', 'r'), ('U3', 'chr3', 'r'), ('U3', 'chr3', 'f'), ('U3', 'chr4', 'f'), ('U3', 'chr5', 'f'), ('U3', 'chr5', 'r'), ('U3', 'chr6', 'f'), ('U3', 'chr6', 'r'), ('U3', 'chr7', 'f'), ('U3', 'chr7', 'r'), ('U3', 'chr8', 'f'), ('U3', 'chr8', 'r'), ('U3', 'chrX', 'f'), ('U3', 'chrX', 'r')]
Warning: Input gene annotations include multiple chr, strand, or regions (5Mb away). Skipping current gene annotation.
[('U2', 'chr1', 'f'), ('U2', 'chr14', 'r'), ('U2', 'chr17', 'r'), ('U2', 'chr22', 'r'), ('U2', 'chr3', 'f'), ('U2', 'chr4', 'f'), ('U2', 'chr8', 'r'), ('U2', 'chr9', 'f')]
Warning: Input gene annotations include multiple chr, strand, or regions (5Mb away). Skipping current gene annotation.
[('MIR6089', 'chrX', 'f'), ('MIR6089', 'chrY', 'f')]
Warning: Input gene annotations include multiple chr, strand, or regions (5Mb away). Skipping current gene annotation.
[('IL3RA', 'chrX', 'f'), ('IL3RA', 'chrY', 'f')]
Warning: Input gene annotations include multiple chr, strand, or regions (5Mb away). Skipping current gene annotation.
[('GTPBP6', 'chrX', 'r'), ('GTPBP6', 'chrY', 'r')]
Warning: Input gene annotations include multiple chr, strand, or regions (5Mb away). Skipping current gene annotation.
[('SNORD18', 'chr15', 'r'), ('SNORD18', 'chr2', 'r')]
Warning: Input gene annotations include multiple chr, strand, or regions (5Mb away). Skipping current gene annotation.
[('LSP1P5', 'chr1', 'f'), ('LSP1P5', 'chr2', 'r')]
Warning: Input gene annotations include multiple chr, strand, or regions (5Mb away). Skipping current gene annotation.
[('ELOCP24', 'chrX', 'r'), ('ELOCP24', 'chrY', 'r')]
Warning: Input gene annotations include multiple chr, strand, or regions (5Mb away). Skipping current gene annotation.
[('Vault', 'chr17', 'f'), ('Vault', 'chr17', 'r'), ('Vault', 'chr2', 'r'), ('Vault', 'chr5', 'r')]
Warning: Input gene annotations include multiple chr, strand, or regions (5Mb away). Skipping current gene annotation.
[('LINC03025', 'chr9', 'r'), ('LINC03025', 'chr9', 'f')]
Warning: Input gene annotations include multiple chr, strand, or regions (5Mb away). Skipping current gene annotation.
[('5S_rRNA', 'chr1', 'r'), ('5S_rRNA', 'chr16', 'r'), ('5S_rRNA', 'chr17', 'r'), ('5S_rRNA', 'chr19', 'r'), ('5S_rRNA', 'chr2', 'r'), ('5S_rRNA', 'chr2', 'f'), ('5S_rRNA', 'chr6', 'r'), ('5S_rRNA', 'chr7', 'r'), ('5S_rRNA', 'chrX', 'f')]
Warning: Input gene annotations include multiple chr, strand, or regions (5Mb away). Skipping current gene annotation.
[('WASH6P', 'chrX', 'f'), ('WASH6P', 'chrY', 'f')]
Warning: Input gene annotations include multiple chr, strand, or regions (5Mb away). Skipping current gene annotation.
[('LINC01238', 'chr2', 'f'), ('LINC01238', 'chr2', 'r')]
Warning: Input gene annotations include multiple chr, strand, or regions (5Mb away). Skipping current gene annotation.
[('MIR3690', 'chrX', 'f'), ('MIR3690', 'chrY', 'f')]
Warning: Input gene annotations include multiple chr, strand, or regions (5Mb away). Skipping current gene annotation.
[('HERC2P7', 'chr15', 'r'), ('HERC2P7', 'chr15', 'f')]
Warning: Input gene annotations include multiple chr, strand, or regions (5Mb away). Skipping current gene annotation.
[('CTSLP2', 'chr10', 'f'), ('CTSLP2', 'chr10', 'r')]
Warning: Input gene annotations include multiple chr, strand, or regions (5Mb away). Skipping current gene annotation.
[('SNORA62', 'chr1', 'f'), ('SNORA62', 'chr11', 'f'), ('SNORA62', 'chr16', 'r'), ('SNORA62', 'chr21', 'f'), ('SNORA62', 'chr3', 'f'), ('SNORA62', 'chr4', 'f'), ('SNORA62', 'chr8', 'f')]
Warning: Input gene annotations include multiple chr, strand, or regions (5Mb away). Skipping current gene annotation.
[('SNORA63', 'chr1', 'f'), ('SNORA63', 'chr1', 'r'), ('SNORA63', 'chr15', 'r'), ('SNORA63', 'chr3', 'f'), ('SNORA63', 'chr4', 'f'), ('SNORA63', 'chr5', 'f'), ('SNORA63', 'chr7', 'r')]
Warning: Input gene annotations include multiple chr, strand, or regions (5Mb away). Skipping current gene annotation.
[('SNORD116', 'chr1', 'r'), ('SNORD116', 'chr13', 'r'), ('SNORD116', 'chr9', 'f')]
Warning: Input gene annotations include multiple chr, strand, or regions (5Mb away). Skipping current gene annotation.
[('SNORD63', 'chr17', 'r'), ('SNORD63', 'chr3', 'r'), ('SNORD63', 'chr5', 'r')]
Warning: Input gene annotations include multiple chr, strand, or regions (5Mb away). Skipping current gene annotation.
[('KMT2CP1', 'chr1', 'r'), ('KMT2CP1', 'chr1', 'f')]
Warning: Input gene annotations include multiple chr, strand, or regions (5Mb away). Skipping current gene annotation.
[('SHOX', 'chrX', 'f'), ('SHOX', 'chrY', 'f')]
Warning: Input gene annotations include multiple chr, strand, or regions (5Mb away). Skipping current gene annotation.
[('RPL23AP7', 'chr2', 'r'), ('RPL23AP7', 'chr22', 'f')]
Warning: Input gene annotations include multiple chr, strand, or regions (5Mb away). Skipping current gene annotation.
[('DHRSX-IT1', 'chrX', 'r'), ('DHRSX-IT1', 'chrY', 'r')]
Warning: Input gene annotations include multiple chr, strand, or regions (5Mb away). Skipping current gene annotation.
[('SNORD39', 'chr11', 'r'), ('SNORD39', 'chr2', 'f'), ('SNORD39', 'chr4', 'r'), ('SNORD39', 'chr9', 'r')]
Warning: Input gene annotations include multiple chr, strand, or regions (5Mb away). Skipping current gene annotation.
[('ZBED1', 'chrX', 'r'), ('ZBED1', 'chrY', 'r')]
Warning: Input gene annotations include multiple chr, strand, or regions (5Mb away). Skipping current gene annotation.
[('ASMTL-AS1', 'chrX', 'f'), ('ASMTL-AS1', 'chrY', 'f')]
Warning: Input gene annotations include multiple chr, strand, or regions (5Mb away). Skipping current gene annotation.
[('SNORD30', 'chr11', 'r'), ('SNORD30', 'chrX', 'f')]
Warning: Input gene annotations include multiple chr, strand, or regions (5Mb away). Skipping current gene annotation.
[('ASMTL', 'chrX', 'r'), ('ASMTL', 'chrY', 'r')]
Warning: Input gene annotations include multiple chr, strand, or regions (5Mb away). Skipping current gene annotation.
[('FABP5P13', 'chrX', 'r'), ('FABP5P13', 'chrY', 'r')]
Warning: Input gene annotations include multiple chr, strand, or regions (5Mb away). Skipping current gene annotation.
[('CD99', 'chrX', 'f'), ('CD99', 'chrY', 'f')]
Warning: Input gene annotations include multiple chr, strand, or regions (5Mb away). Skipping current gene annotation.
[('DHRSX', 'chrX', 'r'), ('DHRSX', 'chrY', 'r')]
Warning: Input gene annotations include multiple chr, strand, or regions (5Mb away). Skipping current gene annotation.
[('SNORD33', 'chr16', 'r'), ('SNORD33', 'chr19', 'f')]
Warning: Input gene annotations include multiple chr, strand, or regions (5Mb away). Skipping current gene annotation.
[('NPIPA9', 'chr16', 'f'), ('NPIPA9', 'chr16', 'r')]
Warning: Input gene annotations include multiple chr, strand, or regions (5Mb away). Skipping current gene annotation.
[('SNORD81', 'chr1', 'f'), ('SNORD81', 'chr5', 'f'), ('SNORD81', 'chr7', 'f')]
Warning: Input gene annotations include multiple chr, strand, or regions (5Mb away). Skipping current gene annotation.
[('PLCXD1', 'chrX', 'f'), ('PLCXD1', 'chrY', 'f')]
Warning: Input gene annotations include multiple chr, strand, or regions (5Mb away). Skipping current gene annotation.
[('RNA5SP498', 'chrX', 'r'), ('RNA5SP498', 'chrY', 'r')]
Warning: Input gene annotations include multiple chr, strand, or regions (5Mb away). Skipping current gene annotation.
[('Metazoa_SRP', 'chr1', 'f'), ('Metazoa_SRP', 'chr1', 'r'), ('Metazoa_SRP', 'chr10', 'f'), ('Metazoa_SRP', 'chr10', 'r'), ('Metazoa_SRP', 'chr11', 'r'), ('Metazoa_SRP', 'chr11', 'f'), ('Metazoa_SRP', 'chr12', 'f'), ('Metazoa_SRP', 'chr12', 'r'), ('Metazoa_SRP', 'chr13', 'r'), ('Metazoa_SRP', 'chr13', 'f'), ('Metazoa_SRP', 'chr14', 'r'), ('Metazoa_SRP', 'chr14', 'f'), ('Metazoa_SRP', 'chr15', 'r'), ('Metazoa_SRP', 'chr15', 'f'), ('Metazoa_SRP', 'chr16', 'f'), ('Metazoa_SRP', 'chr16', 'r'), ('Metazoa_SRP', 'chr17', 'r'), ('Metazoa_SRP', 'chr17', 'f'), ('Metazoa_SRP', 'chr18', 'r'), ('Metazoa_SRP', 'chr19', 'f'), ('Metazoa_SRP', 'chr19', 'r'), ('Metazoa_SRP', 'chr2', 'f'), ('Metazoa_SRP', 'chr2', 'r'), ('Metazoa_SRP', 'chr20', 'f'), ('Metazoa_SRP', 'chr20', 'r'), ('Metazoa_SRP', 'chr22', 'f'), ('Metazoa_SRP', 'chr22', 'r'), ('Metazoa_SRP', 'chr3', 'r'), ('Metazoa_SRP', 'chr3', 'f'), ('Metazoa_SRP', 'chr4', 'r'), ('Metazoa_SRP', 'chr4', 'f'), ('Metazoa_SRP', 'chr5', 'f'), ('Metazoa_SRP', 'chr5', 'r'), ('Metazoa_SRP', 'chr6', 'f'), ('Metazoa_SRP', 'chr6', 'r'), ('Metazoa_SRP', 'chr7', 'f'), ('Metazoa_SRP', 'chr7', 'r'), ('Metazoa_SRP', 'chr8', 'f'), ('Metazoa_SRP', 'chr8', 'r'), ('Metazoa_SRP', 'chr9', 'f'), ('Metazoa_SRP', 'chr9', 'r'), ('Metazoa_SRP', 'chrX', 'r'), ('Metazoa_SRP', 'chrX', 'f'), ('Metazoa_SRP', 'chrY', 'r')]
Warning: Input gene annotations include multiple chr, strand, or regions (5Mb away). Skipping current gene annotation.
[('CSF2RA', 'chrX', 'f'), ('CSF2RA', 'chrY', 'f')]
Warning: Input gene annotations include multiple chr, strand, or regions (5Mb away). Skipping current gene annotation.
[('PPP2R3B', 'chrX', 'r'), ('PPP2R3B', 'chrY', 'r')]
Warning: Input gene annotations include multiple chr, strand, or regions (5Mb away). Skipping current gene annotation.
[('DPH3P2', 'chrX', 'f'), ('DPH3P2', 'chrY', 'f')]
Warning: Input gene annotations include multiple chr, strand, or regions (5Mb away). Skipping current gene annotation.
[('ASMT', 'chrX', 'f'), ('ASMT', 'chrY', 'f')]
Warning: Input gene annotations include multiple chr, strand, or regions (5Mb away). Skipping current gene annotation.
[('IL9R', 'chrX', 'f'), ('IL9R', 'chrY', 'f')]
Warning: Input gene annotations include multiple chr, strand, or regions (5Mb away). Skipping current gene annotation.
[('VAMP7', 'chrX', 'f'), ('VAMP7', 'chrY', 'f')]
Warning: Input gene annotations include multiple chr, strand, or regions (5Mb away). Skipping current gene annotation.
[('LINC02968', 'chrX', 'f'), ('LINC02968', 'chrY', 'f')]
Warning: Input gene annotations include multiple chr, strand, or regions (5Mb away). Skipping current gene annotation.
[('SNORA75', 'chr12', 'r'), ('SNORA75', 'chr12', 'f'), ('SNORA75', 'chr16', 'f'), ('SNORA75', 'chr2', 'r'), ('SNORA75', 'chr4', 'f')]
Warning: Input gene annotations include multiple chr, strand, or regions (5Mb away). Skipping current gene annotation.
[('SNORA74', 'chr12', 'r'), ('SNORA74', 'chr17', 'f'), ('SNORA74', 'chr2', 'f')]
Warning: Input gene annotations include multiple chr, strand, or regions (5Mb away). Skipping current gene annotation.
[('SNORA73', 'chr18', 'f'), ('SNORA73', 'chr18', 'r'), ('SNORA73', 'chr6', 'r')]
Warning: Input gene annotations include multiple chr, strand, or regions (5Mb away). Skipping current gene annotation.
[('SNORA72', 'chr1', 'r'), ('SNORA72', 'chr1', 'f'), ('SNORA72', 'chr2', 'f'), ('SNORA72', 'chr3', 'f'), ('SNORA72', 'chr3', 'r'), ('SNORA72', 'chr8', 'r')]
Warning: Input gene annotations include multiple chr, strand, or regions (5Mb away). Skipping current gene annotation.
[('SNORA71', 'chr10', 'f'), ('SNORA71', 'chr20', 'r'), ('SNORA71', 'chr20', 'f')]
Warning: Input gene annotations include multiple chr, strand, or regions (5Mb away). Skipping current gene annotation.
[('SNORA70', 'chr1', 'r'), ('SNORA70', 'chr12', 'r'), ('SNORA70', 'chr12', 'f'), ('SNORA70', 'chr14', 'f'), ('SNORA70', 'chr16', 'r'), ('SNORA70', 'chr17', 'r'), ('SNORA70', 'chr17', 'f'), ('SNORA70', 'chr18', 'r'), ('SNORA70', 'chr19', 'f'), ('SNORA70', 'chr21', 'f'), ('SNORA70', 'chr21', 'r'), ('SNORA70', 'chr3', 'f'), ('SNORA70', 'chr4', 'f'), ('SNORA70', 'chr5', 'f'), ('SNORA70', 'chr6', 'f'), ('SNORA70', 'chr8', 'r'), ('SNORA70', 'chr8', 'f'), ('SNORA70', 'chr9', 'f'), ('SNORA70', 'chr9', 'r'), ('SNORA70', 'chrX', 'f'), ('SNORA70', 'chrY', 'r'), ('SNORA70', 'chrY', 'f')]
Warning: Input gene annotations include multiple chr, strand, or regions (5Mb away). Skipping current gene annotation.
[('AMD1P2', 'chrX', 'r'), ('AMD1P2', 'chrY', 'r')]
Warning: Input gene annotations include multiple chr, strand, or regions (5Mb away). Skipping current gene annotation.
[('CRLF2', 'chrX', 'r'), ('CRLF2', 'chrY', 'r')]
Warning: Input gene annotations include multiple chr, strand, or regions (5Mb away). Skipping current gene annotation.
[('SNORD115', 'chr10', 'f'), ('SNORD115', 'chr15', 'f')]
Warning: Input gene annotations include multiple chr, strand, or regions (5Mb away). Skipping current gene annotation.
[('AKAP17A', 'chrX', 'f'), ('AKAP17A', 'chrY', 'f')]
Warning: Input gene annotations include multiple chr, strand, or regions (5Mb away). Skipping current gene annotation.
[('SNORD27', 'chr11', 'r'), ('SNORD27', 'chr13', 'r')]
Warning: Input gene annotations include multiple chr, strand, or regions (5Mb away). Skipping current gene annotation.
[('P2RY8', 'chrX', 'r'), ('P2RY8', 'chrY', 'r')]
Warning: Input gene annotations include multiple chr, strand, or regions (5Mb away). Skipping current gene annotation.
[('NPEPPSP1', 'chr17', 'f'), ('NPEPPSP1', 'chr17', 'r')]
Warning: Input gene annotations include multiple chr, strand, or regions (5Mb away). Skipping current gene annotation.
[('LINC00685', 'chrX', 'f'), ('LINC00685', 'chrY', 'f')]
Warning: Input gene annotations include multiple chr, strand, or regions (5Mb away). Skipping current gene annotation.
[('DDX11L2', 'chr1', 'f'), ('DDX11L2', 'chr2', 'r')]
Warning: Input gene annotations include multiple chr, strand, or regions (5Mb away). Skipping current gene annotation.
[('GABARAPL3', 'chr15', 'f'), ('GABARAPL3', 'chr15', 'r')]
Warning: Input gene annotations include multiple chr, strand, or regions (5Mb away). Skipping current gene annotation.
[('LINC02256', 'chr15', 'r'), ('LINC02256', 'chr15', 'f')]
Warning: Input gene annotations include multiple chr, strand, or regions (5Mb away). Skipping current gene annotation.
[('5_8S_rRNA', 'chr14', 'f'), ('5_8S_rRNA', 'chr20', 'r'), ('5_8S_rRNA', 'chr21', 'f'), ('5_8S_rRNA', 'chr22', 'r')]
Warning: Input gene annotations include multiple chr, strand, or regions (5Mb away). Skipping current gene annotation.
[('RPL14P5', 'chrX', 'r'), ('RPL14P5', 'chrY', 'r')]
Warning: Input gene annotations include multiple chr, strand, or regions (5Mb away). Skipping current gene annotation.
[('LINC00106', 'chrX', 'f'), ('LINC00106', 'chrY', 'f')]
Warning: Input gene annotations include multiple chr, strand, or regions (5Mb away). Skipping current gene annotation.
[('ANKRD20A5P', 'chr18', 'f'), ('ANKRD20A5P', 'chr9', 'f')]
Warning: Input gene annotations include multiple chr, strand, or regions (5Mb away). Skipping current gene annotation.
[('SLC25A6', 'chrX', 'r'), ('SLC25A6', 'chrY', 'r')]
Warning: Input gene annotations include multiple chr, strand, or regions (5Mb away). Skipping current gene annotation.
[('KRT18P53', 'chrX', 'r'), ('KRT18P53', 'chrY', 'r')]
Warning: Input gene annotations include multiple chr, strand, or regions (5Mb away). Skipping current gene annotation.
[('DDX11L16', 'chr15', 'r'), ('DDX11L16', 'chr16', 'f'), ('DDX11L16', 'chrX', 'r'), ('DDX11L16', 'chrY', 'r')]
Gene intervals loaded.
21.2724459171 sec. elapsed.
Transcript annotations loaded.
14.4095470905 sec. elapsed.
Warnning: gene name AP000781.2 is not in current annotation.
Warnning: gene name AP000781.2 is not in current annotation.
Warnning: gene name LOC105370829 is not in current annotation.
Warnning: gene name LOC105370829 is not in current annotation.
Warnning: gene name AC008825.1 is not in current annotation.
Warnning: gene name AC008825.1 is not in current annotation.
Warnning: gene name AC092925.1 is not in current annotation.
Warnning: gene name AC092958.1 is not in current annotation.
Warnning: gene name AC092925.1,AC092958.1 is not in current annotation.
Warnning: gene name NPHP3-ACAD11 is not in current annotation.
Warnning: gene name AC092925.1 is not in current annotation.
Warnning: gene name AC092958.1 is not in current annotation.
Warnning: gene name NPHP3-ACAD11 is not in current annotation.
Warnning: gene name AC092925.1,AC092958.1 is not in current annotation.
Warnning: gene name AP000781.2 is not in current annotation.
Warnning: gene name AP000781.2 is not in current annotation.
Warnning: gene name AC245884.5 is not in current annotation.
Warnning: gene name AC245884.12 is not in current annotation.
Warnning: gene name AC245884.5,AC245884.12 is not in current annotation.
Warnning: gene name AC025475.2 is not in current annotation.
Warnning: gene name AC113347.1 is not in current annotation.
Warnning: gene name AC025475.2,AC113347.1 is not in current annotation.
Warnning: gene name LOC105370829 is not in current annotation.
Warnning: gene name LOC105370829 is not in current annotation.
Warnning: gene name AC092925.1 is not in current annotation.
Warnning: gene name AC092958.1 is not in current annotation.
Warnning: gene name AC092925.1,AC092958.1 is not in current annotation.
Warnning: gene name NPHP3-ACAD11 is not in current annotation.
Warnning: gene name AC092925.1 is not in current annotation.
Warnning: gene name AC092958.1 is not in current annotation.
Warnning: gene name NPHP3-ACAD11 is not in current annotation.
Warnning: gene name AC092925.1,AC092958.1 is not in current annotation.
Warnning: gene name LOC124905166 is not in current annotation.
Warnning: gene name LOC124905166 is not in current annotation.
Warnning: gene name AC025475.2 is not in current annotation.
Warnning: gene name AC113347.1 is not in current annotation.
Warnning: gene name AC025475.2,AC113347.1 is not in current annotation.
Warnning: gene name CU104787.1 is not in current annotation.
Warnning: gene name LOC124905166 is not in current annotation.
Warnning: gene name CU104787.1 is not in current annotation.
Warnning: gene name LOC124905166 is not in current annotation.
Warnning: gene name AC025475.2 is not in current annotation.
Warnning: gene name AC113347.1 is not in current annotation.
Warnning: gene name AC025475.2,AC113347.1 is not in current annotation.
Warnning: gene name AC010266.1 is not in current annotation.
Warnning: gene name AC026797.1 is not in current annotation.
Warnning: gene name AC010266.1,AC026797.1 is not in current annotation.
Warnning: gene name AC091912.3 is not in current annotation.
Warnning: gene name AC091912.3 is not in current annotation.
Warnning: gene name AC245884.5 is not in current annotation.
Warnning: gene name AC245884.12 is not in current annotation.
Warnning: gene name AC245884.5,AC245884.12 is not in current annotation.
Warnning: gene name AC068448.2 is not in current annotation.
Warnning: gene name AC139426.3 is not in current annotation.
Warnning: gene name AC068448.2,AC139426.3 is not in current annotation.
Warnning: gene name LOC100421116 is not in current annotation.
Warnning: gene name LOC100421116 is not in current annotation.
Warnning: gene name AC003005.1 is not in current annotation.
Warnning: gene name AC003005.1 is not in current annotation.
Warnning: gene name CU104787.1 is not in current annotation.
Warnning: gene name LOC124905166 is not in current annotation.
Warnning: gene name CU104787.1 is not in current annotation.
Warnning: gene name LOC124905166 is not in current annotation.
Warnning: gene name AC016396.1 is not in current annotation.
Warnning: gene name AC016396.2 is not in current annotation.
Warnning: gene name AC016396.1,AC016396.2 is not in current annotation.
Warnning: gene name AC141557.1 is not in current annotation.
Warnning: gene name AC141557.1 is not in current annotation.
Warnning: gene name LOC124906147 is not in current annotation.
Warnning: gene name LOC124906147 is not in current annotation.
Warnning: gene name AL136102.1 is not in current annotation.
Warnning: gene name AL121888.2 is not in current annotation.
Warnning: gene name AL136102.1,AL121888.2 is not in current annotation.
Warnning: gene name LINC00473 is not in current annotation.
Warnning: gene name LINC00473 is not in current annotation.
Warnning: gene name IQSEC3P3 is not in current annotation.
Warnning: gene name IQSEC3P3 is not in current annotation.
Warnning: gene name PEDS1-UBE2V1 is not in current annotation.
Warnning: gene name IQSEC3P3 is not in current annotation.
Warnning: gene name PEDS1-UBE2V1 is not in current annotation.
Warnning: gene name IQSEC3P3 is not in current annotation.
Warnning: gene name AL031674.1 is not in current annotation.
Warnning: gene name AL161945.1 is not in current annotation.
Warnning: gene name AL031674.1,AL161945.1 is not in current annotation.
Warnning: gene name CU104787.1 is not in current annotation.
Warnning: gene name LOC124905166 is not in current annotation.
Warnning: gene name CU104787.1 is not in current annotation.
Warnning: gene name LOC124905166 is not in current annotation.
Warnning: gene name AC108676.1 is not in current annotation.
Warnning: gene name AC108676.1 is not in current annotation.
Warnning: gene name AC021660.3 is not in current annotation.
Warnning: gene name AC021660.3 is not in current annotation.
Warnning: gene name AP000676.3 is not in current annotation.
Warnning: gene name AP000676.5 is not in current annotation.
Warnning: gene name AP000676.3,AP000676.5 is not in current annotation.
Warnning: gene name LOC102723370 is not in current annotation.
Warnning: gene name LOC102723370 is not in current annotation.
Warnning: gene name AP001605.1 is not in current annotation.
Warnning: gene name AP001605.1 is not in current annotation.
Warnning: gene name AC012368.1 is not in current annotation.
Warnning: gene name AC012368.1 is not in current annotation.
Warnning: gene name AC012368.1 is not in current annotation.
Warnning: gene name AC012368.1 is not in current annotation.
Warnning: gene name LOC338694 is not in current annotation.
Warnning: gene name LOC338694 is not in current annotation.
Warnning: gene name LOC338694 is not in current annotation.
Warnning: gene name LOC338694 is not in current annotation.
Warnning: gene name LOC112268410 is not in current annotation.
Warnning: gene name LOC112268410 is not in current annotation.
Warnning: gene name AC131935.2 is not in current annotation.
Warnning: gene name AC131935.1 is not in current annotation.
Warnning: gene name AC131935.2,AC131935.1 is not in current annotation.
Warnning: gene name CU104787.1 is not in current annotation.
Warnning: gene name LOC124905166 is not in current annotation.
Warnning: gene name CU104787.1 is not in current annotation.
Warnning: gene name LOC124905166 is not in current annotation.
Warnning: gene name AC131935.2 is not in current annotation.
Warnning: gene name AC131935.1 is not in current annotation.
Warnning: gene name AC131935.2,AC131935.1 is not in current annotation.
Warnning: gene name AC131935.2 is not in current annotation.
Warnning: gene name AC131935.1 is not in current annotation.
Warnning: gene name AC131935.2,AC131935.1 is not in current annotation.
Warnning: gene name CU104787.1 is not in current annotation.
Warnning: gene name LOC124905166 is not in current annotation.
Warnning: gene name CU104787.1 is not in current annotation.
Warnning: gene name LOC124905166 is not in current annotation.
Warnning: gene name LOC100421901 is not in current annotation.
Warnning: gene name LOC100421901 is not in current annotation.
Warnning: gene name AC134878.2 is not in current annotation.
Warnning: gene name AC134878.2 is not in current annotation.
Warnning: gene name AC119751.8 is not in current annotation.
Warnning: gene name AC119751.7 is not in current annotation.
Warnning: gene name AC119751.8,AC119751.7 is not in current annotation.
Warnning: gene name Z82210.1 is not in current annotation.
Warnning: gene name AL590229.2 is not in current annotation.
Warnning: gene name Z82210.1,AL590229.2 is not in current annotation.
Warnning: gene name LOC102724421 is not in current annotation.
Warnning: gene name LOC102724421 is not in current annotation.
Warnning: gene name LOC124902045 is not in current annotation.
Warnning: gene name LOC124902045 is not in current annotation.
Warnning: gene name AC092821.2 is not in current annotation.
Warnning: gene name AC092821.2 is not in current annotation.
Warnning: gene name AC092821.4 is not in current annotation.
Warnning: gene name AC092821.4 is not in current annotation.
Warnning: gene name STBD1P1 is not in current annotation.
Warnning: gene name STBD1P1 is not in current annotation.
Warnning: gene name AC092638.2 is not in current annotation.
Warnning: gene name AC074290.1 is not in current annotation.
Warnning: gene name AC092638.2,AC074290.1 is not in current annotation.
Warnning: gene name AL353742.1 is not in current annotation.
Warnning: gene name AL669983.1 is not in current annotation.
Warnning: gene name AL353742.1,AL669983.1 is not in current annotation.
Warnning: gene name ZNF73P is not in current annotation.
Warnning: gene name ZNF73P is not in current annotation.
Warnning: gene name RPLP1P3 is not in current annotation.
Warnning: gene name RPLP1P3 is not in current annotation.
Warnning: gene name ZNF73P is not in current annotation.
Warnning: gene name ZNF73P is not in current annotation.
Warnning: gene name STBD1P1 is not in current annotation.
Warnning: gene name STBD1P1 is not in current annotation.
Warnning: gene name STBD1P1 is not in current annotation.
Warnning: gene name STBD1P1 is not in current annotation.
Warnning: gene name AC005332.4 is not in current annotation.
Warnning: gene name AC005332.1 is not in current annotation.
Warnning: gene name AC005332.4,AC005332.1 is not in current annotation.
Warnning: gene name AF228730.5 is not in current annotation.
Warnning: gene name AF228730.5 is not in current annotation.
Warnning: gene name AC096631.1 is not in current annotation.
Warnning: gene name AC096631.1 is not in current annotation.
Warnning: gene name AP001978.1 is not in current annotation.
Warnning: gene name AP001541.1 is not in current annotation.
Warnning: gene name AP001978.1,AP001541.1 is not in current annotation.
Warnning: gene name TVP23C-CDRT4 is not in current annotation.
Warnning: gene name TVP23C-CDRT4 is not in current annotation.
Warnning: gene name AL139231.1 is not in current annotation.
Warnning: gene name AL133270.1 is not in current annotation.
Warnning: gene name AL139231.1,AL133270.1 is not in current annotation.
Warnning: gene name LOC102724019 is not in current annotation.
Warnning: gene name LOC102724019 is not in current annotation.
Warnning: gene name IQCJ-SCHIP1 is not in current annotation.
Warnning: gene name IQCJ-SCHIP1 is not in current annotation.
Warnning: gene name DHCR7-DT is not in current annotation.
Warnning: gene name DHCR7-DT is not in current annotation.
Warnning: gene name AC096631.1 is not in current annotation.
Warnning: gene name AC096631.1 is not in current annotation.
Warnning: gene name AP001978.1 is not in current annotation.
Warnning: gene name AP001541.1 is not in current annotation.
Warnning: gene name AP001978.1,AP001541.1 is not in current annotation.
Warnning: gene name AP001978.1 is not in current annotation.
Warnning: gene name AP001541.1 is not in current annotation.
Warnning: gene name USP41P is not in current annotation.
Warnning: gene name AP001978.1,AP001541.1 is not in current annotation.
Warnning: gene name USP41P is not in current annotation.
Warnning: gene name IQCJ-SCHIP1 is not in current annotation.
Warnning: gene name IQCJ-SCHIP1 is not in current annotation.
Warnning: gene name TVP23C-CDRT4 is not in current annotation.
Warnning: gene name TVP23C-CDRT4 is not in current annotation.
Warnning: gene name AL139231.1 is not in current annotation.
Warnning: gene name AL133270.1 is not in current annotation.
Warnning: gene name AL139231.1,AL133270.1 is not in current annotation.
Warnning: gene name AC092944.1 is not in current annotation.
Warnning: gene name AC092944.1 is not in current annotation.
Warnning: gene name IQCJ-SCHIP1 is not in current annotation.
Warnning: gene name AP001978.1 is not in current annotation.
Warnning: gene name AP001541.1 is not in current annotation.
Warnning: gene name IQCJ-SCHIP1 is not in current annotation.
Warnning: gene name AP001978.1,AP001541.1 is not in current annotation.
Warnning: gene name LOC124904942 is not in current annotation.
Warnning: gene name LOC124904942 is not in current annotation.
Warnning: gene name SPICP4 is not in current annotation.
Warnning: gene name SPICP4 is not in current annotation.
Warnning: gene name AC026736.1 is not in current annotation.
Warnning: gene name AC010266.2 is not in current annotation.
Warnning: gene name AC026736.1,AC010266.2 is not in current annotation.
Warnning: gene name LOC107986626 is not in current annotation.
Warnning: gene name LOC107986626 is not in current annotation.
Warnning: gene name LOC107987108 is not in current annotation.
Warnning: gene name LOC107987108 is not in current annotation.
Warnning: gene name AL137792.2 is not in current annotation.
Warnning: gene name AL137792.1 is not in current annotation.
Warnning: gene name AL137792.2,AL137792.1 is not in current annotation.
Warnning: gene name LOC124900230 is not in current annotation.
Warnning: gene name LOC124900230 is not in current annotation.
Warnning: gene name AL136363.2 is not in current annotation.
Warnning: gene name AL035246.1 is not in current annotation.
Warnning: gene name IGHG1 is not in current annotation.
Warnning: gene name AL136363.2,AL035246.1 is not in current annotation.
Warnning: gene name IGHG1 is not in current annotation.
Warnning: gene name AC093884.1 is not in current annotation.
Warnning: gene name AC093884.1 is not in current annotation.
Warnning: gene name AP000676.3 is not in current annotation.
Warnning: gene name AP000676.5 is not in current annotation.
Warnning: gene name AP000676.3,AP000676.5 is not in current annotation.
Warnning: gene name RPS24P4 is not in current annotation.
Warnning: gene name RPS24P4 is not in current annotation.
Warnning: gene name AC120024.1 is not in current annotation.
Warnning: gene name AC120024.4 is not in current annotation.
Warnning: gene name AC120024.1,AC120024.4 is not in current annotation.
Warnning: gene name Z83844.3 is not in current annotation.
Warnning: gene name Z83844.3 is not in current annotation.
Warnning: gene name Z83844.3 is not in current annotation.
Warnning: gene name Z83844.3 is not in current annotation.
Warnning: gene name AC093277.1 is not in current annotation.
Warnning: gene name AC114977.1 is not in current annotation.
Warnning: gene name AC093277.1,AC114977.1 is not in current annotation.
Warnning: gene name LOC105374736 is not in current annotation.
Warnning: gene name LOC105374736 is not in current annotation.
Warnning: gene name LOC124906147 is not in current annotation.
Warnning: gene name LOC124906147 is not in current annotation.
Warnning: gene name LOC643381 is not in current annotation.
Warnning: gene name LOC643381 is not in current annotation.
Warnning: gene name LOC643381 is not in current annotation.
Warnning: gene name LOC643381 is not in current annotation.
Warnning: gene name CU104787.1 is not in current annotation.
Warnning: gene name LOC124905166 is not in current annotation.
Warnning: gene name CU104787.1 is not in current annotation.
Warnning: gene name LOC124905166 is not in current annotation.
Warnning: gene name AC007529.2 is not in current annotation.
Warnning: gene name AC023512.1 is not in current annotation.
Warnning: gene name AC007529.2,AC023512.1 is not in current annotation.
Warnning: gene name AC126603.1 is not in current annotation.
Warnning: gene name AC126603.1 is not in current annotation.
Warnning: gene name LOC124905166 is not in current annotation.
Warnning: gene name LOC124905166 is not in current annotation.
Warnning: gene name CU104787.1 is not in current annotation.
Warnning: gene name LOC124905166 is not in current annotation.
Warnning: gene name CU104787.1 is not in current annotation.
Warnning: gene name LOC124905166 is not in current annotation.
Warnning: gene name LOC105377858 is not in current annotation.
Warnning: gene name LOC105377858 is not in current annotation.
Warnning: gene name AC025884.1 is not in current annotation.
Warnning: gene name AC025884.1 is not in current annotation.
Warnning: gene name AC090907.2 is not in current annotation.
Warnning: gene name AC019254.2 is not in current annotation.
Warnning: gene name AC090907.2,AC019254.2 is not in current annotation.
Warnning: gene name AL445307.1 is not in current annotation.
Warnning: gene name AL078602.1 is not in current annotation.
Warnning: gene name AL445307.1,AL078602.1 is not in current annotation.
Warnning: gene name AL109809.1 is not in current annotation.
Warnning: gene name AL109809.1 is not in current annotation.
Warnning: gene name AL445307.1 is not in current annotation.
Warnning: gene name AL078602.1 is not in current annotation.
Warnning: gene name AL445307.1,AL078602.1 is not in current annotation.
Warnning: gene name AL109809.1 is not in current annotation.
Warnning: gene name AL109809.1 is not in current annotation.
Warnning: gene name AC140172.1 is not in current annotation.
Warnning: gene name AC093274.1 is not in current annotation.
Warnning: gene name AC140172.1,AC093274.1 is not in current annotation.
Warnning: gene name AC243960.5 is not in current annotation.
Warnning: gene name AC243960.4 is not in current annotation.
Warnning: gene name AC243960.5,AC243960.4 is not in current annotation.
Warnning: gene name LOC124907998 is not in current annotation.
Warnning: gene name LOC124907998 is not in current annotation.
Warnning: gene name AC116651.1 is not in current annotation.
Warnning: gene name AC116651.1 is not in current annotation.
Warnning: gene name LOC392266 is not in current annotation.
Warnning: gene name LOC392266 is not in current annotation.
Warnning: gene name CU104787.1 is not in current annotation.
Warnning: gene name LOC124905166 is not in current annotation.
Warnning: gene name CU104787.1 is not in current annotation.
Warnning: gene name LOC124905166 is not in current annotation.
Warnning: gene name LOC105372980 is not in current annotation.
Warnning: gene name LOC105372980 is not in current annotation.
Warnning: gene name AC141557.1 is not in current annotation.
Warnning: gene name AC141557.1 is not in current annotation.
Warnning: gene name AC134878.2 is not in current annotation.
Warnning: gene name AC119751.8 is not in current annotation.
Warnning: gene name AC119751.7 is not in current annotation.
Warnning: gene name AC134878.2 is not in current annotation.
Warnning: gene name AC119751.8,AC119751.7 is not in current annotation.
Warnning: gene name AC068448.2 is not in current annotation.
Warnning: gene name AC139426.3 is not in current annotation.
Warnning: gene name AC068448.2,AC139426.3 is not in current annotation.
Warnning: gene name IGKJ4 is not in current annotation.
Warnning: gene name IGKJ4 is not in current annotation.
Warnning: gene name AL450345.1 is not in current annotation.
Warnning: gene name AL133538.1 is not in current annotation.
Warnning: gene name AL450345.1,AL133538.1 is not in current annotation.
Warnning: gene name AL137798.2 is not in current annotation.
Warnning: gene name AL137798.2 is not in current annotation.
Warnning: gene name AC141557.1 is not in current annotation.
Warnning: gene name AC141557.1 is not in current annotation.
Warnning: gene name CU104787.1 is not in current annotation.
Warnning: gene name LOC124905166 is not in current annotation.
Warnning: gene name CU104787.1 is not in current annotation.
Warnning: gene name LOC124905166 is not in current annotation.
Warnning: gene name AC018814.1 is not in current annotation.
Warnning: gene name AC018814.1 is not in current annotation.
Warnning: gene name ZNF73P is not in current annotation.
Warnning: gene name ZNF73P is not in current annotation.
Warnning: gene name AP000676.3 is not in current annotation.
Warnning: gene name AP000676.5 is not in current annotation.
Warnning: gene name AP000676.3,AP000676.5 is not in current annotation.
Warnning: gene name AC026347.2 is not in current annotation.
Warnning: gene name AC092924.1 is not in current annotation.
Warnning: gene name AC026347.2,AC092924.1 is not in current annotation.
Warnning: gene name AC010776.2 is not in current annotation.
Warnning: gene name AC010776.3 is not in current annotation.
Warnning: gene name AC010776.2,AC010776.3 is not in current annotation.
Warnning: gene name AC092821.2 is not in current annotation.
Warnning: gene name AC092821.2 is not in current annotation.
Warnning: gene name AC092821.4 is not in current annotation.
Warnning: gene name AC092821.4 is not in current annotation.
Warnning: gene name AL078602.1 is not in current annotation.
Warnning: gene name AL358972.1 is not in current annotation.
Warnning: gene name AL078602.1,AL358972.1 is not in current annotation.
Warnning: gene name CFAP96 is not in current annotation.
Warnning: gene name CFAP96 is not in current annotation.
Warnning: gene name STIMATE-MUSTN1 is not in current annotation.
Warnning: gene name STIMATE-MUSTN1 is not in current annotation.
Warnning: gene name FP325330.2 is not in current annotation.
Warnning: gene name BX284656.2 is not in current annotation.
Warnning: gene name FP325330.2,BX284656.2 is not in current annotation.
Warnning: gene name RPS19P5 is not in current annotation.
Warnning: gene name RPS19P5 is not in current annotation.
Warnning: gene name CFAP96 is not in current annotation.
Warnning: gene name CFAP96 is not in current annotation.
Warnning: gene name AC021231.2 is not in current annotation.
Warnning: gene name AC021231.1 is not in current annotation.
Warnning: gene name AC021231.2,AC021231.1 is not in current annotation.
Warnning: gene name RPL26P25 is not in current annotation.
Warnning: gene name RPL26P25 is not in current annotation.
Warnning: gene name RPL26P25 is not in current annotation.
Warnning: gene name RPL26P25 is not in current annotation.
Warnning: gene name RPS15AP4 is not in current annotation.
Warnning: gene name RPS15AP4 is not in current annotation.
Warnning: gene name AC073143.1 is not in current annotation.
Warnning: gene name AC107057.1 is not in current annotation.
Warnning: gene name AC073143.1,AC107057.1 is not in current annotation.
Warnning: gene name AC073143.1 is not in current annotation.
Warnning: gene name AC107057.1 is not in current annotation.
Warnning: gene name AC073143.1,AC107057.1 is not in current annotation.
Warnning: gene name RPL37P5 is not in current annotation.
Warnning: gene name RPL37P5 is not in current annotation.
Warnning: gene name LOC101928797 is not in current annotation.
Warnning: gene name LOC101928797 is not in current annotation.
Warnning: gene name AL353742.1 is not in current annotation.
Warnning: gene name AL669983.1 is not in current annotation.
Warnning: gene name IGKJ1 is not in current annotation.
Warnning: gene name AL353742.1,AL669983.1 is not in current annotation.
Warnning: gene name IGKJ1 is not in current annotation.
Warnning: gene name AP000593.2 is not in current annotation.
Warnning: gene name AP000593.4 is not in current annotation.
Warnning: gene name AP000593.2,AP000593.4 is not in current annotation.
Warnning: gene name AL353742.1 is not in current annotation.
Warnning: gene name AL669983.1 is not in current annotation.
Warnning: gene name IGKJ1 is not in current annotation.
Warnning: gene name AL353742.1,AL669983.1 is not in current annotation.
Warnning: gene name IGKJ1 is not in current annotation.
Warnning: gene name LOC124905166 is not in current annotation.
Warnning: gene name LOC124905166 is not in current annotation.
cff /MetaFusion/RUNS_Results/PRJNA356761/PRJNA356761.cff.reformat.renamed.reann.WITH_SEQ
Add adjacent exons to cff
3186995 annotations from /MetaFusion/reference_files/hg38_gene.bed loaded.
16.4102787971 sec. elapsed.
Warning: Input gene annotations include multiple chr, strand, or regions (5Mb away). Skipping current gene annotation.
[('LINC00102', 'chrX', 'r'), ('LINC00102', 'chrY', 'r')]
Warning: Input gene annotations include multiple chr, strand, or regions (5Mb away). Skipping current gene annotation.
[('SNORD42', 'chr22', 'r'), ('SNORD42', 'chr4', 'r')]
Warning: Input gene annotations include multiple chr, strand, or regions (5Mb away). Skipping current gene annotation.
[('CD99P1', 'chrX', 'f'), ('CD99P1', 'chrY', 'f')]
Warning: Input gene annotations include multiple chr, strand, or regions (5Mb away). Skipping current gene annotation.
[('TNFRSF10A-DT', 'chr8', 'f'), ('TNFRSF10A-DT', 'chr8', 'r')]
Warning: Input gene annotations include multiple chr, strand, or regions (5Mb away). Skipping current gene annotation.
[('TRPC6P1', 'chrX', 'r'), ('TRPC6P1', 'chrY', 'r')]
Warning: Input gene annotations include multiple chr, strand, or regions (5Mb away). Skipping current gene annotation.
[('7SK', 'chr1', 'r'), ('7SK', 'chr1', 'f'), ('7SK', 'chr11', 'f'), ('7SK', 'chr17', 'f'), ('7SK', 'chr3', 'r'), ('7SK', 'chr6', 'f')]
Warning: Input gene annotations include multiple chr, strand, or regions (5Mb away). Skipping current gene annotation.
[('Y_RNA', 'chr1', 'r'), ('Y_RNA', 'chr1', 'f'), ('Y_RNA', 'chr10', 'r'), ('Y_RNA', 'chr10', 'f'), ('Y_RNA', 'chr11', 'f'), ('Y_RNA', 'chr11', 'r'), ('Y_RNA', 'chr12', 'r'), ('Y_RNA', 'chr12', 'f'), ('Y_RNA', 'chr13', 'f'), ('Y_RNA', 'chr14', 'f'), ('Y_RNA', 'chr14', 'r'), ('Y_RNA', 'chr15', 'f'), ('Y_RNA', 'chr15', 'r'), ('Y_RNA', 'chr16', 'f'), ('Y_RNA', 'chr16', 'r'), ('Y_RNA', 'chr17', 'f'), ('Y_RNA', 'chr17', 'r'), ('Y_RNA', 'chr18', 'f'), ('Y_RNA', 'chr18', 'r'), ('Y_RNA', 'chr19', 'r'), ('Y_RNA', 'chr19', 'f'), ('Y_RNA', 'chr2', 'f'), ('Y_RNA', 'chr2', 'r'), ('Y_RNA', 'chr20', 'f'), ('Y_RNA', 'chr20', 'r'), ('Y_RNA', 'chr21', 'f'), ('Y_RNA', 'chr21', 'r'), ('Y_RNA', 'chr22', 'f'), ('Y_RNA', 'chr22', 'r'), ('Y_RNA', 'chr3', 'r'), ('Y_RNA', 'chr3', 'f'), ('Y_RNA', 'chr4', 'r'), ('Y_RNA', 'chr4', 'f'), ('Y_RNA', 'chr5', 'r'), ('Y_RNA', 'chr5', 'f'), ('Y_RNA', 'chr6', 'r'), ('Y_RNA', 'chr6', 'f'), ('Y_RNA', 'chr7', 'r'), ('Y_RNA', 'chr7', 'f'), ('Y_RNA', 'chr8', 'f'), ('Y_RNA', 'chr8', 'r'), ('Y_RNA', 'chr9', 'f'), ('Y_RNA', 'chr9', 'r'), ('Y_RNA', 'chrX', 'r'), ('Y_RNA', 'chrX', 'f'), ('Y_RNA', 'chrY', 'f')]
Warning: Input gene annotations include multiple chr, strand, or regions (5Mb away). Skipping current gene annotation.
[('WASIR1', 'chrX', 'r'), ('WASIR1', 'chrY', 'r')]
Warning: Input gene annotations include multiple chr, strand, or regions (5Mb away). Skipping current gene annotation.
[('U8', 'chr1', 'f'), ('U8', 'chr10', 'r'), ('U8', 'chr10', 'f'), ('U8', 'chr11', 'f'), ('U8', 'chr12', 'r'), ('U8', 'chr12', 'f'), ('U8', 'chr15', 'f'), ('U8', 'chr15', 'r'), ('U8', 'chr18', 'r'), ('U8', 'chr2', 'r'), ('U8', 'chr2', 'f'), ('U8', 'chr3', 'r'), ('U8', 'chr3', 'f'), ('U8', 'chr5', 'r'), ('U8', 'chr5', 'f'), ('U8', 'chr6', 'r'), ('U8', 'chr8', 'r'), ('U8', 'chr9', 'f')]
Warning: Input gene annotations include multiple chr, strand, or regions (5Mb away). Skipping current gene annotation.
[('U4', 'chr1', 'r'), ('U4', 'chr1', 'f'), ('U4', 'chr11', 'r'), ('U4', 'chr2', 'f'), ('U4', 'chr5', 'r'), ('U4', 'chr6', 'f'), ('U4', 'chr8', 'r')]
Warning: Input gene annotations include multiple chr, strand, or regions (5Mb away). Skipping current gene annotation.
[('U7', 'chr1', 'f'), ('U7', 'chr12', 'r'), ('U7', 'chr15', 'f'), ('U7', 'chr16', 'r'), ('U7', 'chr22', 'r'), ('U7', 'chr3', 'f'), ('U7', 'chrX', 'f')]
Warning: Input gene annotations include multiple chr, strand, or regions (5Mb away). Skipping current gene annotation.
[('U6', 'chr1', 'r'), ('U6', 'chr1', 'f'), ('U6', 'chr10', 'f'), ('U6', 'chr11', 'r'), ('U6', 'chr11', 'f'), ('U6', 'chr12', 'f'), ('U6', 'chr12', 'r'), ('U6', 'chr13', 'f'), ('U6', 'chr14', 'r'), ('U6', 'chr15', 'r'), ('U6', 'chr15', 'f'), ('U6', 'chr16', 'f'), ('U6', 'chr17', 'r'), ('U6', 'chr2', 'f'), ('U6', 'chr2', 'r'), ('U6', 'chr20', 'r'), ('U6', 'chr21', 'f'), ('U6', 'chr22', 'f'), ('U6', 'chr3', 'f'), ('U6', 'chr4', 'f'), ('U6', 'chr4', 'r'), ('U6', 'chr9', 'f'), ('U6', 'chrX', 'f')]
Warning: Input gene annotations include multiple chr, strand, or regions (5Mb away). Skipping current gene annotation.
[('U1', 'chr1', 'f'), ('U1', 'chr1', 'r'), ('U1', 'chr21', 'f')]
Warning: Input gene annotations include multiple chr, strand, or regions (5Mb away). Skipping current gene annotation.
[('U3', 'chr1', 'f'), ('U3', 'chr1', 'r'), ('U3', 'chr10', 'f'), ('U3', 'chr10', 'r'), ('U3', 'chr11', 'f'), ('U3', 'chr14', 'r'), ('U3', 'chr15', 'f'), ('U3', 'chr15', 'r'), ('U3', 'chr17', 'r'), ('U3', 'chr17', 'f'), ('U3', 'chr18', 'f'), ('U3', 'chr18', 'r'), ('U3', 'chr19', 'r'), ('U3', 'chr2', 'f'), ('U3', 'chr2', 'r'), ('U3', 'chr20', 'f'), ('U3', 'chr20', 'r'), ('U3', 'chr21', 'r'), ('U3', 'chr3', 'r'), ('U3', 'chr3', 'f'), ('U3', 'chr4', 'f'), ('U3', 'chr5', 'f'), ('U3', 'chr5', 'r'), ('U3', 'chr6', 'f'), ('U3', 'chr6', 'r'), ('U3', 'chr7', 'f'), ('U3', 'chr7', 'r'), ('U3', 'chr8', 'f'), ('U3', 'chr8', 'r'), ('U3', 'chrX', 'f'), ('U3', 'chrX', 'r')]
Warning: Input gene annotations include multiple chr, strand, or regions (5Mb away). Skipping current gene annotation.
[('U2', 'chr1', 'f'), ('U2', 'chr14', 'r'), ('U2', 'chr17', 'r'), ('U2', 'chr22', 'r'), ('U2', 'chr3', 'f'), ('U2', 'chr4', 'f'), ('U2', 'chr8', 'r'), ('U2', 'chr9', 'f')]
Warning: Input gene annotations include multiple chr, strand, or regions (5Mb away). Skipping current gene annotation.
[('MIR6089', 'chrX', 'f'), ('MIR6089', 'chrY', 'f')]
Warning: Input gene annotations include multiple chr, strand, or regions (5Mb away). Skipping current gene annotation.
[('IL3RA', 'chrX', 'f'), ('IL3RA', 'chrY', 'f')]
Warning: Input gene annotations include multiple chr, strand, or regions (5Mb away). Skipping current gene annotation.
[('GTPBP6', 'chrX', 'r'), ('GTPBP6', 'chrY', 'r')]
Warning: Input gene annotations include multiple chr, strand, or regions (5Mb away). Skipping current gene annotation.
[('SNORD18', 'chr15', 'r'), ('SNORD18', 'chr2', 'r')]
Warning: Input gene annotations include multiple chr, strand, or regions (5Mb away). Skipping current gene annotation.
[('LSP1P5', 'chr1', 'f'), ('LSP1P5', 'chr2', 'r')]
Warning: Input gene annotations include multiple chr, strand, or regions (5Mb away). Skipping current gene annotation.
[('ELOCP24', 'chrX', 'r'), ('ELOCP24', 'chrY', 'r')]
Warning: Input gene annotations include multiple chr, strand, or regions (5Mb away). Skipping current gene annotation.
[('Vault', 'chr17', 'f'), ('Vault', 'chr17', 'r'), ('Vault', 'chr2', 'r'), ('Vault', 'chr5', 'r')]
Warning: Input gene annotations include multiple chr, strand, or regions (5Mb away). Skipping current gene annotation.
[('LINC03025', 'chr9', 'r'), ('LINC03025', 'chr9', 'f')]
Warning: Input gene annotations include multiple chr, strand, or regions (5Mb away). Skipping current gene annotation.
[('5S_rRNA', 'chr1', 'r'), ('5S_rRNA', 'chr16', 'r'), ('5S_rRNA', 'chr17', 'r'), ('5S_rRNA', 'chr19', 'r'), ('5S_rRNA', 'chr2', 'r'), ('5S_rRNA', 'chr2', 'f'), ('5S_rRNA', 'chr6', 'r'), ('5S_rRNA', 'chr7', 'r'), ('5S_rRNA', 'chrX', 'f')]
Warning: Input gene annotations include multiple chr, strand, or regions (5Mb away). Skipping current gene annotation.
[('WASH6P', 'chrX', 'f'), ('WASH6P', 'chrY', 'f')]
Warning: Input gene annotations include multiple chr, strand, or regions (5Mb away). Skipping current gene annotation.
[('LINC01238', 'chr2', 'f'), ('LINC01238', 'chr2', 'r')]
Warning: Input gene annotations include multiple chr, strand, or regions (5Mb away). Skipping current gene annotation.
[('MIR3690', 'chrX', 'f'), ('MIR3690', 'chrY', 'f')]
Warning: Input gene annotations include multiple chr, strand, or regions (5Mb away). Skipping current gene annotation.
[('HERC2P7', 'chr15', 'r'), ('HERC2P7', 'chr15', 'f')]
Warning: Input gene annotations include multiple chr, strand, or regions (5Mb away). Skipping current gene annotation.
[('CTSLP2', 'chr10', 'f'), ('CTSLP2', 'chr10', 'r')]
Warning: Input gene annotations include multiple chr, strand, or regions (5Mb away). Skipping current gene annotation.
[('SNORA62', 'chr1', 'f'), ('SNORA62', 'chr11', 'f'), ('SNORA62', 'chr16', 'r'), ('SNORA62', 'chr21', 'f'), ('SNORA62', 'chr3', 'f'), ('SNORA62', 'chr4', 'f'), ('SNORA62', 'chr8', 'f')]
Warning: Input gene annotations include multiple chr, strand, or regions (5Mb away). Skipping current gene annotation.
[('SNORA63', 'chr1', 'f'), ('SNORA63', 'chr1', 'r'), ('SNORA63', 'chr15', 'r'), ('SNORA63', 'chr3', 'f'), ('SNORA63', 'chr4', 'f'), ('SNORA63', 'chr5', 'f'), ('SNORA63', 'chr7', 'r')]
Warning: Input gene annotations include multiple chr, strand, or regions (5Mb away). Skipping current gene annotation.
[('SNORD116', 'chr1', 'r'), ('SNORD116', 'chr13', 'r'), ('SNORD116', 'chr9', 'f')]
Warning: Input gene annotations include multiple chr, strand, or regions (5Mb away). Skipping current gene annotation.
[('SNORD63', 'chr17', 'r'), ('SNORD63', 'chr3', 'r'), ('SNORD63', 'chr5', 'r')]
Warning: Input gene annotations include multiple chr, strand, or regions (5Mb away). Skipping current gene annotation.
[('KMT2CP1', 'chr1', 'r'), ('KMT2CP1', 'chr1', 'f')]
Warning: Input gene annotations include multiple chr, strand, or regions (5Mb away). Skipping current gene annotation.
[('SHOX', 'chrX', 'f'), ('SHOX', 'chrY', 'f')]
Warning: Input gene annotations include multiple chr, strand, or regions (5Mb away). Skipping current gene annotation.
[('RPL23AP7', 'chr2', 'r'), ('RPL23AP7', 'chr22', 'f')]
Warning: Input gene annotations include multiple chr, strand, or regions (5Mb away). Skipping current gene annotation.
[('DHRSX-IT1', 'chrX', 'r'), ('DHRSX-IT1', 'chrY', 'r')]
Warning: Input gene annotations include multiple chr, strand, or regions (5Mb away). Skipping current gene annotation.
[('SNORD39', 'chr11', 'r'), ('SNORD39', 'chr2', 'f'), ('SNORD39', 'chr4', 'r'), ('SNORD39', 'chr9', 'r')]
Warning: Input gene annotations include multiple chr, strand, or regions (5Mb away). Skipping current gene annotation.
[('ZBED1', 'chrX', 'r'), ('ZBED1', 'chrY', 'r')]
Warning: Input gene annotations include multiple chr, strand, or regions (5Mb away). Skipping current gene annotation.
[('ASMTL-AS1', 'chrX', 'f'), ('ASMTL-AS1', 'chrY', 'f')]
Warning: Input gene annotations include multiple chr, strand, or regions (5Mb away). Skipping current gene annotation.
[('SNORD30', 'chr11', 'r'), ('SNORD30', 'chrX', 'f')]
Warning: Input gene annotations include multiple chr, strand, or regions (5Mb away). Skipping current gene annotation.
[('ASMTL', 'chrX', 'r'), ('ASMTL', 'chrY', 'r')]
Warning: Input gene annotations include multiple chr, strand, or regions (5Mb away). Skipping current gene annotation.
[('FABP5P13', 'chrX', 'r'), ('FABP5P13', 'chrY', 'r')]
Warning: Input gene annotations include multiple chr, strand, or regions (5Mb away). Skipping current gene annotation.
[('CD99', 'chrX', 'f'), ('CD99', 'chrY', 'f')]
Warning: Input gene annotations include multiple chr, strand, or regions (5Mb away). Skipping current gene annotation.
[('DHRSX', 'chrX', 'r'), ('DHRSX', 'chrY', 'r')]
Warning: Input gene annotations include multiple chr, strand, or regions (5Mb away). Skipping current gene annotation.
[('SNORD33', 'chr16', 'r'), ('SNORD33', 'chr19', 'f')]
Warning: Input gene annotations include multiple chr, strand, or regions (5Mb away). Skipping current gene annotation.
[('NPIPA9', 'chr16', 'f'), ('NPIPA9', 'chr16', 'r')]
Warning: Input gene annotations include multiple chr, strand, or regions (5Mb away). Skipping current gene annotation.
[('SNORD81', 'chr1', 'f'), ('SNORD81', 'chr5', 'f'), ('SNORD81', 'chr7', 'f')]
Warning: Input gene annotations include multiple chr, strand, or regions (5Mb away). Skipping current gene annotation.
[('PLCXD1', 'chrX', 'f'), ('PLCXD1', 'chrY', 'f')]
Warning: Input gene annotations include multiple chr, strand, or regions (5Mb away). Skipping current gene annotation.
[('RNA5SP498', 'chrX', 'r'), ('RNA5SP498', 'chrY', 'r')]
Warning: Input gene annotations include multiple chr, strand, or regions (5Mb away). Skipping current gene annotation.
[('Metazoa_SRP', 'chr1', 'f'), ('Metazoa_SRP', 'chr1', 'r'), ('Metazoa_SRP', 'chr10', 'f'), ('Metazoa_SRP', 'chr10', 'r'), ('Metazoa_SRP', 'chr11', 'r'), ('Metazoa_SRP', 'chr11', 'f'), ('Metazoa_SRP', 'chr12', 'f'), ('Metazoa_SRP', 'chr12', 'r'), ('Metazoa_SRP', 'chr13', 'r'), ('Metazoa_SRP', 'chr13', 'f'), ('Metazoa_SRP', 'chr14', 'r'), ('Metazoa_SRP', 'chr14', 'f'), ('Metazoa_SRP', 'chr15', 'r'), ('Metazoa_SRP', 'chr15', 'f'), ('Metazoa_SRP', 'chr16', 'f'), ('Metazoa_SRP', 'chr16', 'r'), ('Metazoa_SRP', 'chr17', 'r'), ('Metazoa_SRP', 'chr17', 'f'), ('Metazoa_SRP', 'chr18', 'r'), ('Metazoa_SRP', 'chr19', 'f'), ('Metazoa_SRP', 'chr19', 'r'), ('Metazoa_SRP', 'chr2', 'f'), ('Metazoa_SRP', 'chr2', 'r'), ('Metazoa_SRP', 'chr20', 'f'), ('Metazoa_SRP', 'chr20', 'r'), ('Metazoa_SRP', 'chr22', 'f'), ('Metazoa_SRP', 'chr22', 'r'), ('Metazoa_SRP', 'chr3', 'r'), ('Metazoa_SRP', 'chr3', 'f'), ('Metazoa_SRP', 'chr4', 'r'), ('Metazoa_SRP', 'chr4', 'f'), ('Metazoa_SRP', 'chr5', 'f'), ('Metazoa_SRP', 'chr5', 'r'), ('Metazoa_SRP', 'chr6', 'f'), ('Metazoa_SRP', 'chr6', 'r'), ('Metazoa_SRP', 'chr7', 'f'), ('Metazoa_SRP', 'chr7', 'r'), ('Metazoa_SRP', 'chr8', 'f'), ('Metazoa_SRP', 'chr8', 'r'), ('Metazoa_SRP', 'chr9', 'f'), ('Metazoa_SRP', 'chr9', 'r'), ('Metazoa_SRP', 'chrX', 'r'), ('Metazoa_SRP', 'chrX', 'f'), ('Metazoa_SRP', 'chrY', 'r')]
Warning: Input gene annotations include multiple chr, strand, or regions (5Mb away). Skipping current gene annotation.
[('CSF2RA', 'chrX', 'f'), ('CSF2RA', 'chrY', 'f')]
Warning: Input gene annotations include multiple chr, strand, or regions (5Mb away). Skipping current gene annotation.
[('PPP2R3B', 'chrX', 'r'), ('PPP2R3B', 'chrY', 'r')]
Warning: Input gene annotations include multiple chr, strand, or regions (5Mb away). Skipping current gene annotation.
[('DPH3P2', 'chrX', 'f'), ('DPH3P2', 'chrY', 'f')]
Warning: Input gene annotations include multiple chr, strand, or regions (5Mb away). Skipping current gene annotation.
[('ASMT', 'chrX', 'f'), ('ASMT', 'chrY', 'f')]
Warning: Input gene annotations include multiple chr, strand, or regions (5Mb away). Skipping current gene annotation.
[('IL9R', 'chrX', 'f'), ('IL9R', 'chrY', 'f')]
Warning: Input gene annotations include multiple chr, strand, or regions (5Mb away). Skipping current gene annotation.
[('VAMP7', 'chrX', 'f'), ('VAMP7', 'chrY', 'f')]
Warning: Input gene annotations include multiple chr, strand, or regions (5Mb away). Skipping current gene annotation.
[('LINC02968', 'chrX', 'f'), ('LINC02968', 'chrY', 'f')]
Warning: Input gene annotations include multiple chr, strand, or regions (5Mb away). Skipping current gene annotation.
[('SNORA75', 'chr12', 'r'), ('SNORA75', 'chr12', 'f'), ('SNORA75', 'chr16', 'f'), ('SNORA75', 'chr2', 'r'), ('SNORA75', 'chr4', 'f')]
Warning: Input gene annotations include multiple chr, strand, or regions (5Mb away). Skipping current gene annotation.
[('SNORA74', 'chr12', 'r'), ('SNORA74', 'chr17', 'f'), ('SNORA74', 'chr2', 'f')]
Warning: Input gene annotations include multiple chr, strand, or regions (5Mb away). Skipping current gene annotation.
[('SNORA73', 'chr18', 'f'), ('SNORA73', 'chr18', 'r'), ('SNORA73', 'chr6', 'r')]
Warning: Input gene annotations include multiple chr, strand, or regions (5Mb away). Skipping current gene annotation.
[('SNORA72', 'chr1', 'r'), ('SNORA72', 'chr1', 'f'), ('SNORA72', 'chr2', 'f'), ('SNORA72', 'chr3', 'f'), ('SNORA72', 'chr3', 'r'), ('SNORA72', 'chr8', 'r')]
Warning: Input gene annotations include multiple chr, strand, or regions (5Mb away). Skipping current gene annotation.
[('SNORA71', 'chr10', 'f'), ('SNORA71', 'chr20', 'r'), ('SNORA71', 'chr20', 'f')]
Warning: Input gene annotations include multiple chr, strand, or regions (5Mb away). Skipping current gene annotation.
[('SNORA70', 'chr1', 'r'), ('SNORA70', 'chr12', 'r'), ('SNORA70', 'chr12', 'f'), ('SNORA70', 'chr14', 'f'), ('SNORA70', 'chr16', 'r'), ('SNORA70', 'chr17', 'r'), ('SNORA70', 'chr17', 'f'), ('SNORA70', 'chr18', 'r'), ('SNORA70', 'chr19', 'f'), ('SNORA70', 'chr21', 'f'), ('SNORA70', 'chr21', 'r'), ('SNORA70', 'chr3', 'f'), ('SNORA70', 'chr4', 'f'), ('SNORA70', 'chr5', 'f'), ('SNORA70', 'chr6', 'f'), ('SNORA70', 'chr8', 'r'), ('SNORA70', 'chr8', 'f'), ('SNORA70', 'chr9', 'f'), ('SNORA70', 'chr9', 'r'), ('SNORA70', 'chrX', 'f'), ('SNORA70', 'chrY', 'r'), ('SNORA70', 'chrY', 'f')]
Warning: Input gene annotations include multiple chr, strand, or regions (5Mb away). Skipping current gene annotation.
[('AMD1P2', 'chrX', 'r'), ('AMD1P2', 'chrY', 'r')]
Warning: Input gene annotations include multiple chr, strand, or regions (5Mb away). Skipping current gene annotation.
[('CRLF2', 'chrX', 'r'), ('CRLF2', 'chrY', 'r')]
Warning: Input gene annotations include multiple chr, strand, or regions (5Mb away). Skipping current gene annotation.
[('SNORD115', 'chr10', 'f'), ('SNORD115', 'chr15', 'f')]
Warning: Input gene annotations include multiple chr, strand, or regions (5Mb away). Skipping current gene annotation.
[('AKAP17A', 'chrX', 'f'), ('AKAP17A', 'chrY', 'f')]
Warning: Input gene annotations include multiple chr, strand, or regions (5Mb away). Skipping current gene annotation.
[('SNORD27', 'chr11', 'r'), ('SNORD27', 'chr13', 'r')]
Warning: Input gene annotations include multiple chr, strand, or regions (5Mb away). Skipping current gene annotation.
[('P2RY8', 'chrX', 'r'), ('P2RY8', 'chrY', 'r')]
Warning: Input gene annotations include multiple chr, strand, or regions (5Mb away). Skipping current gene annotation.
[('NPEPPSP1', 'chr17', 'f'), ('NPEPPSP1', 'chr17', 'r')]
Warning: Input gene annotations include multiple chr, strand, or regions (5Mb away). Skipping current gene annotation.
[('LINC00685', 'chrX', 'f'), ('LINC00685', 'chrY', 'f')]
Warning: Input gene annotations include multiple chr, strand, or regions (5Mb away). Skipping current gene annotation.
[('DDX11L2', 'chr1', 'f'), ('DDX11L2', 'chr2', 'r')]
Warning: Input gene annotations include multiple chr, strand, or regions (5Mb away). Skipping current gene annotation.
[('GABARAPL3', 'chr15', 'f'), ('GABARAPL3', 'chr15', 'r')]
Warning: Input gene annotations include multiple chr, strand, or regions (5Mb away). Skipping current gene annotation.
[('LINC02256', 'chr15', 'r'), ('LINC02256', 'chr15', 'f')]
Warning: Input gene annotations include multiple chr, strand, or regions (5Mb away). Skipping current gene annotation.
[('5_8S_rRNA', 'chr14', 'f'), ('5_8S_rRNA', 'chr20', 'r'), ('5_8S_rRNA', 'chr21', 'f'), ('5_8S_rRNA', 'chr22', 'r')]
Warning: Input gene annotations include multiple chr, strand, or regions (5Mb away). Skipping current gene annotation.
[('RPL14P5', 'chrX', 'r'), ('RPL14P5', 'chrY', 'r')]
Warning: Input gene annotations include multiple chr, strand, or regions (5Mb away). Skipping current gene annotation.
[('LINC00106', 'chrX', 'f'), ('LINC00106', 'chrY', 'f')]
Warning: Input gene annotations include multiple chr, strand, or regions (5Mb away). Skipping current gene annotation.
[('ANKRD20A5P', 'chr18', 'f'), ('ANKRD20A5P', 'chr9', 'f')]
Warning: Input gene annotations include multiple chr, strand, or regions (5Mb away). Skipping current gene annotation.
[('SLC25A6', 'chrX', 'r'), ('SLC25A6', 'chrY', 'r')]
Warning: Input gene annotations include multiple chr, strand, or regions (5Mb away). Skipping current gene annotation.
[('KRT18P53', 'chrX', 'r'), ('KRT18P53', 'chrY', 'r')]
Warning: Input gene annotations include multiple chr, strand, or regions (5Mb away). Skipping current gene annotation.
[('DDX11L16', 'chr15', 'r'), ('DDX11L16', 'chr16', 'f'), ('DDX11L16', 'chrX', 'r'), ('DDX11L16', 'chrY', 'r')]
Gene intervals loaded.
21.2363781929 sec. elapsed.
Transcript annotations loaded.
14.3244838715 sec. elapsed.
Merge cff by exons
Loading required package: graph
Loading required package: BiocGenerics

Attaching package: 'BiocGenerics'

The following objects are masked from 'package:stats':

    IQR, mad, sd, var, xtabs

The following objects are masked from 'package:base':

    Filter, Find, Map, Position, Reduce, anyDuplicated, append,
    as.data.frame, basename, cbind, colnames, dirname, do.call,
    duplicated, eval, evalq, get, grep, grepl, intersect, is.unsorted,
    lapply, mapply, match, mget, order, paste, pmax, pmax.int, pmin,
    pmin.int, rank, rbind, rownames, sapply, setdiff, sort, table,
    tapply, union, unique, unsplit, which.max, which.min

Reading FID.intersections.tsv file
5163 records to build graph
Building graph
output cis-sage.cluster file
ReadThrough, callerfilter 1
python callerfilter_num.py --cluster /MetaFusion/RUNS_Results/PRJNA356761/PRJNA356761.cff.reformat.renamed.reann.WITH_SEQ.exons.cluster --num_tools 1 | grep -v ReadThrough > /MetaFusion/RUNS_Results/PRJNA356761/PRJNA356761.cff.reformat.renamed.reann.WITH_SEQ.exons.cluster.RT_filter.callerfilter.1
blocklist filter
ANC adjacent noncoding filter
Rank and generate final.cluster
Running FusionAnnotator
-parsing annotation gene spans
-warning, no gene stored for identifier: [ITGA2-AS1]
-warning, no gene stored for identifier: [ACE2-DT]
-warning, no gene stored for identifier: [DHCR7-DT]
-warning, no gene stored for identifier: [AC021087.5]
-warning, no gene stored for identifier: [PELO-AS1]
-warning, no gene stored for identifier: [LINC00673]
-warning, no gene stored for identifier: [AC091938.1]
-warning, no gene stored for identifier: [AC069288.1]
-warning, no gene stored for identifier: [AC025475.2]
-warning, no gene stored for identifier: [AL358334.4]
-warning, no gene stored for identifier: [RPL32P27]
-warning, no gene stored for identifier: [AC015911.11]
-warning, no gene stored for identifier: [AC079949.6]
-warning, no gene stored for identifier: [AC002377.1]
-warning, no gene stored for identifier: [AC092807.4]
-warning, no gene stored for identifier: [LOC105372522]
-warning, no gene stored for identifier: [USP12-DT]
-warning, no gene stored for identifier: [IKBKB-DT]
-warning, no gene stored for identifier: [ARB2A]
-warning, no gene stored for identifier: [AC078815.1]
-warning, no gene stored for identifier: [ZNF225-AS1]
-warning, no gene stored for identifier: [LOC105375387]
-warning, no gene stored for identifier: [BLTP1]
-warning, no gene stored for identifier: [LOC107986837]
-warning, no gene stored for identifier: [LOC101927026]
-warning, no gene stored for identifier: [LOC124900848]
-warning, no gene stored for identifier: [VPS13B-DT]
-warning, no gene stored for identifier: [CCNYL1B]
-warning, no gene stored for identifier: [LINC02898]
-warning, no gene stored for identifier: [AC093298.2]
-warning, no gene stored for identifier: [LOC101928516]
-warning, no gene stored for identifier: [FZD4-DT]
-warning, no gene stored for identifier: [GFUS]
-warning, no gene stored for identifier: [GPRASP3]
-warning, no gene stored for identifier: [HEATR6-DT]
-warning, no gene stored for identifier: [IGL-@-ext]
-warning, no gene stored for identifier: [H2AZ1-DT]
-warning, no gene stored for identifier: [LYRM4-AS1]
-warning, no gene stored for identifier: [LOC101928721]
-warning, no gene stored for identifier: [KMT2CP3]
-warning, no gene stored for identifier: [LINC02981]
-warning, no gene stored for identifier: [LOC101929200]
-warning, no gene stored for identifier: [LOC101929710]
-warning, no gene stored for identifier: [LOC101930100]
-warning, no gene stored for identifier: [AC138776.1]
-warning, no gene stored for identifier: [LOC102546299]
-warning, no gene stored for identifier: [LOC105375924]
-warning, no gene stored for identifier: [LOC105379109]
-warning, no gene stored for identifier: [NIHCOLE]
-warning, no gene stored for identifier: [LRRC51]
-warning, no gene stored for identifier: [LINC02932]
-warning, no gene stored for identifier: [LOC100420981]
-warning, no gene stored for identifier: [TEKTIP1]
-warning, no gene stored for identifier: [NPEPPSP1]
-warning, no gene stored for identifier: [NUDT16-DT]
-warning, no gene stored for identifier: [RPS24P4]
-warning, no gene stored for identifier: [AC109925.2]
-warning, no gene stored for identifier: [PHC2-AS1]
-warning, no gene stored for identifier: [IGL@-ext]
-warning, no gene stored for identifier: [PLPPR5-AS1]
-warning, no gene stored for identifier: [PRDX6-AS1]
-warning, no gene stored for identifier: [LINC02715]
-warning, no gene stored for identifier: [LOC102724642]
-warning, no gene stored for identifier: [RPL6P13]
-warning, no gene stored for identifier: [RPL6P19]
-warning, no gene stored for identifier: [RPS2P3]
-warning, no gene stored for identifier: [RPS5P6]
-warning, no gene stored for identifier: [RPS5P5]
-warning, no gene stored for identifier: [TBC1D7-LOC100130357]
-warning, no gene stored for identifier: [SPEN-AS1]
-warning, no gene stored for identifier: [HERPUD2-AS1]
-warning, no gene stored for identifier: [LOC124904942]
-warning, no gene stored for identifier: [USP41P]
-warning, no gene stored for identifier: [AL356295.1]
-warning, no gene stored for identifier: [ZFHX3-AS1]
Adding FusionAnnotator database hits to final.cluster.CANCER_FUSIONS file
no benchmarking performed
Done
End at Wed Oct 9 04:33:41 UTC 2024 -----------
