Start at Wed Oct 9 05:14:19 UTC 2024 -----------
Generating output in /MetaFusion/RUNS_Results/RNA_phs000452
mkdir: cannot create directory '/MetaFusion/RUNS_Results/RNA_phs000452': File exists
Rename cff
python rename_cff_file_genes.MetaFusion.py /MetaFusion/RUNS_Results/RNA_phs000452/RNA_phs000452.cff.reformat /MetaFusion/reference_files/Homo_sapiens.gene_info > /MetaFusion/RUNS_Results/RNA_phs000452/RNA_phs000452.cff.reformat.renamed
Annotate cff, extract sequence surrounding breakpoint
3186995 annotations from /MetaFusion/reference_files/hg38_gene.bed loaded.
16.555740118 sec. elapsed.
Warning: Input gene annotations include multiple chr, strand, or regions (5Mb away). Skipping current gene annotation.
[('LINC00102', 'chrX', 'r'), ('LINC00102', 'chrY', 'r')]
Warning: Input gene annotations include multiple chr, strand, or regions (5Mb away). Skipping current gene annotation.
[('SNORD42', 'chr22', 'r'), ('SNORD42', 'chr4', 'r')]
Warning: Input gene annotations include multiple chr, strand, or regions (5Mb away). Skipping current gene annotation.
[('CD99P1', 'chrX', 'f'), ('CD99P1', 'chrY', 'f')]
Warning: Input gene annotations include multiple chr, strand, or regions (5Mb away). Skipping current gene annotation.
[('TNFRSF10A-DT', 'chr8', 'f'), ('TNFRSF10A-DT', 'chr8', 'r')]
Warning: Input gene annotations include multiple chr, strand, or regions (5Mb away). Skipping current gene annotation.
[('TRPC6P1', 'chrX', 'r'), ('TRPC6P1', 'chrY', 'r')]
Warning: Input gene annotations include multiple chr, strand, or regions (5Mb away). Skipping current gene annotation.
[('7SK', 'chr1', 'r'), ('7SK', 'chr1', 'f'), ('7SK', 'chr11', 'f'), ('7SK', 'chr17', 'f'), ('7SK', 'chr3', 'r'), ('7SK', 'chr6', 'f')]
Warning: Input gene annotations include multiple chr, strand, or regions (5Mb away). Skipping current gene annotation.
[('Y_RNA', 'chr1', 'r'), ('Y_RNA', 'chr1', 'f'), ('Y_RNA', 'chr10', 'r'), ('Y_RNA', 'chr10', 'f'), ('Y_RNA', 'chr11', 'f'), ('Y_RNA', 'chr11', 'r'), ('Y_RNA', 'chr12', 'r'), ('Y_RNA', 'chr12', 'f'), ('Y_RNA', 'chr13', 'f'), ('Y_RNA', 'chr14', 'f'), ('Y_RNA', 'chr14', 'r'), ('Y_RNA', 'chr15', 'f'), ('Y_RNA', 'chr15', 'r'), ('Y_RNA', 'chr16', 'f'), ('Y_RNA', 'chr16', 'r'), ('Y_RNA', 'chr17', 'f'), ('Y_RNA', 'chr17', 'r'), ('Y_RNA', 'chr18', 'f'), ('Y_RNA', 'chr18', 'r'), ('Y_RNA', 'chr19', 'r'), ('Y_RNA', 'chr19', 'f'), ('Y_RNA', 'chr2', 'f'), ('Y_RNA', 'chr2', 'r'), ('Y_RNA', 'chr20', 'f'), ('Y_RNA', 'chr20', 'r'), ('Y_RNA', 'chr21', 'f'), ('Y_RNA', 'chr21', 'r'), ('Y_RNA', 'chr22', 'f'), ('Y_RNA', 'chr22', 'r'), ('Y_RNA', 'chr3', 'r'), ('Y_RNA', 'chr3', 'f'), ('Y_RNA', 'chr4', 'r'), ('Y_RNA', 'chr4', 'f'), ('Y_RNA', 'chr5', 'r'), ('Y_RNA', 'chr5', 'f'), ('Y_RNA', 'chr6', 'r'), ('Y_RNA', 'chr6', 'f'), ('Y_RNA', 'chr7', 'r'), ('Y_RNA', 'chr7', 'f'), ('Y_RNA', 'chr8', 'f'), ('Y_RNA', 'chr8', 'r'), ('Y_RNA', 'chr9', 'f'), ('Y_RNA', 'chr9', 'r'), ('Y_RNA', 'chrX', 'r'), ('Y_RNA', 'chrX', 'f'), ('Y_RNA', 'chrY', 'f')]
Warning: Input gene annotations include multiple chr, strand, or regions (5Mb away). Skipping current gene annotation.
[('WASIR1', 'chrX', 'r'), ('WASIR1', 'chrY', 'r')]
Warning: Input gene annotations include multiple chr, strand, or regions (5Mb away). Skipping current gene annotation.
[('U8', 'chr1', 'f'), ('U8', 'chr10', 'r'), ('U8', 'chr10', 'f'), ('U8', 'chr11', 'f'), ('U8', 'chr12', 'r'), ('U8', 'chr12', 'f'), ('U8', 'chr15', 'f'), ('U8', 'chr15', 'r'), ('U8', 'chr18', 'r'), ('U8', 'chr2', 'r'), ('U8', 'chr2', 'f'), ('U8', 'chr3', 'r'), ('U8', 'chr3', 'f'), ('U8', 'chr5', 'r'), ('U8', 'chr5', 'f'), ('U8', 'chr6', 'r'), ('U8', 'chr8', 'r'), ('U8', 'chr9', 'f')]
Warning: Input gene annotations include multiple chr, strand, or regions (5Mb away). Skipping current gene annotation.
[('U4', 'chr1', 'r'), ('U4', 'chr1', 'f'), ('U4', 'chr11', 'r'), ('U4', 'chr2', 'f'), ('U4', 'chr5', 'r'), ('U4', 'chr6', 'f'), ('U4', 'chr8', 'r')]
Warning: Input gene annotations include multiple chr, strand, or regions (5Mb away). Skipping current gene annotation.
[('U7', 'chr1', 'f'), ('U7', 'chr12', 'r'), ('U7', 'chr15', 'f'), ('U7', 'chr16', 'r'), ('U7', 'chr22', 'r'), ('U7', 'chr3', 'f'), ('U7', 'chrX', 'f')]
Warning: Input gene annotations include multiple chr, strand, or regions (5Mb away). Skipping current gene annotation.
[('U6', 'chr1', 'r'), ('U6', 'chr1', 'f'), ('U6', 'chr10', 'f'), ('U6', 'chr11', 'r'), ('U6', 'chr11', 'f'), ('U6', 'chr12', 'f'), ('U6', 'chr12', 'r'), ('U6', 'chr13', 'f'), ('U6', 'chr14', 'r'), ('U6', 'chr15', 'r'), ('U6', 'chr15', 'f'), ('U6', 'chr16', 'f'), ('U6', 'chr17', 'r'), ('U6', 'chr2', 'f'), ('U6', 'chr2', 'r'), ('U6', 'chr20', 'r'), ('U6', 'chr21', 'f'), ('U6', 'chr22', 'f'), ('U6', 'chr3', 'f'), ('U6', 'chr4', 'f'), ('U6', 'chr4', 'r'), ('U6', 'chr9', 'f'), ('U6', 'chrX', 'f')]
Warning: Input gene annotations include multiple chr, strand, or regions (5Mb away). Skipping current gene annotation.
[('U1', 'chr1', 'f'), ('U1', 'chr1', 'r'), ('U1', 'chr21', 'f')]
Warning: Input gene annotations include multiple chr, strand, or regions (5Mb away). Skipping current gene annotation.
[('U3', 'chr1', 'f'), ('U3', 'chr1', 'r'), ('U3', 'chr10', 'f'), ('U3', 'chr10', 'r'), ('U3', 'chr11', 'f'), ('U3', 'chr14', 'r'), ('U3', 'chr15', 'f'), ('U3', 'chr15', 'r'), ('U3', 'chr17', 'r'), ('U3', 'chr17', 'f'), ('U3', 'chr18', 'f'), ('U3', 'chr18', 'r'), ('U3', 'chr19', 'r'), ('U3', 'chr2', 'f'), ('U3', 'chr2', 'r'), ('U3', 'chr20', 'f'), ('U3', 'chr20', 'r'), ('U3', 'chr21', 'r'), ('U3', 'chr3', 'r'), ('U3', 'chr3', 'f'), ('U3', 'chr4', 'f'), ('U3', 'chr5', 'f'), ('U3', 'chr5', 'r'), ('U3', 'chr6', 'f'), ('U3', 'chr6', 'r'), ('U3', 'chr7', 'f'), ('U3', 'chr7', 'r'), ('U3', 'chr8', 'f'), ('U3', 'chr8', 'r'), ('U3', 'chrX', 'f'), ('U3', 'chrX', 'r')]
Warning: Input gene annotations include multiple chr, strand, or regions (5Mb away). Skipping current gene annotation.
[('U2', 'chr1', 'f'), ('U2', 'chr14', 'r'), ('U2', 'chr17', 'r'), ('U2', 'chr22', 'r'), ('U2', 'chr3', 'f'), ('U2', 'chr4', 'f'), ('U2', 'chr8', 'r'), ('U2', 'chr9', 'f')]
Warning: Input gene annotations include multiple chr, strand, or regions (5Mb away). Skipping current gene annotation.
[('MIR6089', 'chrX', 'f'), ('MIR6089', 'chrY', 'f')]
Warning: Input gene annotations include multiple chr, strand, or regions (5Mb away). Skipping current gene annotation.
[('IL3RA', 'chrX', 'f'), ('IL3RA', 'chrY', 'f')]
Warning: Input gene annotations include multiple chr, strand, or regions (5Mb away). Skipping current gene annotation.
[('GTPBP6', 'chrX', 'r'), ('GTPBP6', 'chrY', 'r')]
Warning: Input gene annotations include multiple chr, strand, or regions (5Mb away). Skipping current gene annotation.
[('SNORD18', 'chr15', 'r'), ('SNORD18', 'chr2', 'r')]
Warning: Input gene annotations include multiple chr, strand, or regions (5Mb away). Skipping current gene annotation.
[('LSP1P5', 'chr1', 'f'), ('LSP1P5', 'chr2', 'r')]
Warning: Input gene annotations include multiple chr, strand, or regions (5Mb away). Skipping current gene annotation.
[('ELOCP24', 'chrX', 'r'), ('ELOCP24', 'chrY', 'r')]
Warning: Input gene annotations include multiple chr, strand, or regions (5Mb away). Skipping current gene annotation.
[('Vault', 'chr17', 'f'), ('Vault', 'chr17', 'r'), ('Vault', 'chr2', 'r'), ('Vault', 'chr5', 'r')]
Warning: Input gene annotations include multiple chr, strand, or regions (5Mb away). Skipping current gene annotation.
[('LINC03025', 'chr9', 'r'), ('LINC03025', 'chr9', 'f')]
Warning: Input gene annotations include multiple chr, strand, or regions (5Mb away). Skipping current gene annotation.
[('5S_rRNA', 'chr1', 'r'), ('5S_rRNA', 'chr16', 'r'), ('5S_rRNA', 'chr17', 'r'), ('5S_rRNA', 'chr19', 'r'), ('5S_rRNA', 'chr2', 'r'), ('5S_rRNA', 'chr2', 'f'), ('5S_rRNA', 'chr6', 'r'), ('5S_rRNA', 'chr7', 'r'), ('5S_rRNA', 'chrX', 'f')]
Warning: Input gene annotations include multiple chr, strand, or regions (5Mb away). Skipping current gene annotation.
[('WASH6P', 'chrX', 'f'), ('WASH6P', 'chrY', 'f')]
Warning: Input gene annotations include multiple chr, strand, or regions (5Mb away). Skipping current gene annotation.
[('LINC01238', 'chr2', 'f'), ('LINC01238', 'chr2', 'r')]
Warning: Input gene annotations include multiple chr, strand, or regions (5Mb away). Skipping current gene annotation.
[('MIR3690', 'chrX', 'f'), ('MIR3690', 'chrY', 'f')]
Warning: Input gene annotations include multiple chr, strand, or regions (5Mb away). Skipping current gene annotation.
[('HERC2P7', 'chr15', 'r'), ('HERC2P7', 'chr15', 'f')]
Warning: Input gene annotations include multiple chr, strand, or regions (5Mb away). Skipping current gene annotation.
[('CTSLP2', 'chr10', 'f'), ('CTSLP2', 'chr10', 'r')]
Warning: Input gene annotations include multiple chr, strand, or regions (5Mb away). Skipping current gene annotation.
[('SNORA62', 'chr1', 'f'), ('SNORA62', 'chr11', 'f'), ('SNORA62', 'chr16', 'r'), ('SNORA62', 'chr21', 'f'), ('SNORA62', 'chr3', 'f'), ('SNORA62', 'chr4', 'f'), ('SNORA62', 'chr8', 'f')]
Warning: Input gene annotations include multiple chr, strand, or regions (5Mb away). Skipping current gene annotation.
[('SNORA63', 'chr1', 'f'), ('SNORA63', 'chr1', 'r'), ('SNORA63', 'chr15', 'r'), ('SNORA63', 'chr3', 'f'), ('SNORA63', 'chr4', 'f'), ('SNORA63', 'chr5', 'f'), ('SNORA63', 'chr7', 'r')]
Warning: Input gene annotations include multiple chr, strand, or regions (5Mb away). Skipping current gene annotation.
[('SNORD116', 'chr1', 'r'), ('SNORD116', 'chr13', 'r'), ('SNORD116', 'chr9', 'f')]
Warning: Input gene annotations include multiple chr, strand, or regions (5Mb away). Skipping current gene annotation.
[('SNORD63', 'chr17', 'r'), ('SNORD63', 'chr3', 'r'), ('SNORD63', 'chr5', 'r')]
Warning: Input gene annotations include multiple chr, strand, or regions (5Mb away). Skipping current gene annotation.
[('KMT2CP1', 'chr1', 'r'), ('KMT2CP1', 'chr1', 'f')]
Warning: Input gene annotations include multiple chr, strand, or regions (5Mb away). Skipping current gene annotation.
[('SHOX', 'chrX', 'f'), ('SHOX', 'chrY', 'f')]
Warning: Input gene annotations include multiple chr, strand, or regions (5Mb away). Skipping current gene annotation.
[('RPL23AP7', 'chr2', 'r'), ('RPL23AP7', 'chr22', 'f')]
Warning: Input gene annotations include multiple chr, strand, or regions (5Mb away). Skipping current gene annotation.
[('DHRSX-IT1', 'chrX', 'r'), ('DHRSX-IT1', 'chrY', 'r')]
Warning: Input gene annotations include multiple chr, strand, or regions (5Mb away). Skipping current gene annotation.
[('SNORD39', 'chr11', 'r'), ('SNORD39', 'chr2', 'f'), ('SNORD39', 'chr4', 'r'), ('SNORD39', 'chr9', 'r')]
Warning: Input gene annotations include multiple chr, strand, or regions (5Mb away). Skipping current gene annotation.
[('ZBED1', 'chrX', 'r'), ('ZBED1', 'chrY', 'r')]
Warning: Input gene annotations include multiple chr, strand, or regions (5Mb away). Skipping current gene annotation.
[('ASMTL-AS1', 'chrX', 'f'), ('ASMTL-AS1', 'chrY', 'f')]
Warning: Input gene annotations include multiple chr, strand, or regions (5Mb away). Skipping current gene annotation.
[('SNORD30', 'chr11', 'r'), ('SNORD30', 'chrX', 'f')]
Warning: Input gene annotations include multiple chr, strand, or regions (5Mb away). Skipping current gene annotation.
[('ASMTL', 'chrX', 'r'), ('ASMTL', 'chrY', 'r')]
Warning: Input gene annotations include multiple chr, strand, or regions (5Mb away). Skipping current gene annotation.
[('FABP5P13', 'chrX', 'r'), ('FABP5P13', 'chrY', 'r')]
Warning: Input gene annotations include multiple chr, strand, or regions (5Mb away). Skipping current gene annotation.
[('CD99', 'chrX', 'f'), ('CD99', 'chrY', 'f')]
Warning: Input gene annotations include multiple chr, strand, or regions (5Mb away). Skipping current gene annotation.
[('DHRSX', 'chrX', 'r'), ('DHRSX', 'chrY', 'r')]
Warning: Input gene annotations include multiple chr, strand, or regions (5Mb away). Skipping current gene annotation.
[('SNORD33', 'chr16', 'r'), ('SNORD33', 'chr19', 'f')]
Warning: Input gene annotations include multiple chr, strand, or regions (5Mb away). Skipping current gene annotation.
[('NPIPA9', 'chr16', 'f'), ('NPIPA9', 'chr16', 'r')]
Warning: Input gene annotations include multiple chr, strand, or regions (5Mb away). Skipping current gene annotation.
[('SNORD81', 'chr1', 'f'), ('SNORD81', 'chr5', 'f'), ('SNORD81', 'chr7', 'f')]
Warning: Input gene annotations include multiple chr, strand, or regions (5Mb away). Skipping current gene annotation.
[('PLCXD1', 'chrX', 'f'), ('PLCXD1', 'chrY', 'f')]
Warning: Input gene annotations include multiple chr, strand, or regions (5Mb away). Skipping current gene annotation.
[('RNA5SP498', 'chrX', 'r'), ('RNA5SP498', 'chrY', 'r')]
Warning: Input gene annotations include multiple chr, strand, or regions (5Mb away). Skipping current gene annotation.
[('Metazoa_SRP', 'chr1', 'f'), ('Metazoa_SRP', 'chr1', 'r'), ('Metazoa_SRP', 'chr10', 'f'), ('Metazoa_SRP', 'chr10', 'r'), ('Metazoa_SRP', 'chr11', 'r'), ('Metazoa_SRP', 'chr11', 'f'), ('Metazoa_SRP', 'chr12', 'f'), ('Metazoa_SRP', 'chr12', 'r'), ('Metazoa_SRP', 'chr13', 'r'), ('Metazoa_SRP', 'chr13', 'f'), ('Metazoa_SRP', 'chr14', 'r'), ('Metazoa_SRP', 'chr14', 'f'), ('Metazoa_SRP', 'chr15', 'r'), ('Metazoa_SRP', 'chr15', 'f'), ('Metazoa_SRP', 'chr16', 'f'), ('Metazoa_SRP', 'chr16', 'r'), ('Metazoa_SRP', 'chr17', 'r'), ('Metazoa_SRP', 'chr17', 'f'), ('Metazoa_SRP', 'chr18', 'r'), ('Metazoa_SRP', 'chr19', 'f'), ('Metazoa_SRP', 'chr19', 'r'), ('Metazoa_SRP', 'chr2', 'f'), ('Metazoa_SRP', 'chr2', 'r'), ('Metazoa_SRP', 'chr20', 'f'), ('Metazoa_SRP', 'chr20', 'r'), ('Metazoa_SRP', 'chr22', 'f'), ('Metazoa_SRP', 'chr22', 'r'), ('Metazoa_SRP', 'chr3', 'r'), ('Metazoa_SRP', 'chr3', 'f'), ('Metazoa_SRP', 'chr4', 'r'), ('Metazoa_SRP', 'chr4', 'f'), ('Metazoa_SRP', 'chr5', 'f'), ('Metazoa_SRP', 'chr5', 'r'), ('Metazoa_SRP', 'chr6', 'f'), ('Metazoa_SRP', 'chr6', 'r'), ('Metazoa_SRP', 'chr7', 'f'), ('Metazoa_SRP', 'chr7', 'r'), ('Metazoa_SRP', 'chr8', 'f'), ('Metazoa_SRP', 'chr8', 'r'), ('Metazoa_SRP', 'chr9', 'f'), ('Metazoa_SRP', 'chr9', 'r'), ('Metazoa_SRP', 'chrX', 'r'), ('Metazoa_SRP', 'chrX', 'f'), ('Metazoa_SRP', 'chrY', 'r')]
Warning: Input gene annotations include multiple chr, strand, or regions (5Mb away). Skipping current gene annotation.
[('CSF2RA', 'chrX', 'f'), ('CSF2RA', 'chrY', 'f')]
Warning: Input gene annotations include multiple chr, strand, or regions (5Mb away). Skipping current gene annotation.
[('PPP2R3B', 'chrX', 'r'), ('PPP2R3B', 'chrY', 'r')]
Warning: Input gene annotations include multiple chr, strand, or regions (5Mb away). Skipping current gene annotation.
[('DPH3P2', 'chrX', 'f'), ('DPH3P2', 'chrY', 'f')]
Warning: Input gene annotations include multiple chr, strand, or regions (5Mb away). Skipping current gene annotation.
[('ASMT', 'chrX', 'f'), ('ASMT', 'chrY', 'f')]
Warning: Input gene annotations include multiple chr, strand, or regions (5Mb away). Skipping current gene annotation.
[('IL9R', 'chrX', 'f'), ('IL9R', 'chrY', 'f')]
Warning: Input gene annotations include multiple chr, strand, or regions (5Mb away). Skipping current gene annotation.
[('VAMP7', 'chrX', 'f'), ('VAMP7', 'chrY', 'f')]
Warning: Input gene annotations include multiple chr, strand, or regions (5Mb away). Skipping current gene annotation.
[('LINC02968', 'chrX', 'f'), ('LINC02968', 'chrY', 'f')]
Warning: Input gene annotations include multiple chr, strand, or regions (5Mb away). Skipping current gene annotation.
[('SNORA75', 'chr12', 'r'), ('SNORA75', 'chr12', 'f'), ('SNORA75', 'chr16', 'f'), ('SNORA75', 'chr2', 'r'), ('SNORA75', 'chr4', 'f')]
Warning: Input gene annotations include multiple chr, strand, or regions (5Mb away). Skipping current gene annotation.
[('SNORA74', 'chr12', 'r'), ('SNORA74', 'chr17', 'f'), ('SNORA74', 'chr2', 'f')]
Warning: Input gene annotations include multiple chr, strand, or regions (5Mb away). Skipping current gene annotation.
[('SNORA73', 'chr18', 'f'), ('SNORA73', 'chr18', 'r'), ('SNORA73', 'chr6', 'r')]
Warning: Input gene annotations include multiple chr, strand, or regions (5Mb away). Skipping current gene annotation.
[('SNORA72', 'chr1', 'r'), ('SNORA72', 'chr1', 'f'), ('SNORA72', 'chr2', 'f'), ('SNORA72', 'chr3', 'f'), ('SNORA72', 'chr3', 'r'), ('SNORA72', 'chr8', 'r')]
Warning: Input gene annotations include multiple chr, strand, or regions (5Mb away). Skipping current gene annotation.
[('SNORA71', 'chr10', 'f'), ('SNORA71', 'chr20', 'r'), ('SNORA71', 'chr20', 'f')]
Warning: Input gene annotations include multiple chr, strand, or regions (5Mb away). Skipping current gene annotation.
[('SNORA70', 'chr1', 'r'), ('SNORA70', 'chr12', 'r'), ('SNORA70', 'chr12', 'f'), ('SNORA70', 'chr14', 'f'), ('SNORA70', 'chr16', 'r'), ('SNORA70', 'chr17', 'r'), ('SNORA70', 'chr17', 'f'), ('SNORA70', 'chr18', 'r'), ('SNORA70', 'chr19', 'f'), ('SNORA70', 'chr21', 'f'), ('SNORA70', 'chr21', 'r'), ('SNORA70', 'chr3', 'f'), ('SNORA70', 'chr4', 'f'), ('SNORA70', 'chr5', 'f'), ('SNORA70', 'chr6', 'f'), ('SNORA70', 'chr8', 'r'), ('SNORA70', 'chr8', 'f'), ('SNORA70', 'chr9', 'f'), ('SNORA70', 'chr9', 'r'), ('SNORA70', 'chrX', 'f'), ('SNORA70', 'chrY', 'r'), ('SNORA70', 'chrY', 'f')]
Warning: Input gene annotations include multiple chr, strand, or regions (5Mb away). Skipping current gene annotation.
[('AMD1P2', 'chrX', 'r'), ('AMD1P2', 'chrY', 'r')]
Warning: Input gene annotations include multiple chr, strand, or regions (5Mb away). Skipping current gene annotation.
[('CRLF2', 'chrX', 'r'), ('CRLF2', 'chrY', 'r')]
Warning: Input gene annotations include multiple chr, strand, or regions (5Mb away). Skipping current gene annotation.
[('SNORD115', 'chr10', 'f'), ('SNORD115', 'chr15', 'f')]
Warning: Input gene annotations include multiple chr, strand, or regions (5Mb away). Skipping current gene annotation.
[('AKAP17A', 'chrX', 'f'), ('AKAP17A', 'chrY', 'f')]
Warning: Input gene annotations include multiple chr, strand, or regions (5Mb away). Skipping current gene annotation.
[('SNORD27', 'chr11', 'r'), ('SNORD27', 'chr13', 'r')]
Warning: Input gene annotations include multiple chr, strand, or regions (5Mb away). Skipping current gene annotation.
[('P2RY8', 'chrX', 'r'), ('P2RY8', 'chrY', 'r')]
Warning: Input gene annotations include multiple chr, strand, or regions (5Mb away). Skipping current gene annotation.
[('NPEPPSP1', 'chr17', 'f'), ('NPEPPSP1', 'chr17', 'r')]
Warning: Input gene annotations include multiple chr, strand, or regions (5Mb away). Skipping current gene annotation.
[('LINC00685', 'chrX', 'f'), ('LINC00685', 'chrY', 'f')]
Warning: Input gene annotations include multiple chr, strand, or regions (5Mb away). Skipping current gene annotation.
[('DDX11L2', 'chr1', 'f'), ('DDX11L2', 'chr2', 'r')]
Warning: Input gene annotations include multiple chr, strand, or regions (5Mb away). Skipping current gene annotation.
[('GABARAPL3', 'chr15', 'f'), ('GABARAPL3', 'chr15', 'r')]
Warning: Input gene annotations include multiple chr, strand, or regions (5Mb away). Skipping current gene annotation.
[('LINC02256', 'chr15', 'r'), ('LINC02256', 'chr15', 'f')]
Warning: Input gene annotations include multiple chr, strand, or regions (5Mb away). Skipping current gene annotation.
[('5_8S_rRNA', 'chr14', 'f'), ('5_8S_rRNA', 'chr20', 'r'), ('5_8S_rRNA', 'chr21', 'f'), ('5_8S_rRNA', 'chr22', 'r')]
Warning: Input gene annotations include multiple chr, strand, or regions (5Mb away). Skipping current gene annotation.
[('RPL14P5', 'chrX', 'r'), ('RPL14P5', 'chrY', 'r')]
Warning: Input gene annotations include multiple chr, strand, or regions (5Mb away). Skipping current gene annotation.
[('LINC00106', 'chrX', 'f'), ('LINC00106', 'chrY', 'f')]
Warning: Input gene annotations include multiple chr, strand, or regions (5Mb away). Skipping current gene annotation.
[('ANKRD20A5P', 'chr18', 'f'), ('ANKRD20A5P', 'chr9', 'f')]
Warning: Input gene annotations include multiple chr, strand, or regions (5Mb away). Skipping current gene annotation.
[('SLC25A6', 'chrX', 'r'), ('SLC25A6', 'chrY', 'r')]
Warning: Input gene annotations include multiple chr, strand, or regions (5Mb away). Skipping current gene annotation.
[('KRT18P53', 'chrX', 'r'), ('KRT18P53', 'chrY', 'r')]
Warning: Input gene annotations include multiple chr, strand, or regions (5Mb away). Skipping current gene annotation.
[('DDX11L16', 'chr15', 'r'), ('DDX11L16', 'chr16', 'f'), ('DDX11L16', 'chrX', 'r'), ('DDX11L16', 'chrY', 'r')]
Gene intervals loaded.
19.4318268299 sec. elapsed.
Transcript annotations loaded.
13.1986961365 sec. elapsed.
Warnning: gene name AC131055.1 is not in current annotation.
Warnning: gene name AC131274.3 is not in current annotation.
Warnning: gene name AC131055.1,AC131274.3 is not in current annotation.
Warnning: gene name RNA5-8SP is not in current annotation.
Warnning: gene name RNA5-8SP is not in current annotation.
Warnning: gene name LOC100419644 is not in current annotation.
Warnning: gene name LOC100419644 is not in current annotation.
Warnning: gene name LOC105372180 is not in current annotation.
Warnning: gene name LOC105372180 is not in current annotation.
Warnning: gene name AL583825.1 is not in current annotation.
Warnning: gene name AL590135.1 is not in current annotation.
Warnning: gene name AL583825.1,AL590135.1 is not in current annotation.
Warnning: gene name AL583825.1 is not in current annotation.
Warnning: gene name AL590135.1 is not in current annotation.
Warnning: gene name AL583825.1,AL590135.1 is not in current annotation.
Warnning: gene name LOC124900300 is not in current annotation.
Warnning: gene name LOC124900300 is not in current annotation.
Warnning: gene name LOC107985953 is not in current annotation.
Warnning: gene name LOC107985953 is not in current annotation.
Warnning: gene name AC023469.1 is not in current annotation.
Warnning: gene name AC023469.1 is not in current annotation.
Warnning: gene name AC018731.1 is not in current annotation.
Warnning: gene name AC023469.1 is not in current annotation.
Warnning: gene name AC023469.1,AC018731.1 is not in current annotation.
Warnning: gene name GS1-204I12.4 is not in current annotation.
Warnning: gene name GS1-204I12.4 is not in current annotation.
Warnning: gene name AC010266.2 is not in current annotation.
Warnning: gene name AC010266.1 is not in current annotation.
Warnning: gene name AC010266.2,AC010266.1 is not in current annotation.
Warnning: gene name LOC100967223 is not in current annotation.
Warnning: gene name LOC100967223 is not in current annotation.
Warnning: gene name AC008443.3 is not in current annotation.
Warnning: gene name LOC124905166 is not in current annotation.
Warnning: gene name AC008443.3 is not in current annotation.
Warnning: gene name LOC124905166 is not in current annotation.
Warnning: gene name AP000787.1 is not in current annotation.
Warnning: gene name AP001790.1 is not in current annotation.
Warnning: gene name AP000787.1,AP001790.1 is not in current annotation.
Warnning: gene name RNA5-8SP is not in current annotation.
Warnning: gene name RNA5-8SP is not in current annotation.
Warnning: gene name AC004801.4 is not in current annotation.
Warnning: gene name AC004801.6 is not in current annotation.
Warnning: gene name AC004801.4,AC004801.6 is not in current annotation.
Warnning: gene name LOC124902333 is not in current annotation.
Warnning: gene name LOC124902333 is not in current annotation.
Warnning: gene name LOC728488 is not in current annotation.
Warnning: gene name LOC728488 is not in current annotation.
Warnning: gene name AC023469.1 is not in current annotation.
Warnning: gene name AC023469.1 is not in current annotation.
Warnning: gene name AC018731.1 is not in current annotation.
Warnning: gene name AC023469.1 is not in current annotation.
Warnning: gene name AC023469.1,AC018731.1 is not in current annotation.
Warnning: gene name LOC124903595 is not in current annotation.
Warnning: gene name LOC124903595 is not in current annotation.
Warnning: gene name LOC124900295 is not in current annotation.
Warnning: gene name LOC124900295 is not in current annotation.
Warnning: gene name RPL18P8 is not in current annotation.
Warnning: gene name RPL18P8 is not in current annotation.
Warnning: gene name AC092821.2 is not in current annotation.
Warnning: gene name AC092821.2 is not in current annotation.
Warnning: gene name AC092821.4 is not in current annotation.
Warnning: gene name AC092821.4 is not in current annotation.
Warnning: gene name Z72006.1 is not in current annotation.
Warnning: gene name Z82249.1 is not in current annotation.
Warnning: gene name Z72006.1,Z82249.1 is not in current annotation.
Warnning: gene name AC010387.1 is not in current annotation.
Warnning: gene name AC010387.2 is not in current annotation.
Warnning: gene name AC010387.1,AC010387.2 is not in current annotation.
Warnning: gene name IGLV3-22 is not in current annotation.
Warnning: gene name IGLV3-22 is not in current annotation.
Warnning: gene name AL360015.1 is not in current annotation.
Warnning: gene name AL049695.1 is not in current annotation.
Warnning: gene name AL360015.1,AL049695.1 is not in current annotation.
Warnning: gene name AC095038.2 is not in current annotation.
Warnning: gene name AC095038.3 is not in current annotation.
Warnning: gene name AC095038.2,AC095038.3 is not in current annotation.
Warnning: gene name LOC100420839 is not in current annotation.
Warnning: gene name LOC100420839 is not in current annotation.
Warnning: gene name AC122138.1 is not in current annotation.
Warnning: gene name AC107391.1 is not in current annotation.
Warnning: gene name AC122138.1,AC107391.1 is not in current annotation.
Warnning: gene name LOC100289416 is not in current annotation.
Warnning: gene name LOC100289416 is not in current annotation.
Warnning: gene name LOC100289416 is not in current annotation.
Warnning: gene name LOC100289416 is not in current annotation.
Warnning: gene name AC005332.4 is not in current annotation.
Warnning: gene name AC005332.1 is not in current annotation.
Warnning: gene name AC005332.4,AC005332.1 is not in current annotation.
Warnning: gene name MTRNR2L9 is not in current annotation.
Warnning: gene name MTRNR2L9 is not in current annotation.
Warnning: gene name LOC791091 is not in current annotation.
Warnning: gene name LOC791091 is not in current annotation.
Warnning: gene name AC023469.1 is not in current annotation.
Warnning: gene name AC023469.1 is not in current annotation.
Warnning: gene name AC018731.1 is not in current annotation.
Warnning: gene name AC023469.1 is not in current annotation.
Warnning: gene name AC023469.1,AC018731.1 is not in current annotation.
Warnning: gene name AC006453.2 is not in current annotation.
Warnning: gene name AL356585.4 is not in current annotation.
Warnning: gene name AC006453.2 is not in current annotation.
Warnning: gene name AL356585.4 is not in current annotation.
Warnning: gene name LOC105375707 is not in current annotation.
Warnning: gene name LOC105375707 is not in current annotation.
Warnning: gene name LOC124903956 is not in current annotation.
Warnning: gene name LOC124903956 is not in current annotation.
Warnning: gene name LOC100419644 is not in current annotation.
Warnning: gene name LOC100419644 is not in current annotation.
Warnning: gene name AC023469.1 is not in current annotation.
Warnning: gene name AC023469.1 is not in current annotation.
Warnning: gene name AC018731.1 is not in current annotation.
Warnning: gene name AC023469.1 is not in current annotation.
Warnning: gene name AC023469.1,AC018731.1 is not in current annotation.
Warnning: gene name AC009021.1 is not in current annotation.
Warnning: gene name AC130466.1 is not in current annotation.
Warnning: gene name LOC646828 is not in current annotation.
Warnning: gene name AC009021.1,AC130466.1 is not in current annotation.
Warnning: gene name LOC646828 is not in current annotation.
Warnning: gene name LOC100132524 is not in current annotation.
Warnning: gene name LOC100132524 is not in current annotation.
Warnning: gene name LOC105370987 is not in current annotation.
Warnning: gene name LOC105370987 is not in current annotation.
Warnning: gene name AP001978.1 is not in current annotation.
Warnning: gene name AP001541.1 is not in current annotation.
Warnning: gene name AP001978.1,AP001541.1 is not in current annotation.
Warnning: gene name LOC646112 is not in current annotation.
Warnning: gene name LOC646112 is not in current annotation.
Warnning: gene name NDUFC2-KCTD14 is not in current annotation.
Warnning: gene name LOC646112 is not in current annotation.
Warnning: gene name NDUFC2-KCTD14 is not in current annotation.
Warnning: gene name LOC646112 is not in current annotation.
Warnning: gene name NDUFC2-KCTD14 is not in current annotation.
Warnning: gene name NDUFC2-KCTD14 is not in current annotation.
Warnning: gene name LOC646112 is not in current annotation.
Warnning: gene name LOC646112 is not in current annotation.
Warnning: gene name AL583825.1 is not in current annotation.
Warnning: gene name AL590135.1 is not in current annotation.
Warnning: gene name AL583825.1,AL590135.1 is not in current annotation.
Warnning: gene name LOC124905166 is not in current annotation.
Warnning: gene name LOC124905166 is not in current annotation.
Warnning: gene name AL137847.3 is not in current annotation.
Warnning: gene name AL137847.1 is not in current annotation.
Warnning: gene name AL137847.3,AL137847.1 is not in current annotation.
Warnning: gene name AL583825.1 is not in current annotation.
Warnning: gene name AL590135.1 is not in current annotation.
Warnning: gene name AL583825.1,AL590135.1 is not in current annotation.
Warnning: gene name AC091114.1 is not in current annotation.
Warnning: gene name AC016074.2 is not in current annotation.
Warnning: gene name AC091114.1,AC016074.2 is not in current annotation.
Warnning: gene name RPL18P8 is not in current annotation.
Warnning: gene name RPL18P8 is not in current annotation.
Warnning: gene name AL445228.1 is not in current annotation.
Warnning: gene name AL445228.2 is not in current annotation.
Warnning: gene name AL445228.1,AL445228.2 is not in current annotation.
Warnning: gene name AC010460.3 is not in current annotation.
Warnning: gene name AC010460.1 is not in current annotation.
Warnning: gene name AC010460.3,AC010460.1 is not in current annotation.
Warnning: gene name AC026785.2 is not in current annotation.
Warnning: gene name AC026785.3 is not in current annotation.
Warnning: gene name AC026785.2,AC026785.3 is not in current annotation.
Warnning: gene name AC010445.1 is not in current annotation.
Warnning: gene name AC010460.3 is not in current annotation.
Warnning: gene name AC010445.1,AC010460.3 is not in current annotation.
Warnning: gene name AL096803.3 is not in current annotation.
Warnning: gene name AL096803.1 is not in current annotation.
Warnning: gene name AL096803.3,AL096803.1 is not in current annotation.
Warnning: gene name AC010445.1 is not in current annotation.
Warnning: gene name AC010460.3 is not in current annotation.
Warnning: gene name AC010445.1,AC010460.3 is not in current annotation.
Warnning: gene name AC090114.3 is not in current annotation.
Warnning: gene name AC090114.3 is not in current annotation.
Warnning: gene name RPL18P8 is not in current annotation.
Warnning: gene name RPL18P8 is not in current annotation.
Warnning: gene name AC114284.1 is not in current annotation.
Warnning: gene name AC008565.1 is not in current annotation.
Warnning: gene name AC114284.1,AC008565.1 is not in current annotation.
Warnning: gene name GRIK1-AS2 is not in current annotation.
Warnning: gene name GRIK1-AS2 is not in current annotation.
Warnning: gene name AC006460.1 is not in current annotation.
Warnning: gene name AC005540.1 is not in current annotation.
Warnning: gene name AC006460.1,AC005540.1 is not in current annotation.
Warnning: gene name LOC110467521 is not in current annotation.
Warnning: gene name LOC110467521 is not in current annotation.
Warnning: gene name AL355838.1 is not in current annotation.
Warnning: gene name AL357095.1 is not in current annotation.
Warnning: gene name AL355838.1,AL357095.1 is not in current annotation.
Warnning: gene name AC006453.2 is not in current annotation.
Warnning: gene name AC006453.2 is not in current annotation.
Warnning: gene name AC091951.2 is not in current annotation.
Warnning: gene name AC091951.5 is not in current annotation.
Warnning: gene name AC091951.2,AC091951.5 is not in current annotation.
Warnning: gene name LOC124900885 is not in current annotation.
Warnning: gene name LOC124900885 is not in current annotation.
Warnning: gene name HAVCR1P1 is not in current annotation.
Warnning: gene name HAVCR1P1 is not in current annotation.
Warnning: gene name AC092821.4 is not in current annotation.
Warnning: gene name AC092821.4 is not in current annotation.
Warnning: gene name AC092821.2 is not in current annotation.
Warnning: gene name AC092821.2 is not in current annotation.
Warnning: gene name LOC124904027 is not in current annotation.
Warnning: gene name LOC124904027 is not in current annotation.
Warnning: gene name LOC105369165 is not in current annotation.
Warnning: gene name LOC105369165 is not in current annotation.
Warnning: gene name AC104339.1 is not in current annotation.
Warnning: gene name AC022695.1 is not in current annotation.
Warnning: gene name AC104339.1,AC022695.1 is not in current annotation.
Warnning: gene name LOC124900381 is not in current annotation.
Warnning: gene name LOC124900381 is not in current annotation.
Warnning: gene name AC124852.1 is not in current annotation.
Warnning: gene name AC138982.1 is not in current annotation.
Warnning: gene name AC124852.1,AC138982.1 is not in current annotation.
Warnning: gene name AC026415.1 is not in current annotation.
Warnning: gene name AC010451.3 is not in current annotation.
Warnning: gene name AC026415.1,AC010451.3 is not in current annotation.
Warnning: gene name AL359852.2 is not in current annotation.
Warnning: gene name AL359852.1 is not in current annotation.
Warnning: gene name AL359852.2,AL359852.1 is not in current annotation.
Warnning: gene name RPL18P8 is not in current annotation.
Warnning: gene name RPL18P8 is not in current annotation.
Warnning: gene name LOC124900300 is not in current annotation.
Warnning: gene name LOC124900300 is not in current annotation.
Warnning: gene name LOC124906195 is not in current annotation.
Warnning: gene name LOC124906195 is not in current annotation.
Warnning: gene name LOC124902439 is not in current annotation.
Warnning: gene name LOC124902439 is not in current annotation.
Warnning: gene name AC068489.1 is not in current annotation.
Warnning: gene name AC009302.1 is not in current annotation.
Warnning: gene name AC068489.1,AC009302.1 is not in current annotation.
Warnning: gene name AC006059.2 is not in current annotation.
Warnning: gene name AC137675.2 is not in current annotation.
Warnning: gene name AC098614.1 is not in current annotation.
Warnning: gene name AC006059.2 is not in current annotation.
Warnning: gene name AC137675.2,AC098614.1 is not in current annotation.
Warnning: gene name AP000646.1 is not in current annotation.
Warnning: gene name AP000646.1 is not in current annotation.
Warnning: gene name AC015802.2 is not in current annotation.
Warnning: gene name AC015802.7 is not in current annotation.
Warnning: gene name AC015802.2,AC015802.7 is not in current annotation.
Warnning: gene name AC068533.4 is not in current annotation.
Warnning: gene name AC068533.4 is not in current annotation.
Warnning: gene name AC068533.4 is not in current annotation.
Warnning: gene name AC068533.4 is not in current annotation.
Warnning: gene name AC023469.1 is not in current annotation.
Warnning: gene name AC023469.1 is not in current annotation.
Warnning: gene name AC018731.1 is not in current annotation.
Warnning: gene name AC023469.1 is not in current annotation.
Warnning: gene name AC023469.1,AC018731.1 is not in current annotation.
Warnning: gene name MTRNR2L8 is not in current annotation.
Warnning: gene name MTRNR2L8 is not in current annotation.
Warnning: gene name AL008723.2 is not in current annotation.
Warnning: gene name AL021937.3 is not in current annotation.
Warnning: gene name AL008723.2,AL021937.3 is not in current annotation.
Warnning: gene name AC104339.1 is not in current annotation.
Warnning: gene name AC022695.1 is not in current annotation.
Warnning: gene name AC104339.1,AC022695.1 is not in current annotation.
Warnning: gene name LOC100533706 is not in current annotation.
Warnning: gene name LOC100533706 is not in current annotation.
Warnning: gene name AC009562.1 is not in current annotation.
Warnning: gene name AC009562.1 is not in current annotation.
Warnning: gene name AC093159.2 is not in current annotation.
Warnning: gene name AC093159.1 is not in current annotation.
Warnning: gene name AC093159.2,AC093159.1 is not in current annotation.
Warnning: gene name AL355838.1 is not in current annotation.
Warnning: gene name AL357095.1 is not in current annotation.
Warnning: gene name AL355838.1,AL357095.1 is not in current annotation.
Warnning: gene name LOC100132524 is not in current annotation.
Warnning: gene name LOC100132524 is not in current annotation.
Warnning: gene name LINC02107 is not in current annotation.
Warnning: gene name LINC02107 is not in current annotation.
Warnning: gene name AL031674.1 is not in current annotation.
Warnning: gene name AL161945.1 is not in current annotation.
Warnning: gene name AL031674.1,AL161945.1 is not in current annotation.
Warnning: gene name LOC100132524 is not in current annotation.
Warnning: gene name LOC100132524 is not in current annotation.
Warnning: gene name AL035250.1 is not in current annotation.
Warnning: gene name AL035250.2 is not in current annotation.
Warnning: gene name AL035250.1,AL035250.2 is not in current annotation.
Warnning: gene name AC106719.1 is not in current annotation.
Warnning: gene name AC107304.1 is not in current annotation.
Warnning: gene name AC106719.1,AC107304.1 is not in current annotation.
Warnning: gene name LOC100996696 is not in current annotation.
Warnning: gene name LOC100996696 is not in current annotation.
Warnning: gene name PGBD3P1 is not in current annotation.
Warnning: gene name PGBD3P1 is not in current annotation.
Warnning: gene name LOC100420336 is not in current annotation.
Warnning: gene name LOC100420336 is not in current annotation.
Warnning: gene name AC133480.1 is not in current annotation.
Warnning: gene name AC090503.2 is not in current annotation.
Warnning: gene name AC133480.1,AC090503.2 is not in current annotation.
Warnning: gene name AC138409.1 is not in current annotation.
Warnning: gene name AC138409.1 is not in current annotation.
Warnning: gene name LOC100996696 is not in current annotation.
Warnning: gene name LOC100996696 is not in current annotation.
Warnning: gene name AC123904.3 is not in current annotation.
Warnning: gene name AC073525.1 is not in current annotation.
Warnning: gene name AC123904.3,AC073525.1 is not in current annotation.
Warnning: gene name LOC124905166 is not in current annotation.
Warnning: gene name LOC124905166 is not in current annotation.
Warnning: gene name CU104787.1 is not in current annotation.
Warnning: gene name LOC124905166 is not in current annotation.
Warnning: gene name CU104787.1 is not in current annotation.
Warnning: gene name LOC124905166 is not in current annotation.
Warnning: gene name AC139365.1 is not in current annotation.
Warnning: gene name AC118650.1 is not in current annotation.
Warnning: gene name AC139365.1,AC118650.1 is not in current annotation.
Warnning: gene name AC008443.3 is not in current annotation.
Warnning: gene name LOC124905166 is not in current annotation.
Warnning: gene name AC008443.3 is not in current annotation.
Warnning: gene name LOC124905166 is not in current annotation.
Warnning: gene name RNA5-8SP10 is not in current annotation.
Warnning: gene name RNA5-8SP10 is not in current annotation.
Warnning: gene name LOC124904715 is not in current annotation.
Warnning: gene name LOC124904715 is not in current annotation.
Warnning: gene name LOC107986376 is not in current annotation.
Warnning: gene name LOC107986376 is not in current annotation.
Warnning: gene name LOC107986376 is not in current annotation.
Warnning: gene name LOC107986376 is not in current annotation.
Warnning: gene name RPL7L1P16 is not in current annotation.
Warnning: gene name RPL7L1P16 is not in current annotation.
Warnning: gene name AC139365.1 is not in current annotation.
Warnning: gene name AC118650.1 is not in current annotation.
Warnning: gene name AC139365.1,AC118650.1 is not in current annotation.
Warnning: gene name Z97653.2 is not in current annotation.
Warnning: gene name Z97653.1 is not in current annotation.
Warnning: gene name Z97653.2,Z97653.1 is not in current annotation.
Warnning: gene name CU104787.1 is not in current annotation.
Warnning: gene name LOC124905166 is not in current annotation.
Warnning: gene name CU104787.1 is not in current annotation.
Warnning: gene name LOC124905166 is not in current annotation.
Warnning: gene name AC134878.2 is not in current annotation.
Warnning: gene name AC134878.2 is not in current annotation.
Warnning: gene name AC008443.3 is not in current annotation.
Warnning: gene name LOC124905166 is not in current annotation.
Warnning: gene name AC008443.3 is not in current annotation.
Warnning: gene name LOC124905166 is not in current annotation.
Warnning: gene name OVOS2 is not in current annotation.
Warnning: gene name OVOS2 is not in current annotation.
Warnning: gene name AL358335.2 is not in current annotation.
Warnning: gene name AL512360.1 is not in current annotation.
Warnning: gene name AL358335.2,AL512360.1 is not in current annotation.
Warnning: gene name AC022743.1 is not in current annotation.
Warnning: gene name AC083760.1 is not in current annotation.
Warnning: gene name AC022743.1,AC083760.1 is not in current annotation.
Warnning: gene name AL512360.1 is not in current annotation.
Warnning: gene name AL110505.1 is not in current annotation.
Warnning: gene name AL512360.1,AL110505.1 is not in current annotation.
Warnning: gene name LOC100129456 is not in current annotation.
Warnning: gene name LOC100129456 is not in current annotation.
Warnning: gene name AL512360.1 is not in current annotation.
Warnning: gene name AL110505.1 is not in current annotation.
Warnning: gene name AL512360.1,AL110505.1 is not in current annotation.
Warnning: gene name AL358335.2 is not in current annotation.
Warnning: gene name AL512360.1 is not in current annotation.
Warnning: gene name AL358335.2,AL512360.1 is not in current annotation.
Warnning: gene name AC027506.1 is not in current annotation.
Warnning: gene name AC090348.1 is not in current annotation.
Warnning: gene name AC027506.1,AC090348.1 is not in current annotation.
Warnning: gene name LOC100419513 is not in current annotation.
Warnning: gene name LOC100419513 is not in current annotation.
Warnning: gene name ZNF73P is not in current annotation.
Warnning: gene name ZNF73P is not in current annotation.
Warnning: gene name IGHV3-49 is not in current annotation.
Warnning: gene name IGHV3-49 is not in current annotation.
Warnning: gene name AL512360.1 is not in current annotation.
Warnning: gene name AL110505.1 is not in current annotation.
Warnning: gene name AL512360.1,AL110505.1 is not in current annotation.
Warnning: gene name AL512360.1 is not in current annotation.
Warnning: gene name AL110505.1 is not in current annotation.
Warnning: gene name AL512360.1,AL110505.1 is not in current annotation.
Warnning: gene name AL358335.2 is not in current annotation.
Warnning: gene name AL512360.1 is not in current annotation.
Warnning: gene name AL358335.2,AL512360.1 is not in current annotation.
Warnning: gene name SPECC1L-ADORA2A is not in current annotation.
Warnning: gene name SPECC1L-ADORA2A is not in current annotation.
Warnning: gene name AL358335.2 is not in current annotation.
Warnning: gene name AL512360.1 is not in current annotation.
Warnning: gene name AL358335.2,AL512360.1 is not in current annotation.
Warnning: gene name AC023469.1 is not in current annotation.
Warnning: gene name AC023469.1 is not in current annotation.
Warnning: gene name AC018731.1 is not in current annotation.
Warnning: gene name AC023469.1 is not in current annotation.
Warnning: gene name AC023469.1,AC018731.1 is not in current annotation.
Warnning: gene name AFG2A is not in current annotation.
Warnning: gene name AFG2A is not in current annotation.
Warnning: gene name AC138866.1 is not in current annotation.
Warnning: gene name AC138866.1 is not in current annotation.
Warnning: gene name AP000593.2 is not in current annotation.
Warnning: gene name AP000593.4 is not in current annotation.
Warnning: gene name AP000593.2,AP000593.4 is not in current annotation.
Warnning: gene name AC007370.1 is not in current annotation.
Warnning: gene name AC106041.1 is not in current annotation.
Warnning: gene name AC007370.1,AC106041.1 is not in current annotation.
Warnning: gene name AC016383.3 is not in current annotation.
Warnning: gene name AC016383.2 is not in current annotation.
Warnning: gene name AC016383.3,AC016383.2 is not in current annotation.
Warnning: gene name LOC102724019 is not in current annotation.
Warnning: gene name LOC102724019 is not in current annotation.
Warnning: gene name RNA5-8SP10 is not in current annotation.
Warnning: gene name RNA5-8SP10 is not in current annotation.
Warnning: gene name AC119751.8 is not in current annotation.
Warnning: gene name AC119751.7 is not in current annotation.
Warnning: gene name AC119751.8,AC119751.7 is not in current annotation.
Warnning: gene name LOC100422013 is not in current annotation.
Warnning: gene name LOC100422013 is not in current annotation.
Warnning: gene name RNA5-8SP10 is not in current annotation.
Warnning: gene name RNA5-8SP10 is not in current annotation.
Warnning: gene name LOC652549 is not in current annotation.
Warnning: gene name LOC652549 is not in current annotation.
Warnning: gene name LOC100289416 is not in current annotation.
Warnning: gene name LOC100289416 is not in current annotation.
Warnning: gene name LOC101060021 is not in current annotation.
Warnning: gene name LOC101060021 is not in current annotation.
Warnning: gene name FP325313.2 is not in current annotation.
Warnning: gene name AC135776.4 is not in current annotation.
Warnning: gene name FP325313.2,AC135776.4 is not in current annotation.
Warnning: gene name LOC105376944 is not in current annotation.
Warnning: gene name LOC105376944 is not in current annotation.
Warnning: gene name LOC101929408 is not in current annotation.
Warnning: gene name LOC101929408 is not in current annotation.
Warnning: gene name AL357274.1 is not in current annotation.
Warnning: gene name AL583803.1 is not in current annotation.
Warnning: gene name AL357274.1,AL583803.1 is not in current annotation.
Warnning: gene name LOC100422013 is not in current annotation.
Warnning: gene name LOC100422013 is not in current annotation.
Warnning: gene name AL357274.1 is not in current annotation.
Warnning: gene name AL583803.1 is not in current annotation.
Warnning: gene name AL357274.1,AL583803.1 is not in current annotation.
Warnning: gene name AL008720.2 is not in current annotation.
Warnning: gene name Z72006.1 is not in current annotation.
Warnning: gene name AL008720.2,Z72006.1 is not in current annotation.
Warnning: gene name LOC105371348 is not in current annotation.
Warnning: gene name LOC105371348 is not in current annotation.
Warnning: gene name LOC100129616 is not in current annotation.
Warnning: gene name LOC100129616 is not in current annotation.
Warnning: gene name AL139231.1 is not in current annotation.
Warnning: gene name AL133270.1 is not in current annotation.
Warnning: gene name AL139231.1,AL133270.1 is not in current annotation.
Warnning: gene name CR392039.1 is not in current annotation.
Warnning: gene name CR392039.4 is not in current annotation.
Warnning: gene name CR392039.1,CR392039.4 is not in current annotation.
Warnning: gene name AC134878.2 is not in current annotation.
Warnning: gene name AC119751.8 is not in current annotation.
Warnning: gene name AC119751.7 is not in current annotation.
Warnning: gene name AC134878.2 is not in current annotation.
Warnning: gene name AC119751.8,AC119751.7 is not in current annotation.
Warnning: gene name AC134878.2 is not in current annotation.
Warnning: gene name AC140113.1 is not in current annotation.
Warnning: gene name AC134878.1 is not in current annotation.
Warnning: gene name AC134878.2 is not in current annotation.
Warnning: gene name AC140113.1,AC134878.1 is not in current annotation.
Warnning: gene name AP001978.1 is not in current annotation.
Warnning: gene name AP001541.1 is not in current annotation.
Warnning: gene name AP001978.1,AP001541.1 is not in current annotation.
Warnning: gene name AL356585.4 is not in current annotation.
Warnning: gene name AL356585.4 is not in current annotation.
Warnning: gene name LOC646112 is not in current annotation.
Warnning: gene name LOC646112 is not in current annotation.
Warnning: gene name AL445665.1 is not in current annotation.
Warnning: gene name AL445665.1 is not in current annotation.
Warnning: gene name LOC646112 is not in current annotation.
Warnning: gene name LOC646112 is not in current annotation.
Warnning: gene name AC093155.3 is not in current annotation.
Warnning: gene name AC093155.3 is not in current annotation.
Warnning: gene name RNA5-8SP10 is not in current annotation.
Warnning: gene name RNA5-8SP10 is not in current annotation.
Warnning: gene name AP001531.1 is not in current annotation.
Warnning: gene name AP005899.2 is not in current annotation.
Warnning: gene name AP001531.1,AP005899.2 is not in current annotation.
Warnning: gene name LOC105372045 is not in current annotation.
Warnning: gene name LOC105372045 is not in current annotation.
Warnning: gene name LOC101928797 is not in current annotation.
Warnning: gene name LOC101928797 is not in current annotation.
Warnning: gene name AC119751.8 is not in current annotation.
Warnning: gene name AC119751.7 is not in current annotation.
Warnning: gene name AC119751.8,AC119751.7 is not in current annotation.
Warnning: gene name AC114930.1 is not in current annotation.
Warnning: gene name AC010387.1 is not in current annotation.
Warnning: gene name AC114930.1,AC010387.1 is not in current annotation.
Warnning: gene name LOC101929408 is not in current annotation.
Warnning: gene name LOC101929408 is not in current annotation.
Warnning: gene name AL354811.2 is not in current annotation.
Warnning: gene name AL354811.1 is not in current annotation.
Warnning: gene name AL354811.2,AL354811.1 is not in current annotation.
Warnning: gene name LOC392440 is not in current annotation.
Warnning: gene name LOC392440 is not in current annotation.
Warnning: gene name AC134878.2 is not in current annotation.
Warnning: gene name ZNF73P is not in current annotation.
Warnning: gene name AC134878.2 is not in current annotation.
Warnning: gene name ZNF73P is not in current annotation.
Warnning: gene name LOC124905166 is not in current annotation.
Warnning: gene name LOC124905166 is not in current annotation.
Warnning: gene name LOC100506207 is not in current annotation.
Warnning: gene name LOC100506207 is not in current annotation.
Warnning: gene name LOC100506207 is not in current annotation.
Warnning: gene name LOC100506207 is not in current annotation.
Warnning: gene name AC134878.2 is not in current annotation.
Warnning: gene name AC134878.2 is not in current annotation.
Warnning: gene name AC023469.1 is not in current annotation.
Warnning: gene name AC023469.1 is not in current annotation.
Warnning: gene name AC018731.1 is not in current annotation.
Warnning: gene name AC023469.1 is not in current annotation.
Warnning: gene name AC023469.1,AC018731.1 is not in current annotation.
Warnning: gene name AC006453.2 is not in current annotation.
Warnning: gene name AC006453.2 is not in current annotation.
Warnning: gene name AC092821.2 is not in current annotation.
Warnning: gene name AC092821.2 is not in current annotation.
Warnning: gene name AC092821.4 is not in current annotation.
Warnning: gene name AC092821.4 is not in current annotation.
Warnning: gene name AC008443.3 is not in current annotation.
Warnning: gene name LOC124905166 is not in current annotation.
Warnning: gene name AC008443.3 is not in current annotation.
Warnning: gene name LOC124905166 is not in current annotation.
Warnning: gene name CR392039.1 is not in current annotation.
Warnning: gene name CR392039.4 is not in current annotation.
Warnning: gene name CR392039.1,CR392039.4 is not in current annotation.
Warnning: gene name AC094105.1 is not in current annotation.
Warnning: gene name AC094105.2 is not in current annotation.
Warnning: gene name AC094105.1,AC094105.2 is not in current annotation.
Warnning: gene name AL358053.1 is not in current annotation.
Warnning: gene name AL591644.1 is not in current annotation.
Warnning: gene name AL358053.1,AL591644.1 is not in current annotation.
cff /MetaFusion/RUNS_Results/RNA_phs000452/RNA_phs000452.cff.reformat.renamed.reann.WITH_SEQ
Add adjacent exons to cff
3186995 annotations from /MetaFusion/reference_files/hg38_gene.bed loaded.
17.3084788322 sec. elapsed.
Warning: Input gene annotations include multiple chr, strand, or regions (5Mb away). Skipping current gene annotation.
[('LINC00102', 'chrX', 'r'), ('LINC00102', 'chrY', 'r')]
Warning: Input gene annotations include multiple chr, strand, or regions (5Mb away). Skipping current gene annotation.
[('SNORD42', 'chr22', 'r'), ('SNORD42', 'chr4', 'r')]
Warning: Input gene annotations include multiple chr, strand, or regions (5Mb away). Skipping current gene annotation.
[('CD99P1', 'chrX', 'f'), ('CD99P1', 'chrY', 'f')]
Warning: Input gene annotations include multiple chr, strand, or regions (5Mb away). Skipping current gene annotation.
[('TNFRSF10A-DT', 'chr8', 'f'), ('TNFRSF10A-DT', 'chr8', 'r')]
Warning: Input gene annotations include multiple chr, strand, or regions (5Mb away). Skipping current gene annotation.
[('TRPC6P1', 'chrX', 'r'), ('TRPC6P1', 'chrY', 'r')]
Warning: Input gene annotations include multiple chr, strand, or regions (5Mb away). Skipping current gene annotation.
[('7SK', 'chr1', 'r'), ('7SK', 'chr1', 'f'), ('7SK', 'chr11', 'f'), ('7SK', 'chr17', 'f'), ('7SK', 'chr3', 'r'), ('7SK', 'chr6', 'f')]
Warning: Input gene annotations include multiple chr, strand, or regions (5Mb away). Skipping current gene annotation.
[('Y_RNA', 'chr1', 'r'), ('Y_RNA', 'chr1', 'f'), ('Y_RNA', 'chr10', 'r'), ('Y_RNA', 'chr10', 'f'), ('Y_RNA', 'chr11', 'f'), ('Y_RNA', 'chr11', 'r'), ('Y_RNA', 'chr12', 'r'), ('Y_RNA', 'chr12', 'f'), ('Y_RNA', 'chr13', 'f'), ('Y_RNA', 'chr14', 'f'), ('Y_RNA', 'chr14', 'r'), ('Y_RNA', 'chr15', 'f'), ('Y_RNA', 'chr15', 'r'), ('Y_RNA', 'chr16', 'f'), ('Y_RNA', 'chr16', 'r'), ('Y_RNA', 'chr17', 'f'), ('Y_RNA', 'chr17', 'r'), ('Y_RNA', 'chr18', 'f'), ('Y_RNA', 'chr18', 'r'), ('Y_RNA', 'chr19', 'r'), ('Y_RNA', 'chr19', 'f'), ('Y_RNA', 'chr2', 'f'), ('Y_RNA', 'chr2', 'r'), ('Y_RNA', 'chr20', 'f'), ('Y_RNA', 'chr20', 'r'), ('Y_RNA', 'chr21', 'f'), ('Y_RNA', 'chr21', 'r'), ('Y_RNA', 'chr22', 'f'), ('Y_RNA', 'chr22', 'r'), ('Y_RNA', 'chr3', 'r'), ('Y_RNA', 'chr3', 'f'), ('Y_RNA', 'chr4', 'r'), ('Y_RNA', 'chr4', 'f'), ('Y_RNA', 'chr5', 'r'), ('Y_RNA', 'chr5', 'f'), ('Y_RNA', 'chr6', 'r'), ('Y_RNA', 'chr6', 'f'), ('Y_RNA', 'chr7', 'r'), ('Y_RNA', 'chr7', 'f'), ('Y_RNA', 'chr8', 'f'), ('Y_RNA', 'chr8', 'r'), ('Y_RNA', 'chr9', 'f'), ('Y_RNA', 'chr9', 'r'), ('Y_RNA', 'chrX', 'r'), ('Y_RNA', 'chrX', 'f'), ('Y_RNA', 'chrY', 'f')]
Warning: Input gene annotations include multiple chr, strand, or regions (5Mb away). Skipping current gene annotation.
[('WASIR1', 'chrX', 'r'), ('WASIR1', 'chrY', 'r')]
Warning: Input gene annotations include multiple chr, strand, or regions (5Mb away). Skipping current gene annotation.
[('U8', 'chr1', 'f'), ('U8', 'chr10', 'r'), ('U8', 'chr10', 'f'), ('U8', 'chr11', 'f'), ('U8', 'chr12', 'r'), ('U8', 'chr12', 'f'), ('U8', 'chr15', 'f'), ('U8', 'chr15', 'r'), ('U8', 'chr18', 'r'), ('U8', 'chr2', 'r'), ('U8', 'chr2', 'f'), ('U8', 'chr3', 'r'), ('U8', 'chr3', 'f'), ('U8', 'chr5', 'r'), ('U8', 'chr5', 'f'), ('U8', 'chr6', 'r'), ('U8', 'chr8', 'r'), ('U8', 'chr9', 'f')]
Warning: Input gene annotations include multiple chr, strand, or regions (5Mb away). Skipping current gene annotation.
[('U4', 'chr1', 'r'), ('U4', 'chr1', 'f'), ('U4', 'chr11', 'r'), ('U4', 'chr2', 'f'), ('U4', 'chr5', 'r'), ('U4', 'chr6', 'f'), ('U4', 'chr8', 'r')]
Warning: Input gene annotations include multiple chr, strand, or regions (5Mb away). Skipping current gene annotation.
[('U7', 'chr1', 'f'), ('U7', 'chr12', 'r'), ('U7', 'chr15', 'f'), ('U7', 'chr16', 'r'), ('U7', 'chr22', 'r'), ('U7', 'chr3', 'f'), ('U7', 'chrX', 'f')]
Warning: Input gene annotations include multiple chr, strand, or regions (5Mb away). Skipping current gene annotation.
[('U6', 'chr1', 'r'), ('U6', 'chr1', 'f'), ('U6', 'chr10', 'f'), ('U6', 'chr11', 'r'), ('U6', 'chr11', 'f'), ('U6', 'chr12', 'f'), ('U6', 'chr12', 'r'), ('U6', 'chr13', 'f'), ('U6', 'chr14', 'r'), ('U6', 'chr15', 'r'), ('U6', 'chr15', 'f'), ('U6', 'chr16', 'f'), ('U6', 'chr17', 'r'), ('U6', 'chr2', 'f'), ('U6', 'chr2', 'r'), ('U6', 'chr20', 'r'), ('U6', 'chr21', 'f'), ('U6', 'chr22', 'f'), ('U6', 'chr3', 'f'), ('U6', 'chr4', 'f'), ('U6', 'chr4', 'r'), ('U6', 'chr9', 'f'), ('U6', 'chrX', 'f')]
Warning: Input gene annotations include multiple chr, strand, or regions (5Mb away). Skipping current gene annotation.
[('U1', 'chr1', 'f'), ('U1', 'chr1', 'r'), ('U1', 'chr21', 'f')]
Warning: Input gene annotations include multiple chr, strand, or regions (5Mb away). Skipping current gene annotation.
[('U3', 'chr1', 'f'), ('U3', 'chr1', 'r'), ('U3', 'chr10', 'f'), ('U3', 'chr10', 'r'), ('U3', 'chr11', 'f'), ('U3', 'chr14', 'r'), ('U3', 'chr15', 'f'), ('U3', 'chr15', 'r'), ('U3', 'chr17', 'r'), ('U3', 'chr17', 'f'), ('U3', 'chr18', 'f'), ('U3', 'chr18', 'r'), ('U3', 'chr19', 'r'), ('U3', 'chr2', 'f'), ('U3', 'chr2', 'r'), ('U3', 'chr20', 'f'), ('U3', 'chr20', 'r'), ('U3', 'chr21', 'r'), ('U3', 'chr3', 'r'), ('U3', 'chr3', 'f'), ('U3', 'chr4', 'f'), ('U3', 'chr5', 'f'), ('U3', 'chr5', 'r'), ('U3', 'chr6', 'f'), ('U3', 'chr6', 'r'), ('U3', 'chr7', 'f'), ('U3', 'chr7', 'r'), ('U3', 'chr8', 'f'), ('U3', 'chr8', 'r'), ('U3', 'chrX', 'f'), ('U3', 'chrX', 'r')]
Warning: Input gene annotations include multiple chr, strand, or regions (5Mb away). Skipping current gene annotation.
[('U2', 'chr1', 'f'), ('U2', 'chr14', 'r'), ('U2', 'chr17', 'r'), ('U2', 'chr22', 'r'), ('U2', 'chr3', 'f'), ('U2', 'chr4', 'f'), ('U2', 'chr8', 'r'), ('U2', 'chr9', 'f')]
Warning: Input gene annotations include multiple chr, strand, or regions (5Mb away). Skipping current gene annotation.
[('MIR6089', 'chrX', 'f'), ('MIR6089', 'chrY', 'f')]
Warning: Input gene annotations include multiple chr, strand, or regions (5Mb away). Skipping current gene annotation.
[('IL3RA', 'chrX', 'f'), ('IL3RA', 'chrY', 'f')]
Warning: Input gene annotations include multiple chr, strand, or regions (5Mb away). Skipping current gene annotation.
[('GTPBP6', 'chrX', 'r'), ('GTPBP6', 'chrY', 'r')]
Warning: Input gene annotations include multiple chr, strand, or regions (5Mb away). Skipping current gene annotation.
[('SNORD18', 'chr15', 'r'), ('SNORD18', 'chr2', 'r')]
Warning: Input gene annotations include multiple chr, strand, or regions (5Mb away). Skipping current gene annotation.
[('LSP1P5', 'chr1', 'f'), ('LSP1P5', 'chr2', 'r')]
Warning: Input gene annotations include multiple chr, strand, or regions (5Mb away). Skipping current gene annotation.
[('ELOCP24', 'chrX', 'r'), ('ELOCP24', 'chrY', 'r')]
Warning: Input gene annotations include multiple chr, strand, or regions (5Mb away). Skipping current gene annotation.
[('Vault', 'chr17', 'f'), ('Vault', 'chr17', 'r'), ('Vault', 'chr2', 'r'), ('Vault', 'chr5', 'r')]
Warning: Input gene annotations include multiple chr, strand, or regions (5Mb away). Skipping current gene annotation.
[('LINC03025', 'chr9', 'r'), ('LINC03025', 'chr9', 'f')]
Warning: Input gene annotations include multiple chr, strand, or regions (5Mb away). Skipping current gene annotation.
[('5S_rRNA', 'chr1', 'r'), ('5S_rRNA', 'chr16', 'r'), ('5S_rRNA', 'chr17', 'r'), ('5S_rRNA', 'chr19', 'r'), ('5S_rRNA', 'chr2', 'r'), ('5S_rRNA', 'chr2', 'f'), ('5S_rRNA', 'chr6', 'r'), ('5S_rRNA', 'chr7', 'r'), ('5S_rRNA', 'chrX', 'f')]
Warning: Input gene annotations include multiple chr, strand, or regions (5Mb away). Skipping current gene annotation.
[('WASH6P', 'chrX', 'f'), ('WASH6P', 'chrY', 'f')]
Warning: Input gene annotations include multiple chr, strand, or regions (5Mb away). Skipping current gene annotation.
[('LINC01238', 'chr2', 'f'), ('LINC01238', 'chr2', 'r')]
Warning: Input gene annotations include multiple chr, strand, or regions (5Mb away). Skipping current gene annotation.
[('MIR3690', 'chrX', 'f'), ('MIR3690', 'chrY', 'f')]
Warning: Input gene annotations include multiple chr, strand, or regions (5Mb away). Skipping current gene annotation.
[('HERC2P7', 'chr15', 'r'), ('HERC2P7', 'chr15', 'f')]
Warning: Input gene annotations include multiple chr, strand, or regions (5Mb away). Skipping current gene annotation.
[('CTSLP2', 'chr10', 'f'), ('CTSLP2', 'chr10', 'r')]
Warning: Input gene annotations include multiple chr, strand, or regions (5Mb away). Skipping current gene annotation.
[('SNORA62', 'chr1', 'f'), ('SNORA62', 'chr11', 'f'), ('SNORA62', 'chr16', 'r'), ('SNORA62', 'chr21', 'f'), ('SNORA62', 'chr3', 'f'), ('SNORA62', 'chr4', 'f'), ('SNORA62', 'chr8', 'f')]
Warning: Input gene annotations include multiple chr, strand, or regions (5Mb away). Skipping current gene annotation.
[('SNORA63', 'chr1', 'f'), ('SNORA63', 'chr1', 'r'), ('SNORA63', 'chr15', 'r'), ('SNORA63', 'chr3', 'f'), ('SNORA63', 'chr4', 'f'), ('SNORA63', 'chr5', 'f'), ('SNORA63', 'chr7', 'r')]
Warning: Input gene annotations include multiple chr, strand, or regions (5Mb away). Skipping current gene annotation.
[('SNORD116', 'chr1', 'r'), ('SNORD116', 'chr13', 'r'), ('SNORD116', 'chr9', 'f')]
Warning: Input gene annotations include multiple chr, strand, or regions (5Mb away). Skipping current gene annotation.
[('SNORD63', 'chr17', 'r'), ('SNORD63', 'chr3', 'r'), ('SNORD63', 'chr5', 'r')]
Warning: Input gene annotations include multiple chr, strand, or regions (5Mb away). Skipping current gene annotation.
[('KMT2CP1', 'chr1', 'r'), ('KMT2CP1', 'chr1', 'f')]
Warning: Input gene annotations include multiple chr, strand, or regions (5Mb away). Skipping current gene annotation.
[('SHOX', 'chrX', 'f'), ('SHOX', 'chrY', 'f')]
Warning: Input gene annotations include multiple chr, strand, or regions (5Mb away). Skipping current gene annotation.
[('RPL23AP7', 'chr2', 'r'), ('RPL23AP7', 'chr22', 'f')]
Warning: Input gene annotations include multiple chr, strand, or regions (5Mb away). Skipping current gene annotation.
[('DHRSX-IT1', 'chrX', 'r'), ('DHRSX-IT1', 'chrY', 'r')]
Warning: Input gene annotations include multiple chr, strand, or regions (5Mb away). Skipping current gene annotation.
[('SNORD39', 'chr11', 'r'), ('SNORD39', 'chr2', 'f'), ('SNORD39', 'chr4', 'r'), ('SNORD39', 'chr9', 'r')]
Warning: Input gene annotations include multiple chr, strand, or regions (5Mb away). Skipping current gene annotation.
[('ZBED1', 'chrX', 'r'), ('ZBED1', 'chrY', 'r')]
Warning: Input gene annotations include multiple chr, strand, or regions (5Mb away). Skipping current gene annotation.
[('ASMTL-AS1', 'chrX', 'f'), ('ASMTL-AS1', 'chrY', 'f')]
Warning: Input gene annotations include multiple chr, strand, or regions (5Mb away). Skipping current gene annotation.
[('SNORD30', 'chr11', 'r'), ('SNORD30', 'chrX', 'f')]
Warning: Input gene annotations include multiple chr, strand, or regions (5Mb away). Skipping current gene annotation.
[('ASMTL', 'chrX', 'r'), ('ASMTL', 'chrY', 'r')]
Warning: Input gene annotations include multiple chr, strand, or regions (5Mb away). Skipping current gene annotation.
[('FABP5P13', 'chrX', 'r'), ('FABP5P13', 'chrY', 'r')]
Warning: Input gene annotations include multiple chr, strand, or regions (5Mb away). Skipping current gene annotation.
[('CD99', 'chrX', 'f'), ('CD99', 'chrY', 'f')]
Warning: Input gene annotations include multiple chr, strand, or regions (5Mb away). Skipping current gene annotation.
[('DHRSX', 'chrX', 'r'), ('DHRSX', 'chrY', 'r')]
Warning: Input gene annotations include multiple chr, strand, or regions (5Mb away). Skipping current gene annotation.
[('SNORD33', 'chr16', 'r'), ('SNORD33', 'chr19', 'f')]
Warning: Input gene annotations include multiple chr, strand, or regions (5Mb away). Skipping current gene annotation.
[('NPIPA9', 'chr16', 'f'), ('NPIPA9', 'chr16', 'r')]
Warning: Input gene annotations include multiple chr, strand, or regions (5Mb away). Skipping current gene annotation.
[('SNORD81', 'chr1', 'f'), ('SNORD81', 'chr5', 'f'), ('SNORD81', 'chr7', 'f')]
Warning: Input gene annotations include multiple chr, strand, or regions (5Mb away). Skipping current gene annotation.
[('PLCXD1', 'chrX', 'f'), ('PLCXD1', 'chrY', 'f')]
Warning: Input gene annotations include multiple chr, strand, or regions (5Mb away). Skipping current gene annotation.
[('RNA5SP498', 'chrX', 'r'), ('RNA5SP498', 'chrY', 'r')]
Warning: Input gene annotations include multiple chr, strand, or regions (5Mb away). Skipping current gene annotation.
[('Metazoa_SRP', 'chr1', 'f'), ('Metazoa_SRP', 'chr1', 'r'), ('Metazoa_SRP', 'chr10', 'f'), ('Metazoa_SRP', 'chr10', 'r'), ('Metazoa_SRP', 'chr11', 'r'), ('Metazoa_SRP', 'chr11', 'f'), ('Metazoa_SRP', 'chr12', 'f'), ('Metazoa_SRP', 'chr12', 'r'), ('Metazoa_SRP', 'chr13', 'r'), ('Metazoa_SRP', 'chr13', 'f'), ('Metazoa_SRP', 'chr14', 'r'), ('Metazoa_SRP', 'chr14', 'f'), ('Metazoa_SRP', 'chr15', 'r'), ('Metazoa_SRP', 'chr15', 'f'), ('Metazoa_SRP', 'chr16', 'f'), ('Metazoa_SRP', 'chr16', 'r'), ('Metazoa_SRP', 'chr17', 'r'), ('Metazoa_SRP', 'chr17', 'f'), ('Metazoa_SRP', 'chr18', 'r'), ('Metazoa_SRP', 'chr19', 'f'), ('Metazoa_SRP', 'chr19', 'r'), ('Metazoa_SRP', 'chr2', 'f'), ('Metazoa_SRP', 'chr2', 'r'), ('Metazoa_SRP', 'chr20', 'f'), ('Metazoa_SRP', 'chr20', 'r'), ('Metazoa_SRP', 'chr22', 'f'), ('Metazoa_SRP', 'chr22', 'r'), ('Metazoa_SRP', 'chr3', 'r'), ('Metazoa_SRP', 'chr3', 'f'), ('Metazoa_SRP', 'chr4', 'r'), ('Metazoa_SRP', 'chr4', 'f'), ('Metazoa_SRP', 'chr5', 'f'), ('Metazoa_SRP', 'chr5', 'r'), ('Metazoa_SRP', 'chr6', 'f'), ('Metazoa_SRP', 'chr6', 'r'), ('Metazoa_SRP', 'chr7', 'f'), ('Metazoa_SRP', 'chr7', 'r'), ('Metazoa_SRP', 'chr8', 'f'), ('Metazoa_SRP', 'chr8', 'r'), ('Metazoa_SRP', 'chr9', 'f'), ('Metazoa_SRP', 'chr9', 'r'), ('Metazoa_SRP', 'chrX', 'r'), ('Metazoa_SRP', 'chrX', 'f'), ('Metazoa_SRP', 'chrY', 'r')]
Warning: Input gene annotations include multiple chr, strand, or regions (5Mb away). Skipping current gene annotation.
[('CSF2RA', 'chrX', 'f'), ('CSF2RA', 'chrY', 'f')]
Warning: Input gene annotations include multiple chr, strand, or regions (5Mb away). Skipping current gene annotation.
[('PPP2R3B', 'chrX', 'r'), ('PPP2R3B', 'chrY', 'r')]
Warning: Input gene annotations include multiple chr, strand, or regions (5Mb away). Skipping current gene annotation.
[('DPH3P2', 'chrX', 'f'), ('DPH3P2', 'chrY', 'f')]
Warning: Input gene annotations include multiple chr, strand, or regions (5Mb away). Skipping current gene annotation.
[('ASMT', 'chrX', 'f'), ('ASMT', 'chrY', 'f')]
Warning: Input gene annotations include multiple chr, strand, or regions (5Mb away). Skipping current gene annotation.
[('IL9R', 'chrX', 'f'), ('IL9R', 'chrY', 'f')]
Warning: Input gene annotations include multiple chr, strand, or regions (5Mb away). Skipping current gene annotation.
[('VAMP7', 'chrX', 'f'), ('VAMP7', 'chrY', 'f')]
Warning: Input gene annotations include multiple chr, strand, or regions (5Mb away). Skipping current gene annotation.
[('LINC02968', 'chrX', 'f'), ('LINC02968', 'chrY', 'f')]
Warning: Input gene annotations include multiple chr, strand, or regions (5Mb away). Skipping current gene annotation.
[('SNORA75', 'chr12', 'r'), ('SNORA75', 'chr12', 'f'), ('SNORA75', 'chr16', 'f'), ('SNORA75', 'chr2', 'r'), ('SNORA75', 'chr4', 'f')]
Warning: Input gene annotations include multiple chr, strand, or regions (5Mb away). Skipping current gene annotation.
[('SNORA74', 'chr12', 'r'), ('SNORA74', 'chr17', 'f'), ('SNORA74', 'chr2', 'f')]
Warning: Input gene annotations include multiple chr, strand, or regions (5Mb away). Skipping current gene annotation.
[('SNORA73', 'chr18', 'f'), ('SNORA73', 'chr18', 'r'), ('SNORA73', 'chr6', 'r')]
Warning: Input gene annotations include multiple chr, strand, or regions (5Mb away). Skipping current gene annotation.
[('SNORA72', 'chr1', 'r'), ('SNORA72', 'chr1', 'f'), ('SNORA72', 'chr2', 'f'), ('SNORA72', 'chr3', 'f'), ('SNORA72', 'chr3', 'r'), ('SNORA72', 'chr8', 'r')]
Warning: Input gene annotations include multiple chr, strand, or regions (5Mb away). Skipping current gene annotation.
[('SNORA71', 'chr10', 'f'), ('SNORA71', 'chr20', 'r'), ('SNORA71', 'chr20', 'f')]
Warning: Input gene annotations include multiple chr, strand, or regions (5Mb away). Skipping current gene annotation.
[('SNORA70', 'chr1', 'r'), ('SNORA70', 'chr12', 'r'), ('SNORA70', 'chr12', 'f'), ('SNORA70', 'chr14', 'f'), ('SNORA70', 'chr16', 'r'), ('SNORA70', 'chr17', 'r'), ('SNORA70', 'chr17', 'f'), ('SNORA70', 'chr18', 'r'), ('SNORA70', 'chr19', 'f'), ('SNORA70', 'chr21', 'f'), ('SNORA70', 'chr21', 'r'), ('SNORA70', 'chr3', 'f'), ('SNORA70', 'chr4', 'f'), ('SNORA70', 'chr5', 'f'), ('SNORA70', 'chr6', 'f'), ('SNORA70', 'chr8', 'r'), ('SNORA70', 'chr8', 'f'), ('SNORA70', 'chr9', 'f'), ('SNORA70', 'chr9', 'r'), ('SNORA70', 'chrX', 'f'), ('SNORA70', 'chrY', 'r'), ('SNORA70', 'chrY', 'f')]
Warning: Input gene annotations include multiple chr, strand, or regions (5Mb away). Skipping current gene annotation.
[('AMD1P2', 'chrX', 'r'), ('AMD1P2', 'chrY', 'r')]
Warning: Input gene annotations include multiple chr, strand, or regions (5Mb away). Skipping current gene annotation.
[('CRLF2', 'chrX', 'r'), ('CRLF2', 'chrY', 'r')]
Warning: Input gene annotations include multiple chr, strand, or regions (5Mb away). Skipping current gene annotation.
[('SNORD115', 'chr10', 'f'), ('SNORD115', 'chr15', 'f')]
Warning: Input gene annotations include multiple chr, strand, or regions (5Mb away). Skipping current gene annotation.
[('AKAP17A', 'chrX', 'f'), ('AKAP17A', 'chrY', 'f')]
Warning: Input gene annotations include multiple chr, strand, or regions (5Mb away). Skipping current gene annotation.
[('SNORD27', 'chr11', 'r'), ('SNORD27', 'chr13', 'r')]
Warning: Input gene annotations include multiple chr, strand, or regions (5Mb away). Skipping current gene annotation.
[('P2RY8', 'chrX', 'r'), ('P2RY8', 'chrY', 'r')]
Warning: Input gene annotations include multiple chr, strand, or regions (5Mb away). Skipping current gene annotation.
[('NPEPPSP1', 'chr17', 'f'), ('NPEPPSP1', 'chr17', 'r')]
Warning: Input gene annotations include multiple chr, strand, or regions (5Mb away). Skipping current gene annotation.
[('LINC00685', 'chrX', 'f'), ('LINC00685', 'chrY', 'f')]
Warning: Input gene annotations include multiple chr, strand, or regions (5Mb away). Skipping current gene annotation.
[('DDX11L2', 'chr1', 'f'), ('DDX11L2', 'chr2', 'r')]
Warning: Input gene annotations include multiple chr, strand, or regions (5Mb away). Skipping current gene annotation.
[('GABARAPL3', 'chr15', 'f'), ('GABARAPL3', 'chr15', 'r')]
Warning: Input gene annotations include multiple chr, strand, or regions (5Mb away). Skipping current gene annotation.
[('LINC02256', 'chr15', 'r'), ('LINC02256', 'chr15', 'f')]
Warning: Input gene annotations include multiple chr, strand, or regions (5Mb away). Skipping current gene annotation.
[('5_8S_rRNA', 'chr14', 'f'), ('5_8S_rRNA', 'chr20', 'r'), ('5_8S_rRNA', 'chr21', 'f'), ('5_8S_rRNA', 'chr22', 'r')]
Warning: Input gene annotations include multiple chr, strand, or regions (5Mb away). Skipping current gene annotation.
[('RPL14P5', 'chrX', 'r'), ('RPL14P5', 'chrY', 'r')]
Warning: Input gene annotations include multiple chr, strand, or regions (5Mb away). Skipping current gene annotation.
[('LINC00106', 'chrX', 'f'), ('LINC00106', 'chrY', 'f')]
Warning: Input gene annotations include multiple chr, strand, or regions (5Mb away). Skipping current gene annotation.
[('ANKRD20A5P', 'chr18', 'f'), ('ANKRD20A5P', 'chr9', 'f')]
Warning: Input gene annotations include multiple chr, strand, or regions (5Mb away). Skipping current gene annotation.
[('SLC25A6', 'chrX', 'r'), ('SLC25A6', 'chrY', 'r')]
Warning: Input gene annotations include multiple chr, strand, or regions (5Mb away). Skipping current gene annotation.
[('KRT18P53', 'chrX', 'r'), ('KRT18P53', 'chrY', 'r')]
Warning: Input gene annotations include multiple chr, strand, or regions (5Mb away). Skipping current gene annotation.
[('DDX11L16', 'chr15', 'r'), ('DDX11L16', 'chr16', 'f'), ('DDX11L16', 'chrX', 'r'), ('DDX11L16', 'chrY', 'r')]
Gene intervals loaded.
18.803809166 sec. elapsed.
Transcript annotations loaded.
12.768419981 sec. elapsed.
Merge cff by exons
Loading required package: graph
Loading required package: BiocGenerics

Attaching package: 'BiocGenerics'

The following objects are masked from 'package:stats':

    IQR, mad, sd, var, xtabs

The following objects are masked from 'package:base':

    Filter, Find, Map, Position, Reduce, anyDuplicated, append,
    as.data.frame, basename, cbind, colnames, dirname, do.call,
    duplicated, eval, evalq, get, grep, grepl, intersect, is.unsorted,
    lapply, mapply, match, mget, order, paste, pmax, pmax.int, pmin,
    pmin.int, rank, rbind, rownames, sapply, setdiff, sort, table,
    tapply, union, unique, unsplit, which.max, which.min

Reading FID.intersections.tsv file
22618 records to build graph
Building graph
output cis-sage.cluster file
ReadThrough, callerfilter 1
python callerfilter_num.py --cluster /MetaFusion/RUNS_Results/RNA_phs000452/RNA_phs000452.cff.reformat.renamed.reann.WITH_SEQ.exons.cluster --num_tools 1 | grep -v ReadThrough > /MetaFusion/RUNS_Results/RNA_phs000452/RNA_phs000452.cff.reformat.renamed.reann.WITH_SEQ.exons.cluster.RT_filter.callerfilter.1
blocklist filter
ANC adjacent noncoding filter
Rank and generate final.cluster
Running FusionAnnotator
-parsing annotation gene spans
-warning, no gene stored for identifier: [AC097520.2]
-warning, no gene stored for identifier: [AC093884.1]
-warning, no gene stored for identifier: [LOC101928565]
-warning, no gene stored for identifier: [AC021087.5]
-warning, no gene stored for identifier: [AP000829.1]
-warning, no gene stored for identifier: [LOC105376121]
-warning, no gene stored for identifier: [AC019257.8]
-warning, no gene stored for identifier: [ODAD1]
-warning, no gene stored for identifier: [ARNT2-DT]
-warning, no gene stored for identifier: [LOC101927141]
-warning, no gene stored for identifier: [AARSD1P1]
-warning, no gene stored for identifier: [LINC03041]
-warning, no gene stored for identifier: [BRD10]
-warning, no gene stored for identifier: [C10orf95-AS1]
-warning, no gene stored for identifier: [LHX4-AS1]
-warning, no gene stored for identifier: [RPL27AP2]
-warning, no gene stored for identifier: [CFAP90]
-warning, no gene stored for identifier: [LINC02994]
-warning, no gene stored for identifier: [SLC1A3-AS1]
-warning, no gene stored for identifier: [AL445588.1]
-warning, no gene stored for identifier: [LOC124900833]
-warning, no gene stored for identifier: [CPLANE1-AS1]
-warning, no gene stored for identifier: [ENTREP1]
-warning, no gene stored for identifier: [FERRY3]
-warning, no gene stored for identifier: [AC005747.1]
-warning, no gene stored for identifier: [GFUS]
-warning, no gene stored for identifier: [AC078820.3]
-warning, no gene stored for identifier: [EPIC1]
-warning, no gene stored for identifier: [H2BC4]
-warning, no gene stored for identifier: [UBL7-DT]
-warning, no gene stored for identifier: [TRIM67-AS1]
-warning, no gene stored for identifier: [LOC100506403]
-warning, no gene stored for identifier: [ALDH1A3-AS1]
-warning, no gene stored for identifier: [AL445465.3]
-warning, no gene stored for identifier: [TOP6BL]
-warning, no gene stored for identifier: [LINC02909]
-warning, no gene stored for identifier: [LOC105369209]
-warning, no gene stored for identifier: [AL031073.2]
-warning, no gene stored for identifier: [LOC105369187]
-warning, no gene stored for identifier: [LINC02951]
-warning, no gene stored for identifier: [DNAI7]
-warning, no gene stored for identifier: [FRG1GP]
-warning, no gene stored for identifier: [AL160271.2]
-warning, no gene stored for identifier: [AC078820.2]
-warning, no gene stored for identifier: [SANBR]
-warning, no gene stored for identifier: [LINC02882]
-warning, no gene stored for identifier: [KIAA1671-AS1]
-warning, no gene stored for identifier: [AC245060.7]
-warning, no gene stored for identifier: [IGL@-ext]
-warning, no gene stored for identifier: [SCUBE1-AS1]
-warning, no gene stored for identifier: [LOC101928894]
-warning, no gene stored for identifier: [LINC02941]
-warning, no gene stored for identifier: [LINC02842]
-warning, no gene stored for identifier: [LOC101930071]
-warning, no gene stored for identifier: [AC011246.1]
-warning, no gene stored for identifier: [CARINH]
-warning, no gene stored for identifier: [AC092807.4]
-warning, no gene stored for identifier: [AC136431.1]
-warning, no gene stored for identifier: [FHIP2B]
-warning, no gene stored for identifier: [AC139256.3]
-warning, no gene stored for identifier: [AC211429.2]
-warning, no gene stored for identifier: [FP671120.5]
-warning, no gene stored for identifier: [LOC124900957]
-warning, no gene stored for identifier: [AFG2A]
-warning, no gene stored for identifier: [AL049766.1]
-warning, no gene stored for identifier: [AL390800.1]
-warning, no gene stored for identifier: [AL589787.2]
-warning, no gene stored for identifier: [AL627171.3]
-warning, no gene stored for identifier: [LOC101929408]
-warning, no gene stored for identifier: [ANAPC1P5]
-warning, no gene stored for identifier: [ARK2N]
-warning, no gene stored for identifier: [MRGPRX12P]
-warning, no gene stored for identifier: [ATF7-NPFF]
-warning, no gene stored for identifier: [RPL18P8]
-warning, no gene stored for identifier: [DUS4L-BCAP29]
-warning, no gene stored for identifier: [LOC101928516]
-warning, no gene stored for identifier: [BLTP2]
-warning, no gene stored for identifier: [RPS8P8]
-warning, no gene stored for identifier: [AC124852.1]
-warning, no gene stored for identifier: [RPL7AP48]
-warning, no gene stored for identifier: [GFOD3P]
-warning, no gene stored for identifier: [AC027251.1]
-warning, no gene stored for identifier: [GUSBP16]
-warning, no gene stored for identifier: [LOC101930090]
-warning, no gene stored for identifier: [BLTP1]
-warning, no gene stored for identifier: [LOC100505985]
-warning, no gene stored for identifier: [WAKMAR2]
-warning, no gene stored for identifier: [AC012325.1]
-warning, no gene stored for identifier: [FP671120.12]
-warning, no gene stored for identifier: [LOC105375387]
-warning, no gene stored for identifier: [RPL37P9]
-warning, no gene stored for identifier: [FP325317.2]
-warning, no gene stored for identifier: [FP671120.8]
-warning, no gene stored for identifier: [CFAP418-AS1]
-warning, no gene stored for identifier: [LOC105372522]
-warning, no gene stored for identifier: [NAIPP3]
-warning, no gene stored for identifier: [HCCS-DT]
-warning, no gene stored for identifier: [EEIG2]
-warning, no gene stored for identifier: [IGH@-ext]
-warning, no gene stored for identifier: [AC116362.1]
-warning, no gene stored for identifier: [HYCC1]
-warning, no gene stored for identifier: [AC118344.4]
-warning, no gene stored for identifier: [GASK1B-AS1]
-warning, no gene stored for identifier: [AC232271.3]
-warning, no gene stored for identifier: [KRBOX5]
-warning, no gene stored for identifier: [PEDS1]
-warning, no gene stored for identifier: [LINC02795]
-warning, no gene stored for identifier: [LINC02899]
-warning, no gene stored for identifier: [LINC02981]
-warning, no gene stored for identifier: [LINC03048]
-warning, no gene stored for identifier: [LINC03051]
-warning, no gene stored for identifier: [LOC100132280]
-warning, no gene stored for identifier: [TBC1D7-LOC100130357]
-warning, no gene stored for identifier: [LOC100505555]
-warning, no gene stored for identifier: [LOC101927446]
-warning, no gene stored for identifier: [LOC102723370]
-warning, no gene stored for identifier: [LOC101929710]
-warning, no gene stored for identifier: [LOC101930100]
-warning, no gene stored for identifier: [LOC101930112]
-warning, no gene stored for identifier: [LOC124904613]
-warning, no gene stored for identifier: [MMADHC-DT]
-warning, no gene stored for identifier: [ARHGAP44-AS1]
-warning, no gene stored for identifier: [AC069288.1]
-warning, no gene stored for identifier: [LOC102724642]
-warning, no gene stored for identifier: [AC093866.1]
-warning, no gene stored for identifier: [AC104689.2]
-warning, no gene stored for identifier: [MTNAP1]
-warning, no gene stored for identifier: [MTRFR]
-warning, no gene stored for identifier: [LOC100420981]
-warning, no gene stored for identifier: [LINC02848]
-warning, no gene stored for identifier: [AC242842.3]
-warning, no gene stored for identifier: [AC027290.3]
-warning, no gene stored for identifier: [AL441992.3]
-warning, no gene stored for identifier: [PALS2]
-warning, no gene stored for identifier: [LOC105375751]
-warning, no gene stored for identifier: [PALS1]
-warning, no gene stored for identifier: [PARP11-AS1]
-warning, no gene stored for identifier: [LINC02930]
-warning, no gene stored for identifier: [BLTP3B]
-warning, no gene stored for identifier: [POLR2J3-UPK3BL2]
-warning, no gene stored for identifier: [AC131956.3]
-warning, no gene stored for identifier: [NALF1]
-warning, no gene stored for identifier: [AC124864.3]
-warning, no gene stored for identifier: [AC091390.5]
-warning, no gene stored for identifier: [LOC127814297]
-warning, no gene stored for identifier: [LOC100506274]
-warning, no gene stored for identifier: [LOC124900174]
-warning, no gene stored for identifier: [AC025178.2]
-warning, no gene stored for identifier: [LOC105369147]
-warning, no gene stored for identifier: [SLC35D2-HSD17B3]
-warning, no gene stored for identifier: [SLX9]
-warning, no gene stored for identifier: [AL627171.4]
-warning, no gene stored for identifier: [LOC124900430]
-warning, no gene stored for identifier: [AP000428.2]
-warning, no gene stored for identifier: [AC109472.1]
-warning, no gene stored for identifier: [LOC100506207]
-warning, no gene stored for identifier: [RAB17-DT]
-warning, no gene stored for identifier: [AF196969.1]
-warning, no gene stored for identifier: [LOC100130268]
-warning, no gene stored for identifier: [LOC105372188]
-warning, no gene stored for identifier: [TFIP11-DT]
-warning, no gene stored for identifier: [TRAPPC14]
-warning, no gene stored for identifier: [CFAP276]
-warning, no gene stored for identifier: [AL021155.4]
-warning, no gene stored for identifier: [AC135166.1]
-warning, no gene stored for identifier: [LOC101928475]
-warning, no gene stored for identifier: [BX842570.1]
-warning, no gene stored for identifier: [ZFHX3-AS1]
-warning, no gene stored for identifier: [TCF12-DT]
-warning, no gene stored for identifier: [AC106741.2]
-warning, no gene stored for identifier: [ZNG1B]
-warning, no gene stored for identifier: [ZNG1F]
Adding FusionAnnotator database hits to final.cluster.CANCER_FUSIONS file
no benchmarking performed
Done
End at Wed Oct 9 05:22:20 UTC 2024 -----------
