Start at Wed Oct 9 05:57:46 UTC 2024 -----------
Generating output in /MetaFusion/RUNS_Results/RNA_phs003284
mkdir: cannot create directory '/MetaFusion/RUNS_Results/RNA_phs003284': File exists
Rename cff
python rename_cff_file_genes.MetaFusion.py /MetaFusion/RUNS_Results/RNA_phs003284/RNA_phs003284.cff.reformat /MetaFusion/reference_files/Homo_sapiens.gene_info > /MetaFusion/RUNS_Results/RNA_phs003284/RNA_phs003284.cff.reformat.renamed
Annotate cff, extract sequence surrounding breakpoint
3186995 annotations from /MetaFusion/reference_files/hg38_gene.bed loaded.
16.6507899761 sec. elapsed.
Warning: Input gene annotations include multiple chr, strand, or regions (5Mb away). Skipping current gene annotation.
[('LINC00102', 'chrX', 'r'), ('LINC00102', 'chrY', 'r')]
Warning: Input gene annotations include multiple chr, strand, or regions (5Mb away). Skipping current gene annotation.
[('SNORD42', 'chr22', 'r'), ('SNORD42', 'chr4', 'r')]
Warning: Input gene annotations include multiple chr, strand, or regions (5Mb away). Skipping current gene annotation.
[('CD99P1', 'chrX', 'f'), ('CD99P1', 'chrY', 'f')]
Warning: Input gene annotations include multiple chr, strand, or regions (5Mb away). Skipping current gene annotation.
[('TNFRSF10A-DT', 'chr8', 'f'), ('TNFRSF10A-DT', 'chr8', 'r')]
Warning: Input gene annotations include multiple chr, strand, or regions (5Mb away). Skipping current gene annotation.
[('TRPC6P1', 'chrX', 'r'), ('TRPC6P1', 'chrY', 'r')]
Warning: Input gene annotations include multiple chr, strand, or regions (5Mb away). Skipping current gene annotation.
[('7SK', 'chr1', 'r'), ('7SK', 'chr1', 'f'), ('7SK', 'chr11', 'f'), ('7SK', 'chr17', 'f'), ('7SK', 'chr3', 'r'), ('7SK', 'chr6', 'f')]
Warning: Input gene annotations include multiple chr, strand, or regions (5Mb away). Skipping current gene annotation.
[('Y_RNA', 'chr1', 'r'), ('Y_RNA', 'chr1', 'f'), ('Y_RNA', 'chr10', 'r'), ('Y_RNA', 'chr10', 'f'), ('Y_RNA', 'chr11', 'f'), ('Y_RNA', 'chr11', 'r'), ('Y_RNA', 'chr12', 'r'), ('Y_RNA', 'chr12', 'f'), ('Y_RNA', 'chr13', 'f'), ('Y_RNA', 'chr14', 'f'), ('Y_RNA', 'chr14', 'r'), ('Y_RNA', 'chr15', 'f'), ('Y_RNA', 'chr15', 'r'), ('Y_RNA', 'chr16', 'f'), ('Y_RNA', 'chr16', 'r'), ('Y_RNA', 'chr17', 'f'), ('Y_RNA', 'chr17', 'r'), ('Y_RNA', 'chr18', 'f'), ('Y_RNA', 'chr18', 'r'), ('Y_RNA', 'chr19', 'r'), ('Y_RNA', 'chr19', 'f'), ('Y_RNA', 'chr2', 'f'), ('Y_RNA', 'chr2', 'r'), ('Y_RNA', 'chr20', 'f'), ('Y_RNA', 'chr20', 'r'), ('Y_RNA', 'chr21', 'f'), ('Y_RNA', 'chr21', 'r'), ('Y_RNA', 'chr22', 'f'), ('Y_RNA', 'chr22', 'r'), ('Y_RNA', 'chr3', 'r'), ('Y_RNA', 'chr3', 'f'), ('Y_RNA', 'chr4', 'r'), ('Y_RNA', 'chr4', 'f'), ('Y_RNA', 'chr5', 'r'), ('Y_RNA', 'chr5', 'f'), ('Y_RNA', 'chr6', 'r'), ('Y_RNA', 'chr6', 'f'), ('Y_RNA', 'chr7', 'r'), ('Y_RNA', 'chr7', 'f'), ('Y_RNA', 'chr8', 'f'), ('Y_RNA', 'chr8', 'r'), ('Y_RNA', 'chr9', 'f'), ('Y_RNA', 'chr9', 'r'), ('Y_RNA', 'chrX', 'r'), ('Y_RNA', 'chrX', 'f'), ('Y_RNA', 'chrY', 'f')]
Warning: Input gene annotations include multiple chr, strand, or regions (5Mb away). Skipping current gene annotation.
[('WASIR1', 'chrX', 'r'), ('WASIR1', 'chrY', 'r')]
Warning: Input gene annotations include multiple chr, strand, or regions (5Mb away). Skipping current gene annotation.
[('U8', 'chr1', 'f'), ('U8', 'chr10', 'r'), ('U8', 'chr10', 'f'), ('U8', 'chr11', 'f'), ('U8', 'chr12', 'r'), ('U8', 'chr12', 'f'), ('U8', 'chr15', 'f'), ('U8', 'chr15', 'r'), ('U8', 'chr18', 'r'), ('U8', 'chr2', 'r'), ('U8', 'chr2', 'f'), ('U8', 'chr3', 'r'), ('U8', 'chr3', 'f'), ('U8', 'chr5', 'r'), ('U8', 'chr5', 'f'), ('U8', 'chr6', 'r'), ('U8', 'chr8', 'r'), ('U8', 'chr9', 'f')]
Warning: Input gene annotations include multiple chr, strand, or regions (5Mb away). Skipping current gene annotation.
[('U4', 'chr1', 'r'), ('U4', 'chr1', 'f'), ('U4', 'chr11', 'r'), ('U4', 'chr2', 'f'), ('U4', 'chr5', 'r'), ('U4', 'chr6', 'f'), ('U4', 'chr8', 'r')]
Warning: Input gene annotations include multiple chr, strand, or regions (5Mb away). Skipping current gene annotation.
[('U7', 'chr1', 'f'), ('U7', 'chr12', 'r'), ('U7', 'chr15', 'f'), ('U7', 'chr16', 'r'), ('U7', 'chr22', 'r'), ('U7', 'chr3', 'f'), ('U7', 'chrX', 'f')]
Warning: Input gene annotations include multiple chr, strand, or regions (5Mb away). Skipping current gene annotation.
[('U6', 'chr1', 'r'), ('U6', 'chr1', 'f'), ('U6', 'chr10', 'f'), ('U6', 'chr11', 'r'), ('U6', 'chr11', 'f'), ('U6', 'chr12', 'f'), ('U6', 'chr12', 'r'), ('U6', 'chr13', 'f'), ('U6', 'chr14', 'r'), ('U6', 'chr15', 'r'), ('U6', 'chr15', 'f'), ('U6', 'chr16', 'f'), ('U6', 'chr17', 'r'), ('U6', 'chr2', 'f'), ('U6', 'chr2', 'r'), ('U6', 'chr20', 'r'), ('U6', 'chr21', 'f'), ('U6', 'chr22', 'f'), ('U6', 'chr3', 'f'), ('U6', 'chr4', 'f'), ('U6', 'chr4', 'r'), ('U6', 'chr9', 'f'), ('U6', 'chrX', 'f')]
Warning: Input gene annotations include multiple chr, strand, or regions (5Mb away). Skipping current gene annotation.
[('U1', 'chr1', 'f'), ('U1', 'chr1', 'r'), ('U1', 'chr21', 'f')]
Warning: Input gene annotations include multiple chr, strand, or regions (5Mb away). Skipping current gene annotation.
[('U3', 'chr1', 'f'), ('U3', 'chr1', 'r'), ('U3', 'chr10', 'f'), ('U3', 'chr10', 'r'), ('U3', 'chr11', 'f'), ('U3', 'chr14', 'r'), ('U3', 'chr15', 'f'), ('U3', 'chr15', 'r'), ('U3', 'chr17', 'r'), ('U3', 'chr17', 'f'), ('U3', 'chr18', 'f'), ('U3', 'chr18', 'r'), ('U3', 'chr19', 'r'), ('U3', 'chr2', 'f'), ('U3', 'chr2', 'r'), ('U3', 'chr20', 'f'), ('U3', 'chr20', 'r'), ('U3', 'chr21', 'r'), ('U3', 'chr3', 'r'), ('U3', 'chr3', 'f'), ('U3', 'chr4', 'f'), ('U3', 'chr5', 'f'), ('U3', 'chr5', 'r'), ('U3', 'chr6', 'f'), ('U3', 'chr6', 'r'), ('U3', 'chr7', 'f'), ('U3', 'chr7', 'r'), ('U3', 'chr8', 'f'), ('U3', 'chr8', 'r'), ('U3', 'chrX', 'f'), ('U3', 'chrX', 'r')]
Warning: Input gene annotations include multiple chr, strand, or regions (5Mb away). Skipping current gene annotation.
[('U2', 'chr1', 'f'), ('U2', 'chr14', 'r'), ('U2', 'chr17', 'r'), ('U2', 'chr22', 'r'), ('U2', 'chr3', 'f'), ('U2', 'chr4', 'f'), ('U2', 'chr8', 'r'), ('U2', 'chr9', 'f')]
Warning: Input gene annotations include multiple chr, strand, or regions (5Mb away). Skipping current gene annotation.
[('MIR6089', 'chrX', 'f'), ('MIR6089', 'chrY', 'f')]
Warning: Input gene annotations include multiple chr, strand, or regions (5Mb away). Skipping current gene annotation.
[('IL3RA', 'chrX', 'f'), ('IL3RA', 'chrY', 'f')]
Warning: Input gene annotations include multiple chr, strand, or regions (5Mb away). Skipping current gene annotation.
[('GTPBP6', 'chrX', 'r'), ('GTPBP6', 'chrY', 'r')]
Warning: Input gene annotations include multiple chr, strand, or regions (5Mb away). Skipping current gene annotation.
[('SNORD18', 'chr15', 'r'), ('SNORD18', 'chr2', 'r')]
Warning: Input gene annotations include multiple chr, strand, or regions (5Mb away). Skipping current gene annotation.
[('LSP1P5', 'chr1', 'f'), ('LSP1P5', 'chr2', 'r')]
Warning: Input gene annotations include multiple chr, strand, or regions (5Mb away). Skipping current gene annotation.
[('ELOCP24', 'chrX', 'r'), ('ELOCP24', 'chrY', 'r')]
Warning: Input gene annotations include multiple chr, strand, or regions (5Mb away). Skipping current gene annotation.
[('Vault', 'chr17', 'f'), ('Vault', 'chr17', 'r'), ('Vault', 'chr2', 'r'), ('Vault', 'chr5', 'r')]
Warning: Input gene annotations include multiple chr, strand, or regions (5Mb away). Skipping current gene annotation.
[('LINC03025', 'chr9', 'r'), ('LINC03025', 'chr9', 'f')]
Warning: Input gene annotations include multiple chr, strand, or regions (5Mb away). Skipping current gene annotation.
[('5S_rRNA', 'chr1', 'r'), ('5S_rRNA', 'chr16', 'r'), ('5S_rRNA', 'chr17', 'r'), ('5S_rRNA', 'chr19', 'r'), ('5S_rRNA', 'chr2', 'r'), ('5S_rRNA', 'chr2', 'f'), ('5S_rRNA', 'chr6', 'r'), ('5S_rRNA', 'chr7', 'r'), ('5S_rRNA', 'chrX', 'f')]
Warning: Input gene annotations include multiple chr, strand, or regions (5Mb away). Skipping current gene annotation.
[('WASH6P', 'chrX', 'f'), ('WASH6P', 'chrY', 'f')]
Warning: Input gene annotations include multiple chr, strand, or regions (5Mb away). Skipping current gene annotation.
[('LINC01238', 'chr2', 'f'), ('LINC01238', 'chr2', 'r')]
Warning: Input gene annotations include multiple chr, strand, or regions (5Mb away). Skipping current gene annotation.
[('MIR3690', 'chrX', 'f'), ('MIR3690', 'chrY', 'f')]
Warning: Input gene annotations include multiple chr, strand, or regions (5Mb away). Skipping current gene annotation.
[('HERC2P7', 'chr15', 'r'), ('HERC2P7', 'chr15', 'f')]
Warning: Input gene annotations include multiple chr, strand, or regions (5Mb away). Skipping current gene annotation.
[('CTSLP2', 'chr10', 'f'), ('CTSLP2', 'chr10', 'r')]
Warning: Input gene annotations include multiple chr, strand, or regions (5Mb away). Skipping current gene annotation.
[('SNORA62', 'chr1', 'f'), ('SNORA62', 'chr11', 'f'), ('SNORA62', 'chr16', 'r'), ('SNORA62', 'chr21', 'f'), ('SNORA62', 'chr3', 'f'), ('SNORA62', 'chr4', 'f'), ('SNORA62', 'chr8', 'f')]
Warning: Input gene annotations include multiple chr, strand, or regions (5Mb away). Skipping current gene annotation.
[('SNORA63', 'chr1', 'f'), ('SNORA63', 'chr1', 'r'), ('SNORA63', 'chr15', 'r'), ('SNORA63', 'chr3', 'f'), ('SNORA63', 'chr4', 'f'), ('SNORA63', 'chr5', 'f'), ('SNORA63', 'chr7', 'r')]
Warning: Input gene annotations include multiple chr, strand, or regions (5Mb away). Skipping current gene annotation.
[('SNORD116', 'chr1', 'r'), ('SNORD116', 'chr13', 'r'), ('SNORD116', 'chr9', 'f')]
Warning: Input gene annotations include multiple chr, strand, or regions (5Mb away). Skipping current gene annotation.
[('SNORD63', 'chr17', 'r'), ('SNORD63', 'chr3', 'r'), ('SNORD63', 'chr5', 'r')]
Warning: Input gene annotations include multiple chr, strand, or regions (5Mb away). Skipping current gene annotation.
[('KMT2CP1', 'chr1', 'r'), ('KMT2CP1', 'chr1', 'f')]
Warning: Input gene annotations include multiple chr, strand, or regions (5Mb away). Skipping current gene annotation.
[('SHOX', 'chrX', 'f'), ('SHOX', 'chrY', 'f')]
Warning: Input gene annotations include multiple chr, strand, or regions (5Mb away). Skipping current gene annotation.
[('RPL23AP7', 'chr2', 'r'), ('RPL23AP7', 'chr22', 'f')]
Warning: Input gene annotations include multiple chr, strand, or regions (5Mb away). Skipping current gene annotation.
[('DHRSX-IT1', 'chrX', 'r'), ('DHRSX-IT1', 'chrY', 'r')]
Warning: Input gene annotations include multiple chr, strand, or regions (5Mb away). Skipping current gene annotation.
[('SNORD39', 'chr11', 'r'), ('SNORD39', 'chr2', 'f'), ('SNORD39', 'chr4', 'r'), ('SNORD39', 'chr9', 'r')]
Warning: Input gene annotations include multiple chr, strand, or regions (5Mb away). Skipping current gene annotation.
[('ZBED1', 'chrX', 'r'), ('ZBED1', 'chrY', 'r')]
Warning: Input gene annotations include multiple chr, strand, or regions (5Mb away). Skipping current gene annotation.
[('ASMTL-AS1', 'chrX', 'f'), ('ASMTL-AS1', 'chrY', 'f')]
Warning: Input gene annotations include multiple chr, strand, or regions (5Mb away). Skipping current gene annotation.
[('SNORD30', 'chr11', 'r'), ('SNORD30', 'chrX', 'f')]
Warning: Input gene annotations include multiple chr, strand, or regions (5Mb away). Skipping current gene annotation.
[('ASMTL', 'chrX', 'r'), ('ASMTL', 'chrY', 'r')]
Warning: Input gene annotations include multiple chr, strand, or regions (5Mb away). Skipping current gene annotation.
[('FABP5P13', 'chrX', 'r'), ('FABP5P13', 'chrY', 'r')]
Warning: Input gene annotations include multiple chr, strand, or regions (5Mb away). Skipping current gene annotation.
[('CD99', 'chrX', 'f'), ('CD99', 'chrY', 'f')]
Warning: Input gene annotations include multiple chr, strand, or regions (5Mb away). Skipping current gene annotation.
[('DHRSX', 'chrX', 'r'), ('DHRSX', 'chrY', 'r')]
Warning: Input gene annotations include multiple chr, strand, or regions (5Mb away). Skipping current gene annotation.
[('SNORD33', 'chr16', 'r'), ('SNORD33', 'chr19', 'f')]
Warning: Input gene annotations include multiple chr, strand, or regions (5Mb away). Skipping current gene annotation.
[('NPIPA9', 'chr16', 'f'), ('NPIPA9', 'chr16', 'r')]
Warning: Input gene annotations include multiple chr, strand, or regions (5Mb away). Skipping current gene annotation.
[('SNORD81', 'chr1', 'f'), ('SNORD81', 'chr5', 'f'), ('SNORD81', 'chr7', 'f')]
Warning: Input gene annotations include multiple chr, strand, or regions (5Mb away). Skipping current gene annotation.
[('PLCXD1', 'chrX', 'f'), ('PLCXD1', 'chrY', 'f')]
Warning: Input gene annotations include multiple chr, strand, or regions (5Mb away). Skipping current gene annotation.
[('RNA5SP498', 'chrX', 'r'), ('RNA5SP498', 'chrY', 'r')]
Warning: Input gene annotations include multiple chr, strand, or regions (5Mb away). Skipping current gene annotation.
[('Metazoa_SRP', 'chr1', 'f'), ('Metazoa_SRP', 'chr1', 'r'), ('Metazoa_SRP', 'chr10', 'f'), ('Metazoa_SRP', 'chr10', 'r'), ('Metazoa_SRP', 'chr11', 'r'), ('Metazoa_SRP', 'chr11', 'f'), ('Metazoa_SRP', 'chr12', 'f'), ('Metazoa_SRP', 'chr12', 'r'), ('Metazoa_SRP', 'chr13', 'r'), ('Metazoa_SRP', 'chr13', 'f'), ('Metazoa_SRP', 'chr14', 'r'), ('Metazoa_SRP', 'chr14', 'f'), ('Metazoa_SRP', 'chr15', 'r'), ('Metazoa_SRP', 'chr15', 'f'), ('Metazoa_SRP', 'chr16', 'f'), ('Metazoa_SRP', 'chr16', 'r'), ('Metazoa_SRP', 'chr17', 'r'), ('Metazoa_SRP', 'chr17', 'f'), ('Metazoa_SRP', 'chr18', 'r'), ('Metazoa_SRP', 'chr19', 'f'), ('Metazoa_SRP', 'chr19', 'r'), ('Metazoa_SRP', 'chr2', 'f'), ('Metazoa_SRP', 'chr2', 'r'), ('Metazoa_SRP', 'chr20', 'f'), ('Metazoa_SRP', 'chr20', 'r'), ('Metazoa_SRP', 'chr22', 'f'), ('Metazoa_SRP', 'chr22', 'r'), ('Metazoa_SRP', 'chr3', 'r'), ('Metazoa_SRP', 'chr3', 'f'), ('Metazoa_SRP', 'chr4', 'r'), ('Metazoa_SRP', 'chr4', 'f'), ('Metazoa_SRP', 'chr5', 'f'), ('Metazoa_SRP', 'chr5', 'r'), ('Metazoa_SRP', 'chr6', 'f'), ('Metazoa_SRP', 'chr6', 'r'), ('Metazoa_SRP', 'chr7', 'f'), ('Metazoa_SRP', 'chr7', 'r'), ('Metazoa_SRP', 'chr8', 'f'), ('Metazoa_SRP', 'chr8', 'r'), ('Metazoa_SRP', 'chr9', 'f'), ('Metazoa_SRP', 'chr9', 'r'), ('Metazoa_SRP', 'chrX', 'r'), ('Metazoa_SRP', 'chrX', 'f'), ('Metazoa_SRP', 'chrY', 'r')]
Warning: Input gene annotations include multiple chr, strand, or regions (5Mb away). Skipping current gene annotation.
[('CSF2RA', 'chrX', 'f'), ('CSF2RA', 'chrY', 'f')]
Warning: Input gene annotations include multiple chr, strand, or regions (5Mb away). Skipping current gene annotation.
[('PPP2R3B', 'chrX', 'r'), ('PPP2R3B', 'chrY', 'r')]
Warning: Input gene annotations include multiple chr, strand, or regions (5Mb away). Skipping current gene annotation.
[('DPH3P2', 'chrX', 'f'), ('DPH3P2', 'chrY', 'f')]
Warning: Input gene annotations include multiple chr, strand, or regions (5Mb away). Skipping current gene annotation.
[('ASMT', 'chrX', 'f'), ('ASMT', 'chrY', 'f')]
Warning: Input gene annotations include multiple chr, strand, or regions (5Mb away). Skipping current gene annotation.
[('IL9R', 'chrX', 'f'), ('IL9R', 'chrY', 'f')]
Warning: Input gene annotations include multiple chr, strand, or regions (5Mb away). Skipping current gene annotation.
[('VAMP7', 'chrX', 'f'), ('VAMP7', 'chrY', 'f')]
Warning: Input gene annotations include multiple chr, strand, or regions (5Mb away). Skipping current gene annotation.
[('LINC02968', 'chrX', 'f'), ('LINC02968', 'chrY', 'f')]
Warning: Input gene annotations include multiple chr, strand, or regions (5Mb away). Skipping current gene annotation.
[('SNORA75', 'chr12', 'r'), ('SNORA75', 'chr12', 'f'), ('SNORA75', 'chr16', 'f'), ('SNORA75', 'chr2', 'r'), ('SNORA75', 'chr4', 'f')]
Warning: Input gene annotations include multiple chr, strand, or regions (5Mb away). Skipping current gene annotation.
[('SNORA74', 'chr12', 'r'), ('SNORA74', 'chr17', 'f'), ('SNORA74', 'chr2', 'f')]
Warning: Input gene annotations include multiple chr, strand, or regions (5Mb away). Skipping current gene annotation.
[('SNORA73', 'chr18', 'f'), ('SNORA73', 'chr18', 'r'), ('SNORA73', 'chr6', 'r')]
Warning: Input gene annotations include multiple chr, strand, or regions (5Mb away). Skipping current gene annotation.
[('SNORA72', 'chr1', 'r'), ('SNORA72', 'chr1', 'f'), ('SNORA72', 'chr2', 'f'), ('SNORA72', 'chr3', 'f'), ('SNORA72', 'chr3', 'r'), ('SNORA72', 'chr8', 'r')]
Warning: Input gene annotations include multiple chr, strand, or regions (5Mb away). Skipping current gene annotation.
[('SNORA71', 'chr10', 'f'), ('SNORA71', 'chr20', 'r'), ('SNORA71', 'chr20', 'f')]
Warning: Input gene annotations include multiple chr, strand, or regions (5Mb away). Skipping current gene annotation.
[('SNORA70', 'chr1', 'r'), ('SNORA70', 'chr12', 'r'), ('SNORA70', 'chr12', 'f'), ('SNORA70', 'chr14', 'f'), ('SNORA70', 'chr16', 'r'), ('SNORA70', 'chr17', 'r'), ('SNORA70', 'chr17', 'f'), ('SNORA70', 'chr18', 'r'), ('SNORA70', 'chr19', 'f'), ('SNORA70', 'chr21', 'f'), ('SNORA70', 'chr21', 'r'), ('SNORA70', 'chr3', 'f'), ('SNORA70', 'chr4', 'f'), ('SNORA70', 'chr5', 'f'), ('SNORA70', 'chr6', 'f'), ('SNORA70', 'chr8', 'r'), ('SNORA70', 'chr8', 'f'), ('SNORA70', 'chr9', 'f'), ('SNORA70', 'chr9', 'r'), ('SNORA70', 'chrX', 'f'), ('SNORA70', 'chrY', 'r'), ('SNORA70', 'chrY', 'f')]
Warning: Input gene annotations include multiple chr, strand, or regions (5Mb away). Skipping current gene annotation.
[('AMD1P2', 'chrX', 'r'), ('AMD1P2', 'chrY', 'r')]
Warning: Input gene annotations include multiple chr, strand, or regions (5Mb away). Skipping current gene annotation.
[('CRLF2', 'chrX', 'r'), ('CRLF2', 'chrY', 'r')]
Warning: Input gene annotations include multiple chr, strand, or regions (5Mb away). Skipping current gene annotation.
[('SNORD115', 'chr10', 'f'), ('SNORD115', 'chr15', 'f')]
Warning: Input gene annotations include multiple chr, strand, or regions (5Mb away). Skipping current gene annotation.
[('AKAP17A', 'chrX', 'f'), ('AKAP17A', 'chrY', 'f')]
Warning: Input gene annotations include multiple chr, strand, or regions (5Mb away). Skipping current gene annotation.
[('SNORD27', 'chr11', 'r'), ('SNORD27', 'chr13', 'r')]
Warning: Input gene annotations include multiple chr, strand, or regions (5Mb away). Skipping current gene annotation.
[('P2RY8', 'chrX', 'r'), ('P2RY8', 'chrY', 'r')]
Warning: Input gene annotations include multiple chr, strand, or regions (5Mb away). Skipping current gene annotation.
[('NPEPPSP1', 'chr17', 'f'), ('NPEPPSP1', 'chr17', 'r')]
Warning: Input gene annotations include multiple chr, strand, or regions (5Mb away). Skipping current gene annotation.
[('LINC00685', 'chrX', 'f'), ('LINC00685', 'chrY', 'f')]
Warning: Input gene annotations include multiple chr, strand, or regions (5Mb away). Skipping current gene annotation.
[('DDX11L2', 'chr1', 'f'), ('DDX11L2', 'chr2', 'r')]
Warning: Input gene annotations include multiple chr, strand, or regions (5Mb away). Skipping current gene annotation.
[('GABARAPL3', 'chr15', 'f'), ('GABARAPL3', 'chr15', 'r')]
Warning: Input gene annotations include multiple chr, strand, or regions (5Mb away). Skipping current gene annotation.
[('LINC02256', 'chr15', 'r'), ('LINC02256', 'chr15', 'f')]
Warning: Input gene annotations include multiple chr, strand, or regions (5Mb away). Skipping current gene annotation.
[('5_8S_rRNA', 'chr14', 'f'), ('5_8S_rRNA', 'chr20', 'r'), ('5_8S_rRNA', 'chr21', 'f'), ('5_8S_rRNA', 'chr22', 'r')]
Warning: Input gene annotations include multiple chr, strand, or regions (5Mb away). Skipping current gene annotation.
[('RPL14P5', 'chrX', 'r'), ('RPL14P5', 'chrY', 'r')]
Warning: Input gene annotations include multiple chr, strand, or regions (5Mb away). Skipping current gene annotation.
[('LINC00106', 'chrX', 'f'), ('LINC00106', 'chrY', 'f')]
Warning: Input gene annotations include multiple chr, strand, or regions (5Mb away). Skipping current gene annotation.
[('ANKRD20A5P', 'chr18', 'f'), ('ANKRD20A5P', 'chr9', 'f')]
Warning: Input gene annotations include multiple chr, strand, or regions (5Mb away). Skipping current gene annotation.
[('SLC25A6', 'chrX', 'r'), ('SLC25A6', 'chrY', 'r')]
Warning: Input gene annotations include multiple chr, strand, or regions (5Mb away). Skipping current gene annotation.
[('KRT18P53', 'chrX', 'r'), ('KRT18P53', 'chrY', 'r')]
Warning: Input gene annotations include multiple chr, strand, or regions (5Mb away). Skipping current gene annotation.
[('DDX11L16', 'chr15', 'r'), ('DDX11L16', 'chr16', 'f'), ('DDX11L16', 'chrX', 'r'), ('DDX11L16', 'chrY', 'r')]
Gene intervals loaded.
18.7940180302 sec. elapsed.
Transcript annotations loaded.
12.5070750713 sec. elapsed.
Warnning: gene name LOC124905067 is not in current annotation.
Warnning: gene name LOC124905067 is not in current annotation.
Warnning: gene name AL354811.2 is not in current annotation.
Warnning: gene name AL354811.1 is not in current annotation.
Warnning: gene name AL354811.2,AL354811.1 is not in current annotation.
Warnning: gene name LOC124900463 is not in current annotation.
Warnning: gene name LOC124900463 is not in current annotation.
Warnning: gene name AP005139.1 is not in current annotation.
Warnning: gene name AP005229.1 is not in current annotation.
Warnning: gene name AP005139.1,AP005229.1 is not in current annotation.
Warnning: gene name AC016629.2 is not in current annotation.
Warnning: gene name AC016629.2 is not in current annotation.
Warnning: gene name AC016629.3 is not in current annotation.
Warnning: gene name AC016629.3 is not in current annotation.
Warnning: gene name AL354811.2 is not in current annotation.
Warnning: gene name AL354811.1 is not in current annotation.
Warnning: gene name AL354811.2,AL354811.1 is not in current annotation.
Warnning: gene name AC016168.4 is not in current annotation.
Warnning: gene name AC016168.3 is not in current annotation.
Warnning: gene name AC016168.4,AC016168.3 is not in current annotation.
Warnning: gene name LOC100420321 is not in current annotation.
Warnning: gene name LOC100420321 is not in current annotation.
Warnning: gene name AC092506.1 is not in current annotation.
Warnning: gene name AL591888.1 is not in current annotation.
Warnning: gene name AC092506.1,AL591888.1 is not in current annotation.
Warnning: gene name AL162291.1 is not in current annotation.
Warnning: gene name AL354984.1 is not in current annotation.
Warnning: gene name AL162291.1,AL354984.1 is not in current annotation.
Warnning: gene name AC134878.2 is not in current annotation.
Warnning: gene name AC134878.2 is not in current annotation.
Warnning: gene name LOC107987108 is not in current annotation.
Warnning: gene name LOC107987108 is not in current annotation.
Warnning: gene name MSANTD3-TMEFF1 is not in current annotation.
Warnning: gene name LOC107987108 is not in current annotation.
Warnning: gene name MSANTD3-TMEFF1 is not in current annotation.
Warnning: gene name LOC107987108 is not in current annotation.
Warnning: gene name AC073592.4 is not in current annotation.
Warnning: gene name AC073593.1 is not in current annotation.
Warnning: gene name AC073592.4,AC073593.1 is not in current annotation.
Warnning: gene name AC062004.1 is not in current annotation.
Warnning: gene name AC084706.1 is not in current annotation.
Warnning: gene name AC062004.1,AC084706.1 is not in current annotation.
Warnning: gene name AC007568.1 is not in current annotation.
Warnning: gene name AC003084.1 is not in current annotation.
Warnning: gene name AC007568.1,AC003084.1 is not in current annotation.
Warnning: gene name CACNA1C-IT2 is not in current annotation.
Warnning: gene name CACNA1C-IT2 is not in current annotation.
Warnning: gene name AC068688.1 is not in current annotation.
Warnning: gene name AC079052.1 is not in current annotation.
Warnning: gene name AC068688.1,AC079052.1 is not in current annotation.
Warnning: gene name IGHJ4 is not in current annotation.
Warnning: gene name IGHJ4 is not in current annotation.
Warnning: gene name AL354897.1 is not in current annotation.
Warnning: gene name AL354897.2 is not in current annotation.
Warnning: gene name AL354897.1,AL354897.2 is not in current annotation.
Warnning: gene name AC135731.2 is not in current annotation.
Warnning: gene name AC019322.6 is not in current annotation.
Warnning: gene name AC135731.2,AC019322.6 is not in current annotation.
Warnning: gene name AC009779.6 is not in current annotation.
Warnning: gene name AC009779.6 is not in current annotation.
Warnning: gene name AC106868.1 is not in current annotation.
Warnning: gene name AC098595.1 is not in current annotation.
Warnning: gene name AC106868.1,AC098595.1 is not in current annotation.
Warnning: gene name LOC124900885 is not in current annotation.
Warnning: gene name LOC124900885 is not in current annotation.
Warnning: gene name AC068944.1 is not in current annotation.
Warnning: gene name AC109349.1 is not in current annotation.
Warnning: gene name AC068944.1,AC109349.1 is not in current annotation.
Warnning: gene name AC025574.1 is not in current annotation.
Warnning: gene name AC024884.2 is not in current annotation.
Warnning: gene name AC025574.1,AC024884.2 is not in current annotation.
Warnning: gene name LOC124900893 is not in current annotation.
Warnning: gene name LOC124900893 is not in current annotation.
Warnning: gene name AC116611.1 is not in current annotation.
Warnning: gene name AC017013.1 is not in current annotation.
Warnning: gene name AC116611.1,AC017013.1 is not in current annotation.
Warnning: gene name AC106868.1 is not in current annotation.
Warnning: gene name AC098595.1 is not in current annotation.
Warnning: gene name AC106868.1,AC098595.1 is not in current annotation.
Warnning: gene name AC078815.1 is not in current annotation.
Warnning: gene name AC078815.1 is not in current annotation.
Warnning: gene name AC122685.1 is not in current annotation.
Warnning: gene name AC122685.1 is not in current annotation.
Warnning: gene name AC122685.1 is not in current annotation.
Warnning: gene name AC122685.1 is not in current annotation.
Warnning: gene name AC095057.3 is not in current annotation.
Warnning: gene name AC095057.4 is not in current annotation.
Warnning: gene name AC095057.3,AC095057.4 is not in current annotation.
Warnning: gene name LOC124900893 is not in current annotation.
Warnning: gene name LOC124900893 is not in current annotation.
Warnning: gene name AC009779.4 is not in current annotation.
Warnning: gene name AC009779.4 is not in current annotation.
Warnning: gene name LOC124900893 is not in current annotation.
Warnning: gene name LOC124900893 is not in current annotation.
Warnning: gene name RPS21-DT is not in current annotation.
Warnning: gene name RPS21-DT is not in current annotation.
Warnning: gene name CTB-1I21.1 is not in current annotation.
Warnning: gene name CTB-1I21.1 is not in current annotation.
Warnning: gene name AC005020.2 is not in current annotation.
Warnning: gene name CTB-1I21.1 is not in current annotation.
Warnning: gene name AC005020.2 is not in current annotation.
Warnning: gene name CTB-1I21.1 is not in current annotation.
Warnning: gene name AC079781.5 is not in current annotation.
Warnning: gene name AC079781.5 is not in current annotation.
Warnning: gene name FGFR3P3 is not in current annotation.
Warnning: gene name FGFR3P3 is not in current annotation.
Warnning: gene name AC027801.1 is not in current annotation.
Warnning: gene name AC027801.2 is not in current annotation.
Warnning: gene name AC027801.1,AC027801.2 is not in current annotation.
Warnning: gene name LOC107985953 is not in current annotation.
Warnning: gene name LOC107985953 is not in current annotation.
Warnning: gene name LOC110467520 is not in current annotation.
Warnning: gene name LOC110467520 is not in current annotation.
Warnning: gene name AC061709.2 is not in current annotation.
Warnning: gene name AC061709.1 is not in current annotation.
Warnning: gene name AC061709.2,AC061709.1 is not in current annotation.
Warnning: gene name AC090337.2 is not in current annotation.
Warnning: gene name AC026585.1 is not in current annotation.
Warnning: gene name AC090337.2,AC026585.1 is not in current annotation.
Warnning: gene name BX664718.1 is not in current annotation.
Warnning: gene name BX664718.1 is not in current annotation.
Warnning: gene name AC245297.4 is not in current annotation.
Warnning: gene name AC245297.4 is not in current annotation.
Warnning: gene name LOC110467520 is not in current annotation.
Warnning: gene name LOC110467520 is not in current annotation.
Warnning: gene name LOC107985953 is not in current annotation.
Warnning: gene name LOC107985953 is not in current annotation.
Warnning: gene name AC106053.1 is not in current annotation.
Warnning: gene name AC130814.1 is not in current annotation.
Warnning: gene name AC106053.1,AC130814.1 is not in current annotation.
Warnning: gene name AL136140.2 is not in current annotation.
Warnning: gene name AL133334.1 is not in current annotation.
Warnning: gene name AL136140.2,AL133334.1 is not in current annotation.
Warnning: gene name AL078621.4 is not in current annotation.
Warnning: gene name LOC124905166 is not in current annotation.
Warnning: gene name AL078621.4 is not in current annotation.
Warnning: gene name LOC124905166 is not in current annotation.
Warnning: gene name AL162291.1 is not in current annotation.
Warnning: gene name AL354984.1 is not in current annotation.
Warnning: gene name AL162291.1,AL354984.1 is not in current annotation.
Warnning: gene name AL136140.2 is not in current annotation.
Warnning: gene name AL133334.1 is not in current annotation.
Warnning: gene name AL136140.2,AL133334.1 is not in current annotation.
Warnning: gene name LOC102724701 is not in current annotation.
Warnning: gene name LOC102724701 is not in current annotation.
Warnning: gene name RPS15P8 is not in current annotation.
Warnning: gene name AC068875.1 is not in current annotation.
Warnning: gene name RPS15P8 is not in current annotation.
Warnning: gene name AC068875.1 is not in current annotation.
Warnning: gene name RPS15P8 is not in current annotation.
Warnning: gene name AC068875.1 is not in current annotation.
Warnning: gene name RPS15P8 is not in current annotation.
Warnning: gene name AC068875.1 is not in current annotation.
Warnning: gene name AC093673.2 is not in current annotation.
Warnning: gene name AC093673.1 is not in current annotation.
Warnning: gene name AC093673.2,AC093673.1 is not in current annotation.
Warnning: gene name AC009021.1 is not in current annotation.
Warnning: gene name AC130466.1 is not in current annotation.
Warnning: gene name AC009021.1,AC130466.1 is not in current annotation.
Warnning: gene name AC008443.4 is not in current annotation.
Warnning: gene name AC008443.9 is not in current annotation.
Warnning: gene name AC008443.4,AC008443.9 is not in current annotation.
Warnning: gene name AC119396.2 is not in current annotation.
Warnning: gene name AC119396.2 is not in current annotation.
Warnning: gene name IGKV2D-40 is not in current annotation.
Warnning: gene name IGKV2D-40 is not in current annotation.
Warnning: gene name IGKV2D-40 is not in current annotation.
Warnning: gene name IGKV2D-40 is not in current annotation.
Warnning: gene name THAP12P10 is not in current annotation.
Warnning: gene name THAP12P10 is not in current annotation.
Warnning: gene name THAP12P10 is not in current annotation.
Warnning: gene name THAP12P10 is not in current annotation.
Warnning: gene name AL109827.1 is not in current annotation.
Warnning: gene name THAP12P10 is not in current annotation.
Warnning: gene name AL109827.1 is not in current annotation.
Warnning: gene name THAP12P10 is not in current annotation.
Warnning: gene name MSL3B is not in current annotation.
Warnning: gene name MSL3B is not in current annotation.
Warnning: gene name AC103993.1 is not in current annotation.
Warnning: gene name AC046174.1 is not in current annotation.
Warnning: gene name AC103993.1,AC046174.1 is not in current annotation.
Warnning: gene name AL136102.1 is not in current annotation.
Warnning: gene name AL121888.2 is not in current annotation.
Warnning: gene name AL136102.1,AL121888.2 is not in current annotation.
Warnning: gene name AC103993.1 is not in current annotation.
Warnning: gene name AC046174.1 is not in current annotation.
Warnning: gene name AC103993.1,AC046174.1 is not in current annotation.
Warnning: gene name AL109827.1 is not in current annotation.
Warnning: gene name AL109827.1 is not in current annotation.
Warnning: gene name AC079395.2 is not in current annotation.
Warnning: gene name AC079395.1 is not in current annotation.
Warnning: gene name AC079395.2,AC079395.1 is not in current annotation.
Warnning: gene name C1QTNF3-AMACR is not in current annotation.
Warnning: gene name C1QTNF3-AMACR is not in current annotation.
Warnning: gene name AC074257.1 is not in current annotation.
Warnning: gene name AC074257.2 is not in current annotation.
Warnning: gene name AC074257.1,AC074257.2 is not in current annotation.
Warnning: gene name AC009800.1 is not in current annotation.
Warnning: gene name AC009646.1 is not in current annotation.
Warnning: gene name AC009800.1,AC009646.1 is not in current annotation.
Warnning: gene name LINC03093 is not in current annotation.
Warnning: gene name AC021613.1 is not in current annotation.
Warnning: gene name LINC03093 is not in current annotation.
Warnning: gene name AC021613.1 is not in current annotation.
Warnning: gene name AL136102.1 is not in current annotation.
Warnning: gene name AL121888.2 is not in current annotation.
Warnning: gene name AL136102.1,AL121888.2 is not in current annotation.
Warnning: gene name AL358053.1 is not in current annotation.
Warnning: gene name AL591644.1 is not in current annotation.
Warnning: gene name AL358053.1,AL591644.1 is not in current annotation.
Warnning: gene name LOC124900463 is not in current annotation.
Warnning: gene name LOC124900463 is not in current annotation.
Warnning: gene name LOC124900463 is not in current annotation.
Warnning: gene name LOC124900463 is not in current annotation.
Warnning: gene name LOC101928797 is not in current annotation.
Warnning: gene name LOC101928797 is not in current annotation.
Warnning: gene name LOC101928797 is not in current annotation.
Warnning: gene name AL160272.2 is not in current annotation.
Warnning: gene name LOC101928797 is not in current annotation.
Warnning: gene name AL160272.2 is not in current annotation.
Warnning: gene name AC090680.1 is not in current annotation.
Warnning: gene name AC093025.1 is not in current annotation.
Warnning: gene name AC090680.1,AC093025.1 is not in current annotation.
Warnning: gene name PGBD3P1 is not in current annotation.
Warnning: gene name PGBD3P1 is not in current annotation.
Warnning: gene name PGBD3P1 is not in current annotation.
Warnning: gene name PGBD3P1 is not in current annotation.
Warnning: gene name PGBD3P1 is not in current annotation.
Warnning: gene name PGBD3P1 is not in current annotation.
Warnning: gene name AC046129.1 is not in current annotation.
Warnning: gene name AC108721.2 is not in current annotation.
Warnning: gene name AC027288.1 is not in current annotation.
Warnning: gene name AC046129.1,AC108721.2 is not in current annotation.
Warnning: gene name AC027288.1 is not in current annotation.
Warnning: gene name AC046129.1 is not in current annotation.
Warnning: gene name AC108721.2 is not in current annotation.
Warnning: gene name AC046129.1,AC108721.2 is not in current annotation.
Warnning: gene name AC046129.1 is not in current annotation.
Warnning: gene name AC108721.2 is not in current annotation.
Warnning: gene name AC046129.1,AC108721.2 is not in current annotation.
Warnning: gene name PGBD3P1 is not in current annotation.
Warnning: gene name PGBD3P1 is not in current annotation.
Warnning: gene name LOC107985113 is not in current annotation.
Warnning: gene name LOC107985113 is not in current annotation.
Warnning: gene name AC046129.1 is not in current annotation.
Warnning: gene name AC108721.2 is not in current annotation.
Warnning: gene name AC046129.1,AC108721.2 is not in current annotation.
Warnning: gene name PGBD3P1 is not in current annotation.
Warnning: gene name PGBD3P1 is not in current annotation.
Warnning: gene name AC124242.3 is not in current annotation.
Warnning: gene name AC124242.3 is not in current annotation.
Warnning: gene name AC090022.1 is not in current annotation.
Warnning: gene name AC090022.2 is not in current annotation.
Warnning: gene name AC090022.1,AC090022.2 is not in current annotation.
Warnning: gene name PGBD3P1 is not in current annotation.
Warnning: gene name PGBD3P1 is not in current annotation.
Warnning: gene name AC104417.1 is not in current annotation.
Warnning: gene name AC104417.2 is not in current annotation.
Warnning: gene name AC104417.1,AC104417.2 is not in current annotation.
Warnning: gene name AC133480.1 is not in current annotation.
Warnning: gene name AC090503.2 is not in current annotation.
Warnning: gene name AC133480.1,AC090503.2 is not in current annotation.
Warnning: gene name AC046129.1 is not in current annotation.
Warnning: gene name AC108721.2 is not in current annotation.
Warnning: gene name AC046129.1,AC108721.2 is not in current annotation.
Warnning: gene name PGBD3P1 is not in current annotation.
Warnning: gene name PGBD3P1 is not in current annotation.
Warnning: gene name AC046129.1 is not in current annotation.
Warnning: gene name AC108721.2 is not in current annotation.
Warnning: gene name AC046129.1,AC108721.2 is not in current annotation.
Warnning: gene name AC133480.1 is not in current annotation.
Warnning: gene name AC090503.2 is not in current annotation.
Warnning: gene name AC133480.1,AC090503.2 is not in current annotation.
Warnning: gene name LOC124900463 is not in current annotation.
Warnning: gene name LOC124900463 is not in current annotation.
Warnning: gene name AC025254.1 is not in current annotation.
Warnning: gene name AC090049.2 is not in current annotation.
Warnning: gene name AC025254.1,AC090049.2 is not in current annotation.
Warnning: gene name ATF7-NPFF is not in current annotation.
Warnning: gene name PGBD3P1 is not in current annotation.
Warnning: gene name ATF7-NPFF is not in current annotation.
Warnning: gene name PGBD3P1 is not in current annotation.
Warnning: gene name PGBD3P1 is not in current annotation.
Warnning: gene name PGBD3P1 is not in current annotation.
Warnning: gene name AL035461.4 is not in current annotation.
Warnning: gene name PGBD3P1 is not in current annotation.
Warnning: gene name AL035461.4 is not in current annotation.
Warnning: gene name PGBD3P1 is not in current annotation.
Warnning: gene name PGBD3P1 is not in current annotation.
Warnning: gene name PGBD3P1 is not in current annotation.
Warnning: gene name PGBD3P1 is not in current annotation.
Warnning: gene name PGBD3P1 is not in current annotation.
Warnning: gene name AC093025.1 is not in current annotation.
Warnning: gene name AC090679.3 is not in current annotation.
Warnning: gene name AC093025.1,AC090679.3 is not in current annotation.
Warnning: gene name PGBD3P1 is not in current annotation.
Warnning: gene name PGBD3P1 is not in current annotation.
Warnning: gene name IGKV3-11 is not in current annotation.
Warnning: gene name AC010280.1 is not in current annotation.
Warnning: gene name AC093523.2 is not in current annotation.
Warnning: gene name IGKV3-11 is not in current annotation.
Warnning: gene name AC010280.1,AC093523.2 is not in current annotation.
Warnning: gene name AL590392.1 is not in current annotation.
Warnning: gene name AL136096.1 is not in current annotation.
Warnning: gene name AL590392.1,AL136096.1 is not in current annotation.
Warnning: gene name AC116611.1 is not in current annotation.
Warnning: gene name AC017013.1 is not in current annotation.
Warnning: gene name AC116611.1,AC017013.1 is not in current annotation.
Warnning: gene name LOC105378231 is not in current annotation.
Warnning: gene name LOC105378231 is not in current annotation.
Warnning: gene name AL603766.1 is not in current annotation.
Warnning: gene name AL031056.1 is not in current annotation.
Warnning: gene name AL603766.1,AL031056.1 is not in current annotation.
Warnning: gene name LINC00473 is not in current annotation.
Warnning: gene name LINC00473 is not in current annotation.
Warnning: gene name AC131055.2 is not in current annotation.
Warnning: gene name AC131055.1 is not in current annotation.
Warnning: gene name AC131055.2,AC131055.1 is not in current annotation.
Warnning: gene name LOC124904984 is not in current annotation.
Warnning: gene name LOC124904984 is not in current annotation.
Warnning: gene name AC080129.1 is not in current annotation.
Warnning: gene name AC080129.1 is not in current annotation.
Warnning: gene name PTTG1P2 is not in current annotation.
Warnning: gene name PTTG1P2 is not in current annotation.
Warnning: gene name AP002990.1 is not in current annotation.
Warnning: gene name AP002990.1 is not in current annotation.
Warnning: gene name LOC124904403 is not in current annotation.
Warnning: gene name LOC124904403 is not in current annotation.
Warnning: gene name AC080129.1 is not in current annotation.
Warnning: gene name AC080129.1 is not in current annotation.
Warnning: gene name AC092660.1 is not in current annotation.
Warnning: gene name AC092604.1 is not in current annotation.
Warnning: gene name AC092660.1,AC092604.1 is not in current annotation.
Warnning: gene name AL359502.1 is not in current annotation.
Warnning: gene name AL359502.2 is not in current annotation.
Warnning: gene name AL359502.1,AL359502.2 is not in current annotation.
Warnning: gene name FO393412.1 is not in current annotation.
Warnning: gene name AL391538.1 is not in current annotation.
Warnning: gene name FO393412.1,AL391538.1 is not in current annotation.
Warnning: gene name AF165147.1 is not in current annotation.
Warnning: gene name AF165147.1 is not in current annotation.
Warnning: gene name AC009654.1 is not in current annotation.
Warnning: gene name AC037433.1 is not in current annotation.
Warnning: gene name AC009654.1,AC037433.1 is not in current annotation.
Warnning: gene name AC092660.1 is not in current annotation.
Warnning: gene name AC092604.1 is not in current annotation.
Warnning: gene name AC092660.1,AC092604.1 is not in current annotation.
Warnning: gene name AC126175.2 is not in current annotation.
Warnning: gene name AC025254.1 is not in current annotation.
Warnning: gene name AC126175.2,AC025254.1 is not in current annotation.
Warnning: gene name RPS6P10 is not in current annotation.
Warnning: gene name RPS6P10 is not in current annotation.
Warnning: gene name SPICP4 is not in current annotation.
Warnning: gene name SPICP4 is not in current annotation.
Warnning: gene name AL391422.1 is not in current annotation.
Warnning: gene name AL391422.3 is not in current annotation.
Warnning: gene name AL391422.1,AL391422.3 is not in current annotation.
Warnning: gene name RPL23AP79 is not in current annotation.
Warnning: gene name RPL23AP79 is not in current annotation.
Warnning: gene name LOC124900517 is not in current annotation.
Warnning: gene name LOC124900517 is not in current annotation.
Warnning: gene name AL358053.1 is not in current annotation.
Warnning: gene name AL591644.1 is not in current annotation.
Warnning: gene name AL358053.1,AL591644.1 is not in current annotation.
Warnning: gene name AP003900.1 is not in current annotation.
Warnning: gene name AP003900.1 is not in current annotation.
Warnning: gene name LOC105377043 is not in current annotation.
Warnning: gene name LOC105377043 is not in current annotation.
Warnning: gene name AP001412.1 is not in current annotation.
Warnning: gene name AP001437.2 is not in current annotation.
Warnning: gene name AP001412.1,AP001437.2 is not in current annotation.
Warnning: gene name LOC112268162 is not in current annotation.
Warnning: gene name LOC112268162 is not in current annotation.
Warnning: gene name AC016526.2 is not in current annotation.
Warnning: gene name AC016526.3 is not in current annotation.
Warnning: gene name AC016526.2,AC016526.3 is not in current annotation.
Warnning: gene name AC009800.1 is not in current annotation.
Warnning: gene name AC009646.1 is not in current annotation.
Warnning: gene name AC009800.1,AC009646.1 is not in current annotation.
Warnning: gene name AC118282.3 is not in current annotation.
Warnning: gene name AC118282.2 is not in current annotation.
Warnning: gene name AC118282.3,AC118282.2 is not in current annotation.
Warnning: gene name RPL23AP79 is not in current annotation.
Warnning: gene name AC016629.2 is not in current annotation.
Warnning: gene name RPL23AP79 is not in current annotation.
Warnning: gene name AC016629.2 is not in current annotation.
Warnning: gene name ZNF73P is not in current annotation.
Warnning: gene name ZNF73P is not in current annotation.
Warnning: gene name AL683807.1 is not in current annotation.
Warnning: gene name AL683807.1 is not in current annotation.
Warnning: gene name AC097528.1 is not in current annotation.
Warnning: gene name AC097378.1 is not in current annotation.
Warnning: gene name AC097528.1 is not in current annotation.
Warnning: gene name AC097528.1,AC097378.1 is not in current annotation.
Warnning: gene name AC097528.1 is not in current annotation.
Warnning: gene name AC074344.1 is not in current annotation.
Warnning: gene name AC074344.2 is not in current annotation.
Warnning: gene name AC074344.1,AC074344.2 is not in current annotation.
Warnning: gene name LINC00473 is not in current annotation.
Warnning: gene name LINC00473 is not in current annotation.
Warnning: gene name AC006960.3 is not in current annotation.
Warnning: gene name AC006960.3 is not in current annotation.
Warnning: gene name AC006960.3 is not in current annotation.
Warnning: gene name AC006960.3 is not in current annotation.
Warnning: gene name LINC00473 is not in current annotation.
Warnning: gene name LINC00473 is not in current annotation.
Warnning: gene name AP005205.1 is not in current annotation.
Warnning: gene name AP005205.3 is not in current annotation.
Warnning: gene name AP005205.1,AP005205.3 is not in current annotation.
Warnning: gene name GLRX3P1 is not in current annotation.
Warnning: gene name GLRX3P1 is not in current annotation.
Warnning: gene name AC233263.6 is not in current annotation.
Warnning: gene name AC233266.1 is not in current annotation.
Warnning: gene name AC233263.6,AC233266.1 is not in current annotation.
Warnning: gene name AC233263.6 is not in current annotation.
Warnning: gene name AC233266.1 is not in current annotation.
Warnning: gene name AC233263.6,AC233266.1 is not in current annotation.
Warnning: gene name AL109918.2 is not in current annotation.
Warnning: gene name AL109918.1 is not in current annotation.
Warnning: gene name AL109918.2,AL109918.1 is not in current annotation.
Warnning: gene name LOC101930100 is not in current annotation.
Warnning: gene name LOC101930100 is not in current annotation.
Warnning: gene name AP005901.4 is not in current annotation.
Warnning: gene name AP005901.1 is not in current annotation.
Warnning: gene name AP005901.4,AP005901.1 is not in current annotation.
Warnning: gene name ZNF670-ZNF695 is not in current annotation.
Warnning: gene name ZNF670-ZNF695 is not in current annotation.
Warnning: gene name AL139020.1 is not in current annotation.
Warnning: gene name AL133167.1 is not in current annotation.
Warnning: gene name AL139020.1,AL133167.1 is not in current annotation.
Warnning: gene name AL138900.2 is not in current annotation.
Warnning: gene name AL732406.1 is not in current annotation.
Warnning: gene name AL138900.2,AL732406.1 is not in current annotation.
Warnning: gene name AC007319.1 is not in current annotation.
Warnning: gene name AC007319.1 is not in current annotation.
Warnning: gene name AP005901.4 is not in current annotation.
Warnning: gene name AP005901.1 is not in current annotation.
Warnning: gene name AP005901.4,AP005901.1 is not in current annotation.
Warnning: gene name AL390755.1 is not in current annotation.
Warnning: gene name AL390755.3 is not in current annotation.
Warnning: gene name AL390755.1,AL390755.3 is not in current annotation.
Warnning: gene name AL512641.1 is not in current annotation.
Warnning: gene name AL357520.1 is not in current annotation.
Warnning: gene name AL512641.1,AL357520.1 is not in current annotation.
Warnning: gene name AC104695.3 is not in current annotation.
Warnning: gene name AC104695.1 is not in current annotation.
Warnning: gene name AC104695.3,AC104695.1 is not in current annotation.
Warnning: gene name AC104695.3 is not in current annotation.
Warnning: gene name AC104695.1 is not in current annotation.
Warnning: gene name AC104695.3,AC104695.1 is not in current annotation.
Warnning: gene name AC012451.1 is not in current annotation.
Warnning: gene name AC068483.1 is not in current annotation.
Warnning: gene name AC012451.1,AC068483.1 is not in current annotation.
Warnning: gene name AL033529.1 is not in current annotation.
Warnning: gene name AL033529.1 is not in current annotation.
Warnning: gene name AL033529.1 is not in current annotation.
Warnning: gene name AL033529.1 is not in current annotation.
Warnning: gene name AC244205.2 is not in current annotation.
Warnning: gene name AC244205.2 is not in current annotation.
Warnning: gene name FP671120.5 is not in current annotation.
Warnning: gene name FP671120.5 is not in current annotation.
Warnning: gene name AC144831.1 is not in current annotation.
Warnning: gene name AC139099.3 is not in current annotation.
Warnning: gene name AC144831.1,AC139099.3 is not in current annotation.
Warnning: gene name LOC124900285 is not in current annotation.
Warnning: gene name LOC124900285 is not in current annotation.
Warnning: gene name AC093843.1 is not in current annotation.
Warnning: gene name AC011233.1 is not in current annotation.
Warnning: gene name AC093843.1,AC011233.1 is not in current annotation.
Warnning: gene name AC074344.1 is not in current annotation.
Warnning: gene name AC074344.2 is not in current annotation.
Warnning: gene name AC074344.1,AC074344.2 is not in current annotation.
Warnning: gene name AC010983.1 is not in current annotation.
Warnning: gene name AC104823.1 is not in current annotation.
Warnning: gene name AC010983.1,AC104823.1 is not in current annotation.
Warnning: gene name LOC107985953 is not in current annotation.
Warnning: gene name LOC107985953 is not in current annotation.
Warnning: gene name AC123904.3 is not in current annotation.
Warnning: gene name AC073525.1 is not in current annotation.
Warnning: gene name AC123904.3,AC073525.1 is not in current annotation.
Warnning: gene name AC016721.1 is not in current annotation.
Warnning: gene name AC104408.1 is not in current annotation.
Warnning: gene name AC016721.1,AC104408.1 is not in current annotation.
Warnning: gene name AC123904.3 is not in current annotation.
Warnning: gene name AC073525.1 is not in current annotation.
Warnning: gene name AC123904.3,AC073525.1 is not in current annotation.
Warnning: gene name AC016721.1 is not in current annotation.
Warnning: gene name AC104408.1 is not in current annotation.
Warnning: gene name AC016721.1,AC104408.1 is not in current annotation.
Warnning: gene name LOC283387 is not in current annotation.
Warnning: gene name AC016721.1 is not in current annotation.
Warnning: gene name AC104408.1 is not in current annotation.
Warnning: gene name LOC283387 is not in current annotation.
Warnning: gene name AC016721.1,AC104408.1 is not in current annotation.
Warnning: gene name AC243994.1 is not in current annotation.
Warnning: gene name AC243994.1 is not in current annotation.
Warnning: gene name LOC130494219 is not in current annotation.
Warnning: gene name LOC130494219 is not in current annotation.
Warnning: gene name LOC105370340 is not in current annotation.
Warnning: gene name LOC105370340 is not in current annotation.
Warnning: gene name LOC100421009 is not in current annotation.
Warnning: gene name LOC100421009 is not in current annotation.
cff /MetaFusion/RUNS_Results/RNA_phs003284/RNA_phs003284.cff.reformat.renamed.reann.WITH_SEQ
Add adjacent exons to cff
3186995 annotations from /MetaFusion/reference_files/hg38_gene.bed loaded.
16.5463190079 sec. elapsed.
Warning: Input gene annotations include multiple chr, strand, or regions (5Mb away). Skipping current gene annotation.
[('LINC00102', 'chrX', 'r'), ('LINC00102', 'chrY', 'r')]
Warning: Input gene annotations include multiple chr, strand, or regions (5Mb away). Skipping current gene annotation.
[('SNORD42', 'chr22', 'r'), ('SNORD42', 'chr4', 'r')]
Warning: Input gene annotations include multiple chr, strand, or regions (5Mb away). Skipping current gene annotation.
[('CD99P1', 'chrX', 'f'), ('CD99P1', 'chrY', 'f')]
Warning: Input gene annotations include multiple chr, strand, or regions (5Mb away). Skipping current gene annotation.
[('TNFRSF10A-DT', 'chr8', 'f'), ('TNFRSF10A-DT', 'chr8', 'r')]
Warning: Input gene annotations include multiple chr, strand, or regions (5Mb away). Skipping current gene annotation.
[('TRPC6P1', 'chrX', 'r'), ('TRPC6P1', 'chrY', 'r')]
Warning: Input gene annotations include multiple chr, strand, or regions (5Mb away). Skipping current gene annotation.
[('7SK', 'chr1', 'r'), ('7SK', 'chr1', 'f'), ('7SK', 'chr11', 'f'), ('7SK', 'chr17', 'f'), ('7SK', 'chr3', 'r'), ('7SK', 'chr6', 'f')]
Warning: Input gene annotations include multiple chr, strand, or regions (5Mb away). Skipping current gene annotation.
[('Y_RNA', 'chr1', 'r'), ('Y_RNA', 'chr1', 'f'), ('Y_RNA', 'chr10', 'r'), ('Y_RNA', 'chr10', 'f'), ('Y_RNA', 'chr11', 'f'), ('Y_RNA', 'chr11', 'r'), ('Y_RNA', 'chr12', 'r'), ('Y_RNA', 'chr12', 'f'), ('Y_RNA', 'chr13', 'f'), ('Y_RNA', 'chr14', 'f'), ('Y_RNA', 'chr14', 'r'), ('Y_RNA', 'chr15', 'f'), ('Y_RNA', 'chr15', 'r'), ('Y_RNA', 'chr16', 'f'), ('Y_RNA', 'chr16', 'r'), ('Y_RNA', 'chr17', 'f'), ('Y_RNA', 'chr17', 'r'), ('Y_RNA', 'chr18', 'f'), ('Y_RNA', 'chr18', 'r'), ('Y_RNA', 'chr19', 'r'), ('Y_RNA', 'chr19', 'f'), ('Y_RNA', 'chr2', 'f'), ('Y_RNA', 'chr2', 'r'), ('Y_RNA', 'chr20', 'f'), ('Y_RNA', 'chr20', 'r'), ('Y_RNA', 'chr21', 'f'), ('Y_RNA', 'chr21', 'r'), ('Y_RNA', 'chr22', 'f'), ('Y_RNA', 'chr22', 'r'), ('Y_RNA', 'chr3', 'r'), ('Y_RNA', 'chr3', 'f'), ('Y_RNA', 'chr4', 'r'), ('Y_RNA', 'chr4', 'f'), ('Y_RNA', 'chr5', 'r'), ('Y_RNA', 'chr5', 'f'), ('Y_RNA', 'chr6', 'r'), ('Y_RNA', 'chr6', 'f'), ('Y_RNA', 'chr7', 'r'), ('Y_RNA', 'chr7', 'f'), ('Y_RNA', 'chr8', 'f'), ('Y_RNA', 'chr8', 'r'), ('Y_RNA', 'chr9', 'f'), ('Y_RNA', 'chr9', 'r'), ('Y_RNA', 'chrX', 'r'), ('Y_RNA', 'chrX', 'f'), ('Y_RNA', 'chrY', 'f')]
Warning: Input gene annotations include multiple chr, strand, or regions (5Mb away). Skipping current gene annotation.
[('WASIR1', 'chrX', 'r'), ('WASIR1', 'chrY', 'r')]
Warning: Input gene annotations include multiple chr, strand, or regions (5Mb away). Skipping current gene annotation.
[('U8', 'chr1', 'f'), ('U8', 'chr10', 'r'), ('U8', 'chr10', 'f'), ('U8', 'chr11', 'f'), ('U8', 'chr12', 'r'), ('U8', 'chr12', 'f'), ('U8', 'chr15', 'f'), ('U8', 'chr15', 'r'), ('U8', 'chr18', 'r'), ('U8', 'chr2', 'r'), ('U8', 'chr2', 'f'), ('U8', 'chr3', 'r'), ('U8', 'chr3', 'f'), ('U8', 'chr5', 'r'), ('U8', 'chr5', 'f'), ('U8', 'chr6', 'r'), ('U8', 'chr8', 'r'), ('U8', 'chr9', 'f')]
Warning: Input gene annotations include multiple chr, strand, or regions (5Mb away). Skipping current gene annotation.
[('U4', 'chr1', 'r'), ('U4', 'chr1', 'f'), ('U4', 'chr11', 'r'), ('U4', 'chr2', 'f'), ('U4', 'chr5', 'r'), ('U4', 'chr6', 'f'), ('U4', 'chr8', 'r')]
Warning: Input gene annotations include multiple chr, strand, or regions (5Mb away). Skipping current gene annotation.
[('U7', 'chr1', 'f'), ('U7', 'chr12', 'r'), ('U7', 'chr15', 'f'), ('U7', 'chr16', 'r'), ('U7', 'chr22', 'r'), ('U7', 'chr3', 'f'), ('U7', 'chrX', 'f')]
Warning: Input gene annotations include multiple chr, strand, or regions (5Mb away). Skipping current gene annotation.
[('U6', 'chr1', 'r'), ('U6', 'chr1', 'f'), ('U6', 'chr10', 'f'), ('U6', 'chr11', 'r'), ('U6', 'chr11', 'f'), ('U6', 'chr12', 'f'), ('U6', 'chr12', 'r'), ('U6', 'chr13', 'f'), ('U6', 'chr14', 'r'), ('U6', 'chr15', 'r'), ('U6', 'chr15', 'f'), ('U6', 'chr16', 'f'), ('U6', 'chr17', 'r'), ('U6', 'chr2', 'f'), ('U6', 'chr2', 'r'), ('U6', 'chr20', 'r'), ('U6', 'chr21', 'f'), ('U6', 'chr22', 'f'), ('U6', 'chr3', 'f'), ('U6', 'chr4', 'f'), ('U6', 'chr4', 'r'), ('U6', 'chr9', 'f'), ('U6', 'chrX', 'f')]
Warning: Input gene annotations include multiple chr, strand, or regions (5Mb away). Skipping current gene annotation.
[('U1', 'chr1', 'f'), ('U1', 'chr1', 'r'), ('U1', 'chr21', 'f')]
Warning: Input gene annotations include multiple chr, strand, or regions (5Mb away). Skipping current gene annotation.
[('U3', 'chr1', 'f'), ('U3', 'chr1', 'r'), ('U3', 'chr10', 'f'), ('U3', 'chr10', 'r'), ('U3', 'chr11', 'f'), ('U3', 'chr14', 'r'), ('U3', 'chr15', 'f'), ('U3', 'chr15', 'r'), ('U3', 'chr17', 'r'), ('U3', 'chr17', 'f'), ('U3', 'chr18', 'f'), ('U3', 'chr18', 'r'), ('U3', 'chr19', 'r'), ('U3', 'chr2', 'f'), ('U3', 'chr2', 'r'), ('U3', 'chr20', 'f'), ('U3', 'chr20', 'r'), ('U3', 'chr21', 'r'), ('U3', 'chr3', 'r'), ('U3', 'chr3', 'f'), ('U3', 'chr4', 'f'), ('U3', 'chr5', 'f'), ('U3', 'chr5', 'r'), ('U3', 'chr6', 'f'), ('U3', 'chr6', 'r'), ('U3', 'chr7', 'f'), ('U3', 'chr7', 'r'), ('U3', 'chr8', 'f'), ('U3', 'chr8', 'r'), ('U3', 'chrX', 'f'), ('U3', 'chrX', 'r')]
Warning: Input gene annotations include multiple chr, strand, or regions (5Mb away). Skipping current gene annotation.
[('U2', 'chr1', 'f'), ('U2', 'chr14', 'r'), ('U2', 'chr17', 'r'), ('U2', 'chr22', 'r'), ('U2', 'chr3', 'f'), ('U2', 'chr4', 'f'), ('U2', 'chr8', 'r'), ('U2', 'chr9', 'f')]
Warning: Input gene annotations include multiple chr, strand, or regions (5Mb away). Skipping current gene annotation.
[('MIR6089', 'chrX', 'f'), ('MIR6089', 'chrY', 'f')]
Warning: Input gene annotations include multiple chr, strand, or regions (5Mb away). Skipping current gene annotation.
[('IL3RA', 'chrX', 'f'), ('IL3RA', 'chrY', 'f')]
Warning: Input gene annotations include multiple chr, strand, or regions (5Mb away). Skipping current gene annotation.
[('GTPBP6', 'chrX', 'r'), ('GTPBP6', 'chrY', 'r')]
Warning: Input gene annotations include multiple chr, strand, or regions (5Mb away). Skipping current gene annotation.
[('SNORD18', 'chr15', 'r'), ('SNORD18', 'chr2', 'r')]
Warning: Input gene annotations include multiple chr, strand, or regions (5Mb away). Skipping current gene annotation.
[('LSP1P5', 'chr1', 'f'), ('LSP1P5', 'chr2', 'r')]
Warning: Input gene annotations include multiple chr, strand, or regions (5Mb away). Skipping current gene annotation.
[('ELOCP24', 'chrX', 'r'), ('ELOCP24', 'chrY', 'r')]
Warning: Input gene annotations include multiple chr, strand, or regions (5Mb away). Skipping current gene annotation.
[('Vault', 'chr17', 'f'), ('Vault', 'chr17', 'r'), ('Vault', 'chr2', 'r'), ('Vault', 'chr5', 'r')]
Warning: Input gene annotations include multiple chr, strand, or regions (5Mb away). Skipping current gene annotation.
[('LINC03025', 'chr9', 'r'), ('LINC03025', 'chr9', 'f')]
Warning: Input gene annotations include multiple chr, strand, or regions (5Mb away). Skipping current gene annotation.
[('5S_rRNA', 'chr1', 'r'), ('5S_rRNA', 'chr16', 'r'), ('5S_rRNA', 'chr17', 'r'), ('5S_rRNA', 'chr19', 'r'), ('5S_rRNA', 'chr2', 'r'), ('5S_rRNA', 'chr2', 'f'), ('5S_rRNA', 'chr6', 'r'), ('5S_rRNA', 'chr7', 'r'), ('5S_rRNA', 'chrX', 'f')]
Warning: Input gene annotations include multiple chr, strand, or regions (5Mb away). Skipping current gene annotation.
[('WASH6P', 'chrX', 'f'), ('WASH6P', 'chrY', 'f')]
Warning: Input gene annotations include multiple chr, strand, or regions (5Mb away). Skipping current gene annotation.
[('LINC01238', 'chr2', 'f'), ('LINC01238', 'chr2', 'r')]
Warning: Input gene annotations include multiple chr, strand, or regions (5Mb away). Skipping current gene annotation.
[('MIR3690', 'chrX', 'f'), ('MIR3690', 'chrY', 'f')]
Warning: Input gene annotations include multiple chr, strand, or regions (5Mb away). Skipping current gene annotation.
[('HERC2P7', 'chr15', 'r'), ('HERC2P7', 'chr15', 'f')]
Warning: Input gene annotations include multiple chr, strand, or regions (5Mb away). Skipping current gene annotation.
[('CTSLP2', 'chr10', 'f'), ('CTSLP2', 'chr10', 'r')]
Warning: Input gene annotations include multiple chr, strand, or regions (5Mb away). Skipping current gene annotation.
[('SNORA62', 'chr1', 'f'), ('SNORA62', 'chr11', 'f'), ('SNORA62', 'chr16', 'r'), ('SNORA62', 'chr21', 'f'), ('SNORA62', 'chr3', 'f'), ('SNORA62', 'chr4', 'f'), ('SNORA62', 'chr8', 'f')]
Warning: Input gene annotations include multiple chr, strand, or regions (5Mb away). Skipping current gene annotation.
[('SNORA63', 'chr1', 'f'), ('SNORA63', 'chr1', 'r'), ('SNORA63', 'chr15', 'r'), ('SNORA63', 'chr3', 'f'), ('SNORA63', 'chr4', 'f'), ('SNORA63', 'chr5', 'f'), ('SNORA63', 'chr7', 'r')]
Warning: Input gene annotations include multiple chr, strand, or regions (5Mb away). Skipping current gene annotation.
[('SNORD116', 'chr1', 'r'), ('SNORD116', 'chr13', 'r'), ('SNORD116', 'chr9', 'f')]
Warning: Input gene annotations include multiple chr, strand, or regions (5Mb away). Skipping current gene annotation.
[('SNORD63', 'chr17', 'r'), ('SNORD63', 'chr3', 'r'), ('SNORD63', 'chr5', 'r')]
Warning: Input gene annotations include multiple chr, strand, or regions (5Mb away). Skipping current gene annotation.
[('KMT2CP1', 'chr1', 'r'), ('KMT2CP1', 'chr1', 'f')]
Warning: Input gene annotations include multiple chr, strand, or regions (5Mb away). Skipping current gene annotation.
[('SHOX', 'chrX', 'f'), ('SHOX', 'chrY', 'f')]
Warning: Input gene annotations include multiple chr, strand, or regions (5Mb away). Skipping current gene annotation.
[('RPL23AP7', 'chr2', 'r'), ('RPL23AP7', 'chr22', 'f')]
Warning: Input gene annotations include multiple chr, strand, or regions (5Mb away). Skipping current gene annotation.
[('DHRSX-IT1', 'chrX', 'r'), ('DHRSX-IT1', 'chrY', 'r')]
Warning: Input gene annotations include multiple chr, strand, or regions (5Mb away). Skipping current gene annotation.
[('SNORD39', 'chr11', 'r'), ('SNORD39', 'chr2', 'f'), ('SNORD39', 'chr4', 'r'), ('SNORD39', 'chr9', 'r')]
Warning: Input gene annotations include multiple chr, strand, or regions (5Mb away). Skipping current gene annotation.
[('ZBED1', 'chrX', 'r'), ('ZBED1', 'chrY', 'r')]
Warning: Input gene annotations include multiple chr, strand, or regions (5Mb away). Skipping current gene annotation.
[('ASMTL-AS1', 'chrX', 'f'), ('ASMTL-AS1', 'chrY', 'f')]
Warning: Input gene annotations include multiple chr, strand, or regions (5Mb away). Skipping current gene annotation.
[('SNORD30', 'chr11', 'r'), ('SNORD30', 'chrX', 'f')]
Warning: Input gene annotations include multiple chr, strand, or regions (5Mb away). Skipping current gene annotation.
[('ASMTL', 'chrX', 'r'), ('ASMTL', 'chrY', 'r')]
Warning: Input gene annotations include multiple chr, strand, or regions (5Mb away). Skipping current gene annotation.
[('FABP5P13', 'chrX', 'r'), ('FABP5P13', 'chrY', 'r')]
Warning: Input gene annotations include multiple chr, strand, or regions (5Mb away). Skipping current gene annotation.
[('CD99', 'chrX', 'f'), ('CD99', 'chrY', 'f')]
Warning: Input gene annotations include multiple chr, strand, or regions (5Mb away). Skipping current gene annotation.
[('DHRSX', 'chrX', 'r'), ('DHRSX', 'chrY', 'r')]
Warning: Input gene annotations include multiple chr, strand, or regions (5Mb away). Skipping current gene annotation.
[('SNORD33', 'chr16', 'r'), ('SNORD33', 'chr19', 'f')]
Warning: Input gene annotations include multiple chr, strand, or regions (5Mb away). Skipping current gene annotation.
[('NPIPA9', 'chr16', 'f'), ('NPIPA9', 'chr16', 'r')]
Warning: Input gene annotations include multiple chr, strand, or regions (5Mb away). Skipping current gene annotation.
[('SNORD81', 'chr1', 'f'), ('SNORD81', 'chr5', 'f'), ('SNORD81', 'chr7', 'f')]
Warning: Input gene annotations include multiple chr, strand, or regions (5Mb away). Skipping current gene annotation.
[('PLCXD1', 'chrX', 'f'), ('PLCXD1', 'chrY', 'f')]
Warning: Input gene annotations include multiple chr, strand, or regions (5Mb away). Skipping current gene annotation.
[('RNA5SP498', 'chrX', 'r'), ('RNA5SP498', 'chrY', 'r')]
Warning: Input gene annotations include multiple chr, strand, or regions (5Mb away). Skipping current gene annotation.
[('Metazoa_SRP', 'chr1', 'f'), ('Metazoa_SRP', 'chr1', 'r'), ('Metazoa_SRP', 'chr10', 'f'), ('Metazoa_SRP', 'chr10', 'r'), ('Metazoa_SRP', 'chr11', 'r'), ('Metazoa_SRP', 'chr11', 'f'), ('Metazoa_SRP', 'chr12', 'f'), ('Metazoa_SRP', 'chr12', 'r'), ('Metazoa_SRP', 'chr13', 'r'), ('Metazoa_SRP', 'chr13', 'f'), ('Metazoa_SRP', 'chr14', 'r'), ('Metazoa_SRP', 'chr14', 'f'), ('Metazoa_SRP', 'chr15', 'r'), ('Metazoa_SRP', 'chr15', 'f'), ('Metazoa_SRP', 'chr16', 'f'), ('Metazoa_SRP', 'chr16', 'r'), ('Metazoa_SRP', 'chr17', 'r'), ('Metazoa_SRP', 'chr17', 'f'), ('Metazoa_SRP', 'chr18', 'r'), ('Metazoa_SRP', 'chr19', 'f'), ('Metazoa_SRP', 'chr19', 'r'), ('Metazoa_SRP', 'chr2', 'f'), ('Metazoa_SRP', 'chr2', 'r'), ('Metazoa_SRP', 'chr20', 'f'), ('Metazoa_SRP', 'chr20', 'r'), ('Metazoa_SRP', 'chr22', 'f'), ('Metazoa_SRP', 'chr22', 'r'), ('Metazoa_SRP', 'chr3', 'r'), ('Metazoa_SRP', 'chr3', 'f'), ('Metazoa_SRP', 'chr4', 'r'), ('Metazoa_SRP', 'chr4', 'f'), ('Metazoa_SRP', 'chr5', 'f'), ('Metazoa_SRP', 'chr5', 'r'), ('Metazoa_SRP', 'chr6', 'f'), ('Metazoa_SRP', 'chr6', 'r'), ('Metazoa_SRP', 'chr7', 'f'), ('Metazoa_SRP', 'chr7', 'r'), ('Metazoa_SRP', 'chr8', 'f'), ('Metazoa_SRP', 'chr8', 'r'), ('Metazoa_SRP', 'chr9', 'f'), ('Metazoa_SRP', 'chr9', 'r'), ('Metazoa_SRP', 'chrX', 'r'), ('Metazoa_SRP', 'chrX', 'f'), ('Metazoa_SRP', 'chrY', 'r')]
Warning: Input gene annotations include multiple chr, strand, or regions (5Mb away). Skipping current gene annotation.
[('CSF2RA', 'chrX', 'f'), ('CSF2RA', 'chrY', 'f')]
Warning: Input gene annotations include multiple chr, strand, or regions (5Mb away). Skipping current gene annotation.
[('PPP2R3B', 'chrX', 'r'), ('PPP2R3B', 'chrY', 'r')]
Warning: Input gene annotations include multiple chr, strand, or regions (5Mb away). Skipping current gene annotation.
[('DPH3P2', 'chrX', 'f'), ('DPH3P2', 'chrY', 'f')]
Warning: Input gene annotations include multiple chr, strand, or regions (5Mb away). Skipping current gene annotation.
[('ASMT', 'chrX', 'f'), ('ASMT', 'chrY', 'f')]
Warning: Input gene annotations include multiple chr, strand, or regions (5Mb away). Skipping current gene annotation.
[('IL9R', 'chrX', 'f'), ('IL9R', 'chrY', 'f')]
Warning: Input gene annotations include multiple chr, strand, or regions (5Mb away). Skipping current gene annotation.
[('VAMP7', 'chrX', 'f'), ('VAMP7', 'chrY', 'f')]
Warning: Input gene annotations include multiple chr, strand, or regions (5Mb away). Skipping current gene annotation.
[('LINC02968', 'chrX', 'f'), ('LINC02968', 'chrY', 'f')]
Warning: Input gene annotations include multiple chr, strand, or regions (5Mb away). Skipping current gene annotation.
[('SNORA75', 'chr12', 'r'), ('SNORA75', 'chr12', 'f'), ('SNORA75', 'chr16', 'f'), ('SNORA75', 'chr2', 'r'), ('SNORA75', 'chr4', 'f')]
Warning: Input gene annotations include multiple chr, strand, or regions (5Mb away). Skipping current gene annotation.
[('SNORA74', 'chr12', 'r'), ('SNORA74', 'chr17', 'f'), ('SNORA74', 'chr2', 'f')]
Warning: Input gene annotations include multiple chr, strand, or regions (5Mb away). Skipping current gene annotation.
[('SNORA73', 'chr18', 'f'), ('SNORA73', 'chr18', 'r'), ('SNORA73', 'chr6', 'r')]
Warning: Input gene annotations include multiple chr, strand, or regions (5Mb away). Skipping current gene annotation.
[('SNORA72', 'chr1', 'r'), ('SNORA72', 'chr1', 'f'), ('SNORA72', 'chr2', 'f'), ('SNORA72', 'chr3', 'f'), ('SNORA72', 'chr3', 'r'), ('SNORA72', 'chr8', 'r')]
Warning: Input gene annotations include multiple chr, strand, or regions (5Mb away). Skipping current gene annotation.
[('SNORA71', 'chr10', 'f'), ('SNORA71', 'chr20', 'r'), ('SNORA71', 'chr20', 'f')]
Warning: Input gene annotations include multiple chr, strand, or regions (5Mb away). Skipping current gene annotation.
[('SNORA70', 'chr1', 'r'), ('SNORA70', 'chr12', 'r'), ('SNORA70', 'chr12', 'f'), ('SNORA70', 'chr14', 'f'), ('SNORA70', 'chr16', 'r'), ('SNORA70', 'chr17', 'r'), ('SNORA70', 'chr17', 'f'), ('SNORA70', 'chr18', 'r'), ('SNORA70', 'chr19', 'f'), ('SNORA70', 'chr21', 'f'), ('SNORA70', 'chr21', 'r'), ('SNORA70', 'chr3', 'f'), ('SNORA70', 'chr4', 'f'), ('SNORA70', 'chr5', 'f'), ('SNORA70', 'chr6', 'f'), ('SNORA70', 'chr8', 'r'), ('SNORA70', 'chr8', 'f'), ('SNORA70', 'chr9', 'f'), ('SNORA70', 'chr9', 'r'), ('SNORA70', 'chrX', 'f'), ('SNORA70', 'chrY', 'r'), ('SNORA70', 'chrY', 'f')]
Warning: Input gene annotations include multiple chr, strand, or regions (5Mb away). Skipping current gene annotation.
[('AMD1P2', 'chrX', 'r'), ('AMD1P2', 'chrY', 'r')]
Warning: Input gene annotations include multiple chr, strand, or regions (5Mb away). Skipping current gene annotation.
[('CRLF2', 'chrX', 'r'), ('CRLF2', 'chrY', 'r')]
Warning: Input gene annotations include multiple chr, strand, or regions (5Mb away). Skipping current gene annotation.
[('SNORD115', 'chr10', 'f'), ('SNORD115', 'chr15', 'f')]
Warning: Input gene annotations include multiple chr, strand, or regions (5Mb away). Skipping current gene annotation.
[('AKAP17A', 'chrX', 'f'), ('AKAP17A', 'chrY', 'f')]
Warning: Input gene annotations include multiple chr, strand, or regions (5Mb away). Skipping current gene annotation.
[('SNORD27', 'chr11', 'r'), ('SNORD27', 'chr13', 'r')]
Warning: Input gene annotations include multiple chr, strand, or regions (5Mb away). Skipping current gene annotation.
[('P2RY8', 'chrX', 'r'), ('P2RY8', 'chrY', 'r')]
Warning: Input gene annotations include multiple chr, strand, or regions (5Mb away). Skipping current gene annotation.
[('NPEPPSP1', 'chr17', 'f'), ('NPEPPSP1', 'chr17', 'r')]
Warning: Input gene annotations include multiple chr, strand, or regions (5Mb away). Skipping current gene annotation.
[('LINC00685', 'chrX', 'f'), ('LINC00685', 'chrY', 'f')]
Warning: Input gene annotations include multiple chr, strand, or regions (5Mb away). Skipping current gene annotation.
[('DDX11L2', 'chr1', 'f'), ('DDX11L2', 'chr2', 'r')]
Warning: Input gene annotations include multiple chr, strand, or regions (5Mb away). Skipping current gene annotation.
[('GABARAPL3', 'chr15', 'f'), ('GABARAPL3', 'chr15', 'r')]
Warning: Input gene annotations include multiple chr, strand, or regions (5Mb away). Skipping current gene annotation.
[('LINC02256', 'chr15', 'r'), ('LINC02256', 'chr15', 'f')]
Warning: Input gene annotations include multiple chr, strand, or regions (5Mb away). Skipping current gene annotation.
[('5_8S_rRNA', 'chr14', 'f'), ('5_8S_rRNA', 'chr20', 'r'), ('5_8S_rRNA', 'chr21', 'f'), ('5_8S_rRNA', 'chr22', 'r')]
Warning: Input gene annotations include multiple chr, strand, or regions (5Mb away). Skipping current gene annotation.
[('RPL14P5', 'chrX', 'r'), ('RPL14P5', 'chrY', 'r')]
Warning: Input gene annotations include multiple chr, strand, or regions (5Mb away). Skipping current gene annotation.
[('LINC00106', 'chrX', 'f'), ('LINC00106', 'chrY', 'f')]
Warning: Input gene annotations include multiple chr, strand, or regions (5Mb away). Skipping current gene annotation.
[('ANKRD20A5P', 'chr18', 'f'), ('ANKRD20A5P', 'chr9', 'f')]
Warning: Input gene annotations include multiple chr, strand, or regions (5Mb away). Skipping current gene annotation.
[('SLC25A6', 'chrX', 'r'), ('SLC25A6', 'chrY', 'r')]
Warning: Input gene annotations include multiple chr, strand, or regions (5Mb away). Skipping current gene annotation.
[('KRT18P53', 'chrX', 'r'), ('KRT18P53', 'chrY', 'r')]
Warning: Input gene annotations include multiple chr, strand, or regions (5Mb away). Skipping current gene annotation.
[('DDX11L16', 'chr15', 'r'), ('DDX11L16', 'chr16', 'f'), ('DDX11L16', 'chrX', 'r'), ('DDX11L16', 'chrY', 'r')]
Gene intervals loaded.
18.5362799168 sec. elapsed.
Transcript annotations loaded.
12.5654780865 sec. elapsed.
Merge cff by exons
Loading required package: graph
Loading required package: BiocGenerics

Attaching package: 'BiocGenerics'

The following objects are masked from 'package:stats':

    IQR, mad, sd, var, xtabs

The following objects are masked from 'package:base':

    Filter, Find, Map, Position, Reduce, anyDuplicated, append,
    as.data.frame, basename, cbind, colnames, dirname, do.call,
    duplicated, eval, evalq, get, grep, grepl, intersect, is.unsorted,
    lapply, mapply, match, mget, order, paste, pmax, pmax.int, pmin,
    pmin.int, rank, rbind, rownames, sapply, setdiff, sort, table,
    tapply, union, unique, unsplit, which.max, which.min

Reading FID.intersections.tsv file
4831 records to build graph
Building graph
output cis-sage.cluster file
ReadThrough, callerfilter 1
python callerfilter_num.py --cluster /MetaFusion/RUNS_Results/RNA_phs003284/RNA_phs003284.cff.reformat.renamed.reann.WITH_SEQ.exons.cluster --num_tools 1 | grep -v ReadThrough > /MetaFusion/RUNS_Results/RNA_phs003284/RNA_phs003284.cff.reformat.renamed.reann.WITH_SEQ.exons.cluster.RT_filter.callerfilter.1
blocklist filter
ANC adjacent noncoding filter
Rank and generate final.cluster
Running FusionAnnotator
-parsing annotation gene spans
-warning, no gene stored for identifier: [AC124242.3]
-warning, no gene stored for identifier: [AL133334.1]
-warning, no gene stored for identifier: [AL157813.2]
-warning, no gene stored for identifier: [LOC100506207]
-warning, no gene stored for identifier: [AL034427.1]
-warning, no gene stored for identifier: [LOC128125814]
-warning, no gene stored for identifier: [LINC02760]
-warning, no gene stored for identifier: [AC076968.2]
-warning, no gene stored for identifier: [GBA1]
-warning, no gene stored for identifier: [AC097654.1]
-warning, no gene stored for identifier: [LINC02827]
-warning, no gene stored for identifier: [LOC101927708]
-warning, no gene stored for identifier: [AL096794.1]
-warning, no gene stored for identifier: [SKIC3]
-warning, no gene stored for identifier: [GPR84-AS1]
-warning, no gene stored for identifier: [AC005703.7]
-warning, no gene stored for identifier: [LOC646828]
-warning, no gene stored for identifier: [MPDU1-AS1]
-warning, no gene stored for identifier: [LOC105375875]
-warning, no gene stored for identifier: [PEDS1]
-warning, no gene stored for identifier: [PEDS1-UBE2V1]
-warning, no gene stored for identifier: [AL159141.1]
-warning, no gene stored for identifier: [CHASERR]
-warning, no gene stored for identifier: [LOC101927055]
-warning, no gene stored for identifier: [STX17-DT]
-warning, no gene stored for identifier: [TAGAP-AS1]
-warning, no gene stored for identifier: [TCF12-DT]
-warning, no gene stored for identifier: [FAM78B-AS1]
-warning, no gene stored for identifier: [COX10-DT]
-warning, no gene stored for identifier: [YJU2B]
-warning, no gene stored for identifier: [LOC101927845]
-warning, no gene stored for identifier: [MEIOSIN]
-warning, no gene stored for identifier: [AC009879.4]
-warning, no gene stored for identifier: [AC026341.1]
-warning, no gene stored for identifier: [AC079949.3]
-warning, no gene stored for identifier: [AC092807.4]
-warning, no gene stored for identifier: [AC097520.2]
-warning, no gene stored for identifier: [AC138776.1]
-warning, no gene stored for identifier: [AC243919.2]
-warning, no gene stored for identifier: [ZBTB24-DT]
-warning, no gene stored for identifier: [LINC02882]
-warning, no gene stored for identifier: [AL360015.1]
-warning, no gene stored for identifier: [AL050309.1]
-warning, no gene stored for identifier: [AL110114.1]
-warning, no gene stored for identifier: [AL136102.1]
-warning, no gene stored for identifier: [AL121888.2]
-warning, no gene stored for identifier: [AL138778.1]
-warning, no gene stored for identifier: [AC124852.1]
-warning, no gene stored for identifier: [LOC100506869]
-warning, no gene stored for identifier: [AP000821.2]
-warning, no gene stored for identifier: [FP671120.5]
-warning, no gene stored for identifier: [AC135726.1]
-warning, no gene stored for identifier: [B3GAT1-DT]
-warning, no gene stored for identifier: [LINC02987]
-warning, no gene stored for identifier: [AL591519.1]
-warning, no gene stored for identifier: [THAP12P10]
-warning, no gene stored for identifier: [AC011593.1]
-warning, no gene stored for identifier: [LOC101927829]
-warning, no gene stored for identifier: [AL359541.2]
-warning, no gene stored for identifier: [LINC02840]
-warning, no gene stored for identifier: [ZNG1B]
-warning, no gene stored for identifier: [AC106845.1]
-warning, no gene stored for identifier: [TRD-AS1]
-warning, no gene stored for identifier: [RPL26L1-AS1]
-warning, no gene stored for identifier: [AL133538.1]
-warning, no gene stored for identifier: [EPM2A-DT]
-warning, no gene stored for identifier: [LOC101929473]
-warning, no gene stored for identifier: [G6PC1]
-warning, no gene stored for identifier: [AC018695.9]
-warning, no gene stored for identifier: [AL031681.3]
-warning, no gene stored for identifier: [LINC00673]
-warning, no gene stored for identifier: [ICAM4-AS1]
-warning, no gene stored for identifier: [AL627171.4]
-warning, no gene stored for identifier: [LOC105372522]
-warning, no gene stored for identifier: [IPO11-LRRC70]
-warning, no gene stored for identifier: [AC025839.1]
-warning, no gene stored for identifier: [LOC100420587]
-warning, no gene stored for identifier: [LOC100130691]
-warning, no gene stored for identifier: [LOC101930100]
-warning, no gene stored for identifier: [LOC105369209]
-warning, no gene stored for identifier: [LOC105370169]
-warning, no gene stored for identifier: [LOC105378305]
-warning, no gene stored for identifier: [LOC339166]
-warning, no gene stored for identifier: [AL035461.4]
-warning, no gene stored for identifier: [LOC729296]
-warning, no gene stored for identifier: [LOC102724642]
-warning, no gene stored for identifier: [MTCL2]
-warning, no gene stored for identifier: [AC095057.4]
-warning, no gene stored for identifier: [AC242842.3]
-warning, no gene stored for identifier: [AC106821.3]
-warning, no gene stored for identifier: [LINC02950]
-warning, no gene stored for identifier: [CFAP418-AS1]
-warning, no gene stored for identifier: [ASMER1]
-warning, no gene stored for identifier: [LOC401312]
-warning, no gene stored for identifier: [AL139379.1]
-warning, no gene stored for identifier: [LOC101929719]
-warning, no gene stored for identifier: [PKD1P3]
-warning, no gene stored for identifier: [LOC102723728]
-warning, no gene stored for identifier: [POLR2J3-UPK3BL2]
-warning, no gene stored for identifier: [PSMD7-DT]
-warning, no gene stored for identifier: [LINC02823]
-warning, no gene stored for identifier: [AC239860.3]
-warning, no gene stored for identifier: [AL450338.2]
-warning, no gene stored for identifier: [RPL8P3]
-warning, no gene stored for identifier: [RPL8P4]
-warning, no gene stored for identifier: [RPS27AP4]
-warning, no gene stored for identifier: [ITGB8-AS1]
-warning, no gene stored for identifier: [MAP4K1-AS1]
-warning, no gene stored for identifier: [AC012535.1]
-warning, no gene stored for identifier: [LOC105375751]
-warning, no gene stored for identifier: [SNRPF-DT]
-warning, no gene stored for identifier: [SSX15P]
-warning, no gene stored for identifier: [VSTM2B-DT]
-warning, no gene stored for identifier: [SLC24A3-AS1]
-warning, no gene stored for identifier: [AC026827.1]
-warning, no gene stored for identifier: [LOC102724594]
-warning, no gene stored for identifier: [ZBED9-AS1]
-warning, no gene stored for identifier: [AC079801.1]
-warning, no gene stored for identifier: [AC124864.3]
-warning, no gene stored for identifier: [ZNG1A]
Adding FusionAnnotator database hits to final.cluster.CANCER_FUSIONS file
no benchmarking performed
Done
End at Wed Oct 9 06:03:50 UTC 2024 -----------
