Start at Sat Oct 5 05:27:57 UTC 2024 -----------
Generating output in /MetaFusion/RUNS_Results/TARGET-AML_Blood_Derived_Cancer-Peripheral_Blood_Post-treatment
mkdir: cannot create directory '/MetaFusion/RUNS_Results/TARGET-AML_Blood_Derived_Cancer-Peripheral_Blood_Post-treatment': File exists
Rename cff
python rename_cff_file_genes.MetaFusion.py /MetaFusion/RUNS_Results/TARGET-AML_Blood_Derived_Cancer-Peripheral_Blood_Post-treatment/Blood_Derived_Cancer-Peripheral_Blood_Post-treatment.cff.reformat /MetaFusion/reference_files/Homo_sapiens.gene_info > /MetaFusion/RUNS_Results/TARGET-AML_Blood_Derived_Cancer-Peripheral_Blood_Post-treatment/Blood_Derived_Cancer-Peripheral_Blood_Post-treatment.cff.reformat.renamed
Annotate cff, extract sequence surrounding breakpoint
3186995 annotations from /MetaFusion/reference_files/hg38_gene.bed loaded.
16.7743752003 sec. elapsed.
Warning: Input gene annotations include multiple chr, strand, or regions (5Mb away). Skipping current gene annotation.
[('LINC00102', 'chrX', 'r'), ('LINC00102', 'chrY', 'r')]
Warning: Input gene annotations include multiple chr, strand, or regions (5Mb away). Skipping current gene annotation.
[('SNORD42', 'chr22', 'r'), ('SNORD42', 'chr4', 'r')]
Warning: Input gene annotations include multiple chr, strand, or regions (5Mb away). Skipping current gene annotation.
[('CD99P1', 'chrX', 'f'), ('CD99P1', 'chrY', 'f')]
Warning: Input gene annotations include multiple chr, strand, or regions (5Mb away). Skipping current gene annotation.
[('TNFRSF10A-DT', 'chr8', 'f'), ('TNFRSF10A-DT', 'chr8', 'r')]
Warning: Input gene annotations include multiple chr, strand, or regions (5Mb away). Skipping current gene annotation.
[('TRPC6P1', 'chrX', 'r'), ('TRPC6P1', 'chrY', 'r')]
Warning: Input gene annotations include multiple chr, strand, or regions (5Mb away). Skipping current gene annotation.
[('7SK', 'chr1', 'r'), ('7SK', 'chr1', 'f'), ('7SK', 'chr11', 'f'), ('7SK', 'chr17', 'f'), ('7SK', 'chr3', 'r'), ('7SK', 'chr6', 'f')]
Warning: Input gene annotations include multiple chr, strand, or regions (5Mb away). Skipping current gene annotation.
[('Y_RNA', 'chr1', 'r'), ('Y_RNA', 'chr1', 'f'), ('Y_RNA', 'chr10', 'r'), ('Y_RNA', 'chr10', 'f'), ('Y_RNA', 'chr11', 'f'), ('Y_RNA', 'chr11', 'r'), ('Y_RNA', 'chr12', 'r'), ('Y_RNA', 'chr12', 'f'), ('Y_RNA', 'chr13', 'f'), ('Y_RNA', 'chr14', 'f'), ('Y_RNA', 'chr14', 'r'), ('Y_RNA', 'chr15', 'f'), ('Y_RNA', 'chr15', 'r'), ('Y_RNA', 'chr16', 'f'), ('Y_RNA', 'chr16', 'r'), ('Y_RNA', 'chr17', 'f'), ('Y_RNA', 'chr17', 'r'), ('Y_RNA', 'chr18', 'f'), ('Y_RNA', 'chr18', 'r'), ('Y_RNA', 'chr19', 'r'), ('Y_RNA', 'chr19', 'f'), ('Y_RNA', 'chr2', 'f'), ('Y_RNA', 'chr2', 'r'), ('Y_RNA', 'chr20', 'f'), ('Y_RNA', 'chr20', 'r'), ('Y_RNA', 'chr21', 'f'), ('Y_RNA', 'chr21', 'r'), ('Y_RNA', 'chr22', 'f'), ('Y_RNA', 'chr22', 'r'), ('Y_RNA', 'chr3', 'r'), ('Y_RNA', 'chr3', 'f'), ('Y_RNA', 'chr4', 'r'), ('Y_RNA', 'chr4', 'f'), ('Y_RNA', 'chr5', 'r'), ('Y_RNA', 'chr5', 'f'), ('Y_RNA', 'chr6', 'r'), ('Y_RNA', 'chr6', 'f'), ('Y_RNA', 'chr7', 'r'), ('Y_RNA', 'chr7', 'f'), ('Y_RNA', 'chr8', 'f'), ('Y_RNA', 'chr8', 'r'), ('Y_RNA', 'chr9', 'f'), ('Y_RNA', 'chr9', 'r'), ('Y_RNA', 'chrX', 'r'), ('Y_RNA', 'chrX', 'f'), ('Y_RNA', 'chrY', 'f')]
Warning: Input gene annotations include multiple chr, strand, or regions (5Mb away). Skipping current gene annotation.
[('WASIR1', 'chrX', 'r'), ('WASIR1', 'chrY', 'r')]
Warning: Input gene annotations include multiple chr, strand, or regions (5Mb away). Skipping current gene annotation.
[('U8', 'chr1', 'f'), ('U8', 'chr10', 'r'), ('U8', 'chr10', 'f'), ('U8', 'chr11', 'f'), ('U8', 'chr12', 'r'), ('U8', 'chr12', 'f'), ('U8', 'chr15', 'f'), ('U8', 'chr15', 'r'), ('U8', 'chr18', 'r'), ('U8', 'chr2', 'r'), ('U8', 'chr2', 'f'), ('U8', 'chr3', 'r'), ('U8', 'chr3', 'f'), ('U8', 'chr5', 'r'), ('U8', 'chr5', 'f'), ('U8', 'chr6', 'r'), ('U8', 'chr8', 'r'), ('U8', 'chr9', 'f')]
Warning: Input gene annotations include multiple chr, strand, or regions (5Mb away). Skipping current gene annotation.
[('U4', 'chr1', 'r'), ('U4', 'chr1', 'f'), ('U4', 'chr11', 'r'), ('U4', 'chr2', 'f'), ('U4', 'chr5', 'r'), ('U4', 'chr6', 'f'), ('U4', 'chr8', 'r')]
Warning: Input gene annotations include multiple chr, strand, or regions (5Mb away). Skipping current gene annotation.
[('U7', 'chr1', 'f'), ('U7', 'chr12', 'r'), ('U7', 'chr15', 'f'), ('U7', 'chr16', 'r'), ('U7', 'chr22', 'r'), ('U7', 'chr3', 'f'), ('U7', 'chrX', 'f')]
Warning: Input gene annotations include multiple chr, strand, or regions (5Mb away). Skipping current gene annotation.
[('U6', 'chr1', 'r'), ('U6', 'chr1', 'f'), ('U6', 'chr10', 'f'), ('U6', 'chr11', 'r'), ('U6', 'chr11', 'f'), ('U6', 'chr12', 'f'), ('U6', 'chr12', 'r'), ('U6', 'chr13', 'f'), ('U6', 'chr14', 'r'), ('U6', 'chr15', 'r'), ('U6', 'chr15', 'f'), ('U6', 'chr16', 'f'), ('U6', 'chr17', 'r'), ('U6', 'chr2', 'f'), ('U6', 'chr2', 'r'), ('U6', 'chr20', 'r'), ('U6', 'chr21', 'f'), ('U6', 'chr22', 'f'), ('U6', 'chr3', 'f'), ('U6', 'chr4', 'f'), ('U6', 'chr4', 'r'), ('U6', 'chr9', 'f'), ('U6', 'chrX', 'f')]
Warning: Input gene annotations include multiple chr, strand, or regions (5Mb away). Skipping current gene annotation.
[('U1', 'chr1', 'f'), ('U1', 'chr1', 'r'), ('U1', 'chr21', 'f')]
Warning: Input gene annotations include multiple chr, strand, or regions (5Mb away). Skipping current gene annotation.
[('U3', 'chr1', 'f'), ('U3', 'chr1', 'r'), ('U3', 'chr10', 'f'), ('U3', 'chr10', 'r'), ('U3', 'chr11', 'f'), ('U3', 'chr14', 'r'), ('U3', 'chr15', 'f'), ('U3', 'chr15', 'r'), ('U3', 'chr17', 'r'), ('U3', 'chr17', 'f'), ('U3', 'chr18', 'f'), ('U3', 'chr18', 'r'), ('U3', 'chr19', 'r'), ('U3', 'chr2', 'f'), ('U3', 'chr2', 'r'), ('U3', 'chr20', 'f'), ('U3', 'chr20', 'r'), ('U3', 'chr21', 'r'), ('U3', 'chr3', 'r'), ('U3', 'chr3', 'f'), ('U3', 'chr4', 'f'), ('U3', 'chr5', 'f'), ('U3', 'chr5', 'r'), ('U3', 'chr6', 'f'), ('U3', 'chr6', 'r'), ('U3', 'chr7', 'f'), ('U3', 'chr7', 'r'), ('U3', 'chr8', 'f'), ('U3', 'chr8', 'r'), ('U3', 'chrX', 'f'), ('U3', 'chrX', 'r')]
Warning: Input gene annotations include multiple chr, strand, or regions (5Mb away). Skipping current gene annotation.
[('U2', 'chr1', 'f'), ('U2', 'chr14', 'r'), ('U2', 'chr17', 'r'), ('U2', 'chr22', 'r'), ('U2', 'chr3', 'f'), ('U2', 'chr4', 'f'), ('U2', 'chr8', 'r'), ('U2', 'chr9', 'f')]
Warning: Input gene annotations include multiple chr, strand, or regions (5Mb away). Skipping current gene annotation.
[('MIR6089', 'chrX', 'f'), ('MIR6089', 'chrY', 'f')]
Warning: Input gene annotations include multiple chr, strand, or regions (5Mb away). Skipping current gene annotation.
[('IL3RA', 'chrX', 'f'), ('IL3RA', 'chrY', 'f')]
Warning: Input gene annotations include multiple chr, strand, or regions (5Mb away). Skipping current gene annotation.
[('GTPBP6', 'chrX', 'r'), ('GTPBP6', 'chrY', 'r')]
Warning: Input gene annotations include multiple chr, strand, or regions (5Mb away). Skipping current gene annotation.
[('SNORD18', 'chr15', 'r'), ('SNORD18', 'chr2', 'r')]
Warning: Input gene annotations include multiple chr, strand, or regions (5Mb away). Skipping current gene annotation.
[('LSP1P5', 'chr1', 'f'), ('LSP1P5', 'chr2', 'r')]
Warning: Input gene annotations include multiple chr, strand, or regions (5Mb away). Skipping current gene annotation.
[('ELOCP24', 'chrX', 'r'), ('ELOCP24', 'chrY', 'r')]
Warning: Input gene annotations include multiple chr, strand, or regions (5Mb away). Skipping current gene annotation.
[('Vault', 'chr17', 'f'), ('Vault', 'chr17', 'r'), ('Vault', 'chr2', 'r'), ('Vault', 'chr5', 'r')]
Warning: Input gene annotations include multiple chr, strand, or regions (5Mb away). Skipping current gene annotation.
[('LINC03025', 'chr9', 'r'), ('LINC03025', 'chr9', 'f')]
Warning: Input gene annotations include multiple chr, strand, or regions (5Mb away). Skipping current gene annotation.
[('5S_rRNA', 'chr1', 'r'), ('5S_rRNA', 'chr16', 'r'), ('5S_rRNA', 'chr17', 'r'), ('5S_rRNA', 'chr19', 'r'), ('5S_rRNA', 'chr2', 'r'), ('5S_rRNA', 'chr2', 'f'), ('5S_rRNA', 'chr6', 'r'), ('5S_rRNA', 'chr7', 'r'), ('5S_rRNA', 'chrX', 'f')]
Warning: Input gene annotations include multiple chr, strand, or regions (5Mb away). Skipping current gene annotation.
[('WASH6P', 'chrX', 'f'), ('WASH6P', 'chrY', 'f')]
Warning: Input gene annotations include multiple chr, strand, or regions (5Mb away). Skipping current gene annotation.
[('LINC01238', 'chr2', 'f'), ('LINC01238', 'chr2', 'r')]
Warning: Input gene annotations include multiple chr, strand, or regions (5Mb away). Skipping current gene annotation.
[('MIR3690', 'chrX', 'f'), ('MIR3690', 'chrY', 'f')]
Warning: Input gene annotations include multiple chr, strand, or regions (5Mb away). Skipping current gene annotation.
[('HERC2P7', 'chr15', 'r'), ('HERC2P7', 'chr15', 'f')]
Warning: Input gene annotations include multiple chr, strand, or regions (5Mb away). Skipping current gene annotation.
[('CTSLP2', 'chr10', 'f'), ('CTSLP2', 'chr10', 'r')]
Warning: Input gene annotations include multiple chr, strand, or regions (5Mb away). Skipping current gene annotation.
[('SNORA62', 'chr1', 'f'), ('SNORA62', 'chr11', 'f'), ('SNORA62', 'chr16', 'r'), ('SNORA62', 'chr21', 'f'), ('SNORA62', 'chr3', 'f'), ('SNORA62', 'chr4', 'f'), ('SNORA62', 'chr8', 'f')]
Warning: Input gene annotations include multiple chr, strand, or regions (5Mb away). Skipping current gene annotation.
[('SNORA63', 'chr1', 'f'), ('SNORA63', 'chr1', 'r'), ('SNORA63', 'chr15', 'r'), ('SNORA63', 'chr3', 'f'), ('SNORA63', 'chr4', 'f'), ('SNORA63', 'chr5', 'f'), ('SNORA63', 'chr7', 'r')]
Warning: Input gene annotations include multiple chr, strand, or regions (5Mb away). Skipping current gene annotation.
[('SNORD116', 'chr1', 'r'), ('SNORD116', 'chr13', 'r'), ('SNORD116', 'chr9', 'f')]
Warning: Input gene annotations include multiple chr, strand, or regions (5Mb away). Skipping current gene annotation.
[('SNORD63', 'chr17', 'r'), ('SNORD63', 'chr3', 'r'), ('SNORD63', 'chr5', 'r')]
Warning: Input gene annotations include multiple chr, strand, or regions (5Mb away). Skipping current gene annotation.
[('KMT2CP1', 'chr1', 'r'), ('KMT2CP1', 'chr1', 'f')]
Warning: Input gene annotations include multiple chr, strand, or regions (5Mb away). Skipping current gene annotation.
[('SHOX', 'chrX', 'f'), ('SHOX', 'chrY', 'f')]
Warning: Input gene annotations include multiple chr, strand, or regions (5Mb away). Skipping current gene annotation.
[('RPL23AP7', 'chr2', 'r'), ('RPL23AP7', 'chr22', 'f')]
Warning: Input gene annotations include multiple chr, strand, or regions (5Mb away). Skipping current gene annotation.
[('DHRSX-IT1', 'chrX', 'r'), ('DHRSX-IT1', 'chrY', 'r')]
Warning: Input gene annotations include multiple chr, strand, or regions (5Mb away). Skipping current gene annotation.
[('SNORD39', 'chr11', 'r'), ('SNORD39', 'chr2', 'f'), ('SNORD39', 'chr4', 'r'), ('SNORD39', 'chr9', 'r')]
Warning: Input gene annotations include multiple chr, strand, or regions (5Mb away). Skipping current gene annotation.
[('ZBED1', 'chrX', 'r'), ('ZBED1', 'chrY', 'r')]
Warning: Input gene annotations include multiple chr, strand, or regions (5Mb away). Skipping current gene annotation.
[('ASMTL-AS1', 'chrX', 'f'), ('ASMTL-AS1', 'chrY', 'f')]
Warning: Input gene annotations include multiple chr, strand, or regions (5Mb away). Skipping current gene annotation.
[('SNORD30', 'chr11', 'r'), ('SNORD30', 'chrX', 'f')]
Warning: Input gene annotations include multiple chr, strand, or regions (5Mb away). Skipping current gene annotation.
[('ASMTL', 'chrX', 'r'), ('ASMTL', 'chrY', 'r')]
Warning: Input gene annotations include multiple chr, strand, or regions (5Mb away). Skipping current gene annotation.
[('FABP5P13', 'chrX', 'r'), ('FABP5P13', 'chrY', 'r')]
Warning: Input gene annotations include multiple chr, strand, or regions (5Mb away). Skipping current gene annotation.
[('CD99', 'chrX', 'f'), ('CD99', 'chrY', 'f')]
Warning: Input gene annotations include multiple chr, strand, or regions (5Mb away). Skipping current gene annotation.
[('DHRSX', 'chrX', 'r'), ('DHRSX', 'chrY', 'r')]
Warning: Input gene annotations include multiple chr, strand, or regions (5Mb away). Skipping current gene annotation.
[('SNORD33', 'chr16', 'r'), ('SNORD33', 'chr19', 'f')]
Warning: Input gene annotations include multiple chr, strand, or regions (5Mb away). Skipping current gene annotation.
[('NPIPA9', 'chr16', 'f'), ('NPIPA9', 'chr16', 'r')]
Warning: Input gene annotations include multiple chr, strand, or regions (5Mb away). Skipping current gene annotation.
[('SNORD81', 'chr1', 'f'), ('SNORD81', 'chr5', 'f'), ('SNORD81', 'chr7', 'f')]
Warning: Input gene annotations include multiple chr, strand, or regions (5Mb away). Skipping current gene annotation.
[('PLCXD1', 'chrX', 'f'), ('PLCXD1', 'chrY', 'f')]
Warning: Input gene annotations include multiple chr, strand, or regions (5Mb away). Skipping current gene annotation.
[('RNA5SP498', 'chrX', 'r'), ('RNA5SP498', 'chrY', 'r')]
Warning: Input gene annotations include multiple chr, strand, or regions (5Mb away). Skipping current gene annotation.
[('Metazoa_SRP', 'chr1', 'f'), ('Metazoa_SRP', 'chr1', 'r'), ('Metazoa_SRP', 'chr10', 'f'), ('Metazoa_SRP', 'chr10', 'r'), ('Metazoa_SRP', 'chr11', 'r'), ('Metazoa_SRP', 'chr11', 'f'), ('Metazoa_SRP', 'chr12', 'f'), ('Metazoa_SRP', 'chr12', 'r'), ('Metazoa_SRP', 'chr13', 'r'), ('Metazoa_SRP', 'chr13', 'f'), ('Metazoa_SRP', 'chr14', 'r'), ('Metazoa_SRP', 'chr14', 'f'), ('Metazoa_SRP', 'chr15', 'r'), ('Metazoa_SRP', 'chr15', 'f'), ('Metazoa_SRP', 'chr16', 'f'), ('Metazoa_SRP', 'chr16', 'r'), ('Metazoa_SRP', 'chr17', 'r'), ('Metazoa_SRP', 'chr17', 'f'), ('Metazoa_SRP', 'chr18', 'r'), ('Metazoa_SRP', 'chr19', 'f'), ('Metazoa_SRP', 'chr19', 'r'), ('Metazoa_SRP', 'chr2', 'f'), ('Metazoa_SRP', 'chr2', 'r'), ('Metazoa_SRP', 'chr20', 'f'), ('Metazoa_SRP', 'chr20', 'r'), ('Metazoa_SRP', 'chr22', 'f'), ('Metazoa_SRP', 'chr22', 'r'), ('Metazoa_SRP', 'chr3', 'r'), ('Metazoa_SRP', 'chr3', 'f'), ('Metazoa_SRP', 'chr4', 'r'), ('Metazoa_SRP', 'chr4', 'f'), ('Metazoa_SRP', 'chr5', 'f'), ('Metazoa_SRP', 'chr5', 'r'), ('Metazoa_SRP', 'chr6', 'f'), ('Metazoa_SRP', 'chr6', 'r'), ('Metazoa_SRP', 'chr7', 'f'), ('Metazoa_SRP', 'chr7', 'r'), ('Metazoa_SRP', 'chr8', 'f'), ('Metazoa_SRP', 'chr8', 'r'), ('Metazoa_SRP', 'chr9', 'f'), ('Metazoa_SRP', 'chr9', 'r'), ('Metazoa_SRP', 'chrX', 'r'), ('Metazoa_SRP', 'chrX', 'f'), ('Metazoa_SRP', 'chrY', 'r')]
Warning: Input gene annotations include multiple chr, strand, or regions (5Mb away). Skipping current gene annotation.
[('CSF2RA', 'chrX', 'f'), ('CSF2RA', 'chrY', 'f')]
Warning: Input gene annotations include multiple chr, strand, or regions (5Mb away). Skipping current gene annotation.
[('PPP2R3B', 'chrX', 'r'), ('PPP2R3B', 'chrY', 'r')]
Warning: Input gene annotations include multiple chr, strand, or regions (5Mb away). Skipping current gene annotation.
[('DPH3P2', 'chrX', 'f'), ('DPH3P2', 'chrY', 'f')]
Warning: Input gene annotations include multiple chr, strand, or regions (5Mb away). Skipping current gene annotation.
[('ASMT', 'chrX', 'f'), ('ASMT', 'chrY', 'f')]
Warning: Input gene annotations include multiple chr, strand, or regions (5Mb away). Skipping current gene annotation.
[('IL9R', 'chrX', 'f'), ('IL9R', 'chrY', 'f')]
Warning: Input gene annotations include multiple chr, strand, or regions (5Mb away). Skipping current gene annotation.
[('VAMP7', 'chrX', 'f'), ('VAMP7', 'chrY', 'f')]
Warning: Input gene annotations include multiple chr, strand, or regions (5Mb away). Skipping current gene annotation.
[('LINC02968', 'chrX', 'f'), ('LINC02968', 'chrY', 'f')]
Warning: Input gene annotations include multiple chr, strand, or regions (5Mb away). Skipping current gene annotation.
[('SNORA75', 'chr12', 'r'), ('SNORA75', 'chr12', 'f'), ('SNORA75', 'chr16', 'f'), ('SNORA75', 'chr2', 'r'), ('SNORA75', 'chr4', 'f')]
Warning: Input gene annotations include multiple chr, strand, or regions (5Mb away). Skipping current gene annotation.
[('SNORA74', 'chr12', 'r'), ('SNORA74', 'chr17', 'f'), ('SNORA74', 'chr2', 'f')]
Warning: Input gene annotations include multiple chr, strand, or regions (5Mb away). Skipping current gene annotation.
[('SNORA73', 'chr18', 'f'), ('SNORA73', 'chr18', 'r'), ('SNORA73', 'chr6', 'r')]
Warning: Input gene annotations include multiple chr, strand, or regions (5Mb away). Skipping current gene annotation.
[('SNORA72', 'chr1', 'r'), ('SNORA72', 'chr1', 'f'), ('SNORA72', 'chr2', 'f'), ('SNORA72', 'chr3', 'f'), ('SNORA72', 'chr3', 'r'), ('SNORA72', 'chr8', 'r')]
Warning: Input gene annotations include multiple chr, strand, or regions (5Mb away). Skipping current gene annotation.
[('SNORA71', 'chr10', 'f'), ('SNORA71', 'chr20', 'r'), ('SNORA71', 'chr20', 'f')]
Warning: Input gene annotations include multiple chr, strand, or regions (5Mb away). Skipping current gene annotation.
[('SNORA70', 'chr1', 'r'), ('SNORA70', 'chr12', 'r'), ('SNORA70', 'chr12', 'f'), ('SNORA70', 'chr14', 'f'), ('SNORA70', 'chr16', 'r'), ('SNORA70', 'chr17', 'r'), ('SNORA70', 'chr17', 'f'), ('SNORA70', 'chr18', 'r'), ('SNORA70', 'chr19', 'f'), ('SNORA70', 'chr21', 'f'), ('SNORA70', 'chr21', 'r'), ('SNORA70', 'chr3', 'f'), ('SNORA70', 'chr4', 'f'), ('SNORA70', 'chr5', 'f'), ('SNORA70', 'chr6', 'f'), ('SNORA70', 'chr8', 'r'), ('SNORA70', 'chr8', 'f'), ('SNORA70', 'chr9', 'f'), ('SNORA70', 'chr9', 'r'), ('SNORA70', 'chrX', 'f'), ('SNORA70', 'chrY', 'r'), ('SNORA70', 'chrY', 'f')]
Warning: Input gene annotations include multiple chr, strand, or regions (5Mb away). Skipping current gene annotation.
[('AMD1P2', 'chrX', 'r'), ('AMD1P2', 'chrY', 'r')]
Warning: Input gene annotations include multiple chr, strand, or regions (5Mb away). Skipping current gene annotation.
[('CRLF2', 'chrX', 'r'), ('CRLF2', 'chrY', 'r')]
Warning: Input gene annotations include multiple chr, strand, or regions (5Mb away). Skipping current gene annotation.
[('SNORD115', 'chr10', 'f'), ('SNORD115', 'chr15', 'f')]
Warning: Input gene annotations include multiple chr, strand, or regions (5Mb away). Skipping current gene annotation.
[('AKAP17A', 'chrX', 'f'), ('AKAP17A', 'chrY', 'f')]
Warning: Input gene annotations include multiple chr, strand, or regions (5Mb away). Skipping current gene annotation.
[('SNORD27', 'chr11', 'r'), ('SNORD27', 'chr13', 'r')]
Warning: Input gene annotations include multiple chr, strand, or regions (5Mb away). Skipping current gene annotation.
[('P2RY8', 'chrX', 'r'), ('P2RY8', 'chrY', 'r')]
Warning: Input gene annotations include multiple chr, strand, or regions (5Mb away). Skipping current gene annotation.
[('NPEPPSP1', 'chr17', 'f'), ('NPEPPSP1', 'chr17', 'r')]
Warning: Input gene annotations include multiple chr, strand, or regions (5Mb away). Skipping current gene annotation.
[('LINC00685', 'chrX', 'f'), ('LINC00685', 'chrY', 'f')]
Warning: Input gene annotations include multiple chr, strand, or regions (5Mb away). Skipping current gene annotation.
[('DDX11L2', 'chr1', 'f'), ('DDX11L2', 'chr2', 'r')]
Warning: Input gene annotations include multiple chr, strand, or regions (5Mb away). Skipping current gene annotation.
[('GABARAPL3', 'chr15', 'f'), ('GABARAPL3', 'chr15', 'r')]
Warning: Input gene annotations include multiple chr, strand, or regions (5Mb away). Skipping current gene annotation.
[('LINC02256', 'chr15', 'r'), ('LINC02256', 'chr15', 'f')]
Warning: Input gene annotations include multiple chr, strand, or regions (5Mb away). Skipping current gene annotation.
[('5_8S_rRNA', 'chr14', 'f'), ('5_8S_rRNA', 'chr20', 'r'), ('5_8S_rRNA', 'chr21', 'f'), ('5_8S_rRNA', 'chr22', 'r')]
Warning: Input gene annotations include multiple chr, strand, or regions (5Mb away). Skipping current gene annotation.
[('RPL14P5', 'chrX', 'r'), ('RPL14P5', 'chrY', 'r')]
Warning: Input gene annotations include multiple chr, strand, or regions (5Mb away). Skipping current gene annotation.
[('LINC00106', 'chrX', 'f'), ('LINC00106', 'chrY', 'f')]
Warning: Input gene annotations include multiple chr, strand, or regions (5Mb away). Skipping current gene annotation.
[('ANKRD20A5P', 'chr18', 'f'), ('ANKRD20A5P', 'chr9', 'f')]
Warning: Input gene annotations include multiple chr, strand, or regions (5Mb away). Skipping current gene annotation.
[('SLC25A6', 'chrX', 'r'), ('SLC25A6', 'chrY', 'r')]
Warning: Input gene annotations include multiple chr, strand, or regions (5Mb away). Skipping current gene annotation.
[('KRT18P53', 'chrX', 'r'), ('KRT18P53', 'chrY', 'r')]
Warning: Input gene annotations include multiple chr, strand, or regions (5Mb away). Skipping current gene annotation.
[('DDX11L16', 'chr15', 'r'), ('DDX11L16', 'chr16', 'f'), ('DDX11L16', 'chrX', 'r'), ('DDX11L16', 'chrY', 'r')]
Gene intervals loaded.
21.4392809868 sec. elapsed.
Transcript annotations loaded.
14.8007948399 sec. elapsed.
Warnning: gene name LOC124900463 is not in current annotation.
Warnning: gene name LOC124900463 is not in current annotation.
Warnning: gene name CR786580.1 is not in current annotation.
Warnning: gene name CR786580.1 is not in current annotation.
Warnning: gene name AC024592.3 is not in current annotation.
Warnning: gene name AC024592.3 is not in current annotation.
Warnning: gene name AC009005.1 is not in current annotation.
Warnning: gene name AC009005.1 is not in current annotation.
Warnning: gene name AC021087.5 is not in current annotation.
Warnning: gene name AC021087.5 is not in current annotation.
Warnning: gene name AC022596.2 is not in current annotation.
Warnning: gene name AL353996.1 is not in current annotation.
Warnning: gene name AC022596.2,AL353996.1 is not in current annotation.
Warnning: gene name FP236383.3 is not in current annotation.
Warnning: gene name FP236383.3 is not in current annotation.
Warnning: gene name AP000936.3 is not in current annotation.
Warnning: gene name AP000936.3 is not in current annotation.
Warnning: gene name MTRNR2L12 is not in current annotation.
Warnning: gene name AC106719.1 is not in current annotation.
Warnning: gene name AC107304.1 is not in current annotation.
Warnning: gene name MTRNR2L12 is not in current annotation.
Warnning: gene name AC106719.1,AC107304.1 is not in current annotation.
Warnning: gene name LOC105379242 is not in current annotation.
Warnning: gene name LOC105379242 is not in current annotation.
Warnning: gene name LOC105375022 is not in current annotation.
Warnning: gene name LOC105375022 is not in current annotation.
Warnning: gene name MTRNR2L8 is not in current annotation.
Warnning: gene name MTRNR2L8 is not in current annotation.
Warnning: gene name MTRNR2L12 is not in current annotation.
Warnning: gene name MTRNR2L12 is not in current annotation.
Warnning: gene name AL357833.1 is not in current annotation.
Warnning: gene name AL450322.2 is not in current annotation.
Warnning: gene name AL357833.1,AL450322.2 is not in current annotation.
Warnning: gene name AC025254.1 is not in current annotation.
Warnning: gene name AC090049.2 is not in current annotation.
Warnning: gene name AC025254.1,AC090049.2 is not in current annotation.
Warnning: gene name RPL10AP9 is not in current annotation.
Warnning: gene name RPL10AP9 is not in current annotation.
Warnning: gene name MTRNR2L12 is not in current annotation.
Warnning: gene name MTRNR2L12 is not in current annotation.
Warnning: gene name LOC105377858 is not in current annotation.
Warnning: gene name LOC105377858 is not in current annotation.
Warnning: gene name AC009108.4 is not in current annotation.
Warnning: gene name AC009108.2 is not in current annotation.
Warnning: gene name AC009108.4,AC009108.2 is not in current annotation.
Warnning: gene name AL359510.2 is not in current annotation.
Warnning: gene name AL359510.1 is not in current annotation.
Warnning: gene name AL359510.2,AL359510.1 is not in current annotation.
Warnning: gene name LOC102723670 is not in current annotation.
Warnning: gene name LOC102723670 is not in current annotation.
Warnning: gene name AC135012.1 is not in current annotation.
Warnning: gene name AC135012.2 is not in current annotation.
Warnning: gene name AC135012.1,AC135012.2 is not in current annotation.
Warnning: gene name AC026583.1 is not in current annotation.
Warnning: gene name AC048383.1 is not in current annotation.
Warnning: gene name AC026583.1,AC048383.1 is not in current annotation.
Warnning: gene name AP000350.4 is not in current annotation.
Warnning: gene name AP000350.4 is not in current annotation.
Warnning: gene name AL356309.1 is not in current annotation.
Warnning: gene name AL161908.1 is not in current annotation.
Warnning: gene name AL356309.1,AL161908.1 is not in current annotation.
Warnning: gene name AC104389.6 is not in current annotation.
Warnning: gene name AC104389.6 is not in current annotation.
Warnning: gene name AL133419.1 is not in current annotation.
Warnning: gene name AL009050.1 is not in current annotation.
Warnning: gene name AL133419.1,AL009050.1 is not in current annotation.
Warnning: gene name RPL13P10 is not in current annotation.
Warnning: gene name RPL13P10 is not in current annotation.
Warnning: gene name AC073611.1 is not in current annotation.
Warnning: gene name AC073611.1 is not in current annotation.
Warnning: gene name AC073592.4 is not in current annotation.
Warnning: gene name AC073593.1 is not in current annotation.
Warnning: gene name AC073592.4,AC073593.1 is not in current annotation.
Warnning: gene name AC104389.6 is not in current annotation.
Warnning: gene name AC104389.6 is not in current annotation.
Warnning: gene name AC090016.1 is not in current annotation.
Warnning: gene name AC126175.1 is not in current annotation.
Warnning: gene name AC090016.1,AC126175.1 is not in current annotation.
Warnning: gene name LOC729998 is not in current annotation.
Warnning: gene name LOC101928782 is not in current annotation.
Warnning: gene name LOC729998 is not in current annotation.
Warnning: gene name LOC101928782 is not in current annotation.
Warnning: gene name FP671120.6 is not in current annotation.
Warnning: gene name FP671120.6 is not in current annotation.
Warnning: gene name LOC100420983 is not in current annotation.
Warnning: gene name LOC100420983 is not in current annotation.
Warnning: gene name MTRNR2L12 is not in current annotation.
Warnning: gene name MTRNR2L12 is not in current annotation.
Warnning: gene name LOC124900453 is not in current annotation.
Warnning: gene name LOC124900453 is not in current annotation.
Warnning: gene name AC026347.1 is not in current annotation.
Warnning: gene name AC092924.1 is not in current annotation.
Warnning: gene name AC026347.1,AC092924.1 is not in current annotation.
Warnning: gene name AL021921.1 is not in current annotation.
Warnning: gene name AL161638.2 is not in current annotation.
Warnning: gene name AL021921.1,AL161638.2 is not in current annotation.
Warnning: gene name AC098583.1 is not in current annotation.
Warnning: gene name AC098583.1 is not in current annotation.
Warnning: gene name LOC100420020 is not in current annotation.
Warnning: gene name LOC100420020 is not in current annotation.
Warnning: gene name RPS15P1 is not in current annotation.
Warnning: gene name RPS15P1 is not in current annotation.
Warnning: gene name LOC400553 is not in current annotation.
Warnning: gene name LOC400553 is not in current annotation.
Warnning: gene name AC034236.1 is not in current annotation.
Warnning: gene name AC034236.1 is not in current annotation.
Warnning: gene name LOC122319696 is not in current annotation.
Warnning: gene name LOC122319696 is not in current annotation.
Warnning: gene name AL139280.2 is not in current annotation.
Warnning: gene name AL356433.1 is not in current annotation.
Warnning: gene name AL139280.2,AL356433.1 is not in current annotation.
Warnning: gene name FP671120.6 is not in current annotation.
Warnning: gene name FP671120.6 is not in current annotation.
Warnning: gene name MYO1D-DT is not in current annotation.
Warnning: gene name MYO1D-DT is not in current annotation.
Warnning: gene name LOC112694756 is not in current annotation.
Warnning: gene name RPL7L1P16 is not in current annotation.
Warnning: gene name LOC112694756 is not in current annotation.
Warnning: gene name RPL7L1P16 is not in current annotation.
Warnning: gene name RPL7L1P16 is not in current annotation.
Warnning: gene name RPL7L1P16 is not in current annotation.
Warnning: gene name RPS18P11 is not in current annotation.
Warnning: gene name RPS18P11 is not in current annotation.
Warnning: gene name AL160275.1 is not in current annotation.
Warnning: gene name AL390240.1 is not in current annotation.
Warnning: gene name AL160275.1,AL390240.1 is not in current annotation.
Warnning: gene name RPS18P2 is not in current annotation.
Warnning: gene name RPS18P2 is not in current annotation.
Warnning: gene name LOC644335 is not in current annotation.
Warnning: gene name LOC644335 is not in current annotation.
Warnning: gene name AL603783.1 is not in current annotation.
Warnning: gene name AL596442.4 is not in current annotation.
Warnning: gene name AL603783.1,AL596442.4 is not in current annotation.
Warnning: gene name AC026736.1 is not in current annotation.
Warnning: gene name AC010266.2 is not in current annotation.
Warnning: gene name AC026736.1,AC010266.2 is not in current annotation.
Warnning: gene name AC023968.1 is not in current annotation.
Warnning: gene name AC026826.3 is not in current annotation.
Warnning: gene name AC023968.1,AC026826.3 is not in current annotation.
Warnning: gene name RPS18P2 is not in current annotation.
Warnning: gene name RPS18P2 is not in current annotation.
Warnning: gene name AL928654.3 is not in current annotation.
Warnning: gene name AL928654.3 is not in current annotation.
Warnning: gene name AL022718.1 is not in current annotation.
Warnning: gene name AL022718.1 is not in current annotation.
Warnning: gene name LOC105369165 is not in current annotation.
Warnning: gene name LOC105369165 is not in current annotation.
Warnning: gene name AC096589.1 is not in current annotation.
Warnning: gene name AC108057.1 is not in current annotation.
Warnning: gene name AC096589.1,AC108057.1 is not in current annotation.
Warnning: gene name LOC101927314 is not in current annotation.
Warnning: gene name LOC101927314 is not in current annotation.
Warnning: gene name AL353152.2 is not in current annotation.
Warnning: gene name AL353152.1 is not in current annotation.
Warnning: gene name AL353152.2,AL353152.1 is not in current annotation.
Warnning: gene name AC097528.1 is not in current annotation.
Warnning: gene name AC097528.1,Y_RNA is not in current annotation.
Warnning: gene name FP236383.2 is not in current annotation.
Warnning: gene name FP236383.2 is not in current annotation.
Warnning: gene name LOC102724594 is not in current annotation.
Warnning: gene name LOC102724428 is not in current annotation.
Warnning: gene name LOC102724594 is not in current annotation.
Warnning: gene name LOC102724428 is not in current annotation.
Warnning: gene name RPS15P1 is not in current annotation.
Warnning: gene name RPS15P1 is not in current annotation.
Warnning: gene name AC013410.2 is not in current annotation.
Warnning: gene name AC106900.1 is not in current annotation.
Warnning: gene name AC013410.2,AC106900.1 is not in current annotation.
Warnning: gene name AP001485.1 is not in current annotation.
Warnning: gene name AP002004.1 is not in current annotation.
Warnning: gene name AP001485.1,AP002004.1 is not in current annotation.
Warnning: gene name LOC107985953 is not in current annotation.
Warnning: gene name LOC107985953 is not in current annotation.
Warnning: gene name AL390816.3 is not in current annotation.
Warnning: gene name AL389895.1 is not in current annotation.
Warnning: gene name AL390816.3,AL389895.1 is not in current annotation.
Warnning: gene name AC009654.1 is not in current annotation.
Warnning: gene name AC037433.1 is not in current annotation.
Warnning: gene name AC009654.1,AC037433.1 is not in current annotation.
Warnning: gene name AC090016.1 is not in current annotation.
Warnning: gene name AC126175.1 is not in current annotation.
Warnning: gene name AC090016.1,AC126175.1 is not in current annotation.
Warnning: gene name LOC100420008 is not in current annotation.
Warnning: gene name LOC100420008 is not in current annotation.
Warnning: gene name RPL27P11 is not in current annotation.
Warnning: gene name LOC101928782 is not in current annotation.
Warnning: gene name RPL27P11 is not in current annotation.
Warnning: gene name LOC101928782 is not in current annotation.
Warnning: gene name AP002990.1 is not in current annotation.
Warnning: gene name AP002990.1 is not in current annotation.
Warnning: gene name AL049749.1 is not in current annotation.
Warnning: gene name Z80897.2 is not in current annotation.
Warnning: gene name AL049749.1,Z80897.2 is not in current annotation.
Warnning: gene name AC112491.1 is not in current annotation.
Warnning: gene name AC112491.1 is not in current annotation.
Warnning: gene name AC021078.1 is not in current annotation.
Warnning: gene name AC021078.1 is not in current annotation.
Warnning: gene name AC013410.2 is not in current annotation.
Warnning: gene name AC106900.1 is not in current annotation.
Warnning: gene name AC013410.2,AC106900.1 is not in current annotation.
Warnning: gene name CHURC1-FNTB is not in current annotation.
Warnning: gene name CHURC1-FNTB is not in current annotation.
Warnning: gene name LOC101929457 is not in current annotation.
Warnning: gene name LOC101929457 is not in current annotation.
Warnning: gene name LOC100422376 is not in current annotation.
Warnning: gene name LOC100422376 is not in current annotation.
Warnning: gene name LOC400553 is not in current annotation.
Warnning: gene name LOC400553 is not in current annotation.
Warnning: gene name AL049612.1 is not in current annotation.
Warnning: gene name AL603783.1 is not in current annotation.
Warnning: gene name AL049612.1,AL603783.1 is not in current annotation.
Warnning: gene name AC008550.1 is not in current annotation.
Warnning: gene name AC008574.1 is not in current annotation.
Warnning: gene name AC008550.1,AC008574.1 is not in current annotation.
Warnning: gene name IGHG3 is not in current annotation.
Warnning: gene name IGHG3 is not in current annotation.
Warnning: gene name AL928654.3 is not in current annotation.
Warnning: gene name IGHG3 is not in current annotation.
Warnning: gene name AL928654.3 is not in current annotation.
Warnning: gene name IGHG3 is not in current annotation.
Warnning: gene name AL022718.1 is not in current annotation.
Warnning: gene name AL022718.1 is not in current annotation.
Warnning: gene name LOC124903376 is not in current annotation.
Warnning: gene name LOC124903376 is not in current annotation.
Warnning: gene name LOC124904975 is not in current annotation.
Warnning: gene name LOC124904975 is not in current annotation.
Warnning: gene name AP000787.1 is not in current annotation.
Warnning: gene name AP001790.1 is not in current annotation.
Warnning: gene name AP000787.1,AP001790.1 is not in current annotation.
Warnning: gene name LOC124901860 is not in current annotation.
Warnning: gene name LOC124901860 is not in current annotation.
Warnning: gene name LOC100422376 is not in current annotation.
Warnning: gene name LOC100422376 is not in current annotation.
Warnning: gene name AL162585.1 is not in current annotation.
Warnning: gene name AL355607.1 is not in current annotation.
Warnning: gene name AL162585.1,AL355607.1 is not in current annotation.
Warnning: gene name AC016739.1 is not in current annotation.
Warnning: gene name AC016739.1 is not in current annotation.
Warnning: gene name AC010132.3 is not in current annotation.
Warnning: gene name AC010132.3 is not in current annotation.
Warnning: gene name AC009800.1 is not in current annotation.
Warnning: gene name AC009646.1 is not in current annotation.
Warnning: gene name AC009800.1,AC009646.1 is not in current annotation.
Warnning: gene name AL161797.1 is not in current annotation.
Warnning: gene name AC098656.1 is not in current annotation.
Warnning: gene name AL161797.1,AC098656.1 is not in current annotation.
Warnning: gene name AC010230.1 is not in current annotation.
Warnning: gene name AC094104.2 is not in current annotation.
Warnning: gene name AC010230.1,AC094104.2 is not in current annotation.
Warnning: gene name AC079584.1 is not in current annotation.
Warnning: gene name AC079584.1,Y_RNA is not in current annotation.
Warnning: gene name AC244197.3 is not in current annotation.
Warnning: gene name LOC122319696 is not in current annotation.
Warnning: gene name AC244197.3 is not in current annotation.
Warnning: gene name LOC122319696 is not in current annotation.
Warnning: gene name TNFAIP8L2-SCNM1 is not in current annotation.
Warnning: gene name TNFAIP8L2-SCNM1 is not in current annotation.
Warnning: gene name LOC100421692 is not in current annotation.
Warnning: gene name LOC100421692 is not in current annotation.
Warnning: gene name MTRNR2L8 is not in current annotation.
Warnning: gene name MTRNR2L8 is not in current annotation.
Warnning: gene name AC104389.6 is not in current annotation.
Warnning: gene name AC104389.6 is not in current annotation.
Warnning: gene name AL121718.1 is not in current annotation.
Warnning: gene name AL450327.1 is not in current annotation.
Warnning: gene name AL121718.1,AL450327.1 is not in current annotation.
Warnning: gene name AC104389.6 is not in current annotation.
Warnning: gene name AC104389.6 is not in current annotation.
Warnning: gene name AC027601.5 is not in current annotation.
Warnning: gene name AC110285.3 is not in current annotation.
Warnning: gene name AC027601.5,AC110285.3 is not in current annotation.
Warnning: gene name LOC105374836 is not in current annotation.
Warnning: gene name LOC105374836 is not in current annotation.
Warnning: gene name AC008550.1 is not in current annotation.
Warnning: gene name AC008574.1 is not in current annotation.
Warnning: gene name AC008550.1,AC008574.1 is not in current annotation.
Warnning: gene name LOC102724019 is not in current annotation.
Warnning: gene name LOC102724019 is not in current annotation.
Warnning: gene name AC007923.1 is not in current annotation.
Warnning: gene name AC004253.2 is not in current annotation.
Warnning: gene name AC007923.1,AC004253.2 is not in current annotation.
Warnning: gene name AC010476.2 is not in current annotation.
Warnning: gene name AC010591.1 is not in current annotation.
Warnning: gene name AC010476.2,AC010591.1 is not in current annotation.
Warnning: gene name Y_RNA,Y_RNA is not in current annotation.
Warnning: gene name LOC102723670 is not in current annotation.
Warnning: gene name LOC102723670 is not in current annotation.
Warnning: gene name AC022441.1 is not in current annotation.
Warnning: gene name AC022441.3 is not in current annotation.
Warnning: gene name AC022441.1,AC022441.3 is not in current annotation.
Warnning: gene name SEPTIN14P20 is not in current annotation.
Warnning: gene name SEPTIN14P20 is not in current annotation.
Warnning: gene name LOC124904812 is not in current annotation.
Warnning: gene name LOC124904812 is not in current annotation.
Warnning: gene name LOC644456 is not in current annotation.
Warnning: gene name LOC124900539 is not in current annotation.
Warnning: gene name LOC644456 is not in current annotation.
Warnning: gene name LOC124900539 is not in current annotation.
Warnning: gene name LOC100129422 is not in current annotation.
Warnning: gene name LOC100129422 is not in current annotation.
Warnning: gene name IFNAR2-IL10RB is not in current annotation.
Warnning: gene name IFNAR2-IL10RB is not in current annotation.
Warnning: gene name AC003092.2 is not in current annotation.
Warnning: gene name AC002074.1 is not in current annotation.
Warnning: gene name AC003092.2,AC002074.1 is not in current annotation.
Warnning: gene name LOC128966744 is not in current annotation.
Warnning: gene name LOC128966744 is not in current annotation.
Warnning: gene name AC009237.9 is not in current annotation.
Warnning: gene name AC008268.1 is not in current annotation.
Warnning: gene name AC009237.9,AC008268.1 is not in current annotation.
Warnning: gene name AL049749.1 is not in current annotation.
Warnning: gene name Z80897.2 is not in current annotation.
Warnning: gene name AL049749.1,Z80897.2 is not in current annotation.
Warnning: gene name LOC105375022 is not in current annotation.
Warnning: gene name LOC105375022 is not in current annotation.
Warnning: gene name AP003072.1 is not in current annotation.
Warnning: gene name AP003969.1 is not in current annotation.
Warnning: gene name AP003072.1,AP003969.1 is not in current annotation.
Warnning: gene name LOC101928728 is not in current annotation.
Warnning: gene name LOC101928728 is not in current annotation.
Warnning: gene name IGHV3-21 is not in current annotation.
Warnning: gene name IGHV3-21 is not in current annotation.
Warnning: gene name AC104389.6 is not in current annotation.
Warnning: gene name AC104389.6 is not in current annotation.
Warnning: gene name AL928654.3 is not in current annotation.
Warnning: gene name IGHV3-21 is not in current annotation.
Warnning: gene name AL928654.3 is not in current annotation.
Warnning: gene name IGHV3-21 is not in current annotation.
Warnning: gene name AC027309.1 is not in current annotation.
Warnning: gene name AC022217.2 is not in current annotation.
Warnning: gene name AC027309.1,AC022217.2 is not in current annotation.
Warnning: gene name AC242842.3 is not in current annotation.
Warnning: gene name AC242842.3 is not in current annotation.
Warnning: gene name RPL7L1P16 is not in current annotation.
Warnning: gene name RPL7L1P16 is not in current annotation.
Warnning: gene name AC010476.2 is not in current annotation.
Warnning: gene name AC010591.1 is not in current annotation.
Warnning: gene name AC010476.2,AC010591.1 is not in current annotation.
Warnning: gene name AC098656.1 is not in current annotation.
Warnning: gene name AL627316.1 is not in current annotation.
Warnning: gene name AC098656.1,AL627316.1 is not in current annotation.
Warnning: gene name LOC124902078 is not in current annotation.
Warnning: gene name LOC124902078 is not in current annotation.
Warnning: gene name DDX18P2 is not in current annotation.
Warnning: gene name DDX18P2 is not in current annotation.
Warnning: gene name AC008125.1 is not in current annotation.
Warnning: gene name AC078880.1 is not in current annotation.
Warnning: gene name AC008125.1,AC078880.1 is not in current annotation.
Warnning: gene name LOC100129456 is not in current annotation.
Warnning: gene name LOC100129456 is not in current annotation.
Warnning: gene name AL021921.1 is not in current annotation.
Warnning: gene name AL161638.2 is not in current annotation.
Warnning: gene name AL021921.1,AL161638.2 is not in current annotation.
Warnning: gene name AC009021.1 is not in current annotation.
Warnning: gene name AC130466.1 is not in current annotation.
Warnning: gene name AC009021.1,AC130466.1 is not in current annotation.
Warnning: gene name RPL7L1P16 is not in current annotation.
Warnning: gene name RPL7L1P16 is not in current annotation.
Warnning: gene name SPICP4 is not in current annotation.
Warnning: gene name SPICP4 is not in current annotation.
Warnning: gene name LOC100132857 is not in current annotation.
Warnning: gene name LOC100132857 is not in current annotation.
Warnning: gene name LOC122319696 is not in current annotation.
Warnning: gene name LOC122319696 is not in current annotation.
Warnning: gene name LOC100421347 is not in current annotation.
Warnning: gene name LOC100421347 is not in current annotation.
Warnning: gene name AP001485.1 is not in current annotation.
Warnning: gene name AP002004.1 is not in current annotation.
Warnning: gene name AP001485.1,AP002004.1 is not in current annotation.
Warnning: gene name AC106782.1 is not in current annotation.
Warnning: gene name AC106782.3 is not in current annotation.
Warnning: gene name AC106782.1,AC106782.3 is not in current annotation.
Warnning: gene name AC026202.1 is not in current annotation.
Warnning: gene name AC087857.1 is not in current annotation.
Warnning: gene name AC026202.1,AC087857.1 is not in current annotation.
Warnning: gene name LOC124903386 is not in current annotation.
Warnning: gene name LOC124903386 is not in current annotation.
Warnning: gene name SEPTIN14P20 is not in current annotation.
Warnning: gene name SEPTIN14P20 is not in current annotation.
Warnning: gene name LOC100128362 is not in current annotation.
Warnning: gene name LOC100128362 is not in current annotation.
Warnning: gene name LOC124900198 is not in current annotation.
Warnning: gene name LOC124900198 is not in current annotation.
Warnning: gene name AC073072.1 is not in current annotation.
Warnning: gene name AC073072.1 is not in current annotation.
Warnning: gene name AL589826.1 is not in current annotation.
Warnning: gene name AL589826.2 is not in current annotation.
Warnning: gene name AL589826.1,AL589826.2 is not in current annotation.
Warnning: gene name AC099541.2 is not in current annotation.
Warnning: gene name AC099541.1 is not in current annotation.
Warnning: gene name AC099541.2,AC099541.1 is not in current annotation.
Warnning: gene name AL009177.1 is not in current annotation.
Warnning: gene name AL109914.1 is not in current annotation.
Warnning: gene name AL009177.1,AL109914.1 is not in current annotation.
Warnning: gene name AC012442.2 is not in current annotation.
Warnning: gene name AC079922.1 is not in current annotation.
Warnning: gene name AC012442.2,AC079922.1 is not in current annotation.
Warnning: gene name RPS21P7 is not in current annotation.
Warnning: gene name RPS21P7 is not in current annotation.
Warnning: gene name AL137076.1 is not in current annotation.
Warnning: gene name AL021921.1 is not in current annotation.
Warnning: gene name AL137076.1,AL021921.1 is not in current annotation.
Warnning: gene name AL357972.1 is not in current annotation.
Warnning: gene name AL663058.1 is not in current annotation.
Warnning: gene name AL357972.1,AL663058.1 is not in current annotation.
Warnning: gene name AC008763.3 is not in current annotation.
Warnning: gene name AC008763.3 is not in current annotation.
Warnning: gene name AP002990.1 is not in current annotation.
Warnning: gene name RPS2P37 is not in current annotation.
Warnning: gene name AP002990.1 is not in current annotation.
Warnning: gene name RPS2P37 is not in current annotation.
Warnning: gene name AL713999.2 is not in current annotation.
Warnning: gene name AL713999.2 is not in current annotation.
Warnning: gene name LOC124900430 is not in current annotation.
Warnning: gene name LOC124900430 is not in current annotation.
Warnning: gene name NUP50P4 is not in current annotation.
Warnning: gene name NUP50P4 is not in current annotation.
Warnning: gene name LOC100421074 is not in current annotation.
Warnning: gene name LOC100421074 is not in current annotation.
Warnning: gene name AL450405.1 is not in current annotation.
Warnning: gene name AL450405.1 is not in current annotation.
Warnning: gene name RPS2P37 is not in current annotation.
Warnning: gene name RPS2P37 is not in current annotation.
Warnning: gene name AC104389.6 is not in current annotation.
Warnning: gene name AC104389.6 is not in current annotation.
Warnning: gene name AC009533.2 is not in current annotation.
Warnning: gene name AC009533.3 is not in current annotation.
Warnning: gene name AC009533.2,AC009533.3 is not in current annotation.
Warnning: gene name AC097634.4 is not in current annotation.
Warnning: gene name AC097634.4 is not in current annotation.
Warnning: gene name AL451007.2 is not in current annotation.
Warnning: gene name BX323046.2 is not in current annotation.
Warnning: gene name AL451007.2,BX323046.2 is not in current annotation.
Warnning: gene name LOC100129616 is not in current annotation.
Warnning: gene name LOC100129616 is not in current annotation.
Warnning: gene name LOC100129616 is not in current annotation.
Warnning: gene name LOC100129616 is not in current annotation.
Warnning: gene name AC092723.3 is not in current annotation.
Warnning: gene name AC092723.2 is not in current annotation.
Warnning: gene name AC092723.3,AC092723.2 is not in current annotation.
Warnning: gene name AC026403.1 is not in current annotation.
Warnning: gene name AC026403.1 is not in current annotation.
Warnning: gene name LOC124906010 is not in current annotation.
Warnning: gene name LOC124906010 is not in current annotation.
Warnning: gene name AC010230.1 is not in current annotation.
Warnning: gene name AC094104.2 is not in current annotation.
Warnning: gene name AC010230.1,AC094104.2 is not in current annotation.
Warnning: gene name LOC648442 is not in current annotation.
Warnning: gene name LOC648442 is not in current annotation.
Warnning: gene name RPL7L1P16 is not in current annotation.
Warnning: gene name RPL7L1P16 is not in current annotation.
Warnning: gene name AC087499.5 is not in current annotation.
Warnning: gene name AC087499.6 is not in current annotation.
Warnning: gene name AC087499.5,AC087499.6 is not in current annotation.
Warnning: gene name AC093515.1 is not in current annotation.
Warnning: gene name AC018767.2 is not in current annotation.
Warnning: gene name AC093515.1,AC018767.2 is not in current annotation.
Warnning: gene name AC010132.3 is not in current annotation.
Warnning: gene name AC010132.3 is not in current annotation.
Warnning: gene name DNAJC25-GNG10 is not in current annotation.
Warnning: gene name DNAJC25-GNG10 is not in current annotation.
Warnning: gene name AC245102.1 is not in current annotation.
Warnning: gene name Y_RNA,AC245102.1 is not in current annotation.
Warnning: gene name AC012451.1 is not in current annotation.
Warnning: gene name AC068483.1 is not in current annotation.
Warnning: gene name AC012451.1,AC068483.1 is not in current annotation.
Warnning: gene name LOC128966744 is not in current annotation.
Warnning: gene name LOC128966744 is not in current annotation.
Warnning: gene name AC010359.3 is not in current annotation.
Warnning: gene name AC010359.3 is not in current annotation.
Warnning: gene name LOC101927314 is not in current annotation.
Warnning: gene name LOC101927314 is not in current annotation.
Warnning: gene name AL671862.1 is not in current annotation.
Warnning: gene name AC092265.1 is not in current annotation.
Warnning: gene name AL671862.1,AC092265.1 is not in current annotation.
Warnning: gene name AC010132.3 is not in current annotation.
Warnning: gene name AC010132.3 is not in current annotation.
Warnning: gene name AC026202.1 is not in current annotation.
Warnning: gene name AC087857.1 is not in current annotation.
Warnning: gene name AC026202.1,AC087857.1 is not in current annotation.
Warnning: gene name AC023669.2 is not in current annotation.
Warnning: gene name AC004869.2 is not in current annotation.
Warnning: gene name AC023669.2,AC004869.2 is not in current annotation.
Warnning: gene name LOC124900198 is not in current annotation.
Warnning: gene name LOC124900198 is not in current annotation.
Warnning: gene name LOC100422453 is not in current annotation.
Warnning: gene name LOC100422453 is not in current annotation.
Warnning: gene name AC092170.1 is not in current annotation.
Warnning: gene name AC064856.1 is not in current annotation.
Warnning: gene name AC092170.1,AC064856.1 is not in current annotation.
Warnning: gene name LOC124904363 is not in current annotation.
Warnning: gene name LOC124904363 is not in current annotation.
Warnning: gene name AL158011.1 is not in current annotation.
Warnning: gene name AL158011.1,Y_RNA is not in current annotation.
Warnning: gene name AC079950.1 is not in current annotation.
Warnning: gene name AC008124.1 is not in current annotation.
Warnning: gene name AC079950.1,AC008124.1 is not in current annotation.
Warnning: gene name AL161443.1 is not in current annotation.
Warnning: gene name AL157703.1 is not in current annotation.
Warnning: gene name AL161443.1,AL157703.1 is not in current annotation.
Warnning: gene name KGD4 is not in current annotation.
Warnning: gene name KGD4 is not in current annotation.
Warnning: gene name AP002001.2 is not in current annotation.
Warnning: gene name AP003173.1 is not in current annotation.
Warnning: gene name AP002001.2,AP003173.1 is not in current annotation.
Warnning: gene name AL445307.1 is not in current annotation.
Warnning: gene name AL078602.1 is not in current annotation.
Warnning: gene name AL445307.1,AL078602.1 is not in current annotation.
Warnning: gene name SPMIP3 is not in current annotation.
Warnning: gene name SPMIP3 is not in current annotation.
Warnning: gene name LOC124901048 is not in current annotation.
Warnning: gene name LOC124901048 is not in current annotation.
Warnning: gene name AL136295.5 is not in current annotation.
Warnning: gene name AL136295.5 is not in current annotation.
Warnning: gene name LOC105375924 is not in current annotation.
Warnning: gene name LOC105375924 is not in current annotation.
Warnning: gene name AC092666.1 is not in current annotation.
Warnning: gene name AC006008.1 is not in current annotation.
Warnning: gene name AC092666.1,AC006008.1 is not in current annotation.
Warnning: gene name LINC03093 is not in current annotation.
Warnning: gene name LINC03093 is not in current annotation.
Warnning: gene name AC026202.1 is not in current annotation.
Warnning: gene name AC087857.1 is not in current annotation.
Warnning: gene name AC026202.1,AC087857.1 is not in current annotation.
Warnning: gene name LOC105372753 is not in current annotation.
Warnning: gene name LOC105372753 is not in current annotation.
Warnning: gene name AC012081.2 is not in current annotation.
Warnning: gene name AC012081.1 is not in current annotation.
Warnning: gene name AC012081.2,AC012081.1 is not in current annotation.
Warnning: gene name AL160287.1 is not in current annotation.
Warnning: gene name AL390961.1 is not in current annotation.
Warnning: gene name AL160287.1,AL390961.1 is not in current annotation.
Warnning: gene name AC123912.2 is not in current annotation.
Warnning: gene name AC123912.5 is not in current annotation.
Warnning: gene name AC123912.2,AC123912.5 is not in current annotation.
Warnning: gene name LOC124904471 is not in current annotation.
Warnning: gene name LOC124904471 is not in current annotation.
Warnning: gene name AC010291.1 is not in current annotation.
Warnning: gene name AC116917.1 is not in current annotation.
Warnning: gene name AC010291.1,AC116917.1 is not in current annotation.
Warnning: gene name TCP1P2 is not in current annotation.
Warnning: gene name TCP1P2 is not in current annotation.
Warnning: gene name AC008785.1 is not in current annotation.
Warnning: gene name AC126755.3 is not in current annotation.
Warnning: gene name AC008785.1,AC126755.3 is not in current annotation.
Warnning: gene name AL031282.2 is not in current annotation.
Warnning: gene name AL031282.2 is not in current annotation.
Warnning: gene name AC244636.1 is not in current annotation.
Warnning: gene name AC244636.2 is not in current annotation.
Warnning: gene name AC244636.1,AC244636.2 is not in current annotation.
Warnning: gene name LOC102724104 is not in current annotation.
Warnning: gene name LOC102724104 is not in current annotation.
Warnning: gene name LOC101060035 is not in current annotation.
Warnning: gene name LOC101060035 is not in current annotation.
Warnning: gene name LOC107986374 is not in current annotation.
Warnning: gene name LOC107986374 is not in current annotation.
Warnning: gene name AC078776.1 is not in current annotation.
Warnning: gene name AC026371.1 is not in current annotation.
Warnning: gene name AC078776.1,AC026371.1 is not in current annotation.
Warnning: gene name AC023468.1 is not in current annotation.
Warnning: gene name AC013265.1 is not in current annotation.
Warnning: gene name AC023468.1,AC013265.1 is not in current annotation.
Warnning: gene name AC107079.1 is not in current annotation.
Warnning: gene name AC112715.1 is not in current annotation.
Warnning: gene name AC107079.1,AC112715.1 is not in current annotation.
Warnning: gene name LOC105370829 is not in current annotation.
Warnning: gene name LOC105370829 is not in current annotation.
Warnning: gene name AP005263.1 is not in current annotation.
Warnning: gene name AP005263.1 is not in current annotation.
Warnning: gene name AC133485.1 is not in current annotation.
Warnning: gene name AC133485.3 is not in current annotation.
Warnning: gene name AC133485.1,AC133485.3 is not in current annotation.
Warnning: gene name LOC102723878 is not in current annotation.
Warnning: gene name LOC102723878 is not in current annotation.
Warnning: gene name AL353803.3 is not in current annotation.
Warnning: gene name AL353803.2 is not in current annotation.
Warnning: gene name AL353803.3,AL353803.2 is not in current annotation.
Warnning: gene name RPL27P11 is not in current annotation.
Warnning: gene name RPL27P11 is not in current annotation.
Warnning: gene name AL158212.4 is not in current annotation.
Warnning: gene name AL158212.1 is not in current annotation.
Warnning: gene name AL158212.4,AL158212.1 is not in current annotation.
Warnning: gene name LOC105377448 is not in current annotation.
Warnning: gene name LOC105377448 is not in current annotation.
Warnning: gene name AC009533.2 is not in current annotation.
Warnning: gene name AC009533.3 is not in current annotation.
Warnning: gene name AC009533.2,AC009533.3 is not in current annotation.
Warnning: gene name Z84466.1 is not in current annotation.
Warnning: gene name Z84466.1 is not in current annotation.
Warnning: gene name AL356535.1 is not in current annotation.
Warnning: gene name AL356535.1 is not in current annotation.
Warnning: gene name AL353133.2 is not in current annotation.
Warnning: gene name AL157777.1 is not in current annotation.
Warnning: gene name AL353133.2,AL157777.1 is not in current annotation.
Warnning: gene name AC004057.1 is not in current annotation.
Warnning: gene name AC004057.1 is not in current annotation.
Warnning: gene name AC135012.1 is not in current annotation.
Warnning: gene name AC135012.2 is not in current annotation.
Warnning: gene name AC135012.1,AC135012.2 is not in current annotation.
Warnning: gene name LOC105371672 is not in current annotation.
Warnning: gene name LOC105371672 is not in current annotation.
Warnning: gene name LOC105371672 is not in current annotation.
Warnning: gene name LOC105371672 is not in current annotation.
Warnning: gene name AC105081.1 is not in current annotation.
Warnning: gene name AP003351.1 is not in current annotation.
Warnning: gene name AC105081.1,AP003351.1 is not in current annotation.
Warnning: gene name AC007923.3 is not in current annotation.
Warnning: gene name AC007923.2 is not in current annotation.
Warnning: gene name AC007923.3,AC007923.2 is not in current annotation.
Warnning: gene name LOC105374836 is not in current annotation.
Warnning: gene name LOC105374836 is not in current annotation.
Warnning: gene name AC123912.2 is not in current annotation.
Warnning: gene name AC123912.5 is not in current annotation.
Warnning: gene name AC123912.2,AC123912.5 is not in current annotation.
Warnning: gene name AC108681.1 is not in current annotation.
Warnning: gene name AC068295.1 is not in current annotation.
Warnning: gene name AC108681.1,AC068295.1 is not in current annotation.
Warnning: gene name AL357054.2 is not in current annotation.
Warnning: gene name AL356130.1 is not in current annotation.
Warnning: gene name AL357054.2,AL356130.1 is not in current annotation.
Warnning: gene name LOC124906194 is not in current annotation.
Warnning: gene name LOC124906194 is not in current annotation.
Warnning: gene name AC024255.1 is not in current annotation.
Warnning: gene name AC012150.1 is not in current annotation.
Warnning: gene name AC024255.1,AC012150.1 is not in current annotation.
Warnning: gene name LOC124900453 is not in current annotation.
Warnning: gene name LOC124900453 is not in current annotation.
Warnning: gene name AC130464.1 is not in current annotation.
Warnning: gene name AC002331.1 is not in current annotation.
Warnning: gene name AC130464.1,AC002331.1 is not in current annotation.
Warnning: gene name LOC100421093 is not in current annotation.
Warnning: gene name LOC100421093 is not in current annotation.
Warnning: gene name AC090607.5 is not in current annotation.
Warnning: gene name AC011270.2 is not in current annotation.
Warnning: gene name AC090607.5,AC011270.2 is not in current annotation.
Warnning: gene name AC079950.1 is not in current annotation.
Warnning: gene name AC008124.1 is not in current annotation.
Warnning: gene name AC079950.1,AC008124.1 is not in current annotation.
Warnning: gene name AL079342.1 is not in current annotation.
Warnning: gene name AL079342.2 is not in current annotation.
Warnning: gene name AL079342.1,AL079342.2 is not in current annotation.
Warnning: gene name LOC100132609 is not in current annotation.
Warnning: gene name LOC100132609 is not in current annotation.
Warnning: gene name RPS15P1 is not in current annotation.
Warnning: gene name RPS15P1 is not in current annotation.
Warnning: gene name AC007923.3 is not in current annotation.
Warnning: gene name AC007923.2 is not in current annotation.
Warnning: gene name AC007923.3,AC007923.2 is not in current annotation.
Warnning: gene name LOC124905143 is not in current annotation.
Warnning: gene name LOC124905143 is not in current annotation.
Warnning: gene name BIVM-ERCC5 is not in current annotation.
Warnning: gene name BIVM-ERCC5 is not in current annotation.
Warnning: gene name AC093725.2 is not in current annotation.
Warnning: gene name AC093725.1 is not in current annotation.
Warnning: gene name AC093725.2,AC093725.1 is not in current annotation.
Warnning: gene name RPS15P8 is not in current annotation.
Warnning: gene name RPS15P8 is not in current annotation.
Warnning: gene name AC006557.6 is not in current annotation.
Warnning: gene name AC006557.5 is not in current annotation.
Warnning: gene name AC006557.6,AC006557.5 is not in current annotation.
Warnning: gene name AC008462.1 is not in current annotation.
Warnning: gene name AC133134.1 is not in current annotation.
Warnning: gene name AC008462.1,AC133134.1 is not in current annotation.
Warnning: gene name LOC100419616 is not in current annotation.
Warnning: gene name LOC100419616 is not in current annotation.
Warnning: gene name AC026202.1 is not in current annotation.
Warnning: gene name AC087857.1 is not in current annotation.
Warnning: gene name AC026202.1,AC087857.1 is not in current annotation.
Warnning: gene name RPS11P4 is not in current annotation.
Warnning: gene name RPS11P4 is not in current annotation.
Warnning: gene name LOC101929130 is not in current annotation.
Warnning: gene name LOC101929130 is not in current annotation.
Warnning: gene name AC134698.2 is not in current annotation.
Warnning: gene name AC139365.2 is not in current annotation.
Warnning: gene name AC134698.2,AC139365.2 is not in current annotation.
Warnning: gene name LOC101060035 is not in current annotation.
Warnning: gene name LOC101060035 is not in current annotation.
Warnning: gene name AL160271.1 is not in current annotation.
Warnning: gene name AL160271.2 is not in current annotation.
Warnning: gene name AL160271.1,AL160271.2 is not in current annotation.
Warnning: gene name RPS2P37 is not in current annotation.
Warnning: gene name RPS2P37 is not in current annotation.
Warnning: gene name TRMT112P8 is not in current annotation.
Warnning: gene name TRMT112P8 is not in current annotation.
Warnning: gene name LINC02072 is not in current annotation.
Warnning: gene name LINC02072 is not in current annotation.
Warnning: gene name LOC112268018 is not in current annotation.
Warnning: gene name LOC112268018 is not in current annotation.
Warnning: gene name ATP6V1G2-DDX39B is not in current annotation.
Warnning: gene name ATP6V1G2-DDX39B is not in current annotation.
Warnning: gene name AP001574.1 is not in current annotation.
Warnning: gene name AP003472.1 is not in current annotation.
Warnning: gene name AP001574.1,AP003472.1 is not in current annotation.
Warnning: gene name LOC100420336 is not in current annotation.
Warnning: gene name LOC100420336 is not in current annotation.
Warnning: gene name AC018706.1 is not in current annotation.
Warnning: gene name AC010719.1 is not in current annotation.
Warnning: gene name AC018706.1,AC010719.1 is not in current annotation.
Warnning: gene name TBC1D7-LOC100130357 is not in current annotation.
Warnning: gene name TBC1D7-LOC100130357 is not in current annotation.
Warnning: gene name LOC103171574 is not in current annotation.
Warnning: gene name LOC103171574 is not in current annotation.
Warnning: gene name DDX18P2 is not in current annotation.
Warnning: gene name DDX18P2 is not in current annotation.
Warnning: gene name LOC124903376 is not in current annotation.
Warnning: gene name LOC124903376 is not in current annotation.
Warnning: gene name SALL4P3 is not in current annotation.
Warnning: gene name SALL4P3 is not in current annotation.
Warnning: gene name LOC105370473 is not in current annotation.
Warnning: gene name LOC105370473 is not in current annotation.
Warnning: gene name AL662899.1 is not in current annotation.
Warnning: gene name AL662899.1 is not in current annotation.
Warnning: gene name AC091114.1 is not in current annotation.
Warnning: gene name AC016074.2 is not in current annotation.
Warnning: gene name AC091114.1,AC016074.2 is not in current annotation.
Warnning: gene name Z97353.1 is not in current annotation.
Warnning: gene name Z97353.1 is not in current annotation.
Warnning: gene name LOC100130714 is not in current annotation.
Warnning: gene name LOC100130714 is not in current annotation.
Warnning: gene name LOC124900442 is not in current annotation.
Warnning: gene name LOC124900442 is not in current annotation.
Warnning: gene name AL359682.1 is not in current annotation.
Warnning: gene name AL355096.1 is not in current annotation.
Warnning: gene name AL359682.1,AL355096.1 is not in current annotation.
Warnning: gene name AC018445.6 is not in current annotation.
Warnning: gene name AC068473.3 is not in current annotation.
Warnning: gene name AC018445.6,AC068473.3 is not in current annotation.
Warnning: gene name AC109479.2 is not in current annotation.
Warnning: gene name AC136628.1 is not in current annotation.
Warnning: gene name AC109479.2,AC136628.1 is not in current annotation.
Warnning: gene name AL136102.1 is not in current annotation.
Warnning: gene name AL121888.2 is not in current annotation.
Warnning: gene name AL136102.1,AL121888.2 is not in current annotation.
Warnning: gene name AC011509.3 is not in current annotation.
Warnning: gene name AC011509.2 is not in current annotation.
Warnning: gene name AC011509.3,AC011509.2 is not in current annotation.
Warnning: gene name AP001931.1 is not in current annotation.
Warnning: gene name AP001931.1 is not in current annotation.
Warnning: gene name AC110760.2 is not in current annotation.
Warnning: gene name AC093870.1 is not in current annotation.
Warnning: gene name AC110760.2,AC093870.1 is not in current annotation.
Warnning: gene name FOXL3-OT1 is not in current annotation.
Warnning: gene name FOXL3-OT1 is not in current annotation.
Warnning: gene name AC005943.1 is not in current annotation.
Warnning: gene name AC005943.1 is not in current annotation.
Warnning: gene name LOC122319696 is not in current annotation.
Warnning: gene name LOC122319696 is not in current annotation.
cff /MetaFusion/RUNS_Results/TARGET-AML_Blood_Derived_Cancer-Peripheral_Blood_Post-treatment/Blood_Derived_Cancer-Peripheral_Blood_Post-treatment.cff.reformat.renamed.reann.WITH_SEQ
Add adjacent exons to cff
3186995 annotations from /MetaFusion/reference_files/hg38_gene.bed loaded.
16.2200980186 sec. elapsed.
Warning: Input gene annotations include multiple chr, strand, or regions (5Mb away). Skipping current gene annotation.
[('LINC00102', 'chrX', 'r'), ('LINC00102', 'chrY', 'r')]
Warning: Input gene annotations include multiple chr, strand, or regions (5Mb away). Skipping current gene annotation.
[('SNORD42', 'chr22', 'r'), ('SNORD42', 'chr4', 'r')]
Warning: Input gene annotations include multiple chr, strand, or regions (5Mb away). Skipping current gene annotation.
[('CD99P1', 'chrX', 'f'), ('CD99P1', 'chrY', 'f')]
Warning: Input gene annotations include multiple chr, strand, or regions (5Mb away). Skipping current gene annotation.
[('TNFRSF10A-DT', 'chr8', 'f'), ('TNFRSF10A-DT', 'chr8', 'r')]
Warning: Input gene annotations include multiple chr, strand, or regions (5Mb away). Skipping current gene annotation.
[('TRPC6P1', 'chrX', 'r'), ('TRPC6P1', 'chrY', 'r')]
Warning: Input gene annotations include multiple chr, strand, or regions (5Mb away). Skipping current gene annotation.
[('7SK', 'chr1', 'r'), ('7SK', 'chr1', 'f'), ('7SK', 'chr11', 'f'), ('7SK', 'chr17', 'f'), ('7SK', 'chr3', 'r'), ('7SK', 'chr6', 'f')]
Warning: Input gene annotations include multiple chr, strand, or regions (5Mb away). Skipping current gene annotation.
[('Y_RNA', 'chr1', 'r'), ('Y_RNA', 'chr1', 'f'), ('Y_RNA', 'chr10', 'r'), ('Y_RNA', 'chr10', 'f'), ('Y_RNA', 'chr11', 'f'), ('Y_RNA', 'chr11', 'r'), ('Y_RNA', 'chr12', 'r'), ('Y_RNA', 'chr12', 'f'), ('Y_RNA', 'chr13', 'f'), ('Y_RNA', 'chr14', 'f'), ('Y_RNA', 'chr14', 'r'), ('Y_RNA', 'chr15', 'f'), ('Y_RNA', 'chr15', 'r'), ('Y_RNA', 'chr16', 'f'), ('Y_RNA', 'chr16', 'r'), ('Y_RNA', 'chr17', 'f'), ('Y_RNA', 'chr17', 'r'), ('Y_RNA', 'chr18', 'f'), ('Y_RNA', 'chr18', 'r'), ('Y_RNA', 'chr19', 'r'), ('Y_RNA', 'chr19', 'f'), ('Y_RNA', 'chr2', 'f'), ('Y_RNA', 'chr2', 'r'), ('Y_RNA', 'chr20', 'f'), ('Y_RNA', 'chr20', 'r'), ('Y_RNA', 'chr21', 'f'), ('Y_RNA', 'chr21', 'r'), ('Y_RNA', 'chr22', 'f'), ('Y_RNA', 'chr22', 'r'), ('Y_RNA', 'chr3', 'r'), ('Y_RNA', 'chr3', 'f'), ('Y_RNA', 'chr4', 'r'), ('Y_RNA', 'chr4', 'f'), ('Y_RNA', 'chr5', 'r'), ('Y_RNA', 'chr5', 'f'), ('Y_RNA', 'chr6', 'r'), ('Y_RNA', 'chr6', 'f'), ('Y_RNA', 'chr7', 'r'), ('Y_RNA', 'chr7', 'f'), ('Y_RNA', 'chr8', 'f'), ('Y_RNA', 'chr8', 'r'), ('Y_RNA', 'chr9', 'f'), ('Y_RNA', 'chr9', 'r'), ('Y_RNA', 'chrX', 'r'), ('Y_RNA', 'chrX', 'f'), ('Y_RNA', 'chrY', 'f')]
Warning: Input gene annotations include multiple chr, strand, or regions (5Mb away). Skipping current gene annotation.
[('WASIR1', 'chrX', 'r'), ('WASIR1', 'chrY', 'r')]
Warning: Input gene annotations include multiple chr, strand, or regions (5Mb away). Skipping current gene annotation.
[('U8', 'chr1', 'f'), ('U8', 'chr10', 'r'), ('U8', 'chr10', 'f'), ('U8', 'chr11', 'f'), ('U8', 'chr12', 'r'), ('U8', 'chr12', 'f'), ('U8', 'chr15', 'f'), ('U8', 'chr15', 'r'), ('U8', 'chr18', 'r'), ('U8', 'chr2', 'r'), ('U8', 'chr2', 'f'), ('U8', 'chr3', 'r'), ('U8', 'chr3', 'f'), ('U8', 'chr5', 'r'), ('U8', 'chr5', 'f'), ('U8', 'chr6', 'r'), ('U8', 'chr8', 'r'), ('U8', 'chr9', 'f')]
Warning: Input gene annotations include multiple chr, strand, or regions (5Mb away). Skipping current gene annotation.
[('U4', 'chr1', 'r'), ('U4', 'chr1', 'f'), ('U4', 'chr11', 'r'), ('U4', 'chr2', 'f'), ('U4', 'chr5', 'r'), ('U4', 'chr6', 'f'), ('U4', 'chr8', 'r')]
Warning: Input gene annotations include multiple chr, strand, or regions (5Mb away). Skipping current gene annotation.
[('U7', 'chr1', 'f'), ('U7', 'chr12', 'r'), ('U7', 'chr15', 'f'), ('U7', 'chr16', 'r'), ('U7', 'chr22', 'r'), ('U7', 'chr3', 'f'), ('U7', 'chrX', 'f')]
Warning: Input gene annotations include multiple chr, strand, or regions (5Mb away). Skipping current gene annotation.
[('U6', 'chr1', 'r'), ('U6', 'chr1', 'f'), ('U6', 'chr10', 'f'), ('U6', 'chr11', 'r'), ('U6', 'chr11', 'f'), ('U6', 'chr12', 'f'), ('U6', 'chr12', 'r'), ('U6', 'chr13', 'f'), ('U6', 'chr14', 'r'), ('U6', 'chr15', 'r'), ('U6', 'chr15', 'f'), ('U6', 'chr16', 'f'), ('U6', 'chr17', 'r'), ('U6', 'chr2', 'f'), ('U6', 'chr2', 'r'), ('U6', 'chr20', 'r'), ('U6', 'chr21', 'f'), ('U6', 'chr22', 'f'), ('U6', 'chr3', 'f'), ('U6', 'chr4', 'f'), ('U6', 'chr4', 'r'), ('U6', 'chr9', 'f'), ('U6', 'chrX', 'f')]
Warning: Input gene annotations include multiple chr, strand, or regions (5Mb away). Skipping current gene annotation.
[('U1', 'chr1', 'f'), ('U1', 'chr1', 'r'), ('U1', 'chr21', 'f')]
Warning: Input gene annotations include multiple chr, strand, or regions (5Mb away). Skipping current gene annotation.
[('U3', 'chr1', 'f'), ('U3', 'chr1', 'r'), ('U3', 'chr10', 'f'), ('U3', 'chr10', 'r'), ('U3', 'chr11', 'f'), ('U3', 'chr14', 'r'), ('U3', 'chr15', 'f'), ('U3', 'chr15', 'r'), ('U3', 'chr17', 'r'), ('U3', 'chr17', 'f'), ('U3', 'chr18', 'f'), ('U3', 'chr18', 'r'), ('U3', 'chr19', 'r'), ('U3', 'chr2', 'f'), ('U3', 'chr2', 'r'), ('U3', 'chr20', 'f'), ('U3', 'chr20', 'r'), ('U3', 'chr21', 'r'), ('U3', 'chr3', 'r'), ('U3', 'chr3', 'f'), ('U3', 'chr4', 'f'), ('U3', 'chr5', 'f'), ('U3', 'chr5', 'r'), ('U3', 'chr6', 'f'), ('U3', 'chr6', 'r'), ('U3', 'chr7', 'f'), ('U3', 'chr7', 'r'), ('U3', 'chr8', 'f'), ('U3', 'chr8', 'r'), ('U3', 'chrX', 'f'), ('U3', 'chrX', 'r')]
Warning: Input gene annotations include multiple chr, strand, or regions (5Mb away). Skipping current gene annotation.
[('U2', 'chr1', 'f'), ('U2', 'chr14', 'r'), ('U2', 'chr17', 'r'), ('U2', 'chr22', 'r'), ('U2', 'chr3', 'f'), ('U2', 'chr4', 'f'), ('U2', 'chr8', 'r'), ('U2', 'chr9', 'f')]
Warning: Input gene annotations include multiple chr, strand, or regions (5Mb away). Skipping current gene annotation.
[('MIR6089', 'chrX', 'f'), ('MIR6089', 'chrY', 'f')]
Warning: Input gene annotations include multiple chr, strand, or regions (5Mb away). Skipping current gene annotation.
[('IL3RA', 'chrX', 'f'), ('IL3RA', 'chrY', 'f')]
Warning: Input gene annotations include multiple chr, strand, or regions (5Mb away). Skipping current gene annotation.
[('GTPBP6', 'chrX', 'r'), ('GTPBP6', 'chrY', 'r')]
Warning: Input gene annotations include multiple chr, strand, or regions (5Mb away). Skipping current gene annotation.
[('SNORD18', 'chr15', 'r'), ('SNORD18', 'chr2', 'r')]
Warning: Input gene annotations include multiple chr, strand, or regions (5Mb away). Skipping current gene annotation.
[('LSP1P5', 'chr1', 'f'), ('LSP1P5', 'chr2', 'r')]
Warning: Input gene annotations include multiple chr, strand, or regions (5Mb away). Skipping current gene annotation.
[('ELOCP24', 'chrX', 'r'), ('ELOCP24', 'chrY', 'r')]
Warning: Input gene annotations include multiple chr, strand, or regions (5Mb away). Skipping current gene annotation.
[('Vault', 'chr17', 'f'), ('Vault', 'chr17', 'r'), ('Vault', 'chr2', 'r'), ('Vault', 'chr5', 'r')]
Warning: Input gene annotations include multiple chr, strand, or regions (5Mb away). Skipping current gene annotation.
[('LINC03025', 'chr9', 'r'), ('LINC03025', 'chr9', 'f')]
Warning: Input gene annotations include multiple chr, strand, or regions (5Mb away). Skipping current gene annotation.
[('5S_rRNA', 'chr1', 'r'), ('5S_rRNA', 'chr16', 'r'), ('5S_rRNA', 'chr17', 'r'), ('5S_rRNA', 'chr19', 'r'), ('5S_rRNA', 'chr2', 'r'), ('5S_rRNA', 'chr2', 'f'), ('5S_rRNA', 'chr6', 'r'), ('5S_rRNA', 'chr7', 'r'), ('5S_rRNA', 'chrX', 'f')]
Warning: Input gene annotations include multiple chr, strand, or regions (5Mb away). Skipping current gene annotation.
[('WASH6P', 'chrX', 'f'), ('WASH6P', 'chrY', 'f')]
Warning: Input gene annotations include multiple chr, strand, or regions (5Mb away). Skipping current gene annotation.
[('LINC01238', 'chr2', 'f'), ('LINC01238', 'chr2', 'r')]
Warning: Input gene annotations include multiple chr, strand, or regions (5Mb away). Skipping current gene annotation.
[('MIR3690', 'chrX', 'f'), ('MIR3690', 'chrY', 'f')]
Warning: Input gene annotations include multiple chr, strand, or regions (5Mb away). Skipping current gene annotation.
[('HERC2P7', 'chr15', 'r'), ('HERC2P7', 'chr15', 'f')]
Warning: Input gene annotations include multiple chr, strand, or regions (5Mb away). Skipping current gene annotation.
[('CTSLP2', 'chr10', 'f'), ('CTSLP2', 'chr10', 'r')]
Warning: Input gene annotations include multiple chr, strand, or regions (5Mb away). Skipping current gene annotation.
[('SNORA62', 'chr1', 'f'), ('SNORA62', 'chr11', 'f'), ('SNORA62', 'chr16', 'r'), ('SNORA62', 'chr21', 'f'), ('SNORA62', 'chr3', 'f'), ('SNORA62', 'chr4', 'f'), ('SNORA62', 'chr8', 'f')]
Warning: Input gene annotations include multiple chr, strand, or regions (5Mb away). Skipping current gene annotation.
[('SNORA63', 'chr1', 'f'), ('SNORA63', 'chr1', 'r'), ('SNORA63', 'chr15', 'r'), ('SNORA63', 'chr3', 'f'), ('SNORA63', 'chr4', 'f'), ('SNORA63', 'chr5', 'f'), ('SNORA63', 'chr7', 'r')]
Warning: Input gene annotations include multiple chr, strand, or regions (5Mb away). Skipping current gene annotation.
[('SNORD116', 'chr1', 'r'), ('SNORD116', 'chr13', 'r'), ('SNORD116', 'chr9', 'f')]
Warning: Input gene annotations include multiple chr, strand, or regions (5Mb away). Skipping current gene annotation.
[('SNORD63', 'chr17', 'r'), ('SNORD63', 'chr3', 'r'), ('SNORD63', 'chr5', 'r')]
Warning: Input gene annotations include multiple chr, strand, or regions (5Mb away). Skipping current gene annotation.
[('KMT2CP1', 'chr1', 'r'), ('KMT2CP1', 'chr1', 'f')]
Warning: Input gene annotations include multiple chr, strand, or regions (5Mb away). Skipping current gene annotation.
[('SHOX', 'chrX', 'f'), ('SHOX', 'chrY', 'f')]
Warning: Input gene annotations include multiple chr, strand, or regions (5Mb away). Skipping current gene annotation.
[('RPL23AP7', 'chr2', 'r'), ('RPL23AP7', 'chr22', 'f')]
Warning: Input gene annotations include multiple chr, strand, or regions (5Mb away). Skipping current gene annotation.
[('DHRSX-IT1', 'chrX', 'r'), ('DHRSX-IT1', 'chrY', 'r')]
Warning: Input gene annotations include multiple chr, strand, or regions (5Mb away). Skipping current gene annotation.
[('SNORD39', 'chr11', 'r'), ('SNORD39', 'chr2', 'f'), ('SNORD39', 'chr4', 'r'), ('SNORD39', 'chr9', 'r')]
Warning: Input gene annotations include multiple chr, strand, or regions (5Mb away). Skipping current gene annotation.
[('ZBED1', 'chrX', 'r'), ('ZBED1', 'chrY', 'r')]
Warning: Input gene annotations include multiple chr, strand, or regions (5Mb away). Skipping current gene annotation.
[('ASMTL-AS1', 'chrX', 'f'), ('ASMTL-AS1', 'chrY', 'f')]
Warning: Input gene annotations include multiple chr, strand, or regions (5Mb away). Skipping current gene annotation.
[('SNORD30', 'chr11', 'r'), ('SNORD30', 'chrX', 'f')]
Warning: Input gene annotations include multiple chr, strand, or regions (5Mb away). Skipping current gene annotation.
[('ASMTL', 'chrX', 'r'), ('ASMTL', 'chrY', 'r')]
Warning: Input gene annotations include multiple chr, strand, or regions (5Mb away). Skipping current gene annotation.
[('FABP5P13', 'chrX', 'r'), ('FABP5P13', 'chrY', 'r')]
Warning: Input gene annotations include multiple chr, strand, or regions (5Mb away). Skipping current gene annotation.
[('CD99', 'chrX', 'f'), ('CD99', 'chrY', 'f')]
Warning: Input gene annotations include multiple chr, strand, or regions (5Mb away). Skipping current gene annotation.
[('DHRSX', 'chrX', 'r'), ('DHRSX', 'chrY', 'r')]
Warning: Input gene annotations include multiple chr, strand, or regions (5Mb away). Skipping current gene annotation.
[('SNORD33', 'chr16', 'r'), ('SNORD33', 'chr19', 'f')]
Warning: Input gene annotations include multiple chr, strand, or regions (5Mb away). Skipping current gene annotation.
[('NPIPA9', 'chr16', 'f'), ('NPIPA9', 'chr16', 'r')]
Warning: Input gene annotations include multiple chr, strand, or regions (5Mb away). Skipping current gene annotation.
[('SNORD81', 'chr1', 'f'), ('SNORD81', 'chr5', 'f'), ('SNORD81', 'chr7', 'f')]
Warning: Input gene annotations include multiple chr, strand, or regions (5Mb away). Skipping current gene annotation.
[('PLCXD1', 'chrX', 'f'), ('PLCXD1', 'chrY', 'f')]
Warning: Input gene annotations include multiple chr, strand, or regions (5Mb away). Skipping current gene annotation.
[('RNA5SP498', 'chrX', 'r'), ('RNA5SP498', 'chrY', 'r')]
Warning: Input gene annotations include multiple chr, strand, or regions (5Mb away). Skipping current gene annotation.
[('Metazoa_SRP', 'chr1', 'f'), ('Metazoa_SRP', 'chr1', 'r'), ('Metazoa_SRP', 'chr10', 'f'), ('Metazoa_SRP', 'chr10', 'r'), ('Metazoa_SRP', 'chr11', 'r'), ('Metazoa_SRP', 'chr11', 'f'), ('Metazoa_SRP', 'chr12', 'f'), ('Metazoa_SRP', 'chr12', 'r'), ('Metazoa_SRP', 'chr13', 'r'), ('Metazoa_SRP', 'chr13', 'f'), ('Metazoa_SRP', 'chr14', 'r'), ('Metazoa_SRP', 'chr14', 'f'), ('Metazoa_SRP', 'chr15', 'r'), ('Metazoa_SRP', 'chr15', 'f'), ('Metazoa_SRP', 'chr16', 'f'), ('Metazoa_SRP', 'chr16', 'r'), ('Metazoa_SRP', 'chr17', 'r'), ('Metazoa_SRP', 'chr17', 'f'), ('Metazoa_SRP', 'chr18', 'r'), ('Metazoa_SRP', 'chr19', 'f'), ('Metazoa_SRP', 'chr19', 'r'), ('Metazoa_SRP', 'chr2', 'f'), ('Metazoa_SRP', 'chr2', 'r'), ('Metazoa_SRP', 'chr20', 'f'), ('Metazoa_SRP', 'chr20', 'r'), ('Metazoa_SRP', 'chr22', 'f'), ('Metazoa_SRP', 'chr22', 'r'), ('Metazoa_SRP', 'chr3', 'r'), ('Metazoa_SRP', 'chr3', 'f'), ('Metazoa_SRP', 'chr4', 'r'), ('Metazoa_SRP', 'chr4', 'f'), ('Metazoa_SRP', 'chr5', 'f'), ('Metazoa_SRP', 'chr5', 'r'), ('Metazoa_SRP', 'chr6', 'f'), ('Metazoa_SRP', 'chr6', 'r'), ('Metazoa_SRP', 'chr7', 'f'), ('Metazoa_SRP', 'chr7', 'r'), ('Metazoa_SRP', 'chr8', 'f'), ('Metazoa_SRP', 'chr8', 'r'), ('Metazoa_SRP', 'chr9', 'f'), ('Metazoa_SRP', 'chr9', 'r'), ('Metazoa_SRP', 'chrX', 'r'), ('Metazoa_SRP', 'chrX', 'f'), ('Metazoa_SRP', 'chrY', 'r')]
Warning: Input gene annotations include multiple chr, strand, or regions (5Mb away). Skipping current gene annotation.
[('CSF2RA', 'chrX', 'f'), ('CSF2RA', 'chrY', 'f')]
Warning: Input gene annotations include multiple chr, strand, or regions (5Mb away). Skipping current gene annotation.
[('PPP2R3B', 'chrX', 'r'), ('PPP2R3B', 'chrY', 'r')]
Warning: Input gene annotations include multiple chr, strand, or regions (5Mb away). Skipping current gene annotation.
[('DPH3P2', 'chrX', 'f'), ('DPH3P2', 'chrY', 'f')]
Warning: Input gene annotations include multiple chr, strand, or regions (5Mb away). Skipping current gene annotation.
[('ASMT', 'chrX', 'f'), ('ASMT', 'chrY', 'f')]
Warning: Input gene annotations include multiple chr, strand, or regions (5Mb away). Skipping current gene annotation.
[('IL9R', 'chrX', 'f'), ('IL9R', 'chrY', 'f')]
Warning: Input gene annotations include multiple chr, strand, or regions (5Mb away). Skipping current gene annotation.
[('VAMP7', 'chrX', 'f'), ('VAMP7', 'chrY', 'f')]
Warning: Input gene annotations include multiple chr, strand, or regions (5Mb away). Skipping current gene annotation.
[('LINC02968', 'chrX', 'f'), ('LINC02968', 'chrY', 'f')]
Warning: Input gene annotations include multiple chr, strand, or regions (5Mb away). Skipping current gene annotation.
[('SNORA75', 'chr12', 'r'), ('SNORA75', 'chr12', 'f'), ('SNORA75', 'chr16', 'f'), ('SNORA75', 'chr2', 'r'), ('SNORA75', 'chr4', 'f')]
Warning: Input gene annotations include multiple chr, strand, or regions (5Mb away). Skipping current gene annotation.
[('SNORA74', 'chr12', 'r'), ('SNORA74', 'chr17', 'f'), ('SNORA74', 'chr2', 'f')]
Warning: Input gene annotations include multiple chr, strand, or regions (5Mb away). Skipping current gene annotation.
[('SNORA73', 'chr18', 'f'), ('SNORA73', 'chr18', 'r'), ('SNORA73', 'chr6', 'r')]
Warning: Input gene annotations include multiple chr, strand, or regions (5Mb away). Skipping current gene annotation.
[('SNORA72', 'chr1', 'r'), ('SNORA72', 'chr1', 'f'), ('SNORA72', 'chr2', 'f'), ('SNORA72', 'chr3', 'f'), ('SNORA72', 'chr3', 'r'), ('SNORA72', 'chr8', 'r')]
Warning: Input gene annotations include multiple chr, strand, or regions (5Mb away). Skipping current gene annotation.
[('SNORA71', 'chr10', 'f'), ('SNORA71', 'chr20', 'r'), ('SNORA71', 'chr20', 'f')]
Warning: Input gene annotations include multiple chr, strand, or regions (5Mb away). Skipping current gene annotation.
[('SNORA70', 'chr1', 'r'), ('SNORA70', 'chr12', 'r'), ('SNORA70', 'chr12', 'f'), ('SNORA70', 'chr14', 'f'), ('SNORA70', 'chr16', 'r'), ('SNORA70', 'chr17', 'r'), ('SNORA70', 'chr17', 'f'), ('SNORA70', 'chr18', 'r'), ('SNORA70', 'chr19', 'f'), ('SNORA70', 'chr21', 'f'), ('SNORA70', 'chr21', 'r'), ('SNORA70', 'chr3', 'f'), ('SNORA70', 'chr4', 'f'), ('SNORA70', 'chr5', 'f'), ('SNORA70', 'chr6', 'f'), ('SNORA70', 'chr8', 'r'), ('SNORA70', 'chr8', 'f'), ('SNORA70', 'chr9', 'f'), ('SNORA70', 'chr9', 'r'), ('SNORA70', 'chrX', 'f'), ('SNORA70', 'chrY', 'r'), ('SNORA70', 'chrY', 'f')]
Warning: Input gene annotations include multiple chr, strand, or regions (5Mb away). Skipping current gene annotation.
[('AMD1P2', 'chrX', 'r'), ('AMD1P2', 'chrY', 'r')]
Warning: Input gene annotations include multiple chr, strand, or regions (5Mb away). Skipping current gene annotation.
[('CRLF2', 'chrX', 'r'), ('CRLF2', 'chrY', 'r')]
Warning: Input gene annotations include multiple chr, strand, or regions (5Mb away). Skipping current gene annotation.
[('SNORD115', 'chr10', 'f'), ('SNORD115', 'chr15', 'f')]
Warning: Input gene annotations include multiple chr, strand, or regions (5Mb away). Skipping current gene annotation.
[('AKAP17A', 'chrX', 'f'), ('AKAP17A', 'chrY', 'f')]
Warning: Input gene annotations include multiple chr, strand, or regions (5Mb away). Skipping current gene annotation.
[('SNORD27', 'chr11', 'r'), ('SNORD27', 'chr13', 'r')]
Warning: Input gene annotations include multiple chr, strand, or regions (5Mb away). Skipping current gene annotation.
[('P2RY8', 'chrX', 'r'), ('P2RY8', 'chrY', 'r')]
Warning: Input gene annotations include multiple chr, strand, or regions (5Mb away). Skipping current gene annotation.
[('NPEPPSP1', 'chr17', 'f'), ('NPEPPSP1', 'chr17', 'r')]
Warning: Input gene annotations include multiple chr, strand, or regions (5Mb away). Skipping current gene annotation.
[('LINC00685', 'chrX', 'f'), ('LINC00685', 'chrY', 'f')]
Warning: Input gene annotations include multiple chr, strand, or regions (5Mb away). Skipping current gene annotation.
[('DDX11L2', 'chr1', 'f'), ('DDX11L2', 'chr2', 'r')]
Warning: Input gene annotations include multiple chr, strand, or regions (5Mb away). Skipping current gene annotation.
[('GABARAPL3', 'chr15', 'f'), ('GABARAPL3', 'chr15', 'r')]
Warning: Input gene annotations include multiple chr, strand, or regions (5Mb away). Skipping current gene annotation.
[('LINC02256', 'chr15', 'r'), ('LINC02256', 'chr15', 'f')]
Warning: Input gene annotations include multiple chr, strand, or regions (5Mb away). Skipping current gene annotation.
[('5_8S_rRNA', 'chr14', 'f'), ('5_8S_rRNA', 'chr20', 'r'), ('5_8S_rRNA', 'chr21', 'f'), ('5_8S_rRNA', 'chr22', 'r')]
Warning: Input gene annotations include multiple chr, strand, or regions (5Mb away). Skipping current gene annotation.
[('RPL14P5', 'chrX', 'r'), ('RPL14P5', 'chrY', 'r')]
Warning: Input gene annotations include multiple chr, strand, or regions (5Mb away). Skipping current gene annotation.
[('LINC00106', 'chrX', 'f'), ('LINC00106', 'chrY', 'f')]
Warning: Input gene annotations include multiple chr, strand, or regions (5Mb away). Skipping current gene annotation.
[('ANKRD20A5P', 'chr18', 'f'), ('ANKRD20A5P', 'chr9', 'f')]
Warning: Input gene annotations include multiple chr, strand, or regions (5Mb away). Skipping current gene annotation.
[('SLC25A6', 'chrX', 'r'), ('SLC25A6', 'chrY', 'r')]
Warning: Input gene annotations include multiple chr, strand, or regions (5Mb away). Skipping current gene annotation.
[('KRT18P53', 'chrX', 'r'), ('KRT18P53', 'chrY', 'r')]
Warning: Input gene annotations include multiple chr, strand, or regions (5Mb away). Skipping current gene annotation.
[('DDX11L16', 'chr15', 'r'), ('DDX11L16', 'chr16', 'f'), ('DDX11L16', 'chrX', 'r'), ('DDX11L16', 'chrY', 'r')]
Gene intervals loaded.
20.8709208965 sec. elapsed.
Transcript annotations loaded.
14.5921339989 sec. elapsed.
Merge cff by exons
Loading required package: graph
Loading required package: BiocGenerics

Attaching package: 'BiocGenerics'

The following objects are masked from 'package:stats':

    IQR, mad, sd, var, xtabs

The following objects are masked from 'package:base':

    Filter, Find, Map, Position, Reduce, anyDuplicated, append,
    as.data.frame, basename, cbind, colnames, dirname, do.call,
    duplicated, eval, evalq, get, grep, grepl, intersect, is.unsorted,
    lapply, mapply, match, mget, order, paste, pmax, pmax.int, pmin,
    pmin.int, rank, rbind, rownames, sapply, setdiff, sort, table,
    tapply, union, unique, unsplit, which.max, which.min

Reading FID.intersections.tsv file
4480 records to build graph
Building graph
output cis-sage.cluster file
ReadThrough, callerfilter 1
python callerfilter_num.py --cluster /MetaFusion/RUNS_Results/TARGET-AML_Blood_Derived_Cancer-Peripheral_Blood_Post-treatment/Blood_Derived_Cancer-Peripheral_Blood_Post-treatment.cff.reformat.renamed.reann.WITH_SEQ.exons.cluster --num_tools 1 | grep -v ReadThrough > /MetaFusion/RUNS_Results/TARGET-AML_Blood_Derived_Cancer-Peripheral_Blood_Post-treatment/Blood_Derived_Cancer-Peripheral_Blood_Post-treatment.cff.reformat.renamed.reann.WITH_SEQ.exons.cluster.RT_filter.callerfilter.1
blocklist filter
ANC adjacent noncoding filter
Rank and generate final.cluster
Running FusionAnnotator
-parsing annotation gene spans
-warning, no gene stored for identifier: [AC106793.1]
-warning, no gene stored for identifier: [SLCO1B3-SLCO1B7]
-warning, no gene stored for identifier: [AC076968.2]
-warning, no gene stored for identifier: [DSEL-AS1]
-warning, no gene stored for identifier: [AC104633.2]
-warning, no gene stored for identifier: [AC114971.1]
-warning, no gene stored for identifier: [AC125437.3]
-warning, no gene stored for identifier: [ADGRL1-AS1]
-warning, no gene stored for identifier: [ADISSP]
-warning, no gene stored for identifier: [LOC388248]
-warning, no gene stored for identifier: [BLTP3A]
-warning, no gene stored for identifier: [AL445524.2]
-warning, no gene stored for identifier: [AL499604.1]
-warning, no gene stored for identifier: [CHASERR]
-warning, no gene stored for identifier: [ZNF892]
-warning, no gene stored for identifier: [LOC101927495]
-warning, no gene stored for identifier: [ARB2A]
-warning, no gene stored for identifier: [TMED2-DT]
-warning, no gene stored for identifier: [MTUS1-DT]
-warning, no gene stored for identifier: [ATP5MJ]
-warning, no gene stored for identifier: [ATP5MK]
-warning, no gene stored for identifier: [ATP8B1-AS1]
-warning, no gene stored for identifier: [Y_RNA]
-warning, no gene stored for identifier: [LOC101927293]
-warning, no gene stored for identifier: [ZNF567-DT]
-warning, no gene stored for identifier: [AHI1-DT]
-warning, no gene stored for identifier: [BCLAF1P2]
-warning, no gene stored for identifier: [BMAL1]
-warning, no gene stored for identifier: [LINC02823]
-warning, no gene stored for identifier: [LINC02641]
-warning, no gene stored for identifier: [PITX1-AS1]
-warning, no gene stored for identifier: [AC091607.2]
-warning, no gene stored for identifier: [AL009177.1]
-warning, no gene stored for identifier: [CDRT15P9]
-warning, no gene stored for identifier: [CIMAP1B]
-warning, no gene stored for identifier: [PWWP3A]
-warning, no gene stored for identifier: [AL356295.1]
-warning, no gene stored for identifier: [EEIG2]
-warning, no gene stored for identifier: [AL359813.1]
-warning, no gene stored for identifier: [TOP6BL]
-warning, no gene stored for identifier: [UBL7-DT]
-warning, no gene stored for identifier: [LOC101928516]
-warning, no gene stored for identifier: [MIR4280HG]
-warning, no gene stored for identifier: [AP001631.2]
-warning, no gene stored for identifier: [AL121899.2]
-warning, no gene stored for identifier: [LOC105369725]
-warning, no gene stored for identifier: [AC005803.1]
-warning, no gene stored for identifier: [AC021851.2]
-warning, no gene stored for identifier: [LOC105377727]
-warning, no gene stored for identifier: [AC012435.3]
-warning, no gene stored for identifier: [EEIG1]
-warning, no gene stored for identifier: [LOC124909446]
-warning, no gene stored for identifier: [SLC7A14-AS1]
-warning, no gene stored for identifier: [GATD1-DT]
-warning, no gene stored for identifier: [AL672310.1]
-warning, no gene stored for identifier: [RNF213-AS1]
-warning, no gene stored for identifier: [AC106741.1]
-warning, no gene stored for identifier: [LINC02646]
-warning, no gene stored for identifier: [CHMP3-AS1]
-warning, no gene stored for identifier: [LOC100507053]
-warning, no gene stored for identifier: [AL391628.1]
-warning, no gene stored for identifier: [H3P14]
-warning, no gene stored for identifier: [HAPSTR1]
-warning, no gene stored for identifier: [AC005100.2]
-warning, no gene stored for identifier: [LINC02774]
-warning, no gene stored for identifier: [SPMIP3]
-warning, no gene stored for identifier: [HRG-AS1]
-warning, no gene stored for identifier: [HYCC2]
-warning, no gene stored for identifier: [LOC105373418]
-warning, no gene stored for identifier: [AC004830.2]
-warning, no gene stored for identifier: [GATD3]
-warning, no gene stored for identifier: [LOC283045]
-warning, no gene stored for identifier: [ICAM4-AS1]
-warning, no gene stored for identifier: [ZNF664-RFLNA]
-warning, no gene stored for identifier: [AC093898.1]
-warning, no gene stored for identifier: [LOC100128966]
-warning, no gene stored for identifier: [LOC101928565]
-warning, no gene stored for identifier: [LOC101928965]
-warning, no gene stored for identifier: [LOC102723566]
-warning, no gene stored for identifier: [LOC105371430]
-warning, no gene stored for identifier: [LOC105374836]
-warning, no gene stored for identifier: [LOC107985579]
-warning, no gene stored for identifier: [LOC112694756]
-warning, no gene stored for identifier: [LOC122526782]
-warning, no gene stored for identifier: [LOC124907763]
-warning, no gene stored for identifier: [RPL18AP6]
-warning, no gene stored for identifier: [LOC729732]
-warning, no gene stored for identifier: [TMEM161B-DT]
-warning, no gene stored for identifier: [AP000942.5]
-warning, no gene stored for identifier: [HIF1A-AS3]
-warning, no gene stored for identifier: [MPDU1-AS1]
-warning, no gene stored for identifier: [LOC102723313]
-warning, no gene stored for identifier: [AC078820.2]
-warning, no gene stored for identifier: [GCSIR]
-warning, no gene stored for identifier: [AC124852.1]
-warning, no gene stored for identifier: [RPS18P2]
-warning, no gene stored for identifier: [ATXN7L3-AS1]
-warning, no gene stored for identifier: [AF196969.1]
-warning, no gene stored for identifier: [RRAGC-DT]
-warning, no gene stored for identifier: [RDUR]
-warning, no gene stored for identifier: [PEDS1]
-warning, no gene stored for identifier: [PEDS1-UBE2V1]
-warning, no gene stored for identifier: [LOC100652999]
-warning, no gene stored for identifier: [PHB1P9]
-warning, no gene stored for identifier: [LINC03124]
-warning, no gene stored for identifier: [AL049828.1]
-warning, no gene stored for identifier: [PRKAR2B-AS1]
-warning, no gene stored for identifier: [LOC105370906]
-warning, no gene stored for identifier: [DNAAF9]
-warning, no gene stored for identifier: [LOC105370500]
-warning, no gene stored for identifier: [LINC02789]
-warning, no gene stored for identifier: [LOC101927829]
-warning, no gene stored for identifier: [AL031668.2]
-warning, no gene stored for identifier: [RASGRP3-AS1]
-warning, no gene stored for identifier: [KLHDC7B-DT]
-warning, no gene stored for identifier: [SANBR]
-warning, no gene stored for identifier: [AC004083.1]
-warning, no gene stored for identifier: [AC011246.1]
-warning, no gene stored for identifier: [RPL10AP11]
-warning, no gene stored for identifier: [RPL17P39]
-warning, no gene stored for identifier: [RPL17P6]
-warning, no gene stored for identifier: [RPL21P80]
-warning, no gene stored for identifier: [RPL26P32]
-warning, no gene stored for identifier: [RPL26P36]
-warning, no gene stored for identifier: [RPL31P4]
-warning, no gene stored for identifier: [RPL36AP49]
-warning, no gene stored for identifier: [RPL6P19]
-warning, no gene stored for identifier: [AP001021.3]
-warning, no gene stored for identifier: [RPL8P4]
-warning, no gene stored for identifier: [RPL9P11]
-warning, no gene stored for identifier: [RPS10P15]
-warning, no gene stored for identifier: [AC011455.8]
-warning, no gene stored for identifier: [RPS18P5]
-warning, no gene stored for identifier: [AC026726.2]
-warning, no gene stored for identifier: [LOC124902568]
-warning, no gene stored for identifier: [RPS2P33]
-warning, no gene stored for identifier: [RPS3AP20]
-warning, no gene stored for identifier: [RPS8P1]
-warning, no gene stored for identifier: [LINC02800]
-warning, no gene stored for identifier: [SEPT5-GP1BB]
-warning, no gene stored for identifier: [LINC03098]
-warning, no gene stored for identifier: [AL445213.2]
-warning, no gene stored for identifier: [AC093151.7]
-warning, no gene stored for identifier: [AC074091.2]
-warning, no gene stored for identifier: [AC012405.1]
-warning, no gene stored for identifier: [LOC105370775]
-warning, no gene stored for identifier: [SPMAP2L]
-warning, no gene stored for identifier: [TANK-AS1]
-warning, no gene stored for identifier: [TBC1D22A-DT]
-warning, no gene stored for identifier: [TBC1D7-LOC100130357]
-warning, no gene stored for identifier: [LOC128092253]
-warning, no gene stored for identifier: [AL355474.1]
-warning, no gene stored for identifier: [RPS2P17]
-warning, no gene stored for identifier: [SLC66A1LP]
-warning, no gene stored for identifier: [PPP2R5CP]
-warning, no gene stored for identifier: [AL162231.5]
-warning, no gene stored for identifier: [LOC101929698]
-warning, no gene stored for identifier: [TMA7B]
-warning, no gene stored for identifier: [CIMIP2A]
-warning, no gene stored for identifier: [U2SURPP1]
-warning, no gene stored for identifier: [AC073593.2]
-warning, no gene stored for identifier: [LOC105371046]
-warning, no gene stored for identifier: [LOC101929268]
-warning, no gene stored for identifier: [LOC105370169]
-warning, no gene stored for identifier: [CFAP418-AS1]
-warning, no gene stored for identifier: [TMEM275]
-warning, no gene stored for identifier: [EDIL3-DT]
-warning, no gene stored for identifier: [LOC101929386]
-warning, no gene stored for identifier: [AC136431.1]
-warning, no gene stored for identifier: [SLC2A1-DT]
-warning, no gene stored for identifier: [Z99572.1]
-warning, no gene stored for identifier: [LINC02618]
-warning, no gene stored for identifier: [ARNT2-DT]
-warning, no gene stored for identifier: [LINC03122]
Adding FusionAnnotator database hits to final.cluster.CANCER_FUSIONS file
no benchmarking performed
Done
End at Sat Oct 5 05:36:37 UTC 2024 -----------
