Start at Sat Oct 5 19:20:03 UTC 2024 -----------
Generating output in /MetaFusion/RUNS_Results/TCGA-PAAD
mkdir: cannot create directory '/MetaFusion/RUNS_Results/TCGA-PAAD': File exists
Rename cff
python rename_cff_file_genes.MetaFusion.py /MetaFusion/RUNS_Results/TCGA-PAAD/PAAD.cff.reformat /MetaFusion/reference_files/Homo_sapiens.gene_info > /MetaFusion/RUNS_Results/TCGA-PAAD/PAAD.cff.reformat.renamed
Annotate cff, extract sequence surrounding breakpoint
3186995 annotations from /MetaFusion/reference_files/hg38_gene.bed loaded.
16.1582560539 sec. elapsed.
Warning: Input gene annotations include multiple chr, strand, or regions (5Mb away). Skipping current gene annotation.
[('LINC00102', 'chrX', 'r'), ('LINC00102', 'chrY', 'r')]
Warning: Input gene annotations include multiple chr, strand, or regions (5Mb away). Skipping current gene annotation.
[('SNORD42', 'chr22', 'r'), ('SNORD42', 'chr4', 'r')]
Warning: Input gene annotations include multiple chr, strand, or regions (5Mb away). Skipping current gene annotation.
[('CD99P1', 'chrX', 'f'), ('CD99P1', 'chrY', 'f')]
Warning: Input gene annotations include multiple chr, strand, or regions (5Mb away). Skipping current gene annotation.
[('TNFRSF10A-DT', 'chr8', 'f'), ('TNFRSF10A-DT', 'chr8', 'r')]
Warning: Input gene annotations include multiple chr, strand, or regions (5Mb away). Skipping current gene annotation.
[('TRPC6P1', 'chrX', 'r'), ('TRPC6P1', 'chrY', 'r')]
Warning: Input gene annotations include multiple chr, strand, or regions (5Mb away). Skipping current gene annotation.
[('7SK', 'chr1', 'r'), ('7SK', 'chr1', 'f'), ('7SK', 'chr11', 'f'), ('7SK', 'chr17', 'f'), ('7SK', 'chr3', 'r'), ('7SK', 'chr6', 'f')]
Warning: Input gene annotations include multiple chr, strand, or regions (5Mb away). Skipping current gene annotation.
[('Y_RNA', 'chr1', 'r'), ('Y_RNA', 'chr1', 'f'), ('Y_RNA', 'chr10', 'r'), ('Y_RNA', 'chr10', 'f'), ('Y_RNA', 'chr11', 'f'), ('Y_RNA', 'chr11', 'r'), ('Y_RNA', 'chr12', 'r'), ('Y_RNA', 'chr12', 'f'), ('Y_RNA', 'chr13', 'f'), ('Y_RNA', 'chr14', 'f'), ('Y_RNA', 'chr14', 'r'), ('Y_RNA', 'chr15', 'f'), ('Y_RNA', 'chr15', 'r'), ('Y_RNA', 'chr16', 'f'), ('Y_RNA', 'chr16', 'r'), ('Y_RNA', 'chr17', 'f'), ('Y_RNA', 'chr17', 'r'), ('Y_RNA', 'chr18', 'f'), ('Y_RNA', 'chr18', 'r'), ('Y_RNA', 'chr19', 'r'), ('Y_RNA', 'chr19', 'f'), ('Y_RNA', 'chr2', 'f'), ('Y_RNA', 'chr2', 'r'), ('Y_RNA', 'chr20', 'f'), ('Y_RNA', 'chr20', 'r'), ('Y_RNA', 'chr21', 'f'), ('Y_RNA', 'chr21', 'r'), ('Y_RNA', 'chr22', 'f'), ('Y_RNA', 'chr22', 'r'), ('Y_RNA', 'chr3', 'r'), ('Y_RNA', 'chr3', 'f'), ('Y_RNA', 'chr4', 'r'), ('Y_RNA', 'chr4', 'f'), ('Y_RNA', 'chr5', 'r'), ('Y_RNA', 'chr5', 'f'), ('Y_RNA', 'chr6', 'r'), ('Y_RNA', 'chr6', 'f'), ('Y_RNA', 'chr7', 'r'), ('Y_RNA', 'chr7', 'f'), ('Y_RNA', 'chr8', 'f'), ('Y_RNA', 'chr8', 'r'), ('Y_RNA', 'chr9', 'f'), ('Y_RNA', 'chr9', 'r'), ('Y_RNA', 'chrX', 'r'), ('Y_RNA', 'chrX', 'f'), ('Y_RNA', 'chrY', 'f')]
Warning: Input gene annotations include multiple chr, strand, or regions (5Mb away). Skipping current gene annotation.
[('WASIR1', 'chrX', 'r'), ('WASIR1', 'chrY', 'r')]
Warning: Input gene annotations include multiple chr, strand, or regions (5Mb away). Skipping current gene annotation.
[('U8', 'chr1', 'f'), ('U8', 'chr10', 'r'), ('U8', 'chr10', 'f'), ('U8', 'chr11', 'f'), ('U8', 'chr12', 'r'), ('U8', 'chr12', 'f'), ('U8', 'chr15', 'f'), ('U8', 'chr15', 'r'), ('U8', 'chr18', 'r'), ('U8', 'chr2', 'r'), ('U8', 'chr2', 'f'), ('U8', 'chr3', 'r'), ('U8', 'chr3', 'f'), ('U8', 'chr5', 'r'), ('U8', 'chr5', 'f'), ('U8', 'chr6', 'r'), ('U8', 'chr8', 'r'), ('U8', 'chr9', 'f')]
Warning: Input gene annotations include multiple chr, strand, or regions (5Mb away). Skipping current gene annotation.
[('U4', 'chr1', 'r'), ('U4', 'chr1', 'f'), ('U4', 'chr11', 'r'), ('U4', 'chr2', 'f'), ('U4', 'chr5', 'r'), ('U4', 'chr6', 'f'), ('U4', 'chr8', 'r')]
Warning: Input gene annotations include multiple chr, strand, or regions (5Mb away). Skipping current gene annotation.
[('U7', 'chr1', 'f'), ('U7', 'chr12', 'r'), ('U7', 'chr15', 'f'), ('U7', 'chr16', 'r'), ('U7', 'chr22', 'r'), ('U7', 'chr3', 'f'), ('U7', 'chrX', 'f')]
Warning: Input gene annotations include multiple chr, strand, or regions (5Mb away). Skipping current gene annotation.
[('U6', 'chr1', 'r'), ('U6', 'chr1', 'f'), ('U6', 'chr10', 'f'), ('U6', 'chr11', 'r'), ('U6', 'chr11', 'f'), ('U6', 'chr12', 'f'), ('U6', 'chr12', 'r'), ('U6', 'chr13', 'f'), ('U6', 'chr14', 'r'), ('U6', 'chr15', 'r'), ('U6', 'chr15', 'f'), ('U6', 'chr16', 'f'), ('U6', 'chr17', 'r'), ('U6', 'chr2', 'f'), ('U6', 'chr2', 'r'), ('U6', 'chr20', 'r'), ('U6', 'chr21', 'f'), ('U6', 'chr22', 'f'), ('U6', 'chr3', 'f'), ('U6', 'chr4', 'f'), ('U6', 'chr4', 'r'), ('U6', 'chr9', 'f'), ('U6', 'chrX', 'f')]
Warning: Input gene annotations include multiple chr, strand, or regions (5Mb away). Skipping current gene annotation.
[('U1', 'chr1', 'f'), ('U1', 'chr1', 'r'), ('U1', 'chr21', 'f')]
Warning: Input gene annotations include multiple chr, strand, or regions (5Mb away). Skipping current gene annotation.
[('U3', 'chr1', 'f'), ('U3', 'chr1', 'r'), ('U3', 'chr10', 'f'), ('U3', 'chr10', 'r'), ('U3', 'chr11', 'f'), ('U3', 'chr14', 'r'), ('U3', 'chr15', 'f'), ('U3', 'chr15', 'r'), ('U3', 'chr17', 'r'), ('U3', 'chr17', 'f'), ('U3', 'chr18', 'f'), ('U3', 'chr18', 'r'), ('U3', 'chr19', 'r'), ('U3', 'chr2', 'f'), ('U3', 'chr2', 'r'), ('U3', 'chr20', 'f'), ('U3', 'chr20', 'r'), ('U3', 'chr21', 'r'), ('U3', 'chr3', 'r'), ('U3', 'chr3', 'f'), ('U3', 'chr4', 'f'), ('U3', 'chr5', 'f'), ('U3', 'chr5', 'r'), ('U3', 'chr6', 'f'), ('U3', 'chr6', 'r'), ('U3', 'chr7', 'f'), ('U3', 'chr7', 'r'), ('U3', 'chr8', 'f'), ('U3', 'chr8', 'r'), ('U3', 'chrX', 'f'), ('U3', 'chrX', 'r')]
Warning: Input gene annotations include multiple chr, strand, or regions (5Mb away). Skipping current gene annotation.
[('U2', 'chr1', 'f'), ('U2', 'chr14', 'r'), ('U2', 'chr17', 'r'), ('U2', 'chr22', 'r'), ('U2', 'chr3', 'f'), ('U2', 'chr4', 'f'), ('U2', 'chr8', 'r'), ('U2', 'chr9', 'f')]
Warning: Input gene annotations include multiple chr, strand, or regions (5Mb away). Skipping current gene annotation.
[('MIR6089', 'chrX', 'f'), ('MIR6089', 'chrY', 'f')]
Warning: Input gene annotations include multiple chr, strand, or regions (5Mb away). Skipping current gene annotation.
[('IL3RA', 'chrX', 'f'), ('IL3RA', 'chrY', 'f')]
Warning: Input gene annotations include multiple chr, strand, or regions (5Mb away). Skipping current gene annotation.
[('GTPBP6', 'chrX', 'r'), ('GTPBP6', 'chrY', 'r')]
Warning: Input gene annotations include multiple chr, strand, or regions (5Mb away). Skipping current gene annotation.
[('SNORD18', 'chr15', 'r'), ('SNORD18', 'chr2', 'r')]
Warning: Input gene annotations include multiple chr, strand, or regions (5Mb away). Skipping current gene annotation.
[('LSP1P5', 'chr1', 'f'), ('LSP1P5', 'chr2', 'r')]
Warning: Input gene annotations include multiple chr, strand, or regions (5Mb away). Skipping current gene annotation.
[('ELOCP24', 'chrX', 'r'), ('ELOCP24', 'chrY', 'r')]
Warning: Input gene annotations include multiple chr, strand, or regions (5Mb away). Skipping current gene annotation.
[('Vault', 'chr17', 'f'), ('Vault', 'chr17', 'r'), ('Vault', 'chr2', 'r'), ('Vault', 'chr5', 'r')]
Warning: Input gene annotations include multiple chr, strand, or regions (5Mb away). Skipping current gene annotation.
[('LINC03025', 'chr9', 'r'), ('LINC03025', 'chr9', 'f')]
Warning: Input gene annotations include multiple chr, strand, or regions (5Mb away). Skipping current gene annotation.
[('5S_rRNA', 'chr1', 'r'), ('5S_rRNA', 'chr16', 'r'), ('5S_rRNA', 'chr17', 'r'), ('5S_rRNA', 'chr19', 'r'), ('5S_rRNA', 'chr2', 'r'), ('5S_rRNA', 'chr2', 'f'), ('5S_rRNA', 'chr6', 'r'), ('5S_rRNA', 'chr7', 'r'), ('5S_rRNA', 'chrX', 'f')]
Warning: Input gene annotations include multiple chr, strand, or regions (5Mb away). Skipping current gene annotation.
[('WASH6P', 'chrX', 'f'), ('WASH6P', 'chrY', 'f')]
Warning: Input gene annotations include multiple chr, strand, or regions (5Mb away). Skipping current gene annotation.
[('LINC01238', 'chr2', 'f'), ('LINC01238', 'chr2', 'r')]
Warning: Input gene annotations include multiple chr, strand, or regions (5Mb away). Skipping current gene annotation.
[('MIR3690', 'chrX', 'f'), ('MIR3690', 'chrY', 'f')]
Warning: Input gene annotations include multiple chr, strand, or regions (5Mb away). Skipping current gene annotation.
[('HERC2P7', 'chr15', 'r'), ('HERC2P7', 'chr15', 'f')]
Warning: Input gene annotations include multiple chr, strand, or regions (5Mb away). Skipping current gene annotation.
[('CTSLP2', 'chr10', 'f'), ('CTSLP2', 'chr10', 'r')]
Warning: Input gene annotations include multiple chr, strand, or regions (5Mb away). Skipping current gene annotation.
[('SNORA62', 'chr1', 'f'), ('SNORA62', 'chr11', 'f'), ('SNORA62', 'chr16', 'r'), ('SNORA62', 'chr21', 'f'), ('SNORA62', 'chr3', 'f'), ('SNORA62', 'chr4', 'f'), ('SNORA62', 'chr8', 'f')]
Warning: Input gene annotations include multiple chr, strand, or regions (5Mb away). Skipping current gene annotation.
[('SNORA63', 'chr1', 'f'), ('SNORA63', 'chr1', 'r'), ('SNORA63', 'chr15', 'r'), ('SNORA63', 'chr3', 'f'), ('SNORA63', 'chr4', 'f'), ('SNORA63', 'chr5', 'f'), ('SNORA63', 'chr7', 'r')]
Warning: Input gene annotations include multiple chr, strand, or regions (5Mb away). Skipping current gene annotation.
[('SNORD116', 'chr1', 'r'), ('SNORD116', 'chr13', 'r'), ('SNORD116', 'chr9', 'f')]
Warning: Input gene annotations include multiple chr, strand, or regions (5Mb away). Skipping current gene annotation.
[('SNORD63', 'chr17', 'r'), ('SNORD63', 'chr3', 'r'), ('SNORD63', 'chr5', 'r')]
Warning: Input gene annotations include multiple chr, strand, or regions (5Mb away). Skipping current gene annotation.
[('KMT2CP1', 'chr1', 'r'), ('KMT2CP1', 'chr1', 'f')]
Warning: Input gene annotations include multiple chr, strand, or regions (5Mb away). Skipping current gene annotation.
[('SHOX', 'chrX', 'f'), ('SHOX', 'chrY', 'f')]
Warning: Input gene annotations include multiple chr, strand, or regions (5Mb away). Skipping current gene annotation.
[('RPL23AP7', 'chr2', 'r'), ('RPL23AP7', 'chr22', 'f')]
Warning: Input gene annotations include multiple chr, strand, or regions (5Mb away). Skipping current gene annotation.
[('DHRSX-IT1', 'chrX', 'r'), ('DHRSX-IT1', 'chrY', 'r')]
Warning: Input gene annotations include multiple chr, strand, or regions (5Mb away). Skipping current gene annotation.
[('SNORD39', 'chr11', 'r'), ('SNORD39', 'chr2', 'f'), ('SNORD39', 'chr4', 'r'), ('SNORD39', 'chr9', 'r')]
Warning: Input gene annotations include multiple chr, strand, or regions (5Mb away). Skipping current gene annotation.
[('ZBED1', 'chrX', 'r'), ('ZBED1', 'chrY', 'r')]
Warning: Input gene annotations include multiple chr, strand, or regions (5Mb away). Skipping current gene annotation.
[('ASMTL-AS1', 'chrX', 'f'), ('ASMTL-AS1', 'chrY', 'f')]
Warning: Input gene annotations include multiple chr, strand, or regions (5Mb away). Skipping current gene annotation.
[('SNORD30', 'chr11', 'r'), ('SNORD30', 'chrX', 'f')]
Warning: Input gene annotations include multiple chr, strand, or regions (5Mb away). Skipping current gene annotation.
[('ASMTL', 'chrX', 'r'), ('ASMTL', 'chrY', 'r')]
Warning: Input gene annotations include multiple chr, strand, or regions (5Mb away). Skipping current gene annotation.
[('FABP5P13', 'chrX', 'r'), ('FABP5P13', 'chrY', 'r')]
Warning: Input gene annotations include multiple chr, strand, or regions (5Mb away). Skipping current gene annotation.
[('CD99', 'chrX', 'f'), ('CD99', 'chrY', 'f')]
Warning: Input gene annotations include multiple chr, strand, or regions (5Mb away). Skipping current gene annotation.
[('DHRSX', 'chrX', 'r'), ('DHRSX', 'chrY', 'r')]
Warning: Input gene annotations include multiple chr, strand, or regions (5Mb away). Skipping current gene annotation.
[('SNORD33', 'chr16', 'r'), ('SNORD33', 'chr19', 'f')]
Warning: Input gene annotations include multiple chr, strand, or regions (5Mb away). Skipping current gene annotation.
[('NPIPA9', 'chr16', 'f'), ('NPIPA9', 'chr16', 'r')]
Warning: Input gene annotations include multiple chr, strand, or regions (5Mb away). Skipping current gene annotation.
[('SNORD81', 'chr1', 'f'), ('SNORD81', 'chr5', 'f'), ('SNORD81', 'chr7', 'f')]
Warning: Input gene annotations include multiple chr, strand, or regions (5Mb away). Skipping current gene annotation.
[('PLCXD1', 'chrX', 'f'), ('PLCXD1', 'chrY', 'f')]
Warning: Input gene annotations include multiple chr, strand, or regions (5Mb away). Skipping current gene annotation.
[('RNA5SP498', 'chrX', 'r'), ('RNA5SP498', 'chrY', 'r')]
Warning: Input gene annotations include multiple chr, strand, or regions (5Mb away). Skipping current gene annotation.
[('Metazoa_SRP', 'chr1', 'f'), ('Metazoa_SRP', 'chr1', 'r'), ('Metazoa_SRP', 'chr10', 'f'), ('Metazoa_SRP', 'chr10', 'r'), ('Metazoa_SRP', 'chr11', 'r'), ('Metazoa_SRP', 'chr11', 'f'), ('Metazoa_SRP', 'chr12', 'f'), ('Metazoa_SRP', 'chr12', 'r'), ('Metazoa_SRP', 'chr13', 'r'), ('Metazoa_SRP', 'chr13', 'f'), ('Metazoa_SRP', 'chr14', 'r'), ('Metazoa_SRP', 'chr14', 'f'), ('Metazoa_SRP', 'chr15', 'r'), ('Metazoa_SRP', 'chr15', 'f'), ('Metazoa_SRP', 'chr16', 'f'), ('Metazoa_SRP', 'chr16', 'r'), ('Metazoa_SRP', 'chr17', 'r'), ('Metazoa_SRP', 'chr17', 'f'), ('Metazoa_SRP', 'chr18', 'r'), ('Metazoa_SRP', 'chr19', 'f'), ('Metazoa_SRP', 'chr19', 'r'), ('Metazoa_SRP', 'chr2', 'f'), ('Metazoa_SRP', 'chr2', 'r'), ('Metazoa_SRP', 'chr20', 'f'), ('Metazoa_SRP', 'chr20', 'r'), ('Metazoa_SRP', 'chr22', 'f'), ('Metazoa_SRP', 'chr22', 'r'), ('Metazoa_SRP', 'chr3', 'r'), ('Metazoa_SRP', 'chr3', 'f'), ('Metazoa_SRP', 'chr4', 'r'), ('Metazoa_SRP', 'chr4', 'f'), ('Metazoa_SRP', 'chr5', 'f'), ('Metazoa_SRP', 'chr5', 'r'), ('Metazoa_SRP', 'chr6', 'f'), ('Metazoa_SRP', 'chr6', 'r'), ('Metazoa_SRP', 'chr7', 'f'), ('Metazoa_SRP', 'chr7', 'r'), ('Metazoa_SRP', 'chr8', 'f'), ('Metazoa_SRP', 'chr8', 'r'), ('Metazoa_SRP', 'chr9', 'f'), ('Metazoa_SRP', 'chr9', 'r'), ('Metazoa_SRP', 'chrX', 'r'), ('Metazoa_SRP', 'chrX', 'f'), ('Metazoa_SRP', 'chrY', 'r')]
Warning: Input gene annotations include multiple chr, strand, or regions (5Mb away). Skipping current gene annotation.
[('CSF2RA', 'chrX', 'f'), ('CSF2RA', 'chrY', 'f')]
Warning: Input gene annotations include multiple chr, strand, or regions (5Mb away). Skipping current gene annotation.
[('PPP2R3B', 'chrX', 'r'), ('PPP2R3B', 'chrY', 'r')]
Warning: Input gene annotations include multiple chr, strand, or regions (5Mb away). Skipping current gene annotation.
[('DPH3P2', 'chrX', 'f'), ('DPH3P2', 'chrY', 'f')]
Warning: Input gene annotations include multiple chr, strand, or regions (5Mb away). Skipping current gene annotation.
[('ASMT', 'chrX', 'f'), ('ASMT', 'chrY', 'f')]
Warning: Input gene annotations include multiple chr, strand, or regions (5Mb away). Skipping current gene annotation.
[('IL9R', 'chrX', 'f'), ('IL9R', 'chrY', 'f')]
Warning: Input gene annotations include multiple chr, strand, or regions (5Mb away). Skipping current gene annotation.
[('VAMP7', 'chrX', 'f'), ('VAMP7', 'chrY', 'f')]
Warning: Input gene annotations include multiple chr, strand, or regions (5Mb away). Skipping current gene annotation.
[('LINC02968', 'chrX', 'f'), ('LINC02968', 'chrY', 'f')]
Warning: Input gene annotations include multiple chr, strand, or regions (5Mb away). Skipping current gene annotation.
[('SNORA75', 'chr12', 'r'), ('SNORA75', 'chr12', 'f'), ('SNORA75', 'chr16', 'f'), ('SNORA75', 'chr2', 'r'), ('SNORA75', 'chr4', 'f')]
Warning: Input gene annotations include multiple chr, strand, or regions (5Mb away). Skipping current gene annotation.
[('SNORA74', 'chr12', 'r'), ('SNORA74', 'chr17', 'f'), ('SNORA74', 'chr2', 'f')]
Warning: Input gene annotations include multiple chr, strand, or regions (5Mb away). Skipping current gene annotation.
[('SNORA73', 'chr18', 'f'), ('SNORA73', 'chr18', 'r'), ('SNORA73', 'chr6', 'r')]
Warning: Input gene annotations include multiple chr, strand, or regions (5Mb away). Skipping current gene annotation.
[('SNORA72', 'chr1', 'r'), ('SNORA72', 'chr1', 'f'), ('SNORA72', 'chr2', 'f'), ('SNORA72', 'chr3', 'f'), ('SNORA72', 'chr3', 'r'), ('SNORA72', 'chr8', 'r')]
Warning: Input gene annotations include multiple chr, strand, or regions (5Mb away). Skipping current gene annotation.
[('SNORA71', 'chr10', 'f'), ('SNORA71', 'chr20', 'r'), ('SNORA71', 'chr20', 'f')]
Warning: Input gene annotations include multiple chr, strand, or regions (5Mb away). Skipping current gene annotation.
[('SNORA70', 'chr1', 'r'), ('SNORA70', 'chr12', 'r'), ('SNORA70', 'chr12', 'f'), ('SNORA70', 'chr14', 'f'), ('SNORA70', 'chr16', 'r'), ('SNORA70', 'chr17', 'r'), ('SNORA70', 'chr17', 'f'), ('SNORA70', 'chr18', 'r'), ('SNORA70', 'chr19', 'f'), ('SNORA70', 'chr21', 'f'), ('SNORA70', 'chr21', 'r'), ('SNORA70', 'chr3', 'f'), ('SNORA70', 'chr4', 'f'), ('SNORA70', 'chr5', 'f'), ('SNORA70', 'chr6', 'f'), ('SNORA70', 'chr8', 'r'), ('SNORA70', 'chr8', 'f'), ('SNORA70', 'chr9', 'f'), ('SNORA70', 'chr9', 'r'), ('SNORA70', 'chrX', 'f'), ('SNORA70', 'chrY', 'r'), ('SNORA70', 'chrY', 'f')]
Warning: Input gene annotations include multiple chr, strand, or regions (5Mb away). Skipping current gene annotation.
[('AMD1P2', 'chrX', 'r'), ('AMD1P2', 'chrY', 'r')]
Warning: Input gene annotations include multiple chr, strand, or regions (5Mb away). Skipping current gene annotation.
[('CRLF2', 'chrX', 'r'), ('CRLF2', 'chrY', 'r')]
Warning: Input gene annotations include multiple chr, strand, or regions (5Mb away). Skipping current gene annotation.
[('SNORD115', 'chr10', 'f'), ('SNORD115', 'chr15', 'f')]
Warning: Input gene annotations include multiple chr, strand, or regions (5Mb away). Skipping current gene annotation.
[('AKAP17A', 'chrX', 'f'), ('AKAP17A', 'chrY', 'f')]
Warning: Input gene annotations include multiple chr, strand, or regions (5Mb away). Skipping current gene annotation.
[('SNORD27', 'chr11', 'r'), ('SNORD27', 'chr13', 'r')]
Warning: Input gene annotations include multiple chr, strand, or regions (5Mb away). Skipping current gene annotation.
[('P2RY8', 'chrX', 'r'), ('P2RY8', 'chrY', 'r')]
Warning: Input gene annotations include multiple chr, strand, or regions (5Mb away). Skipping current gene annotation.
[('NPEPPSP1', 'chr17', 'f'), ('NPEPPSP1', 'chr17', 'r')]
Warning: Input gene annotations include multiple chr, strand, or regions (5Mb away). Skipping current gene annotation.
[('LINC00685', 'chrX', 'f'), ('LINC00685', 'chrY', 'f')]
Warning: Input gene annotations include multiple chr, strand, or regions (5Mb away). Skipping current gene annotation.
[('DDX11L2', 'chr1', 'f'), ('DDX11L2', 'chr2', 'r')]
Warning: Input gene annotations include multiple chr, strand, or regions (5Mb away). Skipping current gene annotation.
[('GABARAPL3', 'chr15', 'f'), ('GABARAPL3', 'chr15', 'r')]
Warning: Input gene annotations include multiple chr, strand, or regions (5Mb away). Skipping current gene annotation.
[('LINC02256', 'chr15', 'r'), ('LINC02256', 'chr15', 'f')]
Warning: Input gene annotations include multiple chr, strand, or regions (5Mb away). Skipping current gene annotation.
[('5_8S_rRNA', 'chr14', 'f'), ('5_8S_rRNA', 'chr20', 'r'), ('5_8S_rRNA', 'chr21', 'f'), ('5_8S_rRNA', 'chr22', 'r')]
Warning: Input gene annotations include multiple chr, strand, or regions (5Mb away). Skipping current gene annotation.
[('RPL14P5', 'chrX', 'r'), ('RPL14P5', 'chrY', 'r')]
Warning: Input gene annotations include multiple chr, strand, or regions (5Mb away). Skipping current gene annotation.
[('LINC00106', 'chrX', 'f'), ('LINC00106', 'chrY', 'f')]
Warning: Input gene annotations include multiple chr, strand, or regions (5Mb away). Skipping current gene annotation.
[('ANKRD20A5P', 'chr18', 'f'), ('ANKRD20A5P', 'chr9', 'f')]
Warning: Input gene annotations include multiple chr, strand, or regions (5Mb away). Skipping current gene annotation.
[('SLC25A6', 'chrX', 'r'), ('SLC25A6', 'chrY', 'r')]
Warning: Input gene annotations include multiple chr, strand, or regions (5Mb away). Skipping current gene annotation.
[('KRT18P53', 'chrX', 'r'), ('KRT18P53', 'chrY', 'r')]
Warning: Input gene annotations include multiple chr, strand, or regions (5Mb away). Skipping current gene annotation.
[('DDX11L16', 'chr15', 'r'), ('DDX11L16', 'chr16', 'f'), ('DDX11L16', 'chrX', 'r'), ('DDX11L16', 'chrY', 'r')]
Gene intervals loaded.
18.2276329994 sec. elapsed.
Transcript annotations loaded.
12.4545240402 sec. elapsed.
Warnning: gene name AC207130.1 is not in current annotation.
Warnning: gene name Z82202.1 is not in current annotation.
Warnning: gene name AC207130.1 is not in current annotation.
Warnning: gene name AC207130.1 is not in current annotation.
Warnning: gene name Z82202.1,AC207130.1 is not in current annotation.
Warnning: gene name AL773545.3 is not in current annotation.
Warnning: gene name AL773545.3 is not in current annotation.
Warnning: gene name AC111000.6 is not in current annotation.
Warnning: gene name AC111000.1 is not in current annotation.
Warnning: gene name AC111000.6,AC111000.1 is not in current annotation.
Warnning: gene name IGHV3-21 is not in current annotation.
Warnning: gene name IGHV3-21 is not in current annotation.
Warnning: gene name IGKV3-15 is not in current annotation.
Warnning: gene name IGKV3-15 is not in current annotation.
Warnning: gene name AC137770.1 is not in current annotation.
Warnning: gene name AC008700.1 is not in current annotation.
Warnning: gene name AC137770.1,AC008700.1 is not in current annotation.
Warnning: gene name AC009113.1 is not in current annotation.
Warnning: gene name AC009113.1 is not in current annotation.
Warnning: gene name AC084026.1 is not in current annotation.
Warnning: gene name AC084026.3 is not in current annotation.
Warnning: gene name AC084026.1,AC084026.3 is not in current annotation.
Warnning: gene name AP001357.1 is not in current annotation.
Warnning: gene name AP001198.2 is not in current annotation.
Warnning: gene name AP001357.1,AP001198.2 is not in current annotation.
Warnning: gene name AP001357.1 is not in current annotation.
Warnning: gene name AP001198.2 is not in current annotation.
Warnning: gene name AP001357.1,AP001198.2 is not in current annotation.
Warnning: gene name AC091588.2 is not in current annotation.
Warnning: gene name AC027449.1 is not in current annotation.
Warnning: gene name AC091588.2,AC027449.1 is not in current annotation.
Warnning: gene name AP001357.2 is not in current annotation.
Warnning: gene name AP001357.1 is not in current annotation.
Warnning: gene name AP001357.2,AP001357.1 is not in current annotation.
Warnning: gene name AC074237.1 is not in current annotation.
Warnning: gene name AC117569.1 is not in current annotation.
Warnning: gene name AC074237.1,AC117569.1 is not in current annotation.
Warnning: gene name AC098965.1 is not in current annotation.
Warnning: gene name AC109446.3 is not in current annotation.
Warnning: gene name AC098965.1,AC109446.3 is not in current annotation.
Warnning: gene name AC245884.5 is not in current annotation.
Warnning: gene name AC245884.12 is not in current annotation.
Warnning: gene name AC245884.5,AC245884.12 is not in current annotation.
Warnning: gene name AC245884.5 is not in current annotation.
Warnning: gene name AC245884.12 is not in current annotation.
Warnning: gene name AC245884.5,AC245884.12 is not in current annotation.
Warnning: gene name AL158212.4 is not in current annotation.
Warnning: gene name AL158212.1 is not in current annotation.
Warnning: gene name AL158212.4,AL158212.1 is not in current annotation.
Warnning: gene name IGKV2-30 is not in current annotation.
Warnning: gene name IGKV2-30 is not in current annotation.
Warnning: gene name AL161431.1 is not in current annotation.
Warnning: gene name AL161431.1 is not in current annotation.
Warnning: gene name AL391628.1 is not in current annotation.
Warnning: gene name AL391628.1 is not in current annotation.
Warnning: gene name AC105081.1 is not in current annotation.
Warnning: gene name AP003351.1 is not in current annotation.
Warnning: gene name AC105081.1,AP003351.1 is not in current annotation.
Warnning: gene name AC079142.1 is not in current annotation.
Warnning: gene name AC079142.1 is not in current annotation.
Warnning: gene name AC091588.2 is not in current annotation.
Warnning: gene name AC027449.1 is not in current annotation.
Warnning: gene name AC091588.2,AC027449.1 is not in current annotation.
Warnning: gene name AL139142.2 is not in current annotation.
Warnning: gene name AL139142.2 is not in current annotation.
Warnning: gene name AC105999.1 is not in current annotation.
Warnning: gene name AC010857.1 is not in current annotation.
Warnning: gene name AC105999.1,AC010857.1 is not in current annotation.
Warnning: gene name AC114811.2 is not in current annotation.
Warnning: gene name AC114811.2 is not in current annotation.
Warnning: gene name MUC20-OT1 is not in current annotation.
Warnning: gene name MUC20-OT1 is not in current annotation.
Warnning: gene name IGKV1-5 is not in current annotation.
Warnning: gene name IGKV1-5 is not in current annotation.
Warnning: gene name IGKV3-20 is not in current annotation.
Warnning: gene name IGKV3-20 is not in current annotation.
Warnning: gene name AC137770.1 is not in current annotation.
Warnning: gene name AC008700.1 is not in current annotation.
Warnning: gene name AC137770.1,AC008700.1 is not in current annotation.
Warnning: gene name AP000676.3 is not in current annotation.
Warnning: gene name AP000676.5 is not in current annotation.
Warnning: gene name AP000676.3,AP000676.5 is not in current annotation.
Warnning: gene name AL158212.4 is not in current annotation.
Warnning: gene name AL158212.1 is not in current annotation.
Warnning: gene name AL158212.4,AL158212.1 is not in current annotation.
Warnning: gene name AC104042.1 is not in current annotation.
Warnning: gene name AC061997.1 is not in current annotation.
Warnning: gene name AC104042.1,AC061997.1 is not in current annotation.
Warnning: gene name AC103563.6 is not in current annotation.
Warnning: gene name AC103563.8 is not in current annotation.
Warnning: gene name AC103563.6,AC103563.8 is not in current annotation.
Warnning: gene name AL357556.3 is not in current annotation.
Warnning: gene name AL357556.3 is not in current annotation.
Warnning: gene name AC104042.1 is not in current annotation.
Warnning: gene name AC061997.1 is not in current annotation.
Warnning: gene name AC104042.1,AC061997.1 is not in current annotation.
Warnning: gene name AC104042.1 is not in current annotation.
Warnning: gene name AC061997.1 is not in current annotation.
Warnning: gene name AC104042.1,AC061997.1 is not in current annotation.
Warnning: gene name AL078624.2 is not in current annotation.
Warnning: gene name AL078624.1 is not in current annotation.
Warnning: gene name AL078624.2,AL078624.1 is not in current annotation.
Warnning: gene name AC000120.2 is not in current annotation.
Warnning: gene name AC000120.2 is not in current annotation.
Warnning: gene name AC002377.1 is not in current annotation.
Warnning: gene name AC002377.1 is not in current annotation.
Warnning: gene name CR786580.1 is not in current annotation.
Warnning: gene name CR786580.1 is not in current annotation.
Warnning: gene name AL360093.1 is not in current annotation.
Warnning: gene name AC096642.1 is not in current annotation.
Warnning: gene name AL360093.1,AC096642.1 is not in current annotation.
Warnning: gene name AC008014.1 is not in current annotation.
Warnning: gene name AC008014.1 is not in current annotation.
Warnning: gene name AC079906.1 is not in current annotation.
Warnning: gene name AC008014.1 is not in current annotation.
Warnning: gene name AC008014.1,AC079906.1 is not in current annotation.
Warnning: gene name AC137770.1 is not in current annotation.
Warnning: gene name AC008700.1 is not in current annotation.
Warnning: gene name AC137770.1,AC008700.1 is not in current annotation.
Warnning: gene name AC143336.1 is not in current annotation.
Warnning: gene name AC025774.1 is not in current annotation.
Warnning: gene name AC143336.1,AC025774.1 is not in current annotation.
Warnning: gene name AL158212.4 is not in current annotation.
Warnning: gene name AL158212.1 is not in current annotation.
Warnning: gene name AL158212.4,AL158212.1 is not in current annotation.
Warnning: gene name IGKV3D-11 is not in current annotation.
Warnning: gene name IGKV3D-11 is not in current annotation.
Warnning: gene name AL391516.1 is not in current annotation.
Warnning: gene name AL356596.1 is not in current annotation.
Warnning: gene name AL391516.1,AL356596.1 is not in current annotation.
Warnning: gene name AC114798.1 is not in current annotation.
Warnning: gene name AC079766.1 is not in current annotation.
Warnning: gene name AC114798.1,AC079766.1 is not in current annotation.
Warnning: gene name AL360014.1 is not in current annotation.
Warnning: gene name AL353746.1 is not in current annotation.
Warnning: gene name AL360014.1,AL353746.1 is not in current annotation.
Warnning: gene name AL158212.4 is not in current annotation.
Warnning: gene name AL158212.1 is not in current annotation.
Warnning: gene name AL158212.4,AL158212.1 is not in current annotation.
Warnning: gene name AC064872.1 is not in current annotation.
Warnning: gene name AC092660.1 is not in current annotation.
Warnning: gene name AC012494.1 is not in current annotation.
Warnning: gene name AC064872.1,AC092660.1 is not in current annotation.
Warnning: gene name AC012494.1 is not in current annotation.
Warnning: gene name AL583836.1 is not in current annotation.
Warnning: gene name AL583836.1 is not in current annotation.
Warnning: gene name AC245884.5 is not in current annotation.
Warnning: gene name AC245884.12 is not in current annotation.
Warnning: gene name AC245884.5,AC245884.12 is not in current annotation.
Warnning: gene name AC007349.4 is not in current annotation.
Warnning: gene name AC007349.1 is not in current annotation.
Warnning: gene name AC007349.4,AC007349.1 is not in current annotation.
Warnning: gene name AL158212.4 is not in current annotation.
Warnning: gene name AL158212.1 is not in current annotation.
Warnning: gene name AL158212.4,AL158212.1 is not in current annotation.
Warnning: gene name IGHV1-2 is not in current annotation.
Warnning: gene name IGHV1-2 is not in current annotation.
Warnning: gene name AL773545.3 is not in current annotation.
Warnning: gene name AL773545.3 is not in current annotation.
Warnning: gene name AL158212.4 is not in current annotation.
Warnning: gene name AL158212.1 is not in current annotation.
Warnning: gene name AL158212.4,AL158212.1 is not in current annotation.
Warnning: gene name AC025627.1 is not in current annotation.
Warnning: gene name AC025627.3 is not in current annotation.
Warnning: gene name AC025627.1,AC025627.3 is not in current annotation.
Warnning: gene name AC098965.1 is not in current annotation.
Warnning: gene name AC109446.3 is not in current annotation.
Warnning: gene name AC098965.1,AC109446.3 is not in current annotation.
Warnning: gene name AC004687.2 is not in current annotation.
Warnning: gene name AC004687.2 is not in current annotation.
Warnning: gene name AC093817.2 is not in current annotation.
Warnning: gene name AC093817.2 is not in current annotation.
Warnning: gene name FP565260.2 is not in current annotation.
Warnning: gene name FP565260.3 is not in current annotation.
Warnning: gene name FP565260.5 is not in current annotation.
Warnning: gene name FP565260.2 is not in current annotation.
Warnning: gene name FP565260.3,FP565260.5 is not in current annotation.
Warnning: gene name LOC102724023 is not in current annotation.
Warnning: gene name FP565260.3 is not in current annotation.
Warnning: gene name FP565260.5 is not in current annotation.
Warnning: gene name LOC102724023 is not in current annotation.
Warnning: gene name FP565260.3,FP565260.5 is not in current annotation.
Warnning: gene name AC008014.1 is not in current annotation.
Warnning: gene name AC079906.1 is not in current annotation.
Warnning: gene name AC008014.1,AC079906.1 is not in current annotation.
Warnning: gene name AC008014.1 is not in current annotation.
Warnning: gene name AC079906.1 is not in current annotation.
Warnning: gene name AC008014.1,AC079906.1 is not in current annotation.
Warnning: gene name AL096854.1 is not in current annotation.
Warnning: gene name AL096854.1 is not in current annotation.
Warnning: gene name AL353753.1 is not in current annotation.
Warnning: gene name AL442639.1 is not in current annotation.
Warnning: gene name AL353753.1,AL442639.1 is not in current annotation.
Warnning: gene name AC242426.2 is not in current annotation.
Warnning: gene name AC242426.2 is not in current annotation.
Warnning: gene name AL161431.1 is not in current annotation.
Warnning: gene name AL161431.1 is not in current annotation.
Warnning: gene name AC109810.1 is not in current annotation.
Warnning: gene name AC009643.2 is not in current annotation.
Warnning: gene name AC109810.1,AC009643.2 is not in current annotation.
Warnning: gene name AL773545.3 is not in current annotation.
Warnning: gene name AL773545.3 is not in current annotation.
Warnning: gene name AC245884.5 is not in current annotation.
Warnning: gene name AC245884.12 is not in current annotation.
Warnning: gene name AC245884.5,AC245884.12 is not in current annotation.
Warnning: gene name AC006994.1 is not in current annotation.
Warnning: gene name AC006994.1,Y_RNA is not in current annotation.
Warnning: gene name AC083864.4 is not in current annotation.
Warnning: gene name AC083864.1 is not in current annotation.
Warnning: gene name AC083864.4,AC083864.1 is not in current annotation.
Warnning: gene name AC114973.1 is not in current annotation.
Warnning: gene name AC034244.1 is not in current annotation.
Warnning: gene name AC114973.1,AC034244.1 is not in current annotation.
Warnning: gene name AL158212.4 is not in current annotation.
Warnning: gene name AL158212.1 is not in current annotation.
Warnning: gene name AL158212.4,AL158212.1 is not in current annotation.
Warnning: gene name AF201337.1 is not in current annotation.
Warnning: gene name AC021785.1 is not in current annotation.
Warnning: gene name AF201337.1,AC021785.1 is not in current annotation.
Warnning: gene name AP000350.6 is not in current annotation.
Warnning: gene name AP000350.2 is not in current annotation.
Warnning: gene name AP000350.6,AP000350.2 is not in current annotation.
Warnning: gene name AC253536.7 is not in current annotation.
Warnning: gene name AP000350.6 is not in current annotation.
Warnning: gene name AP000350.2 is not in current annotation.
Warnning: gene name AC253536.7 is not in current annotation.
Warnning: gene name AP000350.6,AP000350.2 is not in current annotation.
Warnning: gene name AC069288.1 is not in current annotation.
Warnning: gene name AC069288.1 is not in current annotation.
Warnning: gene name AC114546.2 is not in current annotation.
Warnning: gene name AC021231.3 is not in current annotation.
Warnning: gene name AC114546.2,AC021231.3 is not in current annotation.
Warnning: gene name AC091588.2 is not in current annotation.
Warnning: gene name AC027449.1 is not in current annotation.
Warnning: gene name AC091588.2,AC027449.1 is not in current annotation.
Warnning: gene name AL589693.1 is not in current annotation.
Warnning: gene name AL589693.1 is not in current annotation.
Warnning: gene name AL773545.3 is not in current annotation.
Warnning: gene name AL773545.3 is not in current annotation.
Warnning: gene name AL158212.4 is not in current annotation.
Warnning: gene name AL158212.1 is not in current annotation.
Warnning: gene name AL158212.4,AL158212.1 is not in current annotation.
Warnning: gene name AC009021.1 is not in current annotation.
Warnning: gene name AC130466.1 is not in current annotation.
Warnning: gene name AC005632.2 is not in current annotation.
Warnning: gene name AC009021.1,AC130466.1 is not in current annotation.
Warnning: gene name AC005632.2 is not in current annotation.
Warnning: gene name AL773545.3 is not in current annotation.
Warnning: gene name AL773545.3 is not in current annotation.
Warnning: gene name CR786580.1 is not in current annotation.
Warnning: gene name CR786580.1 is not in current annotation.
Warnning: gene name AC211433.2 is not in current annotation.
Warnning: gene name AC211433.3 is not in current annotation.
Warnning: gene name AC211433.2,AC211433.3 is not in current annotation.
Warnning: gene name AL671762.1 is not in current annotation.
Warnning: gene name AL671762.1 is not in current annotation.
Warnning: gene name AL139142.2 is not in current annotation.
Warnning: gene name AL139142.2 is not in current annotation.
Warnning: gene name AC032019.2 is not in current annotation.
Warnning: gene name AC125421.1 is not in current annotation.
Warnning: gene name AC032019.2,AC125421.1 is not in current annotation.
Warnning: gene name AC015943.1 is not in current annotation.
Warnning: gene name AC005951.1 is not in current annotation.
Warnning: gene name AC015943.1,AC005951.1 is not in current annotation.
Warnning: gene name AC015943.1 is not in current annotation.
Warnning: gene name AC005951.1 is not in current annotation.
Warnning: gene name AC015813.1 is not in current annotation.
Warnning: gene name AC015943.1,AC005951.1 is not in current annotation.
Warnning: gene name AC015813.1 is not in current annotation.
Warnning: gene name AC015943.1 is not in current annotation.
Warnning: gene name AC005951.1 is not in current annotation.
Warnning: gene name AC015813.2 is not in current annotation.
Warnning: gene name AC015943.1,AC005951.1 is not in current annotation.
Warnning: gene name AC015813.2 is not in current annotation.
Warnning: gene name AC005771.1 is not in current annotation.
Warnning: gene name AC007423.1 is not in current annotation.
Warnning: gene name AC005771.1,AC007423.1 is not in current annotation.
Warnning: gene name AC032019.2 is not in current annotation.
Warnning: gene name AC125421.1 is not in current annotation.
Warnning: gene name AC032019.2,AC125421.1 is not in current annotation.
Warnning: gene name AC005771.1 is not in current annotation.
Warnning: gene name AC007423.1 is not in current annotation.
Warnning: gene name AC005771.1,AC007423.1 is not in current annotation.
Warnning: gene name AC004870.3 is not in current annotation.
Warnning: gene name AC087175.1 is not in current annotation.
Warnning: gene name AC004870.3,AC087175.1 is not in current annotation.
Warnning: gene name AP000350.6 is not in current annotation.
Warnning: gene name AP000350.2 is not in current annotation.
Warnning: gene name AP000350.6,AP000350.2 is not in current annotation.
Warnning: gene name AC253536.7 is not in current annotation.
Warnning: gene name AP000350.6 is not in current annotation.
Warnning: gene name AP000350.2 is not in current annotation.
Warnning: gene name AC253536.7 is not in current annotation.
Warnning: gene name AP000350.6,AP000350.2 is not in current annotation.
Warnning: gene name AC004922.1 is not in current annotation.
Warnning: gene name AC004922.1 is not in current annotation.
Warnning: gene name AC105081.1 is not in current annotation.
Warnning: gene name AP003351.1 is not in current annotation.
Warnning: gene name AC105081.1,AP003351.1 is not in current annotation.
Warnning: gene name AC079781.5 is not in current annotation.
Warnning: gene name AC079781.5 is not in current annotation.
Warnning: gene name AC079905.1 is not in current annotation.
Warnning: gene name AC080011.1 is not in current annotation.
Warnning: gene name AC079905.1,AC080011.1 is not in current annotation.
Warnning: gene name AC025580.1 is not in current annotation.
Warnning: gene name AC025580.1 is not in current annotation.
Warnning: gene name AC025580.1 is not in current annotation.
Warnning: gene name AC025580.1 is not in current annotation.
Warnning: gene name AC051619.2 is not in current annotation.
Warnning: gene name AC051619.2 is not in current annotation.
Warnning: gene name AC051619.2 is not in current annotation.
Warnning: gene name AC051619.2 is not in current annotation.
Warnning: gene name AC051619.1 is not in current annotation.
Warnning: gene name AC051619.1 is not in current annotation.
Warnning: gene name AC051619.1 is not in current annotation.
Warnning: gene name AC051619.1 is not in current annotation.
Warnning: gene name AC019254.2 is not in current annotation.
Warnning: gene name AC019254.1 is not in current annotation.
Warnning: gene name AC019254.2,AC019254.1 is not in current annotation.
Warnning: gene name AC002377.1 is not in current annotation.
Warnning: gene name AC002377.1 is not in current annotation.
Warnning: gene name AL356361.2 is not in current annotation.
Warnning: gene name AL356361.1 is not in current annotation.
Warnning: gene name AL356361.2,AL356361.1 is not in current annotation.
Warnning: gene name AL161431.1 is not in current annotation.
Warnning: gene name AL161431.1 is not in current annotation.
Warnning: gene name CR786580.1 is not in current annotation.
Warnning: gene name CR786580.1 is not in current annotation.
Warnning: gene name AC112128.1 is not in current annotation.
Warnning: gene name AC112128.1 is not in current annotation.
Warnning: gene name AC104692.1 is not in current annotation.
Warnning: gene name AC006348.1 is not in current annotation.
Warnning: gene name AC079809.1 is not in current annotation.
Warnning: gene name AC104692.1 is not in current annotation.
Warnning: gene name AC006348.1,AC079809.1 is not in current annotation.
Warnning: gene name AL773545.3 is not in current annotation.
Warnning: gene name AL773545.3 is not in current annotation.
Warnning: gene name AP000769.4 is not in current annotation.
Warnning: gene name AP000769.1 is not in current annotation.
Warnning: gene name AP000769.4,AP000769.1 is not in current annotation.
Warnning: gene name AC105275.2 is not in current annotation.
Warnning: gene name AL356310.1 is not in current annotation.
Warnning: gene name AC105275.2,AL356310.1 is not in current annotation.
Warnning: gene name AL160287.1 is not in current annotation.
Warnning: gene name AL160287.1 is not in current annotation.
Warnning: gene name AL773545.3 is not in current annotation.
Warnning: gene name AL773545.3 is not in current annotation.
Warnning: gene name AL139142.2 is not in current annotation.
Warnning: gene name AL139142.2 is not in current annotation.
Warnning: gene name AC002377.1 is not in current annotation.
Warnning: gene name AC002377.1 is not in current annotation.
Warnning: gene name IGKV3-15 is not in current annotation.
Warnning: gene name IGKV3-15 is not in current annotation.
Warnning: gene name AC034216.1 is not in current annotation.
Warnning: gene name AC063976.3 is not in current annotation.
Warnning: gene name AC034216.1,AC063976.3 is not in current annotation.
Warnning: gene name AC018630.4 is not in current annotation.
Warnning: gene name AC018630.4 is not in current annotation.
Warnning: gene name AL591501.1 is not in current annotation.
Warnning: gene name AL591501.1 is not in current annotation.
Warnning: gene name AC022733.1 is not in current annotation.
Warnning: gene name AC022733.1 is not in current annotation.
Warnning: gene name AL096854.1 is not in current annotation.
Warnning: gene name AL096854.1 is not in current annotation.
Warnning: gene name AL583836.1 is not in current annotation.
Warnning: gene name AL583836.1 is not in current annotation.
Warnning: gene name AC008687.2 is not in current annotation.
Warnning: gene name AC008687.2 is not in current annotation.
Warnning: gene name AC019254.2 is not in current annotation.
Warnning: gene name AC019254.1 is not in current annotation.
Warnning: gene name AC019254.2,AC019254.1 is not in current annotation.
Warnning: gene name AC090907.2 is not in current annotation.
Warnning: gene name AC019254.2 is not in current annotation.
Warnning: gene name AC090907.2,AC019254.2 is not in current annotation.
Warnning: gene name AL008723.1 is not in current annotation.
Warnning: gene name AL008723.3 is not in current annotation.
Warnning: gene name AL008723.1,AL008723.3 is not in current annotation.
Warnning: gene name AL121912.1 is not in current annotation.
Warnning: gene name AL133464.1 is not in current annotation.
Warnning: gene name AL121912.1,AL133464.1 is not in current annotation.
Warnning: gene name AC245041.2 is not in current annotation.
Warnning: gene name AC245041.2 is not in current annotation.
Warnning: gene name AL646090.2 is not in current annotation.
Warnning: gene name AL593844.1 is not in current annotation.
Warnning: gene name AL646090.2,AL593844.1 is not in current annotation.
Warnning: gene name AL357972.1 is not in current annotation.
Warnning: gene name AL663058.1 is not in current annotation.
Warnning: gene name AL357972.1,AL663058.1 is not in current annotation.
Warnning: gene name AC073475.1 is not in current annotation.
Warnning: gene name AC025741.1 is not in current annotation.
Warnning: gene name AC073475.1,AC025741.1 is not in current annotation.
Warnning: gene name AC026202.1 is not in current annotation.
Warnning: gene name AC087857.1 is not in current annotation.
Warnning: gene name AC026202.1,AC087857.1 is not in current annotation.
Warnning: gene name AC026202.1 is not in current annotation.
Warnning: gene name AC087857.1 is not in current annotation.
Warnning: gene name AC026202.1,AC087857.1 is not in current annotation.
Warnning: gene name AC026202.1 is not in current annotation.
Warnning: gene name AC087857.1 is not in current annotation.
Warnning: gene name AC026202.1,AC087857.1 is not in current annotation.
Warnning: gene name AC078909.2 is not in current annotation.
Warnning: gene name AC078909.2,Metazoa_SRP is not in current annotation.
Warnning: gene name AL158212.4 is not in current annotation.
Warnning: gene name AL158212.1 is not in current annotation.
Warnning: gene name AL158212.4,AL158212.1 is not in current annotation.
Warnning: gene name AF222684.1 is not in current annotation.
Warnning: gene name AF222685.1 is not in current annotation.
Warnning: gene name AF222684.1,AF222685.1 is not in current annotation.
Warnning: gene name AC073592.8 is not in current annotation.
Warnning: gene name AC073592.2 is not in current annotation.
Warnning: gene name AC073592.8,AC073592.2 is not in current annotation.
Warnning: gene name AP000432.1 is not in current annotation.
Warnning: gene name AP000432.2 is not in current annotation.
Warnning: gene name AP000432.1,AP000432.2 is not in current annotation.
Warnning: gene name AF222685.1 is not in current annotation.
Warnning: gene name AF130248.1 is not in current annotation.
Warnning: gene name AF222685.1,AF130248.1 is not in current annotation.
Warnning: gene name AP000350.6 is not in current annotation.
Warnning: gene name AP000350.2 is not in current annotation.
Warnning: gene name AP000350.6,AP000350.2 is not in current annotation.
Warnning: gene name AC253536.7 is not in current annotation.
Warnning: gene name AP000350.6 is not in current annotation.
Warnning: gene name AP000350.2 is not in current annotation.
Warnning: gene name AC253536.7 is not in current annotation.
Warnning: gene name AP000350.6,AP000350.2 is not in current annotation.
Warnning: gene name AC108452.1 is not in current annotation.
Warnning: gene name AC100781.1 is not in current annotation.
Warnning: gene name AC108452.1,AC100781.1 is not in current annotation.
Warnning: gene name AC084768.2 is not in current annotation.
Warnning: gene name AC087369.1 is not in current annotation.
Warnning: gene name AC084768.2,AC087369.1 is not in current annotation.
Warnning: gene name AC084768.2 is not in current annotation.
Warnning: gene name AC087369.1 is not in current annotation.
Warnning: gene name AC084768.2,AC087369.1 is not in current annotation.
Warnning: gene name AL158212.4 is not in current annotation.
Warnning: gene name AL158212.1 is not in current annotation.
Warnning: gene name AL158212.4,AL158212.1 is not in current annotation.
Warnning: gene name AC110048.2 is not in current annotation.
Warnning: gene name AC093334.1 is not in current annotation.
Warnning: gene name AC110048.2,AC093334.1 is not in current annotation.
Warnning: gene name AC008957.1 is not in current annotation.
Warnning: gene name AC026741.1 is not in current annotation.
Warnning: gene name AC008957.1,AC026741.1 is not in current annotation.
Warnning: gene name FP565260.2 is not in current annotation.
Warnning: gene name FP565260.3 is not in current annotation.
Warnning: gene name FP565260.5 is not in current annotation.
Warnning: gene name FP565260.2 is not in current annotation.
Warnning: gene name FP565260.3,FP565260.5 is not in current annotation.
Warnning: gene name LOC102724023 is not in current annotation.
Warnning: gene name FP565260.3 is not in current annotation.
Warnning: gene name FP565260.5 is not in current annotation.
Warnning: gene name LOC102724023 is not in current annotation.
Warnning: gene name FP565260.3,FP565260.5 is not in current annotation.
Warnning: gene name AL713998.1 is not in current annotation.
Warnning: gene name Y_RNA,AL713998.1 is not in current annotation.
Warnning: gene name AC121334.1 is not in current annotation.
Warnning: gene name AC121334.2 is not in current annotation.
Warnning: gene name AC121334.1,AC121334.2 is not in current annotation.
Warnning: gene name LOC102724023 is not in current annotation.
Warnning: gene name FP565260.3 is not in current annotation.
Warnning: gene name FP565260.5 is not in current annotation.
Warnning: gene name LOC102724023 is not in current annotation.
Warnning: gene name FP565260.3,FP565260.5 is not in current annotation.
Warnning: gene name LOC102724354 is not in current annotation.
Warnning: gene name LOC102724354 is not in current annotation.
Warnning: gene name AC092666.1 is not in current annotation.
Warnning: gene name AC006008.1 is not in current annotation.
Warnning: gene name AC092666.1,AC006008.1 is not in current annotation.
Warnning: gene name AL158212.4 is not in current annotation.
Warnning: gene name AL158212.1 is not in current annotation.
Warnning: gene name AL158212.4,AL158212.1 is not in current annotation.
Warnning: gene name CR786580.1 is not in current annotation.
Warnning: gene name CR786580.1 is not in current annotation.
Warnning: gene name AC027506.1 is not in current annotation.
Warnning: gene name AC090348.1 is not in current annotation.
Warnning: gene name AC027506.1,AC090348.1 is not in current annotation.
Warnning: gene name AL671762.1 is not in current annotation.
Warnning: gene name AL671762.1 is not in current annotation.
Warnning: gene name AC105001.2 is not in current annotation.
Warnning: gene name AC105001.2 is not in current annotation.
Warnning: gene name CR786580.1 is not in current annotation.
Warnning: gene name CR786580.1 is not in current annotation.
Warnning: gene name Z82198.2 is not in current annotation.
Warnning: gene name Z82198.2 is not in current annotation.
Warnning: gene name AC090821.1 is not in current annotation.
Warnning: gene name AC090821.1,Metazoa_SRP is not in current annotation.
Warnning: gene name AC019254.2 is not in current annotation.
Warnning: gene name AC019254.1 is not in current annotation.
Warnning: gene name AC019254.2,AC019254.1 is not in current annotation.
Warnning: gene name AC068688.1 is not in current annotation.
Warnning: gene name AC079052.1 is not in current annotation.
Warnning: gene name AC068688.1,AC079052.1 is not in current annotation.
Warnning: gene name U91319.1 is not in current annotation.
Warnning: gene name U95743.1 is not in current annotation.
Warnning: gene name U91319.1,U95743.1 is not in current annotation.
Warnning: gene name U91319.1 is not in current annotation.
Warnning: gene name U95743.1 is not in current annotation.
Warnning: gene name U91319.1,U95743.1 is not in current annotation.
Warnning: gene name BRD10 is not in current annotation.
Warnning: gene name BRD10 is not in current annotation.
Warnning: gene name AC115100.1 is not in current annotation.
Warnning: gene name AC090506.1 is not in current annotation.
Warnning: gene name AC115100.1,AC090506.1 is not in current annotation.
Warnning: gene name AC005774.1 is not in current annotation.
Warnning: gene name AC093515.1 is not in current annotation.
Warnning: gene name AC005774.1,AC093515.1 is not in current annotation.
Warnning: gene name IGKV1-27 is not in current annotation.
Warnning: gene name IGKV1-27 is not in current annotation.
Warnning: gene name AC005774.1 is not in current annotation.
Warnning: gene name AC093515.1 is not in current annotation.
Warnning: gene name AC005774.1,AC093515.1 is not in current annotation.
Warnning: gene name AC005774.1 is not in current annotation.
Warnning: gene name AC093515.1 is not in current annotation.
Warnning: gene name PKD1P6-NPIPP1 is not in current annotation.
Warnning: gene name AC005774.1,AC093515.1 is not in current annotation.
Warnning: gene name PKD1P6-NPIPP1 is not in current annotation.
Warnning: gene name AC008764.3 is not in current annotation.
Warnning: gene name AC008764.3 is not in current annotation.
Warnning: gene name AC090919.1 is not in current annotation.
Warnning: gene name AC012413.1 is not in current annotation.
Warnning: gene name AC090919.1,AC012413.1 is not in current annotation.
Warnning: gene name Z98755.1 is not in current annotation.
Warnning: gene name AL591387.1 is not in current annotation.
Warnning: gene name Z98755.1,AL591387.1 is not in current annotation.
Warnning: gene name AC062004.1 is not in current annotation.
Warnning: gene name AC084706.1 is not in current annotation.
Warnning: gene name AC062004.1,AC084706.1 is not in current annotation.
Warnning: gene name STX16-NPEPL1 is not in current annotation.
Warnning: gene name STX16-NPEPL1 is not in current annotation.
Warnning: gene name AL773545.3 is not in current annotation.
Warnning: gene name AL773545.3 is not in current annotation.
Warnning: gene name AL078601.2 is not in current annotation.
Warnning: gene name AL391840.1 is not in current annotation.
Warnning: gene name AL078601.2,AL391840.1 is not in current annotation.
Warnning: gene name AC019254.2 is not in current annotation.
Warnning: gene name AC019254.1 is not in current annotation.
Warnning: gene name AC019254.2,AC019254.1 is not in current annotation.
Warnning: gene name AC092666.1 is not in current annotation.
Warnning: gene name AC006008.1 is not in current annotation.
Warnning: gene name AC092666.1,AC006008.1 is not in current annotation.
Warnning: gene name AP000350.6 is not in current annotation.
Warnning: gene name AP000350.2 is not in current annotation.
Warnning: gene name AP000350.6,AP000350.2 is not in current annotation.
Warnning: gene name AC253536.7 is not in current annotation.
Warnning: gene name AP000350.6 is not in current annotation.
Warnning: gene name AP000350.2 is not in current annotation.
Warnning: gene name AC253536.7 is not in current annotation.
Warnning: gene name AP000350.6,AP000350.2 is not in current annotation.
Warnning: gene name AC008014.1 is not in current annotation.
Warnning: gene name AC008014.1 is not in current annotation.
Warnning: gene name AC079906.1 is not in current annotation.
Warnning: gene name AC008014.1 is not in current annotation.
Warnning: gene name AC008014.1,AC079906.1 is not in current annotation.
Warnning: gene name AC123904.3 is not in current annotation.
Warnning: gene name AC073525.1 is not in current annotation.
Warnning: gene name AC123904.3,AC073525.1 is not in current annotation.
Warnning: gene name AC123904.3 is not in current annotation.
Warnning: gene name AC073525.1 is not in current annotation.
Warnning: gene name AC123904.3,AC073525.1 is not in current annotation.
Warnning: gene name AC123904.3 is not in current annotation.
Warnning: gene name AC073525.1 is not in current annotation.
Warnning: gene name AC123904.3,AC073525.1 is not in current annotation.
Warnning: gene name AC078864.1 is not in current annotation.
Warnning: gene name AC090022.2 is not in current annotation.
Warnning: gene name AC090017.1 is not in current annotation.
Warnning: gene name AC078864.1 is not in current annotation.
Warnning: gene name AC090022.2,AC090017.1 is not in current annotation.
Warnning: gene name AC123904.3 is not in current annotation.
Warnning: gene name AC073525.1 is not in current annotation.
Warnning: gene name AC123904.3,AC073525.1 is not in current annotation.
Warnning: gene name AC123904.3 is not in current annotation.
Warnning: gene name AC073525.1 is not in current annotation.
Warnning: gene name AC123904.3,AC073525.1 is not in current annotation.
Warnning: gene name AC108022.1 is not in current annotation.
Warnning: gene name Y_RNA,AC108022.1 is not in current annotation.
Warnning: gene name AC245884.5 is not in current annotation.
Warnning: gene name AC245884.12 is not in current annotation.
Warnning: gene name AC245884.5,AC245884.12 is not in current annotation.
Warnning: gene name AL161431.1 is not in current annotation.
Warnning: gene name AL161431.1 is not in current annotation.
Warnning: gene name AC138646.1 is not in current annotation.
Warnning: gene name AC100870.1 is not in current annotation.
Warnning: gene name AC138646.1,AC100870.1 is not in current annotation.
Warnning: gene name IGKV2-28 is not in current annotation.
Warnning: gene name IGKV2-28 is not in current annotation.
Warnning: gene name AL022334.1 is not in current annotation.
Warnning: gene name AL022334.2 is not in current annotation.
Warnning: gene name AL022334.1,AL022334.2 is not in current annotation.
Warnning: gene name IGHV1-2 is not in current annotation.
Warnning: gene name IGHV1-2 is not in current annotation.
Warnning: gene name AP001628.2 is not in current annotation.
Warnning: gene name AP001628.1 is not in current annotation.
Warnning: gene name AP001628.2,AP001628.1 is not in current annotation.
Warnning: gene name IQCJ-SCHIP1 is not in current annotation.
Warnning: gene name IQCJ-SCHIP1 is not in current annotation.
Warnning: gene name CR786580.1 is not in current annotation.
Warnning: gene name CR786580.1 is not in current annotation.
Warnning: gene name AC091588.2 is not in current annotation.
Warnning: gene name AC027449.1 is not in current annotation.
Warnning: gene name AC091588.2,AC027449.1 is not in current annotation.
Warnning: gene name CR786580.1 is not in current annotation.
Warnning: gene name CR786580.1 is not in current annotation.
Warnning: gene name AC011029.1 is not in current annotation.
Warnning: gene name AC011029.1 is not in current annotation.
Warnning: gene name AC007391.3 is not in current annotation.
Warnning: gene name AC006369.1 is not in current annotation.
Warnning: gene name AC007391.3,AC006369.1 is not in current annotation.
Warnning: gene name AL773545.3 is not in current annotation.
Warnning: gene name AL773545.3 is not in current annotation.
Warnning: gene name AC019254.2 is not in current annotation.
Warnning: gene name AC019254.1 is not in current annotation.
Warnning: gene name AC019254.2,AC019254.1 is not in current annotation.
Warnning: gene name AL161431.1 is not in current annotation.
Warnning: gene name AL161431.1 is not in current annotation.
Warnning: gene name AL161431.1 is not in current annotation.
Warnning: gene name AL161431.1 is not in current annotation.
Warnning: gene name IGHV3-7 is not in current annotation.
Warnning: gene name IGHV3-7 is not in current annotation.
Warnning: gene name AP000350.6 is not in current annotation.
Warnning: gene name AP000350.2 is not in current annotation.
Warnning: gene name AP000350.6,AP000350.2 is not in current annotation.
Warnning: gene name AC253536.7 is not in current annotation.
Warnning: gene name AP000350.6 is not in current annotation.
Warnning: gene name AP000350.2 is not in current annotation.
Warnning: gene name AC253536.7 is not in current annotation.
Warnning: gene name AP000350.6,AP000350.2 is not in current annotation.
Warnning: gene name AC019254.2 is not in current annotation.
Warnning: gene name AC019254.1 is not in current annotation.
Warnning: gene name AC019254.2,AC019254.1 is not in current annotation.
Warnning: gene name AL356361.2 is not in current annotation.
Warnning: gene name AL356361.1 is not in current annotation.
Warnning: gene name AL356361.2,AL356361.1 is not in current annotation.
Warnning: gene name AC018630.4 is not in current annotation.
Warnning: gene name AC018630.4 is not in current annotation.
Warnning: gene name CR786580.1 is not in current annotation.
Warnning: gene name CR786580.1 is not in current annotation.
Warnning: gene name AL023284.1 is not in current annotation.
Warnning: gene name AL023284.4 is not in current annotation.
Warnning: gene name AL023284.1,AL023284.4 is not in current annotation.
Warnning: gene name AL161431.1 is not in current annotation.
Warnning: gene name AL161431.1 is not in current annotation.
Warnning: gene name AP006623.1 is not in current annotation.
Warnning: gene name AP006623.1 is not in current annotation.
Warnning: gene name AC253536.7 is not in current annotation.
Warnning: gene name AP000350.6 is not in current annotation.
Warnning: gene name AP000350.2 is not in current annotation.
Warnning: gene name AC253536.7 is not in current annotation.
Warnning: gene name AP000350.6,AP000350.2 is not in current annotation.
Warnning: gene name AP000350.6 is not in current annotation.
Warnning: gene name AP000350.2 is not in current annotation.
Warnning: gene name AP000350.6,AP000350.2 is not in current annotation.
Warnning: gene name AC073592.4 is not in current annotation.
Warnning: gene name AC073593.1 is not in current annotation.
Warnning: gene name AC073592.4,AC073593.1 is not in current annotation.
Warnning: gene name AC098965.1 is not in current annotation.
Warnning: gene name AC109446.3 is not in current annotation.
Warnning: gene name AC098965.1,AC109446.3 is not in current annotation.
Warnning: gene name AC092506.1 is not in current annotation.
Warnning: gene name AL591888.1 is not in current annotation.
Warnning: gene name AC092506.1,AL591888.1 is not in current annotation.
Warnning: gene name AL049839.2 is not in current annotation.
Warnning: gene name AL049839.2 is not in current annotation.
Warnning: gene name AC092681.1 is not in current annotation.
Warnning: gene name AC092681.2 is not in current annotation.
Warnning: gene name AC092681.1,AC092681.2 is not in current annotation.
Warnning: gene name AC005774.1 is not in current annotation.
Warnning: gene name AC093515.1 is not in current annotation.
Warnning: gene name AC005774.1,AC093515.1 is not in current annotation.
Warnning: gene name AL356108.1 is not in current annotation.
Warnning: gene name AL513314.1 is not in current annotation.
Warnning: gene name AL356108.1,AL513314.1 is not in current annotation.
Warnning: gene name CR786580.1 is not in current annotation.
Warnning: gene name CR786580.1 is not in current annotation.
Warnning: gene name AL353753.1 is not in current annotation.
Warnning: gene name AL442639.1 is not in current annotation.
Warnning: gene name AL353753.1,AL442639.1 is not in current annotation.
Warnning: gene name AC244035.1 is not in current annotation.
Warnning: gene name AC244035.4 is not in current annotation.
Warnning: gene name AC244035.1,AC244035.4 is not in current annotation.
Warnning: gene name AC133480.1 is not in current annotation.
Warnning: gene name AC090503.2 is not in current annotation.
Warnning: gene name AC133480.1,AC090503.2 is not in current annotation.
Warnning: gene name AC013643.1 is not in current annotation.
Warnning: gene name AC013643.3 is not in current annotation.
Warnning: gene name AC013643.1,AC013643.3 is not in current annotation.
cff /MetaFusion/RUNS_Results/TCGA-PAAD/PAAD.cff.reformat.renamed.reann.WITH_SEQ
Add adjacent exons to cff
3186995 annotations from /MetaFusion/reference_files/hg38_gene.bed loaded.
16.3146100044 sec. elapsed.
Warning: Input gene annotations include multiple chr, strand, or regions (5Mb away). Skipping current gene annotation.
[('LINC00102', 'chrX', 'r'), ('LINC00102', 'chrY', 'r')]
Warning: Input gene annotations include multiple chr, strand, or regions (5Mb away). Skipping current gene annotation.
[('SNORD42', 'chr22', 'r'), ('SNORD42', 'chr4', 'r')]
Warning: Input gene annotations include multiple chr, strand, or regions (5Mb away). Skipping current gene annotation.
[('CD99P1', 'chrX', 'f'), ('CD99P1', 'chrY', 'f')]
Warning: Input gene annotations include multiple chr, strand, or regions (5Mb away). Skipping current gene annotation.
[('TNFRSF10A-DT', 'chr8', 'f'), ('TNFRSF10A-DT', 'chr8', 'r')]
Warning: Input gene annotations include multiple chr, strand, or regions (5Mb away). Skipping current gene annotation.
[('TRPC6P1', 'chrX', 'r'), ('TRPC6P1', 'chrY', 'r')]
Warning: Input gene annotations include multiple chr, strand, or regions (5Mb away). Skipping current gene annotation.
[('7SK', 'chr1', 'r'), ('7SK', 'chr1', 'f'), ('7SK', 'chr11', 'f'), ('7SK', 'chr17', 'f'), ('7SK', 'chr3', 'r'), ('7SK', 'chr6', 'f')]
Warning: Input gene annotations include multiple chr, strand, or regions (5Mb away). Skipping current gene annotation.
[('Y_RNA', 'chr1', 'r'), ('Y_RNA', 'chr1', 'f'), ('Y_RNA', 'chr10', 'r'), ('Y_RNA', 'chr10', 'f'), ('Y_RNA', 'chr11', 'f'), ('Y_RNA', 'chr11', 'r'), ('Y_RNA', 'chr12', 'r'), ('Y_RNA', 'chr12', 'f'), ('Y_RNA', 'chr13', 'f'), ('Y_RNA', 'chr14', 'f'), ('Y_RNA', 'chr14', 'r'), ('Y_RNA', 'chr15', 'f'), ('Y_RNA', 'chr15', 'r'), ('Y_RNA', 'chr16', 'f'), ('Y_RNA', 'chr16', 'r'), ('Y_RNA', 'chr17', 'f'), ('Y_RNA', 'chr17', 'r'), ('Y_RNA', 'chr18', 'f'), ('Y_RNA', 'chr18', 'r'), ('Y_RNA', 'chr19', 'r'), ('Y_RNA', 'chr19', 'f'), ('Y_RNA', 'chr2', 'f'), ('Y_RNA', 'chr2', 'r'), ('Y_RNA', 'chr20', 'f'), ('Y_RNA', 'chr20', 'r'), ('Y_RNA', 'chr21', 'f'), ('Y_RNA', 'chr21', 'r'), ('Y_RNA', 'chr22', 'f'), ('Y_RNA', 'chr22', 'r'), ('Y_RNA', 'chr3', 'r'), ('Y_RNA', 'chr3', 'f'), ('Y_RNA', 'chr4', 'r'), ('Y_RNA', 'chr4', 'f'), ('Y_RNA', 'chr5', 'r'), ('Y_RNA', 'chr5', 'f'), ('Y_RNA', 'chr6', 'r'), ('Y_RNA', 'chr6', 'f'), ('Y_RNA', 'chr7', 'r'), ('Y_RNA', 'chr7', 'f'), ('Y_RNA', 'chr8', 'f'), ('Y_RNA', 'chr8', 'r'), ('Y_RNA', 'chr9', 'f'), ('Y_RNA', 'chr9', 'r'), ('Y_RNA', 'chrX', 'r'), ('Y_RNA', 'chrX', 'f'), ('Y_RNA', 'chrY', 'f')]
Warning: Input gene annotations include multiple chr, strand, or regions (5Mb away). Skipping current gene annotation.
[('WASIR1', 'chrX', 'r'), ('WASIR1', 'chrY', 'r')]
Warning: Input gene annotations include multiple chr, strand, or regions (5Mb away). Skipping current gene annotation.
[('U8', 'chr1', 'f'), ('U8', 'chr10', 'r'), ('U8', 'chr10', 'f'), ('U8', 'chr11', 'f'), ('U8', 'chr12', 'r'), ('U8', 'chr12', 'f'), ('U8', 'chr15', 'f'), ('U8', 'chr15', 'r'), ('U8', 'chr18', 'r'), ('U8', 'chr2', 'r'), ('U8', 'chr2', 'f'), ('U8', 'chr3', 'r'), ('U8', 'chr3', 'f'), ('U8', 'chr5', 'r'), ('U8', 'chr5', 'f'), ('U8', 'chr6', 'r'), ('U8', 'chr8', 'r'), ('U8', 'chr9', 'f')]
Warning: Input gene annotations include multiple chr, strand, or regions (5Mb away). Skipping current gene annotation.
[('U4', 'chr1', 'r'), ('U4', 'chr1', 'f'), ('U4', 'chr11', 'r'), ('U4', 'chr2', 'f'), ('U4', 'chr5', 'r'), ('U4', 'chr6', 'f'), ('U4', 'chr8', 'r')]
Warning: Input gene annotations include multiple chr, strand, or regions (5Mb away). Skipping current gene annotation.
[('U7', 'chr1', 'f'), ('U7', 'chr12', 'r'), ('U7', 'chr15', 'f'), ('U7', 'chr16', 'r'), ('U7', 'chr22', 'r'), ('U7', 'chr3', 'f'), ('U7', 'chrX', 'f')]
Warning: Input gene annotations include multiple chr, strand, or regions (5Mb away). Skipping current gene annotation.
[('U6', 'chr1', 'r'), ('U6', 'chr1', 'f'), ('U6', 'chr10', 'f'), ('U6', 'chr11', 'r'), ('U6', 'chr11', 'f'), ('U6', 'chr12', 'f'), ('U6', 'chr12', 'r'), ('U6', 'chr13', 'f'), ('U6', 'chr14', 'r'), ('U6', 'chr15', 'r'), ('U6', 'chr15', 'f'), ('U6', 'chr16', 'f'), ('U6', 'chr17', 'r'), ('U6', 'chr2', 'f'), ('U6', 'chr2', 'r'), ('U6', 'chr20', 'r'), ('U6', 'chr21', 'f'), ('U6', 'chr22', 'f'), ('U6', 'chr3', 'f'), ('U6', 'chr4', 'f'), ('U6', 'chr4', 'r'), ('U6', 'chr9', 'f'), ('U6', 'chrX', 'f')]
Warning: Input gene annotations include multiple chr, strand, or regions (5Mb away). Skipping current gene annotation.
[('U1', 'chr1', 'f'), ('U1', 'chr1', 'r'), ('U1', 'chr21', 'f')]
Warning: Input gene annotations include multiple chr, strand, or regions (5Mb away). Skipping current gene annotation.
[('U3', 'chr1', 'f'), ('U3', 'chr1', 'r'), ('U3', 'chr10', 'f'), ('U3', 'chr10', 'r'), ('U3', 'chr11', 'f'), ('U3', 'chr14', 'r'), ('U3', 'chr15', 'f'), ('U3', 'chr15', 'r'), ('U3', 'chr17', 'r'), ('U3', 'chr17', 'f'), ('U3', 'chr18', 'f'), ('U3', 'chr18', 'r'), ('U3', 'chr19', 'r'), ('U3', 'chr2', 'f'), ('U3', 'chr2', 'r'), ('U3', 'chr20', 'f'), ('U3', 'chr20', 'r'), ('U3', 'chr21', 'r'), ('U3', 'chr3', 'r'), ('U3', 'chr3', 'f'), ('U3', 'chr4', 'f'), ('U3', 'chr5', 'f'), ('U3', 'chr5', 'r'), ('U3', 'chr6', 'f'), ('U3', 'chr6', 'r'), ('U3', 'chr7', 'f'), ('U3', 'chr7', 'r'), ('U3', 'chr8', 'f'), ('U3', 'chr8', 'r'), ('U3', 'chrX', 'f'), ('U3', 'chrX', 'r')]
Warning: Input gene annotations include multiple chr, strand, or regions (5Mb away). Skipping current gene annotation.
[('U2', 'chr1', 'f'), ('U2', 'chr14', 'r'), ('U2', 'chr17', 'r'), ('U2', 'chr22', 'r'), ('U2', 'chr3', 'f'), ('U2', 'chr4', 'f'), ('U2', 'chr8', 'r'), ('U2', 'chr9', 'f')]
Warning: Input gene annotations include multiple chr, strand, or regions (5Mb away). Skipping current gene annotation.
[('MIR6089', 'chrX', 'f'), ('MIR6089', 'chrY', 'f')]
Warning: Input gene annotations include multiple chr, strand, or regions (5Mb away). Skipping current gene annotation.
[('IL3RA', 'chrX', 'f'), ('IL3RA', 'chrY', 'f')]
Warning: Input gene annotations include multiple chr, strand, or regions (5Mb away). Skipping current gene annotation.
[('GTPBP6', 'chrX', 'r'), ('GTPBP6', 'chrY', 'r')]
Warning: Input gene annotations include multiple chr, strand, or regions (5Mb away). Skipping current gene annotation.
[('SNORD18', 'chr15', 'r'), ('SNORD18', 'chr2', 'r')]
Warning: Input gene annotations include multiple chr, strand, or regions (5Mb away). Skipping current gene annotation.
[('LSP1P5', 'chr1', 'f'), ('LSP1P5', 'chr2', 'r')]
Warning: Input gene annotations include multiple chr, strand, or regions (5Mb away). Skipping current gene annotation.
[('ELOCP24', 'chrX', 'r'), ('ELOCP24', 'chrY', 'r')]
Warning: Input gene annotations include multiple chr, strand, or regions (5Mb away). Skipping current gene annotation.
[('Vault', 'chr17', 'f'), ('Vault', 'chr17', 'r'), ('Vault', 'chr2', 'r'), ('Vault', 'chr5', 'r')]
Warning: Input gene annotations include multiple chr, strand, or regions (5Mb away). Skipping current gene annotation.
[('LINC03025', 'chr9', 'r'), ('LINC03025', 'chr9', 'f')]
Warning: Input gene annotations include multiple chr, strand, or regions (5Mb away). Skipping current gene annotation.
[('5S_rRNA', 'chr1', 'r'), ('5S_rRNA', 'chr16', 'r'), ('5S_rRNA', 'chr17', 'r'), ('5S_rRNA', 'chr19', 'r'), ('5S_rRNA', 'chr2', 'r'), ('5S_rRNA', 'chr2', 'f'), ('5S_rRNA', 'chr6', 'r'), ('5S_rRNA', 'chr7', 'r'), ('5S_rRNA', 'chrX', 'f')]
Warning: Input gene annotations include multiple chr, strand, or regions (5Mb away). Skipping current gene annotation.
[('WASH6P', 'chrX', 'f'), ('WASH6P', 'chrY', 'f')]
Warning: Input gene annotations include multiple chr, strand, or regions (5Mb away). Skipping current gene annotation.
[('LINC01238', 'chr2', 'f'), ('LINC01238', 'chr2', 'r')]
Warning: Input gene annotations include multiple chr, strand, or regions (5Mb away). Skipping current gene annotation.
[('MIR3690', 'chrX', 'f'), ('MIR3690', 'chrY', 'f')]
Warning: Input gene annotations include multiple chr, strand, or regions (5Mb away). Skipping current gene annotation.
[('HERC2P7', 'chr15', 'r'), ('HERC2P7', 'chr15', 'f')]
Warning: Input gene annotations include multiple chr, strand, or regions (5Mb away). Skipping current gene annotation.
[('CTSLP2', 'chr10', 'f'), ('CTSLP2', 'chr10', 'r')]
Warning: Input gene annotations include multiple chr, strand, or regions (5Mb away). Skipping current gene annotation.
[('SNORA62', 'chr1', 'f'), ('SNORA62', 'chr11', 'f'), ('SNORA62', 'chr16', 'r'), ('SNORA62', 'chr21', 'f'), ('SNORA62', 'chr3', 'f'), ('SNORA62', 'chr4', 'f'), ('SNORA62', 'chr8', 'f')]
Warning: Input gene annotations include multiple chr, strand, or regions (5Mb away). Skipping current gene annotation.
[('SNORA63', 'chr1', 'f'), ('SNORA63', 'chr1', 'r'), ('SNORA63', 'chr15', 'r'), ('SNORA63', 'chr3', 'f'), ('SNORA63', 'chr4', 'f'), ('SNORA63', 'chr5', 'f'), ('SNORA63', 'chr7', 'r')]
Warning: Input gene annotations include multiple chr, strand, or regions (5Mb away). Skipping current gene annotation.
[('SNORD116', 'chr1', 'r'), ('SNORD116', 'chr13', 'r'), ('SNORD116', 'chr9', 'f')]
Warning: Input gene annotations include multiple chr, strand, or regions (5Mb away). Skipping current gene annotation.
[('SNORD63', 'chr17', 'r'), ('SNORD63', 'chr3', 'r'), ('SNORD63', 'chr5', 'r')]
Warning: Input gene annotations include multiple chr, strand, or regions (5Mb away). Skipping current gene annotation.
[('KMT2CP1', 'chr1', 'r'), ('KMT2CP1', 'chr1', 'f')]
Warning: Input gene annotations include multiple chr, strand, or regions (5Mb away). Skipping current gene annotation.
[('SHOX', 'chrX', 'f'), ('SHOX', 'chrY', 'f')]
Warning: Input gene annotations include multiple chr, strand, or regions (5Mb away). Skipping current gene annotation.
[('RPL23AP7', 'chr2', 'r'), ('RPL23AP7', 'chr22', 'f')]
Warning: Input gene annotations include multiple chr, strand, or regions (5Mb away). Skipping current gene annotation.
[('DHRSX-IT1', 'chrX', 'r'), ('DHRSX-IT1', 'chrY', 'r')]
Warning: Input gene annotations include multiple chr, strand, or regions (5Mb away). Skipping current gene annotation.
[('SNORD39', 'chr11', 'r'), ('SNORD39', 'chr2', 'f'), ('SNORD39', 'chr4', 'r'), ('SNORD39', 'chr9', 'r')]
Warning: Input gene annotations include multiple chr, strand, or regions (5Mb away). Skipping current gene annotation.
[('ZBED1', 'chrX', 'r'), ('ZBED1', 'chrY', 'r')]
Warning: Input gene annotations include multiple chr, strand, or regions (5Mb away). Skipping current gene annotation.
[('ASMTL-AS1', 'chrX', 'f'), ('ASMTL-AS1', 'chrY', 'f')]
Warning: Input gene annotations include multiple chr, strand, or regions (5Mb away). Skipping current gene annotation.
[('SNORD30', 'chr11', 'r'), ('SNORD30', 'chrX', 'f')]
Warning: Input gene annotations include multiple chr, strand, or regions (5Mb away). Skipping current gene annotation.
[('ASMTL', 'chrX', 'r'), ('ASMTL', 'chrY', 'r')]
Warning: Input gene annotations include multiple chr, strand, or regions (5Mb away). Skipping current gene annotation.
[('FABP5P13', 'chrX', 'r'), ('FABP5P13', 'chrY', 'r')]
Warning: Input gene annotations include multiple chr, strand, or regions (5Mb away). Skipping current gene annotation.
[('CD99', 'chrX', 'f'), ('CD99', 'chrY', 'f')]
Warning: Input gene annotations include multiple chr, strand, or regions (5Mb away). Skipping current gene annotation.
[('DHRSX', 'chrX', 'r'), ('DHRSX', 'chrY', 'r')]
Warning: Input gene annotations include multiple chr, strand, or regions (5Mb away). Skipping current gene annotation.
[('SNORD33', 'chr16', 'r'), ('SNORD33', 'chr19', 'f')]
Warning: Input gene annotations include multiple chr, strand, or regions (5Mb away). Skipping current gene annotation.
[('NPIPA9', 'chr16', 'f'), ('NPIPA9', 'chr16', 'r')]
Warning: Input gene annotations include multiple chr, strand, or regions (5Mb away). Skipping current gene annotation.
[('SNORD81', 'chr1', 'f'), ('SNORD81', 'chr5', 'f'), ('SNORD81', 'chr7', 'f')]
Warning: Input gene annotations include multiple chr, strand, or regions (5Mb away). Skipping current gene annotation.
[('PLCXD1', 'chrX', 'f'), ('PLCXD1', 'chrY', 'f')]
Warning: Input gene annotations include multiple chr, strand, or regions (5Mb away). Skipping current gene annotation.
[('RNA5SP498', 'chrX', 'r'), ('RNA5SP498', 'chrY', 'r')]
Warning: Input gene annotations include multiple chr, strand, or regions (5Mb away). Skipping current gene annotation.
[('Metazoa_SRP', 'chr1', 'f'), ('Metazoa_SRP', 'chr1', 'r'), ('Metazoa_SRP', 'chr10', 'f'), ('Metazoa_SRP', 'chr10', 'r'), ('Metazoa_SRP', 'chr11', 'r'), ('Metazoa_SRP', 'chr11', 'f'), ('Metazoa_SRP', 'chr12', 'f'), ('Metazoa_SRP', 'chr12', 'r'), ('Metazoa_SRP', 'chr13', 'r'), ('Metazoa_SRP', 'chr13', 'f'), ('Metazoa_SRP', 'chr14', 'r'), ('Metazoa_SRP', 'chr14', 'f'), ('Metazoa_SRP', 'chr15', 'r'), ('Metazoa_SRP', 'chr15', 'f'), ('Metazoa_SRP', 'chr16', 'f'), ('Metazoa_SRP', 'chr16', 'r'), ('Metazoa_SRP', 'chr17', 'r'), ('Metazoa_SRP', 'chr17', 'f'), ('Metazoa_SRP', 'chr18', 'r'), ('Metazoa_SRP', 'chr19', 'f'), ('Metazoa_SRP', 'chr19', 'r'), ('Metazoa_SRP', 'chr2', 'f'), ('Metazoa_SRP', 'chr2', 'r'), ('Metazoa_SRP', 'chr20', 'f'), ('Metazoa_SRP', 'chr20', 'r'), ('Metazoa_SRP', 'chr22', 'f'), ('Metazoa_SRP', 'chr22', 'r'), ('Metazoa_SRP', 'chr3', 'r'), ('Metazoa_SRP', 'chr3', 'f'), ('Metazoa_SRP', 'chr4', 'r'), ('Metazoa_SRP', 'chr4', 'f'), ('Metazoa_SRP', 'chr5', 'f'), ('Metazoa_SRP', 'chr5', 'r'), ('Metazoa_SRP', 'chr6', 'f'), ('Metazoa_SRP', 'chr6', 'r'), ('Metazoa_SRP', 'chr7', 'f'), ('Metazoa_SRP', 'chr7', 'r'), ('Metazoa_SRP', 'chr8', 'f'), ('Metazoa_SRP', 'chr8', 'r'), ('Metazoa_SRP', 'chr9', 'f'), ('Metazoa_SRP', 'chr9', 'r'), ('Metazoa_SRP', 'chrX', 'r'), ('Metazoa_SRP', 'chrX', 'f'), ('Metazoa_SRP', 'chrY', 'r')]
Warning: Input gene annotations include multiple chr, strand, or regions (5Mb away). Skipping current gene annotation.
[('CSF2RA', 'chrX', 'f'), ('CSF2RA', 'chrY', 'f')]
Warning: Input gene annotations include multiple chr, strand, or regions (5Mb away). Skipping current gene annotation.
[('PPP2R3B', 'chrX', 'r'), ('PPP2R3B', 'chrY', 'r')]
Warning: Input gene annotations include multiple chr, strand, or regions (5Mb away). Skipping current gene annotation.
[('DPH3P2', 'chrX', 'f'), ('DPH3P2', 'chrY', 'f')]
Warning: Input gene annotations include multiple chr, strand, or regions (5Mb away). Skipping current gene annotation.
[('ASMT', 'chrX', 'f'), ('ASMT', 'chrY', 'f')]
Warning: Input gene annotations include multiple chr, strand, or regions (5Mb away). Skipping current gene annotation.
[('IL9R', 'chrX', 'f'), ('IL9R', 'chrY', 'f')]
Warning: Input gene annotations include multiple chr, strand, or regions (5Mb away). Skipping current gene annotation.
[('VAMP7', 'chrX', 'f'), ('VAMP7', 'chrY', 'f')]
Warning: Input gene annotations include multiple chr, strand, or regions (5Mb away). Skipping current gene annotation.
[('LINC02968', 'chrX', 'f'), ('LINC02968', 'chrY', 'f')]
Warning: Input gene annotations include multiple chr, strand, or regions (5Mb away). Skipping current gene annotation.
[('SNORA75', 'chr12', 'r'), ('SNORA75', 'chr12', 'f'), ('SNORA75', 'chr16', 'f'), ('SNORA75', 'chr2', 'r'), ('SNORA75', 'chr4', 'f')]
Warning: Input gene annotations include multiple chr, strand, or regions (5Mb away). Skipping current gene annotation.
[('SNORA74', 'chr12', 'r'), ('SNORA74', 'chr17', 'f'), ('SNORA74', 'chr2', 'f')]
Warning: Input gene annotations include multiple chr, strand, or regions (5Mb away). Skipping current gene annotation.
[('SNORA73', 'chr18', 'f'), ('SNORA73', 'chr18', 'r'), ('SNORA73', 'chr6', 'r')]
Warning: Input gene annotations include multiple chr, strand, or regions (5Mb away). Skipping current gene annotation.
[('SNORA72', 'chr1', 'r'), ('SNORA72', 'chr1', 'f'), ('SNORA72', 'chr2', 'f'), ('SNORA72', 'chr3', 'f'), ('SNORA72', 'chr3', 'r'), ('SNORA72', 'chr8', 'r')]
Warning: Input gene annotations include multiple chr, strand, or regions (5Mb away). Skipping current gene annotation.
[('SNORA71', 'chr10', 'f'), ('SNORA71', 'chr20', 'r'), ('SNORA71', 'chr20', 'f')]
Warning: Input gene annotations include multiple chr, strand, or regions (5Mb away). Skipping current gene annotation.
[('SNORA70', 'chr1', 'r'), ('SNORA70', 'chr12', 'r'), ('SNORA70', 'chr12', 'f'), ('SNORA70', 'chr14', 'f'), ('SNORA70', 'chr16', 'r'), ('SNORA70', 'chr17', 'r'), ('SNORA70', 'chr17', 'f'), ('SNORA70', 'chr18', 'r'), ('SNORA70', 'chr19', 'f'), ('SNORA70', 'chr21', 'f'), ('SNORA70', 'chr21', 'r'), ('SNORA70', 'chr3', 'f'), ('SNORA70', 'chr4', 'f'), ('SNORA70', 'chr5', 'f'), ('SNORA70', 'chr6', 'f'), ('SNORA70', 'chr8', 'r'), ('SNORA70', 'chr8', 'f'), ('SNORA70', 'chr9', 'f'), ('SNORA70', 'chr9', 'r'), ('SNORA70', 'chrX', 'f'), ('SNORA70', 'chrY', 'r'), ('SNORA70', 'chrY', 'f')]
Warning: Input gene annotations include multiple chr, strand, or regions (5Mb away). Skipping current gene annotation.
[('AMD1P2', 'chrX', 'r'), ('AMD1P2', 'chrY', 'r')]
Warning: Input gene annotations include multiple chr, strand, or regions (5Mb away). Skipping current gene annotation.
[('CRLF2', 'chrX', 'r'), ('CRLF2', 'chrY', 'r')]
Warning: Input gene annotations include multiple chr, strand, or regions (5Mb away). Skipping current gene annotation.
[('SNORD115', 'chr10', 'f'), ('SNORD115', 'chr15', 'f')]
Warning: Input gene annotations include multiple chr, strand, or regions (5Mb away). Skipping current gene annotation.
[('AKAP17A', 'chrX', 'f'), ('AKAP17A', 'chrY', 'f')]
Warning: Input gene annotations include multiple chr, strand, or regions (5Mb away). Skipping current gene annotation.
[('SNORD27', 'chr11', 'r'), ('SNORD27', 'chr13', 'r')]
Warning: Input gene annotations include multiple chr, strand, or regions (5Mb away). Skipping current gene annotation.
[('P2RY8', 'chrX', 'r'), ('P2RY8', 'chrY', 'r')]
Warning: Input gene annotations include multiple chr, strand, or regions (5Mb away). Skipping current gene annotation.
[('NPEPPSP1', 'chr17', 'f'), ('NPEPPSP1', 'chr17', 'r')]
Warning: Input gene annotations include multiple chr, strand, or regions (5Mb away). Skipping current gene annotation.
[('LINC00685', 'chrX', 'f'), ('LINC00685', 'chrY', 'f')]
Warning: Input gene annotations include multiple chr, strand, or regions (5Mb away). Skipping current gene annotation.
[('DDX11L2', 'chr1', 'f'), ('DDX11L2', 'chr2', 'r')]
Warning: Input gene annotations include multiple chr, strand, or regions (5Mb away). Skipping current gene annotation.
[('GABARAPL3', 'chr15', 'f'), ('GABARAPL3', 'chr15', 'r')]
Warning: Input gene annotations include multiple chr, strand, or regions (5Mb away). Skipping current gene annotation.
[('LINC02256', 'chr15', 'r'), ('LINC02256', 'chr15', 'f')]
Warning: Input gene annotations include multiple chr, strand, or regions (5Mb away). Skipping current gene annotation.
[('5_8S_rRNA', 'chr14', 'f'), ('5_8S_rRNA', 'chr20', 'r'), ('5_8S_rRNA', 'chr21', 'f'), ('5_8S_rRNA', 'chr22', 'r')]
Warning: Input gene annotations include multiple chr, strand, or regions (5Mb away). Skipping current gene annotation.
[('RPL14P5', 'chrX', 'r'), ('RPL14P5', 'chrY', 'r')]
Warning: Input gene annotations include multiple chr, strand, or regions (5Mb away). Skipping current gene annotation.
[('LINC00106', 'chrX', 'f'), ('LINC00106', 'chrY', 'f')]
Warning: Input gene annotations include multiple chr, strand, or regions (5Mb away). Skipping current gene annotation.
[('ANKRD20A5P', 'chr18', 'f'), ('ANKRD20A5P', 'chr9', 'f')]
Warning: Input gene annotations include multiple chr, strand, or regions (5Mb away). Skipping current gene annotation.
[('SLC25A6', 'chrX', 'r'), ('SLC25A6', 'chrY', 'r')]
Warning: Input gene annotations include multiple chr, strand, or regions (5Mb away). Skipping current gene annotation.
[('KRT18P53', 'chrX', 'r'), ('KRT18P53', 'chrY', 'r')]
Warning: Input gene annotations include multiple chr, strand, or regions (5Mb away). Skipping current gene annotation.
[('DDX11L16', 'chr15', 'r'), ('DDX11L16', 'chr16', 'f'), ('DDX11L16', 'chrX', 'r'), ('DDX11L16', 'chrY', 'r')]
Gene intervals loaded.
18.1148581505 sec. elapsed.
Transcript annotations loaded.
12.621201992 sec. elapsed.
Merge cff by exons
Loading required package: graph
Loading required package: BiocGenerics

Attaching package: 'BiocGenerics'

The following objects are masked from 'package:stats':

    IQR, mad, sd, var, xtabs

The following objects are masked from 'package:base':

    Filter, Find, Map, Position, Reduce, anyDuplicated, append,
    as.data.frame, basename, cbind, colnames, dirname, do.call,
    duplicated, eval, evalq, get, grep, grepl, intersect, is.unsorted,
    lapply, mapply, match, mget, order, paste, pmax, pmax.int, pmin,
    pmin.int, rank, rbind, rownames, sapply, setdiff, sort, table,
    tapply, union, unique, unsplit, which.max, which.min

Reading FID.intersections.tsv file
16166 records to build graph
Building graph
output cis-sage.cluster file
ReadThrough, callerfilter 1
python callerfilter_num.py --cluster /MetaFusion/RUNS_Results/TCGA-PAAD/PAAD.cff.reformat.renamed.reann.WITH_SEQ.exons.cluster --num_tools 1 | grep -v ReadThrough > /MetaFusion/RUNS_Results/TCGA-PAAD/PAAD.cff.reformat.renamed.reann.WITH_SEQ.exons.cluster.RT_filter.callerfilter.1
blocklist filter
ANC adjacent noncoding filter
Rank and generate final.cluster
Running FusionAnnotator
-parsing annotation gene spans
-warning, no gene stored for identifier: [AC006459.1]
-warning, no gene stored for identifier: [AL731769.2]
-warning, no gene stored for identifier: [FBXW10B]
-warning, no gene stored for identifier: [BLTP3A]
-warning, no gene stored for identifier: [CENPBD2P]
-warning, no gene stored for identifier: [AC137494.1]
-warning, no gene stored for identifier: [AL031768.2]
-warning, no gene stored for identifier: [LHFPL7]
-warning, no gene stored for identifier: [AC011029.1]
-warning, no gene stored for identifier: [ATF7-NPFF]
-warning, no gene stored for identifier: [SRP14-DT]
-warning, no gene stored for identifier: [SGSM3-AS1]
-warning, no gene stored for identifier: [AC015943.1]
-warning, no gene stored for identifier: [HNRNPA1L3]
-warning, no gene stored for identifier: [AC093151.7]
-warning, no gene stored for identifier: [AC093866.1]
-warning, no gene stored for identifier: [AC105052.5]
-warning, no gene stored for identifier: [AC006348.1]
-warning, no gene stored for identifier: [AHI1-DT]
-warning, no gene stored for identifier: [AL050309.1]
-warning, no gene stored for identifier: [ARB2A]
-warning, no gene stored for identifier: [JUN-DT]
-warning, no gene stored for identifier: [LINC02842]
-warning, no gene stored for identifier: [PARP11-AS1]
-warning, no gene stored for identifier: [AC092745.5]
-warning, no gene stored for identifier: [AC007391.3]
-warning, no gene stored for identifier: [CSTPP1]
-warning, no gene stored for identifier: [AC046134.2]
-warning, no gene stored for identifier: [AC025508.1]
-warning, no gene stored for identifier: [FHIP2A]
-warning, no gene stored for identifier: [IGL-@-ext]
-warning, no gene stored for identifier: [AC068700.2]
-warning, no gene stored for identifier: [LINC02802]
-warning, no gene stored for identifier: [LINC02646]
-warning, no gene stored for identifier: [ASMER1]
-warning, no gene stored for identifier: [ODAD2]
-warning, no gene stored for identifier: [AL356295.1]
-warning, no gene stored for identifier: [PEDS1]
-warning, no gene stored for identifier: [PEDS1-UBE2V1]
-warning, no gene stored for identifier: [PITX1-AS1]
-warning, no gene stored for identifier: [LINC02762]
-warning, no gene stored for identifier: [AC023282.1]
-warning, no gene stored for identifier: [PRDX6-AS1]
-warning, no gene stored for identifier: [ANAPC1P2]
-warning, no gene stored for identifier: [RPS3AP20]
-warning, no gene stored for identifier: [SLC12A2-DT]
-warning, no gene stored for identifier: [SLC7A14-AS1]
-warning, no gene stored for identifier: [AL133334.1]
-warning, no gene stored for identifier: [AC097511.1]
-warning, no gene stored for identifier: [AC090515.6]
-warning, no gene stored for identifier: [AC011246.1]
-warning, no gene stored for identifier: [UPK3BL2]
-warning, no gene stored for identifier: [CFAP276]
-warning, no gene stored for identifier: [VDAC2P5]
-warning, no gene stored for identifier: [LINC02882]
-warning, no gene stored for identifier: [ZNG1A]
Adding FusionAnnotator database hits to final.cluster.CANCER_FUSIONS file
no benchmarking performed
Done
End at Sat Oct 5 19:27:38 UTC 2024 -----------
