Start at Sat Oct 5 20:28:04 UTC 2024 -----------
Generating output in /MetaFusion/RUNS_Results/TCGA-ACC
mkdir: cannot create directory '/MetaFusion/RUNS_Results/TCGA-ACC': File exists
Rename cff
python rename_cff_file_genes.MetaFusion.py /MetaFusion/RUNS_Results/TCGA-ACC/ACC.cff.reformat /MetaFusion/reference_files/Homo_sapiens.gene_info > /MetaFusion/RUNS_Results/TCGA-ACC/ACC.cff.reformat.renamed
Annotate cff, extract sequence surrounding breakpoint
3186995 annotations from /MetaFusion/reference_files/hg38_gene.bed loaded.
16.6170351505 sec. elapsed.
Warning: Input gene annotations include multiple chr, strand, or regions (5Mb away). Skipping current gene annotation.
[('LINC00102', 'chrX', 'r'), ('LINC00102', 'chrY', 'r')]
Warning: Input gene annotations include multiple chr, strand, or regions (5Mb away). Skipping current gene annotation.
[('SNORD42', 'chr22', 'r'), ('SNORD42', 'chr4', 'r')]
Warning: Input gene annotations include multiple chr, strand, or regions (5Mb away). Skipping current gene annotation.
[('CD99P1', 'chrX', 'f'), ('CD99P1', 'chrY', 'f')]
Warning: Input gene annotations include multiple chr, strand, or regions (5Mb away). Skipping current gene annotation.
[('TNFRSF10A-DT', 'chr8', 'f'), ('TNFRSF10A-DT', 'chr8', 'r')]
Warning: Input gene annotations include multiple chr, strand, or regions (5Mb away). Skipping current gene annotation.
[('TRPC6P1', 'chrX', 'r'), ('TRPC6P1', 'chrY', 'r')]
Warning: Input gene annotations include multiple chr, strand, or regions (5Mb away). Skipping current gene annotation.
[('7SK', 'chr1', 'r'), ('7SK', 'chr1', 'f'), ('7SK', 'chr11', 'f'), ('7SK', 'chr17', 'f'), ('7SK', 'chr3', 'r'), ('7SK', 'chr6', 'f')]
Warning: Input gene annotations include multiple chr, strand, or regions (5Mb away). Skipping current gene annotation.
[('Y_RNA', 'chr1', 'r'), ('Y_RNA', 'chr1', 'f'), ('Y_RNA', 'chr10', 'r'), ('Y_RNA', 'chr10', 'f'), ('Y_RNA', 'chr11', 'f'), ('Y_RNA', 'chr11', 'r'), ('Y_RNA', 'chr12', 'r'), ('Y_RNA', 'chr12', 'f'), ('Y_RNA', 'chr13', 'f'), ('Y_RNA', 'chr14', 'f'), ('Y_RNA', 'chr14', 'r'), ('Y_RNA', 'chr15', 'f'), ('Y_RNA', 'chr15', 'r'), ('Y_RNA', 'chr16', 'f'), ('Y_RNA', 'chr16', 'r'), ('Y_RNA', 'chr17', 'f'), ('Y_RNA', 'chr17', 'r'), ('Y_RNA', 'chr18', 'f'), ('Y_RNA', 'chr18', 'r'), ('Y_RNA', 'chr19', 'r'), ('Y_RNA', 'chr19', 'f'), ('Y_RNA', 'chr2', 'f'), ('Y_RNA', 'chr2', 'r'), ('Y_RNA', 'chr20', 'f'), ('Y_RNA', 'chr20', 'r'), ('Y_RNA', 'chr21', 'f'), ('Y_RNA', 'chr21', 'r'), ('Y_RNA', 'chr22', 'f'), ('Y_RNA', 'chr22', 'r'), ('Y_RNA', 'chr3', 'r'), ('Y_RNA', 'chr3', 'f'), ('Y_RNA', 'chr4', 'r'), ('Y_RNA', 'chr4', 'f'), ('Y_RNA', 'chr5', 'r'), ('Y_RNA', 'chr5', 'f'), ('Y_RNA', 'chr6', 'r'), ('Y_RNA', 'chr6', 'f'), ('Y_RNA', 'chr7', 'r'), ('Y_RNA', 'chr7', 'f'), ('Y_RNA', 'chr8', 'f'), ('Y_RNA', 'chr8', 'r'), ('Y_RNA', 'chr9', 'f'), ('Y_RNA', 'chr9', 'r'), ('Y_RNA', 'chrX', 'r'), ('Y_RNA', 'chrX', 'f'), ('Y_RNA', 'chrY', 'f')]
Warning: Input gene annotations include multiple chr, strand, or regions (5Mb away). Skipping current gene annotation.
[('WASIR1', 'chrX', 'r'), ('WASIR1', 'chrY', 'r')]
Warning: Input gene annotations include multiple chr, strand, or regions (5Mb away). Skipping current gene annotation.
[('U8', 'chr1', 'f'), ('U8', 'chr10', 'r'), ('U8', 'chr10', 'f'), ('U8', 'chr11', 'f'), ('U8', 'chr12', 'r'), ('U8', 'chr12', 'f'), ('U8', 'chr15', 'f'), ('U8', 'chr15', 'r'), ('U8', 'chr18', 'r'), ('U8', 'chr2', 'r'), ('U8', 'chr2', 'f'), ('U8', 'chr3', 'r'), ('U8', 'chr3', 'f'), ('U8', 'chr5', 'r'), ('U8', 'chr5', 'f'), ('U8', 'chr6', 'r'), ('U8', 'chr8', 'r'), ('U8', 'chr9', 'f')]
Warning: Input gene annotations include multiple chr, strand, or regions (5Mb away). Skipping current gene annotation.
[('U4', 'chr1', 'r'), ('U4', 'chr1', 'f'), ('U4', 'chr11', 'r'), ('U4', 'chr2', 'f'), ('U4', 'chr5', 'r'), ('U4', 'chr6', 'f'), ('U4', 'chr8', 'r')]
Warning: Input gene annotations include multiple chr, strand, or regions (5Mb away). Skipping current gene annotation.
[('U7', 'chr1', 'f'), ('U7', 'chr12', 'r'), ('U7', 'chr15', 'f'), ('U7', 'chr16', 'r'), ('U7', 'chr22', 'r'), ('U7', 'chr3', 'f'), ('U7', 'chrX', 'f')]
Warning: Input gene annotations include multiple chr, strand, or regions (5Mb away). Skipping current gene annotation.
[('U6', 'chr1', 'r'), ('U6', 'chr1', 'f'), ('U6', 'chr10', 'f'), ('U6', 'chr11', 'r'), ('U6', 'chr11', 'f'), ('U6', 'chr12', 'f'), ('U6', 'chr12', 'r'), ('U6', 'chr13', 'f'), ('U6', 'chr14', 'r'), ('U6', 'chr15', 'r'), ('U6', 'chr15', 'f'), ('U6', 'chr16', 'f'), ('U6', 'chr17', 'r'), ('U6', 'chr2', 'f'), ('U6', 'chr2', 'r'), ('U6', 'chr20', 'r'), ('U6', 'chr21', 'f'), ('U6', 'chr22', 'f'), ('U6', 'chr3', 'f'), ('U6', 'chr4', 'f'), ('U6', 'chr4', 'r'), ('U6', 'chr9', 'f'), ('U6', 'chrX', 'f')]
Warning: Input gene annotations include multiple chr, strand, or regions (5Mb away). Skipping current gene annotation.
[('U1', 'chr1', 'f'), ('U1', 'chr1', 'r'), ('U1', 'chr21', 'f')]
Warning: Input gene annotations include multiple chr, strand, or regions (5Mb away). Skipping current gene annotation.
[('U3', 'chr1', 'f'), ('U3', 'chr1', 'r'), ('U3', 'chr10', 'f'), ('U3', 'chr10', 'r'), ('U3', 'chr11', 'f'), ('U3', 'chr14', 'r'), ('U3', 'chr15', 'f'), ('U3', 'chr15', 'r'), ('U3', 'chr17', 'r'), ('U3', 'chr17', 'f'), ('U3', 'chr18', 'f'), ('U3', 'chr18', 'r'), ('U3', 'chr19', 'r'), ('U3', 'chr2', 'f'), ('U3', 'chr2', 'r'), ('U3', 'chr20', 'f'), ('U3', 'chr20', 'r'), ('U3', 'chr21', 'r'), ('U3', 'chr3', 'r'), ('U3', 'chr3', 'f'), ('U3', 'chr4', 'f'), ('U3', 'chr5', 'f'), ('U3', 'chr5', 'r'), ('U3', 'chr6', 'f'), ('U3', 'chr6', 'r'), ('U3', 'chr7', 'f'), ('U3', 'chr7', 'r'), ('U3', 'chr8', 'f'), ('U3', 'chr8', 'r'), ('U3', 'chrX', 'f'), ('U3', 'chrX', 'r')]
Warning: Input gene annotations include multiple chr, strand, or regions (5Mb away). Skipping current gene annotation.
[('U2', 'chr1', 'f'), ('U2', 'chr14', 'r'), ('U2', 'chr17', 'r'), ('U2', 'chr22', 'r'), ('U2', 'chr3', 'f'), ('U2', 'chr4', 'f'), ('U2', 'chr8', 'r'), ('U2', 'chr9', 'f')]
Warning: Input gene annotations include multiple chr, strand, or regions (5Mb away). Skipping current gene annotation.
[('MIR6089', 'chrX', 'f'), ('MIR6089', 'chrY', 'f')]
Warning: Input gene annotations include multiple chr, strand, or regions (5Mb away). Skipping current gene annotation.
[('IL3RA', 'chrX', 'f'), ('IL3RA', 'chrY', 'f')]
Warning: Input gene annotations include multiple chr, strand, or regions (5Mb away). Skipping current gene annotation.
[('GTPBP6', 'chrX', 'r'), ('GTPBP6', 'chrY', 'r')]
Warning: Input gene annotations include multiple chr, strand, or regions (5Mb away). Skipping current gene annotation.
[('SNORD18', 'chr15', 'r'), ('SNORD18', 'chr2', 'r')]
Warning: Input gene annotations include multiple chr, strand, or regions (5Mb away). Skipping current gene annotation.
[('LSP1P5', 'chr1', 'f'), ('LSP1P5', 'chr2', 'r')]
Warning: Input gene annotations include multiple chr, strand, or regions (5Mb away). Skipping current gene annotation.
[('ELOCP24', 'chrX', 'r'), ('ELOCP24', 'chrY', 'r')]
Warning: Input gene annotations include multiple chr, strand, or regions (5Mb away). Skipping current gene annotation.
[('Vault', 'chr17', 'f'), ('Vault', 'chr17', 'r'), ('Vault', 'chr2', 'r'), ('Vault', 'chr5', 'r')]
Warning: Input gene annotations include multiple chr, strand, or regions (5Mb away). Skipping current gene annotation.
[('LINC03025', 'chr9', 'r'), ('LINC03025', 'chr9', 'f')]
Warning: Input gene annotations include multiple chr, strand, or regions (5Mb away). Skipping current gene annotation.
[('5S_rRNA', 'chr1', 'r'), ('5S_rRNA', 'chr16', 'r'), ('5S_rRNA', 'chr17', 'r'), ('5S_rRNA', 'chr19', 'r'), ('5S_rRNA', 'chr2', 'r'), ('5S_rRNA', 'chr2', 'f'), ('5S_rRNA', 'chr6', 'r'), ('5S_rRNA', 'chr7', 'r'), ('5S_rRNA', 'chrX', 'f')]
Warning: Input gene annotations include multiple chr, strand, or regions (5Mb away). Skipping current gene annotation.
[('WASH6P', 'chrX', 'f'), ('WASH6P', 'chrY', 'f')]
Warning: Input gene annotations include multiple chr, strand, or regions (5Mb away). Skipping current gene annotation.
[('LINC01238', 'chr2', 'f'), ('LINC01238', 'chr2', 'r')]
Warning: Input gene annotations include multiple chr, strand, or regions (5Mb away). Skipping current gene annotation.
[('MIR3690', 'chrX', 'f'), ('MIR3690', 'chrY', 'f')]
Warning: Input gene annotations include multiple chr, strand, or regions (5Mb away). Skipping current gene annotation.
[('HERC2P7', 'chr15', 'r'), ('HERC2P7', 'chr15', 'f')]
Warning: Input gene annotations include multiple chr, strand, or regions (5Mb away). Skipping current gene annotation.
[('CTSLP2', 'chr10', 'f'), ('CTSLP2', 'chr10', 'r')]
Warning: Input gene annotations include multiple chr, strand, or regions (5Mb away). Skipping current gene annotation.
[('SNORA62', 'chr1', 'f'), ('SNORA62', 'chr11', 'f'), ('SNORA62', 'chr16', 'r'), ('SNORA62', 'chr21', 'f'), ('SNORA62', 'chr3', 'f'), ('SNORA62', 'chr4', 'f'), ('SNORA62', 'chr8', 'f')]
Warning: Input gene annotations include multiple chr, strand, or regions (5Mb away). Skipping current gene annotation.
[('SNORA63', 'chr1', 'f'), ('SNORA63', 'chr1', 'r'), ('SNORA63', 'chr15', 'r'), ('SNORA63', 'chr3', 'f'), ('SNORA63', 'chr4', 'f'), ('SNORA63', 'chr5', 'f'), ('SNORA63', 'chr7', 'r')]
Warning: Input gene annotations include multiple chr, strand, or regions (5Mb away). Skipping current gene annotation.
[('SNORD116', 'chr1', 'r'), ('SNORD116', 'chr13', 'r'), ('SNORD116', 'chr9', 'f')]
Warning: Input gene annotations include multiple chr, strand, or regions (5Mb away). Skipping current gene annotation.
[('SNORD63', 'chr17', 'r'), ('SNORD63', 'chr3', 'r'), ('SNORD63', 'chr5', 'r')]
Warning: Input gene annotations include multiple chr, strand, or regions (5Mb away). Skipping current gene annotation.
[('KMT2CP1', 'chr1', 'r'), ('KMT2CP1', 'chr1', 'f')]
Warning: Input gene annotations include multiple chr, strand, or regions (5Mb away). Skipping current gene annotation.
[('SHOX', 'chrX', 'f'), ('SHOX', 'chrY', 'f')]
Warning: Input gene annotations include multiple chr, strand, or regions (5Mb away). Skipping current gene annotation.
[('RPL23AP7', 'chr2', 'r'), ('RPL23AP7', 'chr22', 'f')]
Warning: Input gene annotations include multiple chr, strand, or regions (5Mb away). Skipping current gene annotation.
[('DHRSX-IT1', 'chrX', 'r'), ('DHRSX-IT1', 'chrY', 'r')]
Warning: Input gene annotations include multiple chr, strand, or regions (5Mb away). Skipping current gene annotation.
[('SNORD39', 'chr11', 'r'), ('SNORD39', 'chr2', 'f'), ('SNORD39', 'chr4', 'r'), ('SNORD39', 'chr9', 'r')]
Warning: Input gene annotations include multiple chr, strand, or regions (5Mb away). Skipping current gene annotation.
[('ZBED1', 'chrX', 'r'), ('ZBED1', 'chrY', 'r')]
Warning: Input gene annotations include multiple chr, strand, or regions (5Mb away). Skipping current gene annotation.
[('ASMTL-AS1', 'chrX', 'f'), ('ASMTL-AS1', 'chrY', 'f')]
Warning: Input gene annotations include multiple chr, strand, or regions (5Mb away). Skipping current gene annotation.
[('SNORD30', 'chr11', 'r'), ('SNORD30', 'chrX', 'f')]
Warning: Input gene annotations include multiple chr, strand, or regions (5Mb away). Skipping current gene annotation.
[('ASMTL', 'chrX', 'r'), ('ASMTL', 'chrY', 'r')]
Warning: Input gene annotations include multiple chr, strand, or regions (5Mb away). Skipping current gene annotation.
[('FABP5P13', 'chrX', 'r'), ('FABP5P13', 'chrY', 'r')]
Warning: Input gene annotations include multiple chr, strand, or regions (5Mb away). Skipping current gene annotation.
[('CD99', 'chrX', 'f'), ('CD99', 'chrY', 'f')]
Warning: Input gene annotations include multiple chr, strand, or regions (5Mb away). Skipping current gene annotation.
[('DHRSX', 'chrX', 'r'), ('DHRSX', 'chrY', 'r')]
Warning: Input gene annotations include multiple chr, strand, or regions (5Mb away). Skipping current gene annotation.
[('SNORD33', 'chr16', 'r'), ('SNORD33', 'chr19', 'f')]
Warning: Input gene annotations include multiple chr, strand, or regions (5Mb away). Skipping current gene annotation.
[('NPIPA9', 'chr16', 'f'), ('NPIPA9', 'chr16', 'r')]
Warning: Input gene annotations include multiple chr, strand, or regions (5Mb away). Skipping current gene annotation.
[('SNORD81', 'chr1', 'f'), ('SNORD81', 'chr5', 'f'), ('SNORD81', 'chr7', 'f')]
Warning: Input gene annotations include multiple chr, strand, or regions (5Mb away). Skipping current gene annotation.
[('PLCXD1', 'chrX', 'f'), ('PLCXD1', 'chrY', 'f')]
Warning: Input gene annotations include multiple chr, strand, or regions (5Mb away). Skipping current gene annotation.
[('RNA5SP498', 'chrX', 'r'), ('RNA5SP498', 'chrY', 'r')]
Warning: Input gene annotations include multiple chr, strand, or regions (5Mb away). Skipping current gene annotation.
[('Metazoa_SRP', 'chr1', 'f'), ('Metazoa_SRP', 'chr1', 'r'), ('Metazoa_SRP', 'chr10', 'f'), ('Metazoa_SRP', 'chr10', 'r'), ('Metazoa_SRP', 'chr11', 'r'), ('Metazoa_SRP', 'chr11', 'f'), ('Metazoa_SRP', 'chr12', 'f'), ('Metazoa_SRP', 'chr12', 'r'), ('Metazoa_SRP', 'chr13', 'r'), ('Metazoa_SRP', 'chr13', 'f'), ('Metazoa_SRP', 'chr14', 'r'), ('Metazoa_SRP', 'chr14', 'f'), ('Metazoa_SRP', 'chr15', 'r'), ('Metazoa_SRP', 'chr15', 'f'), ('Metazoa_SRP', 'chr16', 'f'), ('Metazoa_SRP', 'chr16', 'r'), ('Metazoa_SRP', 'chr17', 'r'), ('Metazoa_SRP', 'chr17', 'f'), ('Metazoa_SRP', 'chr18', 'r'), ('Metazoa_SRP', 'chr19', 'f'), ('Metazoa_SRP', 'chr19', 'r'), ('Metazoa_SRP', 'chr2', 'f'), ('Metazoa_SRP', 'chr2', 'r'), ('Metazoa_SRP', 'chr20', 'f'), ('Metazoa_SRP', 'chr20', 'r'), ('Metazoa_SRP', 'chr22', 'f'), ('Metazoa_SRP', 'chr22', 'r'), ('Metazoa_SRP', 'chr3', 'r'), ('Metazoa_SRP', 'chr3', 'f'), ('Metazoa_SRP', 'chr4', 'r'), ('Metazoa_SRP', 'chr4', 'f'), ('Metazoa_SRP', 'chr5', 'f'), ('Metazoa_SRP', 'chr5', 'r'), ('Metazoa_SRP', 'chr6', 'f'), ('Metazoa_SRP', 'chr6', 'r'), ('Metazoa_SRP', 'chr7', 'f'), ('Metazoa_SRP', 'chr7', 'r'), ('Metazoa_SRP', 'chr8', 'f'), ('Metazoa_SRP', 'chr8', 'r'), ('Metazoa_SRP', 'chr9', 'f'), ('Metazoa_SRP', 'chr9', 'r'), ('Metazoa_SRP', 'chrX', 'r'), ('Metazoa_SRP', 'chrX', 'f'), ('Metazoa_SRP', 'chrY', 'r')]
Warning: Input gene annotations include multiple chr, strand, or regions (5Mb away). Skipping current gene annotation.
[('CSF2RA', 'chrX', 'f'), ('CSF2RA', 'chrY', 'f')]
Warning: Input gene annotations include multiple chr, strand, or regions (5Mb away). Skipping current gene annotation.
[('PPP2R3B', 'chrX', 'r'), ('PPP2R3B', 'chrY', 'r')]
Warning: Input gene annotations include multiple chr, strand, or regions (5Mb away). Skipping current gene annotation.
[('DPH3P2', 'chrX', 'f'), ('DPH3P2', 'chrY', 'f')]
Warning: Input gene annotations include multiple chr, strand, or regions (5Mb away). Skipping current gene annotation.
[('ASMT', 'chrX', 'f'), ('ASMT', 'chrY', 'f')]
Warning: Input gene annotations include multiple chr, strand, or regions (5Mb away). Skipping current gene annotation.
[('IL9R', 'chrX', 'f'), ('IL9R', 'chrY', 'f')]
Warning: Input gene annotations include multiple chr, strand, or regions (5Mb away). Skipping current gene annotation.
[('VAMP7', 'chrX', 'f'), ('VAMP7', 'chrY', 'f')]
Warning: Input gene annotations include multiple chr, strand, or regions (5Mb away). Skipping current gene annotation.
[('LINC02968', 'chrX', 'f'), ('LINC02968', 'chrY', 'f')]
Warning: Input gene annotations include multiple chr, strand, or regions (5Mb away). Skipping current gene annotation.
[('SNORA75', 'chr12', 'r'), ('SNORA75', 'chr12', 'f'), ('SNORA75', 'chr16', 'f'), ('SNORA75', 'chr2', 'r'), ('SNORA75', 'chr4', 'f')]
Warning: Input gene annotations include multiple chr, strand, or regions (5Mb away). Skipping current gene annotation.
[('SNORA74', 'chr12', 'r'), ('SNORA74', 'chr17', 'f'), ('SNORA74', 'chr2', 'f')]
Warning: Input gene annotations include multiple chr, strand, or regions (5Mb away). Skipping current gene annotation.
[('SNORA73', 'chr18', 'f'), ('SNORA73', 'chr18', 'r'), ('SNORA73', 'chr6', 'r')]
Warning: Input gene annotations include multiple chr, strand, or regions (5Mb away). Skipping current gene annotation.
[('SNORA72', 'chr1', 'r'), ('SNORA72', 'chr1', 'f'), ('SNORA72', 'chr2', 'f'), ('SNORA72', 'chr3', 'f'), ('SNORA72', 'chr3', 'r'), ('SNORA72', 'chr8', 'r')]
Warning: Input gene annotations include multiple chr, strand, or regions (5Mb away). Skipping current gene annotation.
[('SNORA71', 'chr10', 'f'), ('SNORA71', 'chr20', 'r'), ('SNORA71', 'chr20', 'f')]
Warning: Input gene annotations include multiple chr, strand, or regions (5Mb away). Skipping current gene annotation.
[('SNORA70', 'chr1', 'r'), ('SNORA70', 'chr12', 'r'), ('SNORA70', 'chr12', 'f'), ('SNORA70', 'chr14', 'f'), ('SNORA70', 'chr16', 'r'), ('SNORA70', 'chr17', 'r'), ('SNORA70', 'chr17', 'f'), ('SNORA70', 'chr18', 'r'), ('SNORA70', 'chr19', 'f'), ('SNORA70', 'chr21', 'f'), ('SNORA70', 'chr21', 'r'), ('SNORA70', 'chr3', 'f'), ('SNORA70', 'chr4', 'f'), ('SNORA70', 'chr5', 'f'), ('SNORA70', 'chr6', 'f'), ('SNORA70', 'chr8', 'r'), ('SNORA70', 'chr8', 'f'), ('SNORA70', 'chr9', 'f'), ('SNORA70', 'chr9', 'r'), ('SNORA70', 'chrX', 'f'), ('SNORA70', 'chrY', 'r'), ('SNORA70', 'chrY', 'f')]
Warning: Input gene annotations include multiple chr, strand, or regions (5Mb away). Skipping current gene annotation.
[('AMD1P2', 'chrX', 'r'), ('AMD1P2', 'chrY', 'r')]
Warning: Input gene annotations include multiple chr, strand, or regions (5Mb away). Skipping current gene annotation.
[('CRLF2', 'chrX', 'r'), ('CRLF2', 'chrY', 'r')]
Warning: Input gene annotations include multiple chr, strand, or regions (5Mb away). Skipping current gene annotation.
[('SNORD115', 'chr10', 'f'), ('SNORD115', 'chr15', 'f')]
Warning: Input gene annotations include multiple chr, strand, or regions (5Mb away). Skipping current gene annotation.
[('AKAP17A', 'chrX', 'f'), ('AKAP17A', 'chrY', 'f')]
Warning: Input gene annotations include multiple chr, strand, or regions (5Mb away). Skipping current gene annotation.
[('SNORD27', 'chr11', 'r'), ('SNORD27', 'chr13', 'r')]
Warning: Input gene annotations include multiple chr, strand, or regions (5Mb away). Skipping current gene annotation.
[('P2RY8', 'chrX', 'r'), ('P2RY8', 'chrY', 'r')]
Warning: Input gene annotations include multiple chr, strand, or regions (5Mb away). Skipping current gene annotation.
[('NPEPPSP1', 'chr17', 'f'), ('NPEPPSP1', 'chr17', 'r')]
Warning: Input gene annotations include multiple chr, strand, or regions (5Mb away). Skipping current gene annotation.
[('LINC00685', 'chrX', 'f'), ('LINC00685', 'chrY', 'f')]
Warning: Input gene annotations include multiple chr, strand, or regions (5Mb away). Skipping current gene annotation.
[('DDX11L2', 'chr1', 'f'), ('DDX11L2', 'chr2', 'r')]
Warning: Input gene annotations include multiple chr, strand, or regions (5Mb away). Skipping current gene annotation.
[('GABARAPL3', 'chr15', 'f'), ('GABARAPL3', 'chr15', 'r')]
Warning: Input gene annotations include multiple chr, strand, or regions (5Mb away). Skipping current gene annotation.
[('LINC02256', 'chr15', 'r'), ('LINC02256', 'chr15', 'f')]
Warning: Input gene annotations include multiple chr, strand, or regions (5Mb away). Skipping current gene annotation.
[('5_8S_rRNA', 'chr14', 'f'), ('5_8S_rRNA', 'chr20', 'r'), ('5_8S_rRNA', 'chr21', 'f'), ('5_8S_rRNA', 'chr22', 'r')]
Warning: Input gene annotations include multiple chr, strand, or regions (5Mb away). Skipping current gene annotation.
[('RPL14P5', 'chrX', 'r'), ('RPL14P5', 'chrY', 'r')]
Warning: Input gene annotations include multiple chr, strand, or regions (5Mb away). Skipping current gene annotation.
[('LINC00106', 'chrX', 'f'), ('LINC00106', 'chrY', 'f')]
Warning: Input gene annotations include multiple chr, strand, or regions (5Mb away). Skipping current gene annotation.
[('ANKRD20A5P', 'chr18', 'f'), ('ANKRD20A5P', 'chr9', 'f')]
Warning: Input gene annotations include multiple chr, strand, or regions (5Mb away). Skipping current gene annotation.
[('SLC25A6', 'chrX', 'r'), ('SLC25A6', 'chrY', 'r')]
Warning: Input gene annotations include multiple chr, strand, or regions (5Mb away). Skipping current gene annotation.
[('KRT18P53', 'chrX', 'r'), ('KRT18P53', 'chrY', 'r')]
Warning: Input gene annotations include multiple chr, strand, or regions (5Mb away). Skipping current gene annotation.
[('DDX11L16', 'chr15', 'r'), ('DDX11L16', 'chr16', 'f'), ('DDX11L16', 'chrX', 'r'), ('DDX11L16', 'chrY', 'r')]
Gene intervals loaded.
22.8584558964 sec. elapsed.
Transcript annotations loaded.
15.2042429447 sec. elapsed.
Warnning: gene name AC021613.1 is not in current annotation.
Warnning: gene name AC021613.1 is not in current annotation.
Warnning: gene name AC010501.1 is not in current annotation.
Warnning: gene name AC116337.4 is not in current annotation.
Warnning: gene name AC010501.1,AC116337.4 is not in current annotation.
Warnning: gene name AP003497.2 is not in current annotation.
Warnning: gene name AP001784.1 is not in current annotation.
Warnning: gene name AP003497.2,AP001784.1 is not in current annotation.
Warnning: gene name AC079142.1 is not in current annotation.
Warnning: gene name AC079142.1 is not in current annotation.
Warnning: gene name AL133270.1 is not in current annotation.
Warnning: gene name AL139093.1 is not in current annotation.
Warnning: gene name AL133270.1,AL139093.1 is not in current annotation.
Warnning: gene name AL096854.1 is not in current annotation.
Warnning: gene name AL096854.1 is not in current annotation.
Warnning: gene name AL450332.1 is not in current annotation.
Warnning: gene name AL365259.1 is not in current annotation.
Warnning: gene name AL450332.1,AL365259.1 is not in current annotation.
Warnning: gene name AC126471.1 is not in current annotation.
Warnning: gene name AC137768.1 is not in current annotation.
Warnning: gene name AC126471.1,AC137768.1 is not in current annotation.
Warnning: gene name AL357507.1 is not in current annotation.
Warnning: gene name AL356277.3 is not in current annotation.
Warnning: gene name AL356473.1 is not in current annotation.
Warnning: gene name AL357507.1 is not in current annotation.
Warnning: gene name AL356277.3,AL356473.1 is not in current annotation.
Warnning: gene name FP565260.2 is not in current annotation.
Warnning: gene name FP565260.3 is not in current annotation.
Warnning: gene name FP565260.5 is not in current annotation.
Warnning: gene name FP565260.2 is not in current annotation.
Warnning: gene name FP565260.3,FP565260.5 is not in current annotation.
Warnning: gene name LOC102724023 is not in current annotation.
Warnning: gene name FP565260.3 is not in current annotation.
Warnning: gene name FP565260.5 is not in current annotation.
Warnning: gene name LOC102724023 is not in current annotation.
Warnning: gene name FP565260.3,FP565260.5 is not in current annotation.
Warnning: gene name HNRNPUL2-BSCL2 is not in current annotation.
Warnning: gene name HNRNPUL2-BSCL2 is not in current annotation.
Warnning: gene name AL096854.1 is not in current annotation.
Warnning: gene name AL096854.1 is not in current annotation.
Warnning: gene name AP000289.1 is not in current annotation.
Warnning: gene name AP000290.1 is not in current annotation.
Warnning: gene name AP000289.1,AP000290.1 is not in current annotation.
Warnning: gene name AC021613.1 is not in current annotation.
Warnning: gene name AC021613.1 is not in current annotation.
Warnning: gene name AL096854.1 is not in current annotation.
Warnning: gene name AL096854.1 is not in current annotation.
Warnning: gene name AC084740.1 is not in current annotation.
Warnning: gene name AC084740.1 is not in current annotation.
Warnning: gene name AC091905.4 is not in current annotation.
Warnning: gene name AC034229.1 is not in current annotation.
Warnning: gene name AC091905.4,AC034229.1 is not in current annotation.
Warnning: gene name MTRNR2L8 is not in current annotation.
Warnning: gene name MTRNR2L8 is not in current annotation.
Warnning: gene name AC098965.1 is not in current annotation.
Warnning: gene name AC109446.3 is not in current annotation.
Warnning: gene name AC098965.1,AC109446.3 is not in current annotation.
Warnning: gene name MTRNR2L8 is not in current annotation.
Warnning: gene name MTRNR2L8 is not in current annotation.
Warnning: gene name AL773545.3 is not in current annotation.
Warnning: gene name AL773545.3 is not in current annotation.
Warnning: gene name AL136099.1 is not in current annotation.
Warnning: gene name AL513210.2 is not in current annotation.
Warnning: gene name AL136099.1,AL513210.2 is not in current annotation.
Warnning: gene name AL096854.1 is not in current annotation.
Warnning: gene name AL096854.1 is not in current annotation.
Warnning: gene name AL035415.1 is not in current annotation.
Warnning: gene name AC099796.2 is not in current annotation.
Warnning: gene name AL035415.1,AC099796.2 is not in current annotation.
Warnning: gene name AC134878.2 is not in current annotation.
Warnning: gene name AC134878.2 is not in current annotation.
Warnning: gene name AL137028.1 is not in current annotation.
Warnning: gene name AL137028.1 is not in current annotation.
Warnning: gene name AL773545.3 is not in current annotation.
Warnning: gene name AL773545.3 is not in current annotation.
Warnning: gene name AP000350.6 is not in current annotation.
Warnning: gene name AP000350.2 is not in current annotation.
Warnning: gene name AP000350.6,AP000350.2 is not in current annotation.
Warnning: gene name AC253536.7 is not in current annotation.
Warnning: gene name AP000350.6 is not in current annotation.
Warnning: gene name AP000350.2 is not in current annotation.
Warnning: gene name AC253536.7 is not in current annotation.
Warnning: gene name AP000350.6,AP000350.2 is not in current annotation.
Warnning: gene name LOC102724023 is not in current annotation.
Warnning: gene name FP565260.3 is not in current annotation.
Warnning: gene name FP565260.5 is not in current annotation.
Warnning: gene name LOC102724023 is not in current annotation.
Warnning: gene name FP565260.3,FP565260.5 is not in current annotation.
Warnning: gene name FP565260.2 is not in current annotation.
Warnning: gene name FP565260.3 is not in current annotation.
Warnning: gene name FP565260.5 is not in current annotation.
Warnning: gene name FP565260.2 is not in current annotation.
Warnning: gene name FP565260.3,FP565260.5 is not in current annotation.
Warnning: gene name AC079142.1 is not in current annotation.
Warnning: gene name AC079142.1 is not in current annotation.
Warnning: gene name AC019254.2 is not in current annotation.
Warnning: gene name AC019254.1 is not in current annotation.
Warnning: gene name AC019254.2,AC019254.1 is not in current annotation.
Warnning: gene name AC118282.3 is not in current annotation.
Warnning: gene name AC118282.2 is not in current annotation.
Warnning: gene name AC118282.3,AC118282.2 is not in current annotation.
Warnning: gene name AC079142.1 is not in current annotation.
Warnning: gene name AC079142.1 is not in current annotation.
Warnning: gene name AC135068.5 is not in current annotation.
Warnning: gene name AC135068.8 is not in current annotation.
Warnning: gene name AC135068.5,AC135068.8 is not in current annotation.
Warnning: gene name AL773545.3 is not in current annotation.
Warnning: gene name AL773545.3 is not in current annotation.
Warnning: gene name AC130467.1 is not in current annotation.
Warnning: gene name AC093519.2 is not in current annotation.
Warnning: gene name AC130467.1,AC093519.2 is not in current annotation.
Warnning: gene name AL773545.3 is not in current annotation.
Warnning: gene name AL773545.3 is not in current annotation.
Warnning: gene name FP565260.2 is not in current annotation.
Warnning: gene name FP565260.3 is not in current annotation.
Warnning: gene name FP565260.5 is not in current annotation.
Warnning: gene name FP565260.2 is not in current annotation.
Warnning: gene name FP565260.3,FP565260.5 is not in current annotation.
Warnning: gene name LOC102724023 is not in current annotation.
Warnning: gene name FP565260.3 is not in current annotation.
Warnning: gene name FP565260.5 is not in current annotation.
Warnning: gene name LOC102724023 is not in current annotation.
Warnning: gene name FP565260.3,FP565260.5 is not in current annotation.
Warnning: gene name AL451007.2 is not in current annotation.
Warnning: gene name BX323046.2 is not in current annotation.
Warnning: gene name AL451007.2,BX323046.2 is not in current annotation.
Warnning: gene name AC098859.2 is not in current annotation.
Warnning: gene name AC093766.1 is not in current annotation.
Warnning: gene name AC098859.2,AC093766.1 is not in current annotation.
Warnning: gene name AC073270.2 is not in current annotation.
Warnning: gene name AC022202.1 is not in current annotation.
Warnning: gene name AC073270.2,AC022202.1 is not in current annotation.
Warnning: gene name AC104695.2 is not in current annotation.
Warnning: gene name AC104695.1 is not in current annotation.
Warnning: gene name AC104695.2,AC104695.1 is not in current annotation.
Warnning: gene name KCNK4-CATSPERZ is not in current annotation.
Warnning: gene name KCNK4-CATSPERZ is not in current annotation.
Warnning: gene name AC010904.2 is not in current annotation.
Warnning: gene name AC010904.1 is not in current annotation.
Warnning: gene name AC010904.2,AC010904.1 is not in current annotation.
Warnning: gene name AC021613.1 is not in current annotation.
Warnning: gene name AC021613.1 is not in current annotation.
Warnning: gene name AL096854.1 is not in current annotation.
Warnning: gene name AL096854.1 is not in current annotation.
Warnning: gene name AP000676.3 is not in current annotation.
Warnning: gene name AP000676.5 is not in current annotation.
Warnning: gene name AP000676.3,AP000676.5 is not in current annotation.
Warnning: gene name AC008550.1 is not in current annotation.
Warnning: gene name AC008574.1 is not in current annotation.
Warnning: gene name AC008550.1,AC008574.1 is not in current annotation.
Warnning: gene name AC008662.1 is not in current annotation.
Warnning: gene name AC109466.1 is not in current annotation.
Warnning: gene name AC008662.1,AC109466.1 is not in current annotation.
Warnning: gene name MTRNR2L8 is not in current annotation.
Warnning: gene name MTRNR2L8 is not in current annotation.
Warnning: gene name AL096854.1 is not in current annotation.
Warnning: gene name AL096854.1 is not in current annotation.
Warnning: gene name AC073114.1 is not in current annotation.
Warnning: gene name AC073387.1 is not in current annotation.
Warnning: gene name AC073387.2 is not in current annotation.
Warnning: gene name AC073114.1 is not in current annotation.
Warnning: gene name AC073387.1,AC073387.2 is not in current annotation.
Warnning: gene name AC010904.1 is not in current annotation.
Warnning: gene name AC013460.1 is not in current annotation.
Warnning: gene name AC010904.1,AC013460.1 is not in current annotation.
Warnning: gene name CR786580.1 is not in current annotation.
Warnning: gene name CR786580.1 is not in current annotation.
Warnning: gene name AC009154.1 is not in current annotation.
Warnning: gene name AC009154.2 is not in current annotation.
Warnning: gene name AC009154.1,AC009154.2 is not in current annotation.
Warnning: gene name AC114798.1 is not in current annotation.
Warnning: gene name AC079766.1 is not in current annotation.
Warnning: gene name AC114798.1,AC079766.1 is not in current annotation.
Warnning: gene name AC021613.1 is not in current annotation.
Warnning: gene name AC021613.1 is not in current annotation.
Warnning: gene name TEKTL1 is not in current annotation.
Warnning: gene name TEKTL1 is not in current annotation.
Warnning: gene name AC073648.6 is not in current annotation.
Warnning: gene name AC073648.6 is not in current annotation.
Warnning: gene name AC092587.1 is not in current annotation.
Warnning: gene name AC092587.1 is not in current annotation.
Warnning: gene name AC093297.2 is not in current annotation.
Warnning: gene name AC114954.1 is not in current annotation.
Warnning: gene name AC093297.2,AC114954.1 is not in current annotation.
Warnning: gene name AC034216.1 is not in current annotation.
Warnning: gene name AC063976.3 is not in current annotation.
Warnning: gene name AC034216.1,AC063976.3 is not in current annotation.
Warnning: gene name AC098965.1 is not in current annotation.
Warnning: gene name AC109446.3 is not in current annotation.
Warnning: gene name AC098965.1,AC109446.3 is not in current annotation.
Warnning: gene name FP565260.2 is not in current annotation.
Warnning: gene name FP565260.3 is not in current annotation.
Warnning: gene name FP565260.5 is not in current annotation.
Warnning: gene name FP565260.2 is not in current annotation.
Warnning: gene name FP565260.3,FP565260.5 is not in current annotation.
Warnning: gene name LOC102724023 is not in current annotation.
Warnning: gene name FP565260.3 is not in current annotation.
Warnning: gene name FP565260.5 is not in current annotation.
Warnning: gene name LOC102724023 is not in current annotation.
Warnning: gene name FP565260.3,FP565260.5 is not in current annotation.
Warnning: gene name AP000357.1 is not in current annotation.
Warnning: gene name AP000357.2 is not in current annotation.
Warnning: gene name AP000357.1,AP000357.2 is not in current annotation.
Warnning: gene name AC090907.2 is not in current annotation.
Warnning: gene name AC019254.2 is not in current annotation.
Warnning: gene name AC090907.2,AC019254.2 is not in current annotation.
Warnning: gene name AL009177.1 is not in current annotation.
Warnning: gene name AL109914.1 is not in current annotation.
Warnning: gene name AL009177.1,AL109914.1 is not in current annotation.
Warnning: gene name AC144831.1 is not in current annotation.
Warnning: gene name AC139099.3 is not in current annotation.
Warnning: gene name AC144831.1,AC139099.3 is not in current annotation.
Warnning: gene name AL773545.3 is not in current annotation.
Warnning: gene name AL773545.3 is not in current annotation.
Warnning: gene name MTRNR2L8 is not in current annotation.
Warnning: gene name MTRNR2L8 is not in current annotation.
Warnning: gene name AL157778.1 is not in current annotation.
Warnning: gene name AL157778.1 is not in current annotation.
Warnning: gene name AC092681.1 is not in current annotation.
Warnning: gene name AC092681.2 is not in current annotation.
Warnning: gene name AC092681.1,AC092681.2 is not in current annotation.
Warnning: gene name MTRNR2L12 is not in current annotation.
Warnning: gene name MTRNR2L12 is not in current annotation.
Warnning: gene name MTRNR2L12 is not in current annotation.
Warnning: gene name AC106719.1 is not in current annotation.
Warnning: gene name AC107304.1 is not in current annotation.
Warnning: gene name MTRNR2L12 is not in current annotation.
Warnning: gene name AC106719.1,AC107304.1 is not in current annotation.
Warnning: gene name AC069547.2 is not in current annotation.
Warnning: gene name AC069547.2 is not in current annotation.
Warnning: gene name AC019254.2 is not in current annotation.
Warnning: gene name AC019254.1 is not in current annotation.
Warnning: gene name AC019254.2,AC019254.1 is not in current annotation.
Warnning: gene name AC067852.1 is not in current annotation.
Warnning: gene name AC067852.1 is not in current annotation.
Warnning: gene name AL096854.1 is not in current annotation.
Warnning: gene name AL096854.1 is not in current annotation.
Warnning: gene name AP000676.3 is not in current annotation.
Warnning: gene name AP000676.5 is not in current annotation.
Warnning: gene name AP000676.3,AP000676.5 is not in current annotation.
Warnning: gene name AC004678.2 is not in current annotation.
Warnning: gene name AC004678.2 is not in current annotation.
Warnning: gene name AL158212.4 is not in current annotation.
Warnning: gene name AL158212.1 is not in current annotation.
Warnning: gene name AL158212.4,AL158212.1 is not in current annotation.
Warnning: gene name AC244394.2 is not in current annotation.
Warnning: gene name AC244394.2 is not in current annotation.
Warnning: gene name AC073592.4 is not in current annotation.
Warnning: gene name AC073593.1 is not in current annotation.
Warnning: gene name AC073592.4,AC073593.1 is not in current annotation.
Warnning: gene name AL162632.1 is not in current annotation.
Warnning: gene name AL162632.2 is not in current annotation.
Warnning: gene name AL162632.1,AL162632.2 is not in current annotation.
Warnning: gene name AC090907.2 is not in current annotation.
Warnning: gene name AC019254.2 is not in current annotation.
Warnning: gene name AC090907.2,AC019254.2 is not in current annotation.
Warnning: gene name AC026765.3 is not in current annotation.
Warnning: gene name AC008125.1 is not in current annotation.
Warnning: gene name AC078880.1 is not in current annotation.
Warnning: gene name AC026765.3 is not in current annotation.
Warnning: gene name AC008125.1,AC078880.1 is not in current annotation.
Warnning: gene name AC084740.1 is not in current annotation.
Warnning: gene name AC084740.1 is not in current annotation.
Warnning: gene name AC079142.1 is not in current annotation.
Warnning: gene name AC079142.1 is not in current annotation.
Warnning: gene name AC055758.1 is not in current annotation.
Warnning: gene name AC107021.2 is not in current annotation.
Warnning: gene name AC055758.1,AC107021.2 is not in current annotation.
Warnning: gene name AC008014.1 is not in current annotation.
Warnning: gene name AC008014.1 is not in current annotation.
Warnning: gene name AC079906.1 is not in current annotation.
Warnning: gene name AC008014.1 is not in current annotation.
Warnning: gene name AC008014.1,AC079906.1 is not in current annotation.
Warnning: gene name AC021723.2 is not in current annotation.
Warnning: gene name AC021723.2 is not in current annotation.
Warnning: gene name AC021613.1 is not in current annotation.
Warnning: gene name AC021613.1 is not in current annotation.
Warnning: gene name AP000676.3 is not in current annotation.
Warnning: gene name AP000676.5 is not in current annotation.
Warnning: gene name AP000676.3,AP000676.5 is not in current annotation.
Warnning: gene name AC093817.1 is not in current annotation.
Warnning: gene name AC093817.1 is not in current annotation.
Warnning: gene name AL773545.3 is not in current annotation.
Warnning: gene name AL773545.3 is not in current annotation.
Warnning: gene name AL592043.1 is not in current annotation.
Warnning: gene name AL592504.1 is not in current annotation.
Warnning: gene name AL592043.1,AL592504.1 is not in current annotation.
Warnning: gene name AL592043.1 is not in current annotation.
Warnning: gene name AL592504.1 is not in current annotation.
Warnning: gene name AL592043.1,AL592504.1 is not in current annotation.
Warnning: gene name LOC102724023 is not in current annotation.
Warnning: gene name FP565260.3 is not in current annotation.
Warnning: gene name FP565260.5 is not in current annotation.
Warnning: gene name LOC102724023 is not in current annotation.
Warnning: gene name FP565260.3,FP565260.5 is not in current annotation.
Warnning: gene name FP565260.2 is not in current annotation.
Warnning: gene name FP565260.3 is not in current annotation.
Warnning: gene name FP565260.5 is not in current annotation.
Warnning: gene name FP565260.2 is not in current annotation.
Warnning: gene name FP565260.3,FP565260.5 is not in current annotation.
Warnning: gene name AL161447.2 is not in current annotation.
Warnning: gene name AL161447.1 is not in current annotation.
Warnning: gene name AL161447.2,AL161447.1 is not in current annotation.
Warnning: gene name AP003497.2 is not in current annotation.
Warnning: gene name AP001784.1 is not in current annotation.
Warnning: gene name AP003497.2,AP001784.1 is not in current annotation.
Warnning: gene name AL353753.1 is not in current annotation.
Warnning: gene name AL442639.1 is not in current annotation.
Warnning: gene name AL353753.1,AL442639.1 is not in current annotation.
Warnning: gene name BRD10 is not in current annotation.
Warnning: gene name BRD10 is not in current annotation.
Warnning: gene name AL353753.1 is not in current annotation.
Warnning: gene name AL442639.1 is not in current annotation.
Warnning: gene name AL353753.1,AL442639.1 is not in current annotation.
Warnning: gene name CR786580.1 is not in current annotation.
Warnning: gene name CR786580.1 is not in current annotation.
Warnning: gene name AC093297.2 is not in current annotation.
Warnning: gene name AC114954.1 is not in current annotation.
Warnning: gene name AC093297.2,AC114954.1 is not in current annotation.
Warnning: gene name SPECC1L-ADORA2A is not in current annotation.
Warnning: gene name SPECC1L-ADORA2A is not in current annotation.
Warnning: gene name AC026904.1 is not in current annotation.
Warnning: gene name AC026904.2 is not in current annotation.
Warnning: gene name AC026904.2 is not in current annotation.
Warnning: gene name AC026904.1,AC026904.2 is not in current annotation.
Warnning: gene name AC026904.2 is not in current annotation.
Warnning: gene name AC026765.2 is not in current annotation.
Warnning: gene name AC009804.2 is not in current annotation.
Warnning: gene name AC026765.2,AC009804.2 is not in current annotation.
Warnning: gene name AF111169.2 is not in current annotation.
Warnning: gene name AC007686.4 is not in current annotation.
Warnning: gene name AF111169.2,AC007686.4 is not in current annotation.
Warnning: gene name AC019322.2 is not in current annotation.
Warnning: gene name AC127502.1 is not in current annotation.
Warnning: gene name AC019322.2,AC127502.1 is not in current annotation.
Warnning: gene name AL021546.1 is not in current annotation.
Warnning: gene name AL021546.1 is not in current annotation.
Warnning: gene name AC084740.1 is not in current annotation.
Warnning: gene name AC084740.1 is not in current annotation.
Warnning: gene name AC012306.3 is not in current annotation.
Warnning: gene name AC012306.1 is not in current annotation.
Warnning: gene name AC012306.3,AC012306.1 is not in current annotation.
Warnning: gene name AL773545.3 is not in current annotation.
Warnning: gene name AL773545.3 is not in current annotation.
Warnning: gene name AC007906.2 is not in current annotation.
Warnning: gene name AC007906.2 is not in current annotation.
Warnning: gene name AC007906.2 is not in current annotation.
Warnning: gene name AC007346.1 is not in current annotation.
Warnning: gene name AC007346.2 is not in current annotation.
Warnning: gene name AC007906.2 is not in current annotation.
Warnning: gene name AC007346.1,AC007346.2 is not in current annotation.
Warnning: gene name AC010904.2 is not in current annotation.
Warnning: gene name AC010904.1 is not in current annotation.
Warnning: gene name AC010904.2,AC010904.1 is not in current annotation.
Warnning: gene name AC019254.2 is not in current annotation.
Warnning: gene name AC019254.1 is not in current annotation.
Warnning: gene name AC019254.2,AC019254.1 is not in current annotation.
Warnning: gene name AJ011931.2 is not in current annotation.
Warnning: gene name AJ011931.2 is not in current annotation.
Warnning: gene name AL133229.1 is not in current annotation.
Warnning: gene name AL049812.2 is not in current annotation.
Warnning: gene name AL133229.1,AL049812.2 is not in current annotation.
Warnning: gene name AC073114.1 is not in current annotation.
Warnning: gene name AC073114.1 is not in current annotation.
Warnning: gene name AC121334.1 is not in current annotation.
Warnning: gene name AC121334.2 is not in current annotation.
Warnning: gene name AC121334.1,AC121334.2 is not in current annotation.
Warnning: gene name AC078909.2 is not in current annotation.
Warnning: gene name AC078909.2,Metazoa_SRP is not in current annotation.
Warnning: gene name AC021506.1 is not in current annotation.
Warnning: gene name AC021506.2 is not in current annotation.
Warnning: gene name AC021506.1,AC021506.2 is not in current annotation.
Warnning: gene name AC021506.2 is not in current annotation.
Warnning: gene name AC090457.1 is not in current annotation.
Warnning: gene name AC021506.2,AC090457.1 is not in current annotation.
Warnning: gene name AL158212.4 is not in current annotation.
Warnning: gene name AL158212.1 is not in current annotation.
Warnning: gene name AL158212.4,AL158212.1 is not in current annotation.
Warnning: gene name AC005083.1 is not in current annotation.
Warnning: gene name AC099342.1 is not in current annotation.
Warnning: gene name AC005083.1,AC099342.1 is not in current annotation.
Warnning: gene name AC005972.1 is not in current annotation.
Warnning: gene name AC005972.2 is not in current annotation.
Warnning: gene name AC005972.1,AC005972.2 is not in current annotation.
Warnning: gene name AC005972.1 is not in current annotation.
Warnning: gene name AC005972.2 is not in current annotation.
Warnning: gene name AC005972.1,AC005972.2 is not in current annotation.
Warnning: gene name AC021613.1 is not in current annotation.
Warnning: gene name AC021613.1 is not in current annotation.
Warnning: gene name AC073592.4 is not in current annotation.
Warnning: gene name AC073593.1 is not in current annotation.
Warnning: gene name AC073592.4,AC073593.1 is not in current annotation.
Warnning: gene name AC141557.1 is not in current annotation.
Warnning: gene name AC024940.4 is not in current annotation.
Warnning: gene name AC024940.2 is not in current annotation.
Warnning: gene name AC141557.1 is not in current annotation.
Warnning: gene name AC024940.4,AC024940.2 is not in current annotation.
Warnning: gene name AC010273.2 is not in current annotation.
Warnning: gene name AC010273.1 is not in current annotation.
Warnning: gene name AC010273.2,AC010273.1 is not in current annotation.
Warnning: gene name AL139246.2 is not in current annotation.
Warnning: gene name AL139246.3 is not in current annotation.
Warnning: gene name AL139246.2,AL139246.3 is not in current annotation.
Warnning: gene name AC092666.1 is not in current annotation.
Warnning: gene name AC006008.1 is not in current annotation.
Warnning: gene name AC092666.1,AC006008.1 is not in current annotation.
Warnning: gene name AL034417.2 is not in current annotation.
Warnning: gene name AL358876.1 is not in current annotation.
Warnning: gene name AL034417.2,AL358876.1 is not in current annotation.
Warnning: gene name AC011468.2 is not in current annotation.
Warnning: gene name AC011468.2 is not in current annotation.
Warnning: gene name AL161447.2 is not in current annotation.
Warnning: gene name AL161447.1 is not in current annotation.
Warnning: gene name AL161447.2,AL161447.1 is not in current annotation.
Warnning: gene name AC010904.1 is not in current annotation.
Warnning: gene name AC013460.1 is not in current annotation.
Warnning: gene name AC010904.1,AC013460.1 is not in current annotation.
Warnning: gene name AC002464.1 is not in current annotation.
Warnning: gene name AL512430.3 is not in current annotation.
Warnning: gene name AC002464.1,AL512430.3 is not in current annotation.
Warnning: gene name AC002464.1 is not in current annotation.
Warnning: gene name AL512430.3 is not in current annotation.
Warnning: gene name AC002464.1,AL512430.3 is not in current annotation.
Warnning: gene name AL021546.1 is not in current annotation.
Warnning: gene name AL021546.1 is not in current annotation.
Warnning: gene name AC137834.1 is not in current annotation.
Warnning: gene name AC137834.1 is not in current annotation.
Warnning: gene name AC022308.1 is not in current annotation.
Warnning: gene name AC087633.2 is not in current annotation.
Warnning: gene name AC022308.1,AC087633.2 is not in current annotation.
Warnning: gene name AL355612.1 is not in current annotation.
Warnning: gene name AC108022.1 is not in current annotation.
Warnning: gene name AL355612.1 is not in current annotation.
Warnning: gene name Y_RNA,AC108022.1 is not in current annotation.
Warnning: gene name AC022364.1 is not in current annotation.
Warnning: gene name AC022364.1 is not in current annotation.
Warnning: gene name AC022239.1 is not in current annotation.
Warnning: gene name AC022239.1 is not in current annotation.
Warnning: gene name Z98755.1 is not in current annotation.
Warnning: gene name AL591387.1 is not in current annotation.
Warnning: gene name Z98755.1,AL591387.1 is not in current annotation.
Warnning: gene name AP005019.2 is not in current annotation.
Warnning: gene name AP005019.1 is not in current annotation.
Warnning: gene name AP005019.2,AP005019.1 is not in current annotation.
Warnning: gene name AC092666.1 is not in current annotation.
Warnning: gene name AC006008.1 is not in current annotation.
Warnning: gene name AC092666.1,AC006008.1 is not in current annotation.
Warnning: gene name CFAP144P1 is not in current annotation.
Warnning: gene name CFAP144P1 is not in current annotation.
Warnning: gene name AC025627.1 is not in current annotation.
Warnning: gene name AC025627.3 is not in current annotation.
Warnning: gene name AC025627.1,AC025627.3 is not in current annotation.
Warnning: gene name TENM3-AS2 is not in current annotation.
Warnning: gene name TENM3-AS2 is not in current annotation.
Warnning: gene name AC008014.1 is not in current annotation.
Warnning: gene name AC008014.1 is not in current annotation.
Warnning: gene name AC079906.1 is not in current annotation.
Warnning: gene name AC008014.1 is not in current annotation.
Warnning: gene name AC008014.1,AC079906.1 is not in current annotation.
Warnning: gene name AC034216.1 is not in current annotation.
Warnning: gene name AC063976.3 is not in current annotation.
Warnning: gene name AC034216.1,AC063976.3 is not in current annotation.
Warnning: gene name AL352979.4 is not in current annotation.
Warnning: gene name AL352979.1 is not in current annotation.
Warnning: gene name AL352979.4,AL352979.1 is not in current annotation.
Warnning: gene name AP000676.3 is not in current annotation.
Warnning: gene name AP000676.5 is not in current annotation.
Warnning: gene name AP000676.3,AP000676.5 is not in current annotation.
Warnning: gene name AC025627.1 is not in current annotation.
Warnning: gene name AC025627.3 is not in current annotation.
Warnning: gene name AC025627.1,AC025627.3 is not in current annotation.
Warnning: gene name AC021613.1 is not in current annotation.
Warnning: gene name AC021613.1 is not in current annotation.
Warnning: gene name AP001284.1 is not in current annotation.
Warnning: gene name AP006295.1 is not in current annotation.
Warnning: gene name AP001284.1,AP006295.1 is not in current annotation.
Warnning: gene name AL096854.1 is not in current annotation.
Warnning: gene name AL096854.1 is not in current annotation.
Warnning: gene name AP000676.3 is not in current annotation.
Warnning: gene name AP000676.5 is not in current annotation.
Warnning: gene name AP000676.3,AP000676.5 is not in current annotation.
Warnning: gene name AC098859.2 is not in current annotation.
Warnning: gene name AC093766.1 is not in current annotation.
Warnning: gene name AC098859.2,AC093766.1 is not in current annotation.
Warnning: gene name CR786580.1 is not in current annotation.
Warnning: gene name CR786580.1 is not in current annotation.
Warnning: gene name AC079142.1 is not in current annotation.
Warnning: gene name AC079142.1 is not in current annotation.
Warnning: gene name AC114954.1 is not in current annotation.
Warnning: gene name AC116350.1 is not in current annotation.
Warnning: gene name AC114954.1,AC116350.1 is not in current annotation.
Warnning: gene name AC112198.3 is not in current annotation.
Warnning: gene name AC112198.2 is not in current annotation.
Warnning: gene name AC112198.3,AC112198.2 is not in current annotation.
Warnning: gene name AC025449.2 is not in current annotation.
Warnning: gene name AC025449.2 is not in current annotation.
Warnning: gene name AC106798.1 is not in current annotation.
Warnning: gene name AC010376.1 is not in current annotation.
Warnning: gene name AC106798.1,AC010376.1 is not in current annotation.
Warnning: gene name AC008892.1 is not in current annotation.
Warnning: gene name AC008892.1 is not in current annotation.
Warnning: gene name AL732509.1 is not in current annotation.
Warnning: gene name AL732509.1 is not in current annotation.
Warnning: gene name AC143336.1 is not in current annotation.
Warnning: gene name AC025774.1 is not in current annotation.
Warnning: gene name AC143336.1,AC025774.1 is not in current annotation.
Warnning: gene name AC092354.1 is not in current annotation.
Warnning: gene name AC092354.1,Y_RNA is not in current annotation.
Warnning: gene name RAB4B-EGLN2 is not in current annotation.
Warnning: gene name RAB4B-EGLN2 is not in current annotation.
Warnning: gene name AL096854.1 is not in current annotation.
Warnning: gene name AL096854.1 is not in current annotation.
Warnning: gene name AC009292.2 is not in current annotation.
Warnning: gene name AC022254.1 is not in current annotation.
Warnning: gene name AC009292.2,AC022254.1 is not in current annotation.
Warnning: gene name CR786580.1 is not in current annotation.
Warnning: gene name CR786580.1 is not in current annotation.
Warnning: gene name AC126763.1 is not in current annotation.
Warnning: gene name AC137803.1 is not in current annotation.
Warnning: gene name AC126763.1,AC137803.1 is not in current annotation.
Warnning: gene name AC083867.1 is not in current annotation.
Warnning: gene name AC008155.1 is not in current annotation.
Warnning: gene name AC083867.1,AC008155.1 is not in current annotation.
Warnning: gene name AC114954.1 is not in current annotation.
Warnning: gene name AC116350.1 is not in current annotation.
Warnning: gene name AC114954.1,AC116350.1 is not in current annotation.
Warnning: gene name AC090115.1 is not in current annotation.
Warnning: gene name AC090115.1 is not in current annotation.
Warnning: gene name AL591438.1 is not in current annotation.
Warnning: gene name AL591438.2 is not in current annotation.
Warnning: gene name AL591438.1,AL591438.2 is not in current annotation.
Warnning: gene name AC112187.2 is not in current annotation.
Warnning: gene name AC112187.1 is not in current annotation.
Warnning: gene name AC112187.2,AC112187.1 is not in current annotation.
Warnning: gene name AC026736.1 is not in current annotation.
Warnning: gene name AC010266.2 is not in current annotation.
Warnning: gene name AC026736.1,AC010266.2 is not in current annotation.
Warnning: gene name AC010904.2 is not in current annotation.
Warnning: gene name AC010904.1 is not in current annotation.
Warnning: gene name AC010904.2,AC010904.1 is not in current annotation.
Warnning: gene name AC019254.2 is not in current annotation.
Warnning: gene name AC019254.1 is not in current annotation.
Warnning: gene name AC019254.2,AC019254.1 is not in current annotation.
Warnning: gene name AC007391.3 is not in current annotation.
Warnning: gene name AC006369.1 is not in current annotation.
Warnning: gene name AC007391.3,AC006369.1 is not in current annotation.
Warnning: gene name AL359878.2 is not in current annotation.
Warnning: gene name AL359878.1 is not in current annotation.
Warnning: gene name AL359878.2,AL359878.1 is not in current annotation.
Warnning: gene name AC079142.1 is not in current annotation.
Warnning: gene name AC079142.1 is not in current annotation.
Warnning: gene name AL451062.2 is not in current annotation.
Warnning: gene name AL451062.2 is not in current annotation.
Warnning: gene name CR786580.1 is not in current annotation.
Warnning: gene name CR786580.1 is not in current annotation.
Warnning: gene name AC106806.1 is not in current annotation.
Warnning: gene name AC106806.2 is not in current annotation.
Warnning: gene name AC106806.1,AC106806.2 is not in current annotation.
Warnning: gene name AC007906.2 is not in current annotation.
Warnning: gene name AC007906.2 is not in current annotation.
Warnning: gene name AC008562.1 is not in current annotation.
Warnning: gene name AC008489.1 is not in current annotation.
Warnning: gene name AC008562.1,AC008489.1 is not in current annotation.
Warnning: gene name AC116353.6 is not in current annotation.
Warnning: gene name AC116353.2 is not in current annotation.
Warnning: gene name AC116353.6,AC116353.2 is not in current annotation.
Warnning: gene name AC019254.2 is not in current annotation.
Warnning: gene name AC019254.1 is not in current annotation.
Warnning: gene name AC019254.2,AC019254.1 is not in current annotation.
Warnning: gene name AC010501.1 is not in current annotation.
Warnning: gene name AC116337.4 is not in current annotation.
Warnning: gene name AC010501.1,AC116337.4 is not in current annotation.
Warnning: gene name AC098965.1 is not in current annotation.
Warnning: gene name AC109446.3 is not in current annotation.
Warnning: gene name AC098965.1,AC109446.3 is not in current annotation.
Warnning: gene name AL161447.2 is not in current annotation.
Warnning: gene name AL161447.1 is not in current annotation.
Warnning: gene name AL161447.2,AL161447.1 is not in current annotation.
Warnning: gene name AL096854.1 is not in current annotation.
Warnning: gene name AL096854.1 is not in current annotation.
Warnning: gene name CR786580.1 is not in current annotation.
Warnning: gene name CR786580.1 is not in current annotation.
Warnning: gene name AC134878.2 is not in current annotation.
Warnning: gene name AC134878.2 is not in current annotation.
Warnning: gene name AC011287.1 is not in current annotation.
Warnning: gene name AC011287.1 is not in current annotation.
Warnning: gene name AC005019.2 is not in current annotation.
Warnning: gene name AC011287.1 is not in current annotation.
Warnning: gene name AC011287.1,AC005019.2 is not in current annotation.
Warnning: gene name AC090907.2 is not in current annotation.
Warnning: gene name AC019254.2 is not in current annotation.
Warnning: gene name AC090907.2,AC019254.2 is not in current annotation.
Warnning: gene name AL445255.1 is not in current annotation.
Warnning: gene name AL445255.1 is not in current annotation.
Warnning: gene name MTRNR2L8 is not in current annotation.
Warnning: gene name MTRNR2L8 is not in current annotation.
Warnning: gene name MTRNR2L8 is not in current annotation.
Warnning: gene name MTRNR2L8 is not in current annotation.
Warnning: gene name AC098965.1 is not in current annotation.
Warnning: gene name AC109446.3 is not in current annotation.
Warnning: gene name AC098965.1,AC109446.3 is not in current annotation.
Warnning: gene name AL773545.3 is not in current annotation.
Warnning: gene name AL773545.3 is not in current annotation.
Warnning: gene name AP002414.1 is not in current annotation.
Warnning: gene name AP002414.4 is not in current annotation.
Warnning: gene name AP002414.1,AP002414.4 is not in current annotation.
Warnning: gene name AC021613.1 is not in current annotation.
Warnning: gene name AC021613.1 is not in current annotation.
Warnning: gene name CT867976.1 is not in current annotation.
Warnning: gene name AC138776.1 is not in current annotation.
Warnning: gene name CT867976.1,AC138776.1 is not in current annotation.
Warnning: gene name AL161447.2 is not in current annotation.
Warnning: gene name AL161447.1 is not in current annotation.
Warnning: gene name AL161447.2,AL161447.1 is not in current annotation.
Warnning: gene name AP003497.2 is not in current annotation.
Warnning: gene name AP001784.1 is not in current annotation.
Warnning: gene name AP003497.2,AP001784.1 is not in current annotation.
Warnning: gene name AC092666.1 is not in current annotation.
Warnning: gene name AC006008.1 is not in current annotation.
Warnning: gene name AC092666.1,AC006008.1 is not in current annotation.
Warnning: gene name AC104958.2 is not in current annotation.
Warnning: gene name AC068413.1 is not in current annotation.
Warnning: gene name AC104958.2,AC068413.1 is not in current annotation.
Warnning: gene name AL163636.1 is not in current annotation.
Warnning: gene name AL163636.1 is not in current annotation.
Warnning: gene name AL035252.1 is not in current annotation.
Warnning: gene name AL035252.5 is not in current annotation.
Warnning: gene name AL035252.1,AL035252.5 is not in current annotation.
Warnning: gene name AC034216.1 is not in current annotation.
Warnning: gene name AC063976.3 is not in current annotation.
Warnning: gene name AC034216.1,AC063976.3 is not in current annotation.
Warnning: gene name IGLV2-8 is not in current annotation.
Warnning: gene name IGLV2-8 is not in current annotation.
Warnning: gene name IGLV2-8 is not in current annotation.
Warnning: gene name IGLV2-8 is not in current annotation.
Warnning: gene name AC046130.2 is not in current annotation.
Warnning: gene name AC140847.1 is not in current annotation.
Warnning: gene name AC046130.2,AC140847.1 is not in current annotation.
Warnning: gene name AP000676.3 is not in current annotation.
Warnning: gene name AP000676.5 is not in current annotation.
Warnning: gene name AP000676.3,AP000676.5 is not in current annotation.
Warnning: gene name AL773545.3 is not in current annotation.
Warnning: gene name AL773545.3 is not in current annotation.
Warnning: gene name AC105081.1 is not in current annotation.
Warnning: gene name AP003351.1 is not in current annotation.
Warnning: gene name AC105081.1,AP003351.1 is not in current annotation.
Warnning: gene name AC098965.1 is not in current annotation.
Warnning: gene name AC109446.3 is not in current annotation.
Warnning: gene name AC098965.1,AC109446.3 is not in current annotation.
Warnning: gene name AC008507.4 is not in current annotation.
Warnning: gene name AC008507.5 is not in current annotation.
Warnning: gene name AC008507.4,AC008507.5 is not in current annotation.
Warnning: gene name CR383658.1 is not in current annotation.
Warnning: gene name 5_8S_rRNA,CR383658.1 is not in current annotation.
Warnning: gene name AC025419.1 is not in current annotation.
Warnning: gene name AC025419.1 is not in current annotation.
Warnning: gene name AC137834.1 is not in current annotation.
Warnning: gene name AC137834.1 is not in current annotation.
Warnning: gene name AC068688.1 is not in current annotation.
Warnning: gene name AC079052.1 is not in current annotation.
Warnning: gene name AC068688.1,AC079052.1 is not in current annotation.
Warnning: gene name AC025165.6 is not in current annotation.
Warnning: gene name AC025165.6 is not in current annotation.
Warnning: gene name AP000959.1 is not in current annotation.
Warnning: gene name AP000949.1 is not in current annotation.
Warnning: gene name AP000959.1,AP000949.1 is not in current annotation.
Warnning: gene name AL096854.1 is not in current annotation.
Warnning: gene name AL096854.1 is not in current annotation.
Warnning: gene name AC137834.1 is not in current annotation.
Warnning: gene name AC137834.1 is not in current annotation.
Warnning: gene name AP000676.3 is not in current annotation.
Warnning: gene name AP000676.5 is not in current annotation.
Warnning: gene name AP000676.3,AP000676.5 is not in current annotation.
Warnning: gene name AL589740.1 is not in current annotation.
Warnning: gene name AL589740.1 is not in current annotation.
Warnning: gene name AL360093.1 is not in current annotation.
Warnning: gene name AC096642.1 is not in current annotation.
Warnning: gene name AL360093.1,AC096642.1 is not in current annotation.
Warnning: gene name AP000949.1 is not in current annotation.
Warnning: gene name AP001116.1 is not in current annotation.
Warnning: gene name AP000949.1,AP001116.1 is not in current annotation.
Warnning: gene name AC006525.1 is not in current annotation.
Warnning: gene name AC006525.1 is not in current annotation.
Warnning: gene name AL158212.4 is not in current annotation.
Warnning: gene name AL158212.1 is not in current annotation.
Warnning: gene name AL158212.4,AL158212.1 is not in current annotation.
Warnning: gene name AC018809.3 is not in current annotation.
Warnning: gene name AC018809.3 is not in current annotation.
Warnning: gene name AC113370.1 is not in current annotation.
Warnning: gene name AC113370.1 is not in current annotation.
Warnning: gene name AC006441.4 is not in current annotation.
Warnning: gene name AC006441.5 is not in current annotation.
Warnning: gene name AC006441.4,AC006441.5 is not in current annotation.
Warnning: gene name AC010266.1 is not in current annotation.
Warnning: gene name AC026797.1 is not in current annotation.
Warnning: gene name AC010266.1,AC026797.1 is not in current annotation.
Warnning: gene name AC211433.2 is not in current annotation.
Warnning: gene name AC211433.3 is not in current annotation.
Warnning: gene name AC211433.2,AC211433.3 is not in current annotation.
Warnning: gene name AC093274.1 is not in current annotation.
Warnning: gene name AC093274.1 is not in current annotation.
Warnning: gene name AC010266.1 is not in current annotation.
Warnning: gene name AC026797.1 is not in current annotation.
Warnning: gene name AC010266.1,AC026797.1 is not in current annotation.
Warnning: gene name AL096854.1 is not in current annotation.
Warnning: gene name AL096854.1 is not in current annotation.
Warnning: gene name AL157778.1 is not in current annotation.
Warnning: gene name AL157778.1 is not in current annotation.
Warnning: gene name Metazoa_SRP,Y_RNA is not in current annotation.
Warnning: gene name AC099520.1 is not in current annotation.
Warnning: gene name AC099520.1 is not in current annotation.
Warnning: gene name GPR143YP is not in current annotation.
Warnning: gene name GPR143YP is not in current annotation.
Warnning: gene name AC023509.1 is not in current annotation.
Warnning: gene name AC023509.1 is not in current annotation.
Warnning: gene name AL096854.1 is not in current annotation.
Warnning: gene name AL096854.1 is not in current annotation.
Warnning: gene name AC245595.1 is not in current annotation.
Warnning: gene name AC239859.3 is not in current annotation.
Warnning: gene name AC239859.4 is not in current annotation.
Warnning: gene name AC245595.1 is not in current annotation.
Warnning: gene name AC239859.3,AC239859.4 is not in current annotation.
Warnning: gene name AC010904.2 is not in current annotation.
Warnning: gene name AC010904.1 is not in current annotation.
Warnning: gene name AC010904.2,AC010904.1 is not in current annotation.
Warnning: gene name AC027612.2 is not in current annotation.
Warnning: gene name AC006453.1 is not in current annotation.
Warnning: gene name AC027612.2 is not in current annotation.
Warnning: gene name 5S_rRNA,AC006453.1 is not in current annotation.
Warnning: gene name AP000350.6 is not in current annotation.
Warnning: gene name AP000350.2 is not in current annotation.
Warnning: gene name AP000350.6,AP000350.2 is not in current annotation.
Warnning: gene name AC253536.7 is not in current annotation.
Warnning: gene name AP000350.6 is not in current annotation.
Warnning: gene name AP000350.2 is not in current annotation.
Warnning: gene name AC253536.7 is not in current annotation.
Warnning: gene name AP000350.6,AP000350.2 is not in current annotation.
Warnning: gene name AC131055.2 is not in current annotation.
Warnning: gene name AC131055.1 is not in current annotation.
Warnning: gene name AC131055.2,AC131055.1 is not in current annotation.
Warnning: gene name FP325313.2 is not in current annotation.
Warnning: gene name AC135776.4 is not in current annotation.
Warnning: gene name FP325313.2,AC135776.4 is not in current annotation.
Warnning: gene name AC132825.5 is not in current annotation.
Warnning: gene name AC131055.2 is not in current annotation.
Warnning: gene name AC132825.5,AC131055.2 is not in current annotation.
Warnning: gene name AF127577.5 is not in current annotation.
Warnning: gene name AF222684.1 is not in current annotation.
Warnning: gene name AF127577.5,AF222684.1 is not in current annotation.
Warnning: gene name AC092666.1 is not in current annotation.
Warnning: gene name AC006008.1 is not in current annotation.
Warnning: gene name AC092666.1,AC006008.1 is not in current annotation.
Warnning: gene name CR786580.1 is not in current annotation.
Warnning: gene name CR786580.1 is not in current annotation.
Warnning: gene name AC025539.1 is not in current annotation.
Warnning: gene name AC005699.1 is not in current annotation.
Warnning: gene name AC025539.1,AC005699.1 is not in current annotation.
Warnning: gene name AC025539.1 is not in current annotation.
Warnning: gene name AC005699.1 is not in current annotation.
Warnning: gene name AC016687.2 is not in current annotation.
Warnning: gene name AC025539.1,AC005699.1 is not in current annotation.
Warnning: gene name AC016687.2 is not in current annotation.
Warnning: gene name AL096854.1 is not in current annotation.
Warnning: gene name AL096854.1 is not in current annotation.
Warnning: gene name AP000676.3 is not in current annotation.
Warnning: gene name AP000676.5 is not in current annotation.
Warnning: gene name AP000676.3,AP000676.5 is not in current annotation.
Warnning: gene name AC079772.1 is not in current annotation.
Warnning: gene name AC016687.3 is not in current annotation.
Warnning: gene name AC079772.1,AC016687.3 is not in current annotation.
Warnning: gene name AL035653.1 is not in current annotation.
Warnning: gene name AL035653.1 is not in current annotation.
Warnning: gene name AC025539.1 is not in current annotation.
Warnning: gene name AC005699.1 is not in current annotation.
Warnning: gene name AC025539.1,AC005699.1 is not in current annotation.
Warnning: gene name MTRNR2L8 is not in current annotation.
Warnning: gene name MTRNR2L8 is not in current annotation.
Warnning: gene name CR381653.1 is not in current annotation.
Warnning: gene name CR381653.1 is not in current annotation.
Warnning: gene name AL096854.1 is not in current annotation.
Warnning: gene name AL096854.1 is not in current annotation.
Warnning: gene name AC012494.1 is not in current annotation.
Warnning: gene name AC064872.1 is not in current annotation.
Warnning: gene name AC092660.1 is not in current annotation.
Warnning: gene name AC012494.1 is not in current annotation.
Warnning: gene name AC064872.1,AC092660.1 is not in current annotation.
Warnning: gene name CR786580.1 is not in current annotation.
Warnning: gene name CR786580.1 is not in current annotation.
Warnning: gene name AL355838.1 is not in current annotation.
Warnning: gene name AL355838.1 is not in current annotation.
Warnning: gene name AL355838.1 is not in current annotation.
Warnning: gene name AL355838.1,Metazoa_SRP is not in current annotation.
Warnning: gene name AC073114.1 is not in current annotation.
Warnning: gene name AC073114.1 is not in current annotation.
Warnning: gene name AC008415.1 is not in current annotation.
Warnning: gene name AC114321.1 is not in current annotation.
Warnning: gene name AC026403.1 is not in current annotation.
Warnning: gene name AC008415.1 is not in current annotation.
Warnning: gene name AC114321.1,AC026403.1 is not in current annotation.
Warnning: gene name AC090907.2 is not in current annotation.
Warnning: gene name AC019254.2 is not in current annotation.
Warnning: gene name AC090907.2,AC019254.2 is not in current annotation.
Warnning: gene name AL773545.3 is not in current annotation.
Warnning: gene name AL773545.3 is not in current annotation.
Warnning: gene name AL161447.2 is not in current annotation.
Warnning: gene name AL161447.1 is not in current annotation.
Warnning: gene name AL161447.2,AL161447.1 is not in current annotation.
Warnning: gene name AC009053.4 is not in current annotation.
Warnning: gene name AC009053.4 is not in current annotation.
Warnning: gene name CR786580.1 is not in current annotation.
Warnning: gene name CR786580.1 is not in current annotation.
cff /MetaFusion/RUNS_Results/TCGA-ACC/ACC.cff.reformat.renamed.reann.WITH_SEQ
Add adjacent exons to cff
3186995 annotations from /MetaFusion/reference_files/hg38_gene.bed loaded.
16.4847648144 sec. elapsed.
Warning: Input gene annotations include multiple chr, strand, or regions (5Mb away). Skipping current gene annotation.
[('LINC00102', 'chrX', 'r'), ('LINC00102', 'chrY', 'r')]
Warning: Input gene annotations include multiple chr, strand, or regions (5Mb away). Skipping current gene annotation.
[('SNORD42', 'chr22', 'r'), ('SNORD42', 'chr4', 'r')]
Warning: Input gene annotations include multiple chr, strand, or regions (5Mb away). Skipping current gene annotation.
[('CD99P1', 'chrX', 'f'), ('CD99P1', 'chrY', 'f')]
Warning: Input gene annotations include multiple chr, strand, or regions (5Mb away). Skipping current gene annotation.
[('TNFRSF10A-DT', 'chr8', 'f'), ('TNFRSF10A-DT', 'chr8', 'r')]
Warning: Input gene annotations include multiple chr, strand, or regions (5Mb away). Skipping current gene annotation.
[('TRPC6P1', 'chrX', 'r'), ('TRPC6P1', 'chrY', 'r')]
Warning: Input gene annotations include multiple chr, strand, or regions (5Mb away). Skipping current gene annotation.
[('7SK', 'chr1', 'r'), ('7SK', 'chr1', 'f'), ('7SK', 'chr11', 'f'), ('7SK', 'chr17', 'f'), ('7SK', 'chr3', 'r'), ('7SK', 'chr6', 'f')]
Warning: Input gene annotations include multiple chr, strand, or regions (5Mb away). Skipping current gene annotation.
[('Y_RNA', 'chr1', 'r'), ('Y_RNA', 'chr1', 'f'), ('Y_RNA', 'chr10', 'r'), ('Y_RNA', 'chr10', 'f'), ('Y_RNA', 'chr11', 'f'), ('Y_RNA', 'chr11', 'r'), ('Y_RNA', 'chr12', 'r'), ('Y_RNA', 'chr12', 'f'), ('Y_RNA', 'chr13', 'f'), ('Y_RNA', 'chr14', 'f'), ('Y_RNA', 'chr14', 'r'), ('Y_RNA', 'chr15', 'f'), ('Y_RNA', 'chr15', 'r'), ('Y_RNA', 'chr16', 'f'), ('Y_RNA', 'chr16', 'r'), ('Y_RNA', 'chr17', 'f'), ('Y_RNA', 'chr17', 'r'), ('Y_RNA', 'chr18', 'f'), ('Y_RNA', 'chr18', 'r'), ('Y_RNA', 'chr19', 'r'), ('Y_RNA', 'chr19', 'f'), ('Y_RNA', 'chr2', 'f'), ('Y_RNA', 'chr2', 'r'), ('Y_RNA', 'chr20', 'f'), ('Y_RNA', 'chr20', 'r'), ('Y_RNA', 'chr21', 'f'), ('Y_RNA', 'chr21', 'r'), ('Y_RNA', 'chr22', 'f'), ('Y_RNA', 'chr22', 'r'), ('Y_RNA', 'chr3', 'r'), ('Y_RNA', 'chr3', 'f'), ('Y_RNA', 'chr4', 'r'), ('Y_RNA', 'chr4', 'f'), ('Y_RNA', 'chr5', 'r'), ('Y_RNA', 'chr5', 'f'), ('Y_RNA', 'chr6', 'r'), ('Y_RNA', 'chr6', 'f'), ('Y_RNA', 'chr7', 'r'), ('Y_RNA', 'chr7', 'f'), ('Y_RNA', 'chr8', 'f'), ('Y_RNA', 'chr8', 'r'), ('Y_RNA', 'chr9', 'f'), ('Y_RNA', 'chr9', 'r'), ('Y_RNA', 'chrX', 'r'), ('Y_RNA', 'chrX', 'f'), ('Y_RNA', 'chrY', 'f')]
Warning: Input gene annotations include multiple chr, strand, or regions (5Mb away). Skipping current gene annotation.
[('WASIR1', 'chrX', 'r'), ('WASIR1', 'chrY', 'r')]
Warning: Input gene annotations include multiple chr, strand, or regions (5Mb away). Skipping current gene annotation.
[('U8', 'chr1', 'f'), ('U8', 'chr10', 'r'), ('U8', 'chr10', 'f'), ('U8', 'chr11', 'f'), ('U8', 'chr12', 'r'), ('U8', 'chr12', 'f'), ('U8', 'chr15', 'f'), ('U8', 'chr15', 'r'), ('U8', 'chr18', 'r'), ('U8', 'chr2', 'r'), ('U8', 'chr2', 'f'), ('U8', 'chr3', 'r'), ('U8', 'chr3', 'f'), ('U8', 'chr5', 'r'), ('U8', 'chr5', 'f'), ('U8', 'chr6', 'r'), ('U8', 'chr8', 'r'), ('U8', 'chr9', 'f')]
Warning: Input gene annotations include multiple chr, strand, or regions (5Mb away). Skipping current gene annotation.
[('U4', 'chr1', 'r'), ('U4', 'chr1', 'f'), ('U4', 'chr11', 'r'), ('U4', 'chr2', 'f'), ('U4', 'chr5', 'r'), ('U4', 'chr6', 'f'), ('U4', 'chr8', 'r')]
Warning: Input gene annotations include multiple chr, strand, or regions (5Mb away). Skipping current gene annotation.
[('U7', 'chr1', 'f'), ('U7', 'chr12', 'r'), ('U7', 'chr15', 'f'), ('U7', 'chr16', 'r'), ('U7', 'chr22', 'r'), ('U7', 'chr3', 'f'), ('U7', 'chrX', 'f')]
Warning: Input gene annotations include multiple chr, strand, or regions (5Mb away). Skipping current gene annotation.
[('U6', 'chr1', 'r'), ('U6', 'chr1', 'f'), ('U6', 'chr10', 'f'), ('U6', 'chr11', 'r'), ('U6', 'chr11', 'f'), ('U6', 'chr12', 'f'), ('U6', 'chr12', 'r'), ('U6', 'chr13', 'f'), ('U6', 'chr14', 'r'), ('U6', 'chr15', 'r'), ('U6', 'chr15', 'f'), ('U6', 'chr16', 'f'), ('U6', 'chr17', 'r'), ('U6', 'chr2', 'f'), ('U6', 'chr2', 'r'), ('U6', 'chr20', 'r'), ('U6', 'chr21', 'f'), ('U6', 'chr22', 'f'), ('U6', 'chr3', 'f'), ('U6', 'chr4', 'f'), ('U6', 'chr4', 'r'), ('U6', 'chr9', 'f'), ('U6', 'chrX', 'f')]
Warning: Input gene annotations include multiple chr, strand, or regions (5Mb away). Skipping current gene annotation.
[('U1', 'chr1', 'f'), ('U1', 'chr1', 'r'), ('U1', 'chr21', 'f')]
Warning: Input gene annotations include multiple chr, strand, or regions (5Mb away). Skipping current gene annotation.
[('U3', 'chr1', 'f'), ('U3', 'chr1', 'r'), ('U3', 'chr10', 'f'), ('U3', 'chr10', 'r'), ('U3', 'chr11', 'f'), ('U3', 'chr14', 'r'), ('U3', 'chr15', 'f'), ('U3', 'chr15', 'r'), ('U3', 'chr17', 'r'), ('U3', 'chr17', 'f'), ('U3', 'chr18', 'f'), ('U3', 'chr18', 'r'), ('U3', 'chr19', 'r'), ('U3', 'chr2', 'f'), ('U3', 'chr2', 'r'), ('U3', 'chr20', 'f'), ('U3', 'chr20', 'r'), ('U3', 'chr21', 'r'), ('U3', 'chr3', 'r'), ('U3', 'chr3', 'f'), ('U3', 'chr4', 'f'), ('U3', 'chr5', 'f'), ('U3', 'chr5', 'r'), ('U3', 'chr6', 'f'), ('U3', 'chr6', 'r'), ('U3', 'chr7', 'f'), ('U3', 'chr7', 'r'), ('U3', 'chr8', 'f'), ('U3', 'chr8', 'r'), ('U3', 'chrX', 'f'), ('U3', 'chrX', 'r')]
Warning: Input gene annotations include multiple chr, strand, or regions (5Mb away). Skipping current gene annotation.
[('U2', 'chr1', 'f'), ('U2', 'chr14', 'r'), ('U2', 'chr17', 'r'), ('U2', 'chr22', 'r'), ('U2', 'chr3', 'f'), ('U2', 'chr4', 'f'), ('U2', 'chr8', 'r'), ('U2', 'chr9', 'f')]
Warning: Input gene annotations include multiple chr, strand, or regions (5Mb away). Skipping current gene annotation.
[('MIR6089', 'chrX', 'f'), ('MIR6089', 'chrY', 'f')]
Warning: Input gene annotations include multiple chr, strand, or regions (5Mb away). Skipping current gene annotation.
[('IL3RA', 'chrX', 'f'), ('IL3RA', 'chrY', 'f')]
Warning: Input gene annotations include multiple chr, strand, or regions (5Mb away). Skipping current gene annotation.
[('GTPBP6', 'chrX', 'r'), ('GTPBP6', 'chrY', 'r')]
Warning: Input gene annotations include multiple chr, strand, or regions (5Mb away). Skipping current gene annotation.
[('SNORD18', 'chr15', 'r'), ('SNORD18', 'chr2', 'r')]
Warning: Input gene annotations include multiple chr, strand, or regions (5Mb away). Skipping current gene annotation.
[('LSP1P5', 'chr1', 'f'), ('LSP1P5', 'chr2', 'r')]
Warning: Input gene annotations include multiple chr, strand, or regions (5Mb away). Skipping current gene annotation.
[('ELOCP24', 'chrX', 'r'), ('ELOCP24', 'chrY', 'r')]
Warning: Input gene annotations include multiple chr, strand, or regions (5Mb away). Skipping current gene annotation.
[('Vault', 'chr17', 'f'), ('Vault', 'chr17', 'r'), ('Vault', 'chr2', 'r'), ('Vault', 'chr5', 'r')]
Warning: Input gene annotations include multiple chr, strand, or regions (5Mb away). Skipping current gene annotation.
[('LINC03025', 'chr9', 'r'), ('LINC03025', 'chr9', 'f')]
Warning: Input gene annotations include multiple chr, strand, or regions (5Mb away). Skipping current gene annotation.
[('5S_rRNA', 'chr1', 'r'), ('5S_rRNA', 'chr16', 'r'), ('5S_rRNA', 'chr17', 'r'), ('5S_rRNA', 'chr19', 'r'), ('5S_rRNA', 'chr2', 'r'), ('5S_rRNA', 'chr2', 'f'), ('5S_rRNA', 'chr6', 'r'), ('5S_rRNA', 'chr7', 'r'), ('5S_rRNA', 'chrX', 'f')]
Warning: Input gene annotations include multiple chr, strand, or regions (5Mb away). Skipping current gene annotation.
[('WASH6P', 'chrX', 'f'), ('WASH6P', 'chrY', 'f')]
Warning: Input gene annotations include multiple chr, strand, or regions (5Mb away). Skipping current gene annotation.
[('LINC01238', 'chr2', 'f'), ('LINC01238', 'chr2', 'r')]
Warning: Input gene annotations include multiple chr, strand, or regions (5Mb away). Skipping current gene annotation.
[('MIR3690', 'chrX', 'f'), ('MIR3690', 'chrY', 'f')]
Warning: Input gene annotations include multiple chr, strand, or regions (5Mb away). Skipping current gene annotation.
[('HERC2P7', 'chr15', 'r'), ('HERC2P7', 'chr15', 'f')]
Warning: Input gene annotations include multiple chr, strand, or regions (5Mb away). Skipping current gene annotation.
[('CTSLP2', 'chr10', 'f'), ('CTSLP2', 'chr10', 'r')]
Warning: Input gene annotations include multiple chr, strand, or regions (5Mb away). Skipping current gene annotation.
[('SNORA62', 'chr1', 'f'), ('SNORA62', 'chr11', 'f'), ('SNORA62', 'chr16', 'r'), ('SNORA62', 'chr21', 'f'), ('SNORA62', 'chr3', 'f'), ('SNORA62', 'chr4', 'f'), ('SNORA62', 'chr8', 'f')]
Warning: Input gene annotations include multiple chr, strand, or regions (5Mb away). Skipping current gene annotation.
[('SNORA63', 'chr1', 'f'), ('SNORA63', 'chr1', 'r'), ('SNORA63', 'chr15', 'r'), ('SNORA63', 'chr3', 'f'), ('SNORA63', 'chr4', 'f'), ('SNORA63', 'chr5', 'f'), ('SNORA63', 'chr7', 'r')]
Warning: Input gene annotations include multiple chr, strand, or regions (5Mb away). Skipping current gene annotation.
[('SNORD116', 'chr1', 'r'), ('SNORD116', 'chr13', 'r'), ('SNORD116', 'chr9', 'f')]
Warning: Input gene annotations include multiple chr, strand, or regions (5Mb away). Skipping current gene annotation.
[('SNORD63', 'chr17', 'r'), ('SNORD63', 'chr3', 'r'), ('SNORD63', 'chr5', 'r')]
Warning: Input gene annotations include multiple chr, strand, or regions (5Mb away). Skipping current gene annotation.
[('KMT2CP1', 'chr1', 'r'), ('KMT2CP1', 'chr1', 'f')]
Warning: Input gene annotations include multiple chr, strand, or regions (5Mb away). Skipping current gene annotation.
[('SHOX', 'chrX', 'f'), ('SHOX', 'chrY', 'f')]
Warning: Input gene annotations include multiple chr, strand, or regions (5Mb away). Skipping current gene annotation.
[('RPL23AP7', 'chr2', 'r'), ('RPL23AP7', 'chr22', 'f')]
Warning: Input gene annotations include multiple chr, strand, or regions (5Mb away). Skipping current gene annotation.
[('DHRSX-IT1', 'chrX', 'r'), ('DHRSX-IT1', 'chrY', 'r')]
Warning: Input gene annotations include multiple chr, strand, or regions (5Mb away). Skipping current gene annotation.
[('SNORD39', 'chr11', 'r'), ('SNORD39', 'chr2', 'f'), ('SNORD39', 'chr4', 'r'), ('SNORD39', 'chr9', 'r')]
Warning: Input gene annotations include multiple chr, strand, or regions (5Mb away). Skipping current gene annotation.
[('ZBED1', 'chrX', 'r'), ('ZBED1', 'chrY', 'r')]
Warning: Input gene annotations include multiple chr, strand, or regions (5Mb away). Skipping current gene annotation.
[('ASMTL-AS1', 'chrX', 'f'), ('ASMTL-AS1', 'chrY', 'f')]
Warning: Input gene annotations include multiple chr, strand, or regions (5Mb away). Skipping current gene annotation.
[('SNORD30', 'chr11', 'r'), ('SNORD30', 'chrX', 'f')]
Warning: Input gene annotations include multiple chr, strand, or regions (5Mb away). Skipping current gene annotation.
[('ASMTL', 'chrX', 'r'), ('ASMTL', 'chrY', 'r')]
Warning: Input gene annotations include multiple chr, strand, or regions (5Mb away). Skipping current gene annotation.
[('FABP5P13', 'chrX', 'r'), ('FABP5P13', 'chrY', 'r')]
Warning: Input gene annotations include multiple chr, strand, or regions (5Mb away). Skipping current gene annotation.
[('CD99', 'chrX', 'f'), ('CD99', 'chrY', 'f')]
Warning: Input gene annotations include multiple chr, strand, or regions (5Mb away). Skipping current gene annotation.
[('DHRSX', 'chrX', 'r'), ('DHRSX', 'chrY', 'r')]
Warning: Input gene annotations include multiple chr, strand, or regions (5Mb away). Skipping current gene annotation.
[('SNORD33', 'chr16', 'r'), ('SNORD33', 'chr19', 'f')]
Warning: Input gene annotations include multiple chr, strand, or regions (5Mb away). Skipping current gene annotation.
[('NPIPA9', 'chr16', 'f'), ('NPIPA9', 'chr16', 'r')]
Warning: Input gene annotations include multiple chr, strand, or regions (5Mb away). Skipping current gene annotation.
[('SNORD81', 'chr1', 'f'), ('SNORD81', 'chr5', 'f'), ('SNORD81', 'chr7', 'f')]
Warning: Input gene annotations include multiple chr, strand, or regions (5Mb away). Skipping current gene annotation.
[('PLCXD1', 'chrX', 'f'), ('PLCXD1', 'chrY', 'f')]
Warning: Input gene annotations include multiple chr, strand, or regions (5Mb away). Skipping current gene annotation.
[('RNA5SP498', 'chrX', 'r'), ('RNA5SP498', 'chrY', 'r')]
Warning: Input gene annotations include multiple chr, strand, or regions (5Mb away). Skipping current gene annotation.
[('Metazoa_SRP', 'chr1', 'f'), ('Metazoa_SRP', 'chr1', 'r'), ('Metazoa_SRP', 'chr10', 'f'), ('Metazoa_SRP', 'chr10', 'r'), ('Metazoa_SRP', 'chr11', 'r'), ('Metazoa_SRP', 'chr11', 'f'), ('Metazoa_SRP', 'chr12', 'f'), ('Metazoa_SRP', 'chr12', 'r'), ('Metazoa_SRP', 'chr13', 'r'), ('Metazoa_SRP', 'chr13', 'f'), ('Metazoa_SRP', 'chr14', 'r'), ('Metazoa_SRP', 'chr14', 'f'), ('Metazoa_SRP', 'chr15', 'r'), ('Metazoa_SRP', 'chr15', 'f'), ('Metazoa_SRP', 'chr16', 'f'), ('Metazoa_SRP', 'chr16', 'r'), ('Metazoa_SRP', 'chr17', 'r'), ('Metazoa_SRP', 'chr17', 'f'), ('Metazoa_SRP', 'chr18', 'r'), ('Metazoa_SRP', 'chr19', 'f'), ('Metazoa_SRP', 'chr19', 'r'), ('Metazoa_SRP', 'chr2', 'f'), ('Metazoa_SRP', 'chr2', 'r'), ('Metazoa_SRP', 'chr20', 'f'), ('Metazoa_SRP', 'chr20', 'r'), ('Metazoa_SRP', 'chr22', 'f'), ('Metazoa_SRP', 'chr22', 'r'), ('Metazoa_SRP', 'chr3', 'r'), ('Metazoa_SRP', 'chr3', 'f'), ('Metazoa_SRP', 'chr4', 'r'), ('Metazoa_SRP', 'chr4', 'f'), ('Metazoa_SRP', 'chr5', 'f'), ('Metazoa_SRP', 'chr5', 'r'), ('Metazoa_SRP', 'chr6', 'f'), ('Metazoa_SRP', 'chr6', 'r'), ('Metazoa_SRP', 'chr7', 'f'), ('Metazoa_SRP', 'chr7', 'r'), ('Metazoa_SRP', 'chr8', 'f'), ('Metazoa_SRP', 'chr8', 'r'), ('Metazoa_SRP', 'chr9', 'f'), ('Metazoa_SRP', 'chr9', 'r'), ('Metazoa_SRP', 'chrX', 'r'), ('Metazoa_SRP', 'chrX', 'f'), ('Metazoa_SRP', 'chrY', 'r')]
Warning: Input gene annotations include multiple chr, strand, or regions (5Mb away). Skipping current gene annotation.
[('CSF2RA', 'chrX', 'f'), ('CSF2RA', 'chrY', 'f')]
Warning: Input gene annotations include multiple chr, strand, or regions (5Mb away). Skipping current gene annotation.
[('PPP2R3B', 'chrX', 'r'), ('PPP2R3B', 'chrY', 'r')]
Warning: Input gene annotations include multiple chr, strand, or regions (5Mb away). Skipping current gene annotation.
[('DPH3P2', 'chrX', 'f'), ('DPH3P2', 'chrY', 'f')]
Warning: Input gene annotations include multiple chr, strand, or regions (5Mb away). Skipping current gene annotation.
[('ASMT', 'chrX', 'f'), ('ASMT', 'chrY', 'f')]
Warning: Input gene annotations include multiple chr, strand, or regions (5Mb away). Skipping current gene annotation.
[('IL9R', 'chrX', 'f'), ('IL9R', 'chrY', 'f')]
Warning: Input gene annotations include multiple chr, strand, or regions (5Mb away). Skipping current gene annotation.
[('VAMP7', 'chrX', 'f'), ('VAMP7', 'chrY', 'f')]
Warning: Input gene annotations include multiple chr, strand, or regions (5Mb away). Skipping current gene annotation.
[('LINC02968', 'chrX', 'f'), ('LINC02968', 'chrY', 'f')]
Warning: Input gene annotations include multiple chr, strand, or regions (5Mb away). Skipping current gene annotation.
[('SNORA75', 'chr12', 'r'), ('SNORA75', 'chr12', 'f'), ('SNORA75', 'chr16', 'f'), ('SNORA75', 'chr2', 'r'), ('SNORA75', 'chr4', 'f')]
Warning: Input gene annotations include multiple chr, strand, or regions (5Mb away). Skipping current gene annotation.
[('SNORA74', 'chr12', 'r'), ('SNORA74', 'chr17', 'f'), ('SNORA74', 'chr2', 'f')]
Warning: Input gene annotations include multiple chr, strand, or regions (5Mb away). Skipping current gene annotation.
[('SNORA73', 'chr18', 'f'), ('SNORA73', 'chr18', 'r'), ('SNORA73', 'chr6', 'r')]
Warning: Input gene annotations include multiple chr, strand, or regions (5Mb away). Skipping current gene annotation.
[('SNORA72', 'chr1', 'r'), ('SNORA72', 'chr1', 'f'), ('SNORA72', 'chr2', 'f'), ('SNORA72', 'chr3', 'f'), ('SNORA72', 'chr3', 'r'), ('SNORA72', 'chr8', 'r')]
Warning: Input gene annotations include multiple chr, strand, or regions (5Mb away). Skipping current gene annotation.
[('SNORA71', 'chr10', 'f'), ('SNORA71', 'chr20', 'r'), ('SNORA71', 'chr20', 'f')]
Warning: Input gene annotations include multiple chr, strand, or regions (5Mb away). Skipping current gene annotation.
[('SNORA70', 'chr1', 'r'), ('SNORA70', 'chr12', 'r'), ('SNORA70', 'chr12', 'f'), ('SNORA70', 'chr14', 'f'), ('SNORA70', 'chr16', 'r'), ('SNORA70', 'chr17', 'r'), ('SNORA70', 'chr17', 'f'), ('SNORA70', 'chr18', 'r'), ('SNORA70', 'chr19', 'f'), ('SNORA70', 'chr21', 'f'), ('SNORA70', 'chr21', 'r'), ('SNORA70', 'chr3', 'f'), ('SNORA70', 'chr4', 'f'), ('SNORA70', 'chr5', 'f'), ('SNORA70', 'chr6', 'f'), ('SNORA70', 'chr8', 'r'), ('SNORA70', 'chr8', 'f'), ('SNORA70', 'chr9', 'f'), ('SNORA70', 'chr9', 'r'), ('SNORA70', 'chrX', 'f'), ('SNORA70', 'chrY', 'r'), ('SNORA70', 'chrY', 'f')]
Warning: Input gene annotations include multiple chr, strand, or regions (5Mb away). Skipping current gene annotation.
[('AMD1P2', 'chrX', 'r'), ('AMD1P2', 'chrY', 'r')]
Warning: Input gene annotations include multiple chr, strand, or regions (5Mb away). Skipping current gene annotation.
[('CRLF2', 'chrX', 'r'), ('CRLF2', 'chrY', 'r')]
Warning: Input gene annotations include multiple chr, strand, or regions (5Mb away). Skipping current gene annotation.
[('SNORD115', 'chr10', 'f'), ('SNORD115', 'chr15', 'f')]
Warning: Input gene annotations include multiple chr, strand, or regions (5Mb away). Skipping current gene annotation.
[('AKAP17A', 'chrX', 'f'), ('AKAP17A', 'chrY', 'f')]
Warning: Input gene annotations include multiple chr, strand, or regions (5Mb away). Skipping current gene annotation.
[('SNORD27', 'chr11', 'r'), ('SNORD27', 'chr13', 'r')]
Warning: Input gene annotations include multiple chr, strand, or regions (5Mb away). Skipping current gene annotation.
[('P2RY8', 'chrX', 'r'), ('P2RY8', 'chrY', 'r')]
Warning: Input gene annotations include multiple chr, strand, or regions (5Mb away). Skipping current gene annotation.
[('NPEPPSP1', 'chr17', 'f'), ('NPEPPSP1', 'chr17', 'r')]
Warning: Input gene annotations include multiple chr, strand, or regions (5Mb away). Skipping current gene annotation.
[('LINC00685', 'chrX', 'f'), ('LINC00685', 'chrY', 'f')]
Warning: Input gene annotations include multiple chr, strand, or regions (5Mb away). Skipping current gene annotation.
[('DDX11L2', 'chr1', 'f'), ('DDX11L2', 'chr2', 'r')]
Warning: Input gene annotations include multiple chr, strand, or regions (5Mb away). Skipping current gene annotation.
[('GABARAPL3', 'chr15', 'f'), ('GABARAPL3', 'chr15', 'r')]
Warning: Input gene annotations include multiple chr, strand, or regions (5Mb away). Skipping current gene annotation.
[('LINC02256', 'chr15', 'r'), ('LINC02256', 'chr15', 'f')]
Warning: Input gene annotations include multiple chr, strand, or regions (5Mb away). Skipping current gene annotation.
[('5_8S_rRNA', 'chr14', 'f'), ('5_8S_rRNA', 'chr20', 'r'), ('5_8S_rRNA', 'chr21', 'f'), ('5_8S_rRNA', 'chr22', 'r')]
Warning: Input gene annotations include multiple chr, strand, or regions (5Mb away). Skipping current gene annotation.
[('RPL14P5', 'chrX', 'r'), ('RPL14P5', 'chrY', 'r')]
Warning: Input gene annotations include multiple chr, strand, or regions (5Mb away). Skipping current gene annotation.
[('LINC00106', 'chrX', 'f'), ('LINC00106', 'chrY', 'f')]
Warning: Input gene annotations include multiple chr, strand, or regions (5Mb away). Skipping current gene annotation.
[('ANKRD20A5P', 'chr18', 'f'), ('ANKRD20A5P', 'chr9', 'f')]
Warning: Input gene annotations include multiple chr, strand, or regions (5Mb away). Skipping current gene annotation.
[('SLC25A6', 'chrX', 'r'), ('SLC25A6', 'chrY', 'r')]
Warning: Input gene annotations include multiple chr, strand, or regions (5Mb away). Skipping current gene annotation.
[('KRT18P53', 'chrX', 'r'), ('KRT18P53', 'chrY', 'r')]
Warning: Input gene annotations include multiple chr, strand, or regions (5Mb away). Skipping current gene annotation.
[('DDX11L16', 'chr15', 'r'), ('DDX11L16', 'chr16', 'f'), ('DDX11L16', 'chrX', 'r'), ('DDX11L16', 'chrY', 'r')]
Gene intervals loaded.
22.9266529083 sec. elapsed.
Transcript annotations loaded.
15.325786829 sec. elapsed.
Merge cff by exons
Loading required package: graph
Loading required package: BiocGenerics

Attaching package: 'BiocGenerics'

The following objects are masked from 'package:stats':

    IQR, mad, sd, var, xtabs

The following objects are masked from 'package:base':

    Filter, Find, Map, Position, Reduce, anyDuplicated, append,
    as.data.frame, basename, cbind, colnames, dirname, do.call,
    duplicated, eval, evalq, get, grep, grepl, intersect, is.unsorted,
    lapply, mapply, match, mget, order, paste, pmax, pmax.int, pmin,
    pmin.int, rank, rbind, rownames, sapply, setdiff, sort, table,
    tapply, union, unique, unsplit, which.max, which.min

Reading FID.intersections.tsv file
9634 records to build graph
Building graph
output cis-sage.cluster file
ReadThrough, callerfilter 1
python callerfilter_num.py --cluster /MetaFusion/RUNS_Results/TCGA-ACC/ACC.cff.reformat.renamed.reann.WITH_SEQ.exons.cluster --num_tools 1 | grep -v ReadThrough > /MetaFusion/RUNS_Results/TCGA-ACC/ACC.cff.reformat.renamed.reann.WITH_SEQ.exons.cluster.RT_filter.callerfilter.1
blocklist filter
ANC adjacent noncoding filter
Rank and generate final.cluster
Running FusionAnnotator
-parsing annotation gene spans
-warning, no gene stored for identifier: [AC097637.3]
-warning, no gene stored for identifier: [AC087632.2]
-warning, no gene stored for identifier: [AC094105.2]
-warning, no gene stored for identifier: [CARINH]
-warning, no gene stored for identifier: [CSTPP1]
-warning, no gene stored for identifier: [LINC02755]
-warning, no gene stored for identifier: [YJU2B]
-warning, no gene stored for identifier: [LYRM4-AS1]
-warning, no gene stored for identifier: [AC106793.1]
-warning, no gene stored for identifier: [AL022098.1]
-warning, no gene stored for identifier: [ATOSB]
-warning, no gene stored for identifier: [CHCT1]
-warning, no gene stored for identifier: [AC114930.1]
-warning, no gene stored for identifier: [CENPBD2P]
-warning, no gene stored for identifier: [AC113370.1]
-warning, no gene stored for identifier: [PDCD6-AHRR]
-warning, no gene stored for identifier: [AL441992.2]
-warning, no gene stored for identifier: [LINC02842]
-warning, no gene stored for identifier: [LERFS]
-warning, no gene stored for identifier: [LINC02819]
-warning, no gene stored for identifier: [LINC02641]
-warning, no gene stored for identifier: [AC026765.3]
-warning, no gene stored for identifier: [AL009177.1]
-warning, no gene stored for identifier: [AC007391.3]
-warning, no gene stored for identifier: [CELF2-DT]
-warning, no gene stored for identifier: [AC011246.1]
-warning, no gene stored for identifier: [CLXN]
-warning, no gene stored for identifier: [FBXL9P]
-warning, no gene stored for identifier: [AC126121.3]
-warning, no gene stored for identifier: [FZD4-DT]
-warning, no gene stored for identifier: [AC107223.1]
-warning, no gene stored for identifier: [AL645933.3]
-warning, no gene stored for identifier: [AC104370.1]
-warning, no gene stored for identifier: [IFT56]
-warning, no gene stored for identifier: [AC002460.2]
-warning, no gene stored for identifier: [LINC02775]
-warning, no gene stored for identifier: [LINC02802]
-warning, no gene stored for identifier: [AC026341.1]
-warning, no gene stored for identifier: [AL031073.2]
-warning, no gene stored for identifier: [AC074024.1]
-warning, no gene stored for identifier: [AL049828.1]
-warning, no gene stored for identifier: [AC074091.2]
-warning, no gene stored for identifier: [MTRFR]
-warning, no gene stored for identifier: [NALF1]
-warning, no gene stored for identifier: [AC024588.1]
-warning, no gene stored for identifier: [LINC02798]
-warning, no gene stored for identifier: [ASMER1]
-warning, no gene stored for identifier: [AC119673.2]
-warning, no gene stored for identifier: [KIF5C-AS1]
-warning, no gene stored for identifier: [RLIG1]
-warning, no gene stored for identifier: [PRDX6-AS1]
-warning, no gene stored for identifier: [AC009093.11]
-warning, no gene stored for identifier: [SRP14-DT]
-warning, no gene stored for identifier: [AP002748.6]
-warning, no gene stored for identifier: [CDC42-AS1]
-warning, no gene stored for identifier: [ANAPC1P2]
-warning, no gene stored for identifier: [AC020612.4]
-warning, no gene stored for identifier: [ZNF25-DT]
-warning, no gene stored for identifier: [AC021087.5]
-warning, no gene stored for identifier: [SAXO4]
-warning, no gene stored for identifier: [AC012405.1]
-warning, no gene stored for identifier: [VPS13B-DT]
-warning, no gene stored for identifier: [ARHGAP29-AS1]
-warning, no gene stored for identifier: [AC084123.1]
-warning, no gene stored for identifier: [LINC03011]
-warning, no gene stored for identifier: [YWHAH-AS1]
Adding FusionAnnotator database hits to final.cluster.CANCER_FUSIONS file
no benchmarking performed
Done
End at Sat Oct 5 20:35:54 UTC 2024 -----------
