Start at Sat Oct 5 20:35:55 UTC 2024 -----------
Generating output in /MetaFusion/RUNS_Results/TCGA-THYM
mkdir: cannot create directory '/MetaFusion/RUNS_Results/TCGA-THYM': File exists
Rename cff
python rename_cff_file_genes.MetaFusion.py /MetaFusion/RUNS_Results/TCGA-THYM/THYM.cff.reformat /MetaFusion/reference_files/Homo_sapiens.gene_info > /MetaFusion/RUNS_Results/TCGA-THYM/THYM.cff.reformat.renamed
Annotate cff, extract sequence surrounding breakpoint
3186995 annotations from /MetaFusion/reference_files/hg38_gene.bed loaded.
16.2116341591 sec. elapsed.
Warning: Input gene annotations include multiple chr, strand, or regions (5Mb away). Skipping current gene annotation.
[('LINC00102', 'chrX', 'r'), ('LINC00102', 'chrY', 'r')]
Warning: Input gene annotations include multiple chr, strand, or regions (5Mb away). Skipping current gene annotation.
[('SNORD42', 'chr22', 'r'), ('SNORD42', 'chr4', 'r')]
Warning: Input gene annotations include multiple chr, strand, or regions (5Mb away). Skipping current gene annotation.
[('CD99P1', 'chrX', 'f'), ('CD99P1', 'chrY', 'f')]
Warning: Input gene annotations include multiple chr, strand, or regions (5Mb away). Skipping current gene annotation.
[('TNFRSF10A-DT', 'chr8', 'f'), ('TNFRSF10A-DT', 'chr8', 'r')]
Warning: Input gene annotations include multiple chr, strand, or regions (5Mb away). Skipping current gene annotation.
[('TRPC6P1', 'chrX', 'r'), ('TRPC6P1', 'chrY', 'r')]
Warning: Input gene annotations include multiple chr, strand, or regions (5Mb away). Skipping current gene annotation.
[('7SK', 'chr1', 'r'), ('7SK', 'chr1', 'f'), ('7SK', 'chr11', 'f'), ('7SK', 'chr17', 'f'), ('7SK', 'chr3', 'r'), ('7SK', 'chr6', 'f')]
Warning: Input gene annotations include multiple chr, strand, or regions (5Mb away). Skipping current gene annotation.
[('Y_RNA', 'chr1', 'r'), ('Y_RNA', 'chr1', 'f'), ('Y_RNA', 'chr10', 'r'), ('Y_RNA', 'chr10', 'f'), ('Y_RNA', 'chr11', 'f'), ('Y_RNA', 'chr11', 'r'), ('Y_RNA', 'chr12', 'r'), ('Y_RNA', 'chr12', 'f'), ('Y_RNA', 'chr13', 'f'), ('Y_RNA', 'chr14', 'f'), ('Y_RNA', 'chr14', 'r'), ('Y_RNA', 'chr15', 'f'), ('Y_RNA', 'chr15', 'r'), ('Y_RNA', 'chr16', 'f'), ('Y_RNA', 'chr16', 'r'), ('Y_RNA', 'chr17', 'f'), ('Y_RNA', 'chr17', 'r'), ('Y_RNA', 'chr18', 'f'), ('Y_RNA', 'chr18', 'r'), ('Y_RNA', 'chr19', 'r'), ('Y_RNA', 'chr19', 'f'), ('Y_RNA', 'chr2', 'f'), ('Y_RNA', 'chr2', 'r'), ('Y_RNA', 'chr20', 'f'), ('Y_RNA', 'chr20', 'r'), ('Y_RNA', 'chr21', 'f'), ('Y_RNA', 'chr21', 'r'), ('Y_RNA', 'chr22', 'f'), ('Y_RNA', 'chr22', 'r'), ('Y_RNA', 'chr3', 'r'), ('Y_RNA', 'chr3', 'f'), ('Y_RNA', 'chr4', 'r'), ('Y_RNA', 'chr4', 'f'), ('Y_RNA', 'chr5', 'r'), ('Y_RNA', 'chr5', 'f'), ('Y_RNA', 'chr6', 'r'), ('Y_RNA', 'chr6', 'f'), ('Y_RNA', 'chr7', 'r'), ('Y_RNA', 'chr7', 'f'), ('Y_RNA', 'chr8', 'f'), ('Y_RNA', 'chr8', 'r'), ('Y_RNA', 'chr9', 'f'), ('Y_RNA', 'chr9', 'r'), ('Y_RNA', 'chrX', 'r'), ('Y_RNA', 'chrX', 'f'), ('Y_RNA', 'chrY', 'f')]
Warning: Input gene annotations include multiple chr, strand, or regions (5Mb away). Skipping current gene annotation.
[('WASIR1', 'chrX', 'r'), ('WASIR1', 'chrY', 'r')]
Warning: Input gene annotations include multiple chr, strand, or regions (5Mb away). Skipping current gene annotation.
[('U8', 'chr1', 'f'), ('U8', 'chr10', 'r'), ('U8', 'chr10', 'f'), ('U8', 'chr11', 'f'), ('U8', 'chr12', 'r'), ('U8', 'chr12', 'f'), ('U8', 'chr15', 'f'), ('U8', 'chr15', 'r'), ('U8', 'chr18', 'r'), ('U8', 'chr2', 'r'), ('U8', 'chr2', 'f'), ('U8', 'chr3', 'r'), ('U8', 'chr3', 'f'), ('U8', 'chr5', 'r'), ('U8', 'chr5', 'f'), ('U8', 'chr6', 'r'), ('U8', 'chr8', 'r'), ('U8', 'chr9', 'f')]
Warning: Input gene annotations include multiple chr, strand, or regions (5Mb away). Skipping current gene annotation.
[('U4', 'chr1', 'r'), ('U4', 'chr1', 'f'), ('U4', 'chr11', 'r'), ('U4', 'chr2', 'f'), ('U4', 'chr5', 'r'), ('U4', 'chr6', 'f'), ('U4', 'chr8', 'r')]
Warning: Input gene annotations include multiple chr, strand, or regions (5Mb away). Skipping current gene annotation.
[('U7', 'chr1', 'f'), ('U7', 'chr12', 'r'), ('U7', 'chr15', 'f'), ('U7', 'chr16', 'r'), ('U7', 'chr22', 'r'), ('U7', 'chr3', 'f'), ('U7', 'chrX', 'f')]
Warning: Input gene annotations include multiple chr, strand, or regions (5Mb away). Skipping current gene annotation.
[('U6', 'chr1', 'r'), ('U6', 'chr1', 'f'), ('U6', 'chr10', 'f'), ('U6', 'chr11', 'r'), ('U6', 'chr11', 'f'), ('U6', 'chr12', 'f'), ('U6', 'chr12', 'r'), ('U6', 'chr13', 'f'), ('U6', 'chr14', 'r'), ('U6', 'chr15', 'r'), ('U6', 'chr15', 'f'), ('U6', 'chr16', 'f'), ('U6', 'chr17', 'r'), ('U6', 'chr2', 'f'), ('U6', 'chr2', 'r'), ('U6', 'chr20', 'r'), ('U6', 'chr21', 'f'), ('U6', 'chr22', 'f'), ('U6', 'chr3', 'f'), ('U6', 'chr4', 'f'), ('U6', 'chr4', 'r'), ('U6', 'chr9', 'f'), ('U6', 'chrX', 'f')]
Warning: Input gene annotations include multiple chr, strand, or regions (5Mb away). Skipping current gene annotation.
[('U1', 'chr1', 'f'), ('U1', 'chr1', 'r'), ('U1', 'chr21', 'f')]
Warning: Input gene annotations include multiple chr, strand, or regions (5Mb away). Skipping current gene annotation.
[('U3', 'chr1', 'f'), ('U3', 'chr1', 'r'), ('U3', 'chr10', 'f'), ('U3', 'chr10', 'r'), ('U3', 'chr11', 'f'), ('U3', 'chr14', 'r'), ('U3', 'chr15', 'f'), ('U3', 'chr15', 'r'), ('U3', 'chr17', 'r'), ('U3', 'chr17', 'f'), ('U3', 'chr18', 'f'), ('U3', 'chr18', 'r'), ('U3', 'chr19', 'r'), ('U3', 'chr2', 'f'), ('U3', 'chr2', 'r'), ('U3', 'chr20', 'f'), ('U3', 'chr20', 'r'), ('U3', 'chr21', 'r'), ('U3', 'chr3', 'r'), ('U3', 'chr3', 'f'), ('U3', 'chr4', 'f'), ('U3', 'chr5', 'f'), ('U3', 'chr5', 'r'), ('U3', 'chr6', 'f'), ('U3', 'chr6', 'r'), ('U3', 'chr7', 'f'), ('U3', 'chr7', 'r'), ('U3', 'chr8', 'f'), ('U3', 'chr8', 'r'), ('U3', 'chrX', 'f'), ('U3', 'chrX', 'r')]
Warning: Input gene annotations include multiple chr, strand, or regions (5Mb away). Skipping current gene annotation.
[('U2', 'chr1', 'f'), ('U2', 'chr14', 'r'), ('U2', 'chr17', 'r'), ('U2', 'chr22', 'r'), ('U2', 'chr3', 'f'), ('U2', 'chr4', 'f'), ('U2', 'chr8', 'r'), ('U2', 'chr9', 'f')]
Warning: Input gene annotations include multiple chr, strand, or regions (5Mb away). Skipping current gene annotation.
[('MIR6089', 'chrX', 'f'), ('MIR6089', 'chrY', 'f')]
Warning: Input gene annotations include multiple chr, strand, or regions (5Mb away). Skipping current gene annotation.
[('IL3RA', 'chrX', 'f'), ('IL3RA', 'chrY', 'f')]
Warning: Input gene annotations include multiple chr, strand, or regions (5Mb away). Skipping current gene annotation.
[('GTPBP6', 'chrX', 'r'), ('GTPBP6', 'chrY', 'r')]
Warning: Input gene annotations include multiple chr, strand, or regions (5Mb away). Skipping current gene annotation.
[('SNORD18', 'chr15', 'r'), ('SNORD18', 'chr2', 'r')]
Warning: Input gene annotations include multiple chr, strand, or regions (5Mb away). Skipping current gene annotation.
[('LSP1P5', 'chr1', 'f'), ('LSP1P5', 'chr2', 'r')]
Warning: Input gene annotations include multiple chr, strand, or regions (5Mb away). Skipping current gene annotation.
[('ELOCP24', 'chrX', 'r'), ('ELOCP24', 'chrY', 'r')]
Warning: Input gene annotations include multiple chr, strand, or regions (5Mb away). Skipping current gene annotation.
[('Vault', 'chr17', 'f'), ('Vault', 'chr17', 'r'), ('Vault', 'chr2', 'r'), ('Vault', 'chr5', 'r')]
Warning: Input gene annotations include multiple chr, strand, or regions (5Mb away). Skipping current gene annotation.
[('LINC03025', 'chr9', 'r'), ('LINC03025', 'chr9', 'f')]
Warning: Input gene annotations include multiple chr, strand, or regions (5Mb away). Skipping current gene annotation.
[('5S_rRNA', 'chr1', 'r'), ('5S_rRNA', 'chr16', 'r'), ('5S_rRNA', 'chr17', 'r'), ('5S_rRNA', 'chr19', 'r'), ('5S_rRNA', 'chr2', 'r'), ('5S_rRNA', 'chr2', 'f'), ('5S_rRNA', 'chr6', 'r'), ('5S_rRNA', 'chr7', 'r'), ('5S_rRNA', 'chrX', 'f')]
Warning: Input gene annotations include multiple chr, strand, or regions (5Mb away). Skipping current gene annotation.
[('WASH6P', 'chrX', 'f'), ('WASH6P', 'chrY', 'f')]
Warning: Input gene annotations include multiple chr, strand, or regions (5Mb away). Skipping current gene annotation.
[('LINC01238', 'chr2', 'f'), ('LINC01238', 'chr2', 'r')]
Warning: Input gene annotations include multiple chr, strand, or regions (5Mb away). Skipping current gene annotation.
[('MIR3690', 'chrX', 'f'), ('MIR3690', 'chrY', 'f')]
Warning: Input gene annotations include multiple chr, strand, or regions (5Mb away). Skipping current gene annotation.
[('HERC2P7', 'chr15', 'r'), ('HERC2P7', 'chr15', 'f')]
Warning: Input gene annotations include multiple chr, strand, or regions (5Mb away). Skipping current gene annotation.
[('CTSLP2', 'chr10', 'f'), ('CTSLP2', 'chr10', 'r')]
Warning: Input gene annotations include multiple chr, strand, or regions (5Mb away). Skipping current gene annotation.
[('SNORA62', 'chr1', 'f'), ('SNORA62', 'chr11', 'f'), ('SNORA62', 'chr16', 'r'), ('SNORA62', 'chr21', 'f'), ('SNORA62', 'chr3', 'f'), ('SNORA62', 'chr4', 'f'), ('SNORA62', 'chr8', 'f')]
Warning: Input gene annotations include multiple chr, strand, or regions (5Mb away). Skipping current gene annotation.
[('SNORA63', 'chr1', 'f'), ('SNORA63', 'chr1', 'r'), ('SNORA63', 'chr15', 'r'), ('SNORA63', 'chr3', 'f'), ('SNORA63', 'chr4', 'f'), ('SNORA63', 'chr5', 'f'), ('SNORA63', 'chr7', 'r')]
Warning: Input gene annotations include multiple chr, strand, or regions (5Mb away). Skipping current gene annotation.
[('SNORD116', 'chr1', 'r'), ('SNORD116', 'chr13', 'r'), ('SNORD116', 'chr9', 'f')]
Warning: Input gene annotations include multiple chr, strand, or regions (5Mb away). Skipping current gene annotation.
[('SNORD63', 'chr17', 'r'), ('SNORD63', 'chr3', 'r'), ('SNORD63', 'chr5', 'r')]
Warning: Input gene annotations include multiple chr, strand, or regions (5Mb away). Skipping current gene annotation.
[('KMT2CP1', 'chr1', 'r'), ('KMT2CP1', 'chr1', 'f')]
Warning: Input gene annotations include multiple chr, strand, or regions (5Mb away). Skipping current gene annotation.
[('SHOX', 'chrX', 'f'), ('SHOX', 'chrY', 'f')]
Warning: Input gene annotations include multiple chr, strand, or regions (5Mb away). Skipping current gene annotation.
[('RPL23AP7', 'chr2', 'r'), ('RPL23AP7', 'chr22', 'f')]
Warning: Input gene annotations include multiple chr, strand, or regions (5Mb away). Skipping current gene annotation.
[('DHRSX-IT1', 'chrX', 'r'), ('DHRSX-IT1', 'chrY', 'r')]
Warning: Input gene annotations include multiple chr, strand, or regions (5Mb away). Skipping current gene annotation.
[('SNORD39', 'chr11', 'r'), ('SNORD39', 'chr2', 'f'), ('SNORD39', 'chr4', 'r'), ('SNORD39', 'chr9', 'r')]
Warning: Input gene annotations include multiple chr, strand, or regions (5Mb away). Skipping current gene annotation.
[('ZBED1', 'chrX', 'r'), ('ZBED1', 'chrY', 'r')]
Warning: Input gene annotations include multiple chr, strand, or regions (5Mb away). Skipping current gene annotation.
[('ASMTL-AS1', 'chrX', 'f'), ('ASMTL-AS1', 'chrY', 'f')]
Warning: Input gene annotations include multiple chr, strand, or regions (5Mb away). Skipping current gene annotation.
[('SNORD30', 'chr11', 'r'), ('SNORD30', 'chrX', 'f')]
Warning: Input gene annotations include multiple chr, strand, or regions (5Mb away). Skipping current gene annotation.
[('ASMTL', 'chrX', 'r'), ('ASMTL', 'chrY', 'r')]
Warning: Input gene annotations include multiple chr, strand, or regions (5Mb away). Skipping current gene annotation.
[('FABP5P13', 'chrX', 'r'), ('FABP5P13', 'chrY', 'r')]
Warning: Input gene annotations include multiple chr, strand, or regions (5Mb away). Skipping current gene annotation.
[('CD99', 'chrX', 'f'), ('CD99', 'chrY', 'f')]
Warning: Input gene annotations include multiple chr, strand, or regions (5Mb away). Skipping current gene annotation.
[('DHRSX', 'chrX', 'r'), ('DHRSX', 'chrY', 'r')]
Warning: Input gene annotations include multiple chr, strand, or regions (5Mb away). Skipping current gene annotation.
[('SNORD33', 'chr16', 'r'), ('SNORD33', 'chr19', 'f')]
Warning: Input gene annotations include multiple chr, strand, or regions (5Mb away). Skipping current gene annotation.
[('NPIPA9', 'chr16', 'f'), ('NPIPA9', 'chr16', 'r')]
Warning: Input gene annotations include multiple chr, strand, or regions (5Mb away). Skipping current gene annotation.
[('SNORD81', 'chr1', 'f'), ('SNORD81', 'chr5', 'f'), ('SNORD81', 'chr7', 'f')]
Warning: Input gene annotations include multiple chr, strand, or regions (5Mb away). Skipping current gene annotation.
[('PLCXD1', 'chrX', 'f'), ('PLCXD1', 'chrY', 'f')]
Warning: Input gene annotations include multiple chr, strand, or regions (5Mb away). Skipping current gene annotation.
[('RNA5SP498', 'chrX', 'r'), ('RNA5SP498', 'chrY', 'r')]
Warning: Input gene annotations include multiple chr, strand, or regions (5Mb away). Skipping current gene annotation.
[('Metazoa_SRP', 'chr1', 'f'), ('Metazoa_SRP', 'chr1', 'r'), ('Metazoa_SRP', 'chr10', 'f'), ('Metazoa_SRP', 'chr10', 'r'), ('Metazoa_SRP', 'chr11', 'r'), ('Metazoa_SRP', 'chr11', 'f'), ('Metazoa_SRP', 'chr12', 'f'), ('Metazoa_SRP', 'chr12', 'r'), ('Metazoa_SRP', 'chr13', 'r'), ('Metazoa_SRP', 'chr13', 'f'), ('Metazoa_SRP', 'chr14', 'r'), ('Metazoa_SRP', 'chr14', 'f'), ('Metazoa_SRP', 'chr15', 'r'), ('Metazoa_SRP', 'chr15', 'f'), ('Metazoa_SRP', 'chr16', 'f'), ('Metazoa_SRP', 'chr16', 'r'), ('Metazoa_SRP', 'chr17', 'r'), ('Metazoa_SRP', 'chr17', 'f'), ('Metazoa_SRP', 'chr18', 'r'), ('Metazoa_SRP', 'chr19', 'f'), ('Metazoa_SRP', 'chr19', 'r'), ('Metazoa_SRP', 'chr2', 'f'), ('Metazoa_SRP', 'chr2', 'r'), ('Metazoa_SRP', 'chr20', 'f'), ('Metazoa_SRP', 'chr20', 'r'), ('Metazoa_SRP', 'chr22', 'f'), ('Metazoa_SRP', 'chr22', 'r'), ('Metazoa_SRP', 'chr3', 'r'), ('Metazoa_SRP', 'chr3', 'f'), ('Metazoa_SRP', 'chr4', 'r'), ('Metazoa_SRP', 'chr4', 'f'), ('Metazoa_SRP', 'chr5', 'f'), ('Metazoa_SRP', 'chr5', 'r'), ('Metazoa_SRP', 'chr6', 'f'), ('Metazoa_SRP', 'chr6', 'r'), ('Metazoa_SRP', 'chr7', 'f'), ('Metazoa_SRP', 'chr7', 'r'), ('Metazoa_SRP', 'chr8', 'f'), ('Metazoa_SRP', 'chr8', 'r'), ('Metazoa_SRP', 'chr9', 'f'), ('Metazoa_SRP', 'chr9', 'r'), ('Metazoa_SRP', 'chrX', 'r'), ('Metazoa_SRP', 'chrX', 'f'), ('Metazoa_SRP', 'chrY', 'r')]
Warning: Input gene annotations include multiple chr, strand, or regions (5Mb away). Skipping current gene annotation.
[('CSF2RA', 'chrX', 'f'), ('CSF2RA', 'chrY', 'f')]
Warning: Input gene annotations include multiple chr, strand, or regions (5Mb away). Skipping current gene annotation.
[('PPP2R3B', 'chrX', 'r'), ('PPP2R3B', 'chrY', 'r')]
Warning: Input gene annotations include multiple chr, strand, or regions (5Mb away). Skipping current gene annotation.
[('DPH3P2', 'chrX', 'f'), ('DPH3P2', 'chrY', 'f')]
Warning: Input gene annotations include multiple chr, strand, or regions (5Mb away). Skipping current gene annotation.
[('ASMT', 'chrX', 'f'), ('ASMT', 'chrY', 'f')]
Warning: Input gene annotations include multiple chr, strand, or regions (5Mb away). Skipping current gene annotation.
[('IL9R', 'chrX', 'f'), ('IL9R', 'chrY', 'f')]
Warning: Input gene annotations include multiple chr, strand, or regions (5Mb away). Skipping current gene annotation.
[('VAMP7', 'chrX', 'f'), ('VAMP7', 'chrY', 'f')]
Warning: Input gene annotations include multiple chr, strand, or regions (5Mb away). Skipping current gene annotation.
[('LINC02968', 'chrX', 'f'), ('LINC02968', 'chrY', 'f')]
Warning: Input gene annotations include multiple chr, strand, or regions (5Mb away). Skipping current gene annotation.
[('SNORA75', 'chr12', 'r'), ('SNORA75', 'chr12', 'f'), ('SNORA75', 'chr16', 'f'), ('SNORA75', 'chr2', 'r'), ('SNORA75', 'chr4', 'f')]
Warning: Input gene annotations include multiple chr, strand, or regions (5Mb away). Skipping current gene annotation.
[('SNORA74', 'chr12', 'r'), ('SNORA74', 'chr17', 'f'), ('SNORA74', 'chr2', 'f')]
Warning: Input gene annotations include multiple chr, strand, or regions (5Mb away). Skipping current gene annotation.
[('SNORA73', 'chr18', 'f'), ('SNORA73', 'chr18', 'r'), ('SNORA73', 'chr6', 'r')]
Warning: Input gene annotations include multiple chr, strand, or regions (5Mb away). Skipping current gene annotation.
[('SNORA72', 'chr1', 'r'), ('SNORA72', 'chr1', 'f'), ('SNORA72', 'chr2', 'f'), ('SNORA72', 'chr3', 'f'), ('SNORA72', 'chr3', 'r'), ('SNORA72', 'chr8', 'r')]
Warning: Input gene annotations include multiple chr, strand, or regions (5Mb away). Skipping current gene annotation.
[('SNORA71', 'chr10', 'f'), ('SNORA71', 'chr20', 'r'), ('SNORA71', 'chr20', 'f')]
Warning: Input gene annotations include multiple chr, strand, or regions (5Mb away). Skipping current gene annotation.
[('SNORA70', 'chr1', 'r'), ('SNORA70', 'chr12', 'r'), ('SNORA70', 'chr12', 'f'), ('SNORA70', 'chr14', 'f'), ('SNORA70', 'chr16', 'r'), ('SNORA70', 'chr17', 'r'), ('SNORA70', 'chr17', 'f'), ('SNORA70', 'chr18', 'r'), ('SNORA70', 'chr19', 'f'), ('SNORA70', 'chr21', 'f'), ('SNORA70', 'chr21', 'r'), ('SNORA70', 'chr3', 'f'), ('SNORA70', 'chr4', 'f'), ('SNORA70', 'chr5', 'f'), ('SNORA70', 'chr6', 'f'), ('SNORA70', 'chr8', 'r'), ('SNORA70', 'chr8', 'f'), ('SNORA70', 'chr9', 'f'), ('SNORA70', 'chr9', 'r'), ('SNORA70', 'chrX', 'f'), ('SNORA70', 'chrY', 'r'), ('SNORA70', 'chrY', 'f')]
Warning: Input gene annotations include multiple chr, strand, or regions (5Mb away). Skipping current gene annotation.
[('AMD1P2', 'chrX', 'r'), ('AMD1P2', 'chrY', 'r')]
Warning: Input gene annotations include multiple chr, strand, or regions (5Mb away). Skipping current gene annotation.
[('CRLF2', 'chrX', 'r'), ('CRLF2', 'chrY', 'r')]
Warning: Input gene annotations include multiple chr, strand, or regions (5Mb away). Skipping current gene annotation.
[('SNORD115', 'chr10', 'f'), ('SNORD115', 'chr15', 'f')]
Warning: Input gene annotations include multiple chr, strand, or regions (5Mb away). Skipping current gene annotation.
[('AKAP17A', 'chrX', 'f'), ('AKAP17A', 'chrY', 'f')]
Warning: Input gene annotations include multiple chr, strand, or regions (5Mb away). Skipping current gene annotation.
[('SNORD27', 'chr11', 'r'), ('SNORD27', 'chr13', 'r')]
Warning: Input gene annotations include multiple chr, strand, or regions (5Mb away). Skipping current gene annotation.
[('P2RY8', 'chrX', 'r'), ('P2RY8', 'chrY', 'r')]
Warning: Input gene annotations include multiple chr, strand, or regions (5Mb away). Skipping current gene annotation.
[('NPEPPSP1', 'chr17', 'f'), ('NPEPPSP1', 'chr17', 'r')]
Warning: Input gene annotations include multiple chr, strand, or regions (5Mb away). Skipping current gene annotation.
[('LINC00685', 'chrX', 'f'), ('LINC00685', 'chrY', 'f')]
Warning: Input gene annotations include multiple chr, strand, or regions (5Mb away). Skipping current gene annotation.
[('DDX11L2', 'chr1', 'f'), ('DDX11L2', 'chr2', 'r')]
Warning: Input gene annotations include multiple chr, strand, or regions (5Mb away). Skipping current gene annotation.
[('GABARAPL3', 'chr15', 'f'), ('GABARAPL3', 'chr15', 'r')]
Warning: Input gene annotations include multiple chr, strand, or regions (5Mb away). Skipping current gene annotation.
[('LINC02256', 'chr15', 'r'), ('LINC02256', 'chr15', 'f')]
Warning: Input gene annotations include multiple chr, strand, or regions (5Mb away). Skipping current gene annotation.
[('5_8S_rRNA', 'chr14', 'f'), ('5_8S_rRNA', 'chr20', 'r'), ('5_8S_rRNA', 'chr21', 'f'), ('5_8S_rRNA', 'chr22', 'r')]
Warning: Input gene annotations include multiple chr, strand, or regions (5Mb away). Skipping current gene annotation.
[('RPL14P5', 'chrX', 'r'), ('RPL14P5', 'chrY', 'r')]
Warning: Input gene annotations include multiple chr, strand, or regions (5Mb away). Skipping current gene annotation.
[('LINC00106', 'chrX', 'f'), ('LINC00106', 'chrY', 'f')]
Warning: Input gene annotations include multiple chr, strand, or regions (5Mb away). Skipping current gene annotation.
[('ANKRD20A5P', 'chr18', 'f'), ('ANKRD20A5P', 'chr9', 'f')]
Warning: Input gene annotations include multiple chr, strand, or regions (5Mb away). Skipping current gene annotation.
[('SLC25A6', 'chrX', 'r'), ('SLC25A6', 'chrY', 'r')]
Warning: Input gene annotations include multiple chr, strand, or regions (5Mb away). Skipping current gene annotation.
[('KRT18P53', 'chrX', 'r'), ('KRT18P53', 'chrY', 'r')]
Warning: Input gene annotations include multiple chr, strand, or regions (5Mb away). Skipping current gene annotation.
[('DDX11L16', 'chr15', 'r'), ('DDX11L16', 'chr16', 'f'), ('DDX11L16', 'chrX', 'r'), ('DDX11L16', 'chrY', 'r')]
Gene intervals loaded.
18.1496679783 sec. elapsed.
Transcript annotations loaded.
12.5227620602 sec. elapsed.
Warnning: gene name AC104758.1 is not in current annotation.
Warnning: gene name AC104758.1 is not in current annotation.
Warnning: gene name AL096854.1 is not in current annotation.
Warnning: gene name AL096854.1 is not in current annotation.
Warnning: gene name AL353572.2 is not in current annotation.
Warnning: gene name AL353572.2 is not in current annotation.
Warnning: gene name AC009264.1 is not in current annotation.
Warnning: gene name AC009264.1 is not in current annotation.
Warnning: gene name AC092666.1 is not in current annotation.
Warnning: gene name AC006008.1 is not in current annotation.
Warnning: gene name AC092666.1,AC006008.1 is not in current annotation.
Warnning: gene name AC087783.1 is not in current annotation.
Warnning: gene name AL359999.1 is not in current annotation.
Warnning: gene name AC087783.1,AL359999.1 is not in current annotation.
Warnning: gene name AL137028.1 is not in current annotation.
Warnning: gene name AL137028.1 is not in current annotation.
Warnning: gene name AL445255.1 is not in current annotation.
Warnning: gene name AL445255.1 is not in current annotation.
Warnning: gene name AC006525.1 is not in current annotation.
Warnning: gene name AC006525.1 is not in current annotation.
Warnning: gene name IQCJ-SCHIP1 is not in current annotation.
Warnning: gene name IQCJ-SCHIP1 is not in current annotation.
Warnning: gene name AL773545.3 is not in current annotation.
Warnning: gene name AL773545.3 is not in current annotation.
Warnning: gene name AL391516.1 is not in current annotation.
Warnning: gene name AL356596.1 is not in current annotation.
Warnning: gene name AL391516.1,AL356596.1 is not in current annotation.
Warnning: gene name AP000676.3 is not in current annotation.
Warnning: gene name AP000676.5 is not in current annotation.
Warnning: gene name AP000676.3,AP000676.5 is not in current annotation.
Warnning: gene name AC126915.2 is not in current annotation.
Warnning: gene name AC126915.1 is not in current annotation.
Warnning: gene name AC126915.2,AC126915.1 is not in current annotation.
Warnning: gene name AC008014.1 is not in current annotation.
Warnning: gene name AC008014.1 is not in current annotation.
Warnning: gene name AC079906.1 is not in current annotation.
Warnning: gene name AC008014.1 is not in current annotation.
Warnning: gene name AC008014.1,AC079906.1 is not in current annotation.
Warnning: gene name AL391516.1 is not in current annotation.
Warnning: gene name AL356596.1 is not in current annotation.
Warnning: gene name AL391516.1,AL356596.1 is not in current annotation.
Warnning: gene name AC009264.1 is not in current annotation.
Warnning: gene name AC009264.1 is not in current annotation.
Warnning: gene name AC068448.1 is not in current annotation.
Warnning: gene name AC139426.3 is not in current annotation.
Warnning: gene name AC068448.1,AC139426.3 is not in current annotation.
Warnning: gene name AL773545.3 is not in current annotation.
Warnning: gene name AL773545.3 is not in current annotation.
Warnning: gene name AC087783.1 is not in current annotation.
Warnning: gene name AL359999.1 is not in current annotation.
Warnning: gene name AC087783.1,AL359999.1 is not in current annotation.
Warnning: gene name AC092666.1 is not in current annotation.
Warnning: gene name AC006008.1 is not in current annotation.
Warnning: gene name AC092666.1,AC006008.1 is not in current annotation.
Warnning: gene name AL353572.2 is not in current annotation.
Warnning: gene name AL353572.2 is not in current annotation.
Warnning: gene name AC009264.1 is not in current annotation.
Warnning: gene name AC009264.1 is not in current annotation.
Warnning: gene name CR786580.1 is not in current annotation.
Warnning: gene name CR786580.1 is not in current annotation.
Warnning: gene name AC073114.1 is not in current annotation.
Warnning: gene name AC073387.1 is not in current annotation.
Warnning: gene name AC073387.2 is not in current annotation.
Warnning: gene name AC073114.1 is not in current annotation.
Warnning: gene name AC073387.1,AC073387.2 is not in current annotation.
Warnning: gene name AP000350.6 is not in current annotation.
Warnning: gene name AP000350.2 is not in current annotation.
Warnning: gene name AP000350.6,AP000350.2 is not in current annotation.
Warnning: gene name AC253536.7 is not in current annotation.
Warnning: gene name AP000350.6 is not in current annotation.
Warnning: gene name AP000350.2 is not in current annotation.
Warnning: gene name AC253536.7 is not in current annotation.
Warnning: gene name AP000350.6,AP000350.2 is not in current annotation.
Warnning: gene name AL353572.2 is not in current annotation.
Warnning: gene name AL353572.2 is not in current annotation.
Warnning: gene name AL773545.3 is not in current annotation.
Warnning: gene name AL773545.3 is not in current annotation.
Warnning: gene name AC013643.1 is not in current annotation.
Warnning: gene name AC013643.3 is not in current annotation.
Warnning: gene name AC013643.1,AC013643.3 is not in current annotation.
Warnning: gene name AC092666.1 is not in current annotation.
Warnning: gene name AC006008.1 is not in current annotation.
Warnning: gene name AC092666.1,AC006008.1 is not in current annotation.
Warnning: gene name AL391811.1 is not in current annotation.
Warnning: gene name AL391811.1 is not in current annotation.
Warnning: gene name AC107918.4 is not in current annotation.
Warnning: gene name AC073648.6 is not in current annotation.
Warnning: gene name AC073648.5 is not in current annotation.
Warnning: gene name AC107918.4 is not in current annotation.
Warnning: gene name AC073648.6,AC073648.5 is not in current annotation.
Warnning: gene name FO393414.2 is not in current annotation.
Warnning: gene name FO393414.1 is not in current annotation.
Warnning: gene name FO393414.2,FO393414.1 is not in current annotation.
Warnning: gene name AC011029.1 is not in current annotation.
Warnning: gene name AC011029.1 is not in current annotation.
Warnning: gene name AC011287.1 is not in current annotation.
Warnning: gene name AC005019.2 is not in current annotation.
Warnning: gene name AC011287.2 is not in current annotation.
Warnning: gene name AC011287.1,AC005019.2 is not in current annotation.
Warnning: gene name AC011287.2 is not in current annotation.
Warnning: gene name AC018865.2 is not in current annotation.
Warnning: gene name AC018865.2 is not in current annotation.
Warnning: gene name AL096854.1 is not in current annotation.
Warnning: gene name AL096854.1 is not in current annotation.
Warnning: gene name AC126915.2 is not in current annotation.
Warnning: gene name AC126915.1 is not in current annotation.
Warnning: gene name AC126915.2,AC126915.1 is not in current annotation.
Warnning: gene name AL445255.1 is not in current annotation.
Warnning: gene name AL445255.1 is not in current annotation.
Warnning: gene name AP002530.1 is not in current annotation.
Warnning: gene name AL357139.2 is not in current annotation.
Warnning: gene name AP002530.1,AL357139.2 is not in current annotation.
Warnning: gene name AL021877.1 is not in current annotation.
Warnning: gene name AL021877.2 is not in current annotation.
Warnning: gene name AL021877.1,AL021877.2 is not in current annotation.
Warnning: gene name AL445255.1 is not in current annotation.
Warnning: gene name AL445255.1 is not in current annotation.
Warnning: gene name AC009264.1 is not in current annotation.
Warnning: gene name AC009264.1 is not in current annotation.
Warnning: gene name DNAJC25-GNG10 is not in current annotation.
Warnning: gene name DNAJC25-GNG10 is not in current annotation.
Warnning: gene name AL391516.1 is not in current annotation.
Warnning: gene name AL356596.1 is not in current annotation.
Warnning: gene name AL391516.1,AL356596.1 is not in current annotation.
Warnning: gene name AC019254.2 is not in current annotation.
Warnning: gene name AC019254.1 is not in current annotation.
Warnning: gene name AC019254.2,AC019254.1 is not in current annotation.
Warnning: gene name AL096854.1 is not in current annotation.
Warnning: gene name AL096854.1 is not in current annotation.
Warnning: gene name IGHV2-5 is not in current annotation.
Warnning: gene name IGHV2-5 is not in current annotation.
Warnning: gene name AC006525.1 is not in current annotation.
Warnning: gene name AC006525.1 is not in current annotation.
Warnning: gene name AC069288.1 is not in current annotation.
Warnning: gene name AC069288.1 is not in current annotation.
Warnning: gene name AC073648.6 is not in current annotation.
Warnning: gene name AC097493.3 is not in current annotation.
Warnning: gene name AC097493.1 is not in current annotation.
Warnning: gene name AC073648.6 is not in current annotation.
Warnning: gene name AC097493.3,AC097493.1 is not in current annotation.
Warnning: gene name AC112206.2 is not in current annotation.
Warnning: gene name AC112206.2 is not in current annotation.
Warnning: gene name CR786580.1 is not in current annotation.
Warnning: gene name CR786580.1 is not in current annotation.
Warnning: gene name AL589693.1 is not in current annotation.
Warnning: gene name AL589693.1 is not in current annotation.
Warnning: gene name AC026782.2 is not in current annotation.
Warnning: gene name AC008885.2 is not in current annotation.
Warnning: gene name AC026782.2,AC008885.2 is not in current annotation.
Warnning: gene name MTCL3 is not in current annotation.
Warnning: gene name MTCL3 is not in current annotation.
Warnning: gene name AC008014.1 is not in current annotation.
Warnning: gene name AC008014.1 is not in current annotation.
Warnning: gene name AC079906.1 is not in current annotation.
Warnning: gene name AC008014.1 is not in current annotation.
Warnning: gene name AC008014.1,AC079906.1 is not in current annotation.
Warnning: gene name AL773545.3 is not in current annotation.
Warnning: gene name AL773545.3 is not in current annotation.
Warnning: gene name AC017015.2 is not in current annotation.
Warnning: gene name AC129807.1 is not in current annotation.
Warnning: gene name AC017015.2,AC129807.1 is not in current annotation.
Warnning: gene name AC017015.2 is not in current annotation.
Warnning: gene name AC129807.1 is not in current annotation.
Warnning: gene name AC017015.2,AC129807.1 is not in current annotation.
Warnning: gene name AC009264.1 is not in current annotation.
Warnning: gene name AC009264.1 is not in current annotation.
Warnning: gene name AL773545.3 is not in current annotation.
Warnning: gene name AL773545.3 is not in current annotation.
Warnning: gene name AL132981.1 is not in current annotation.
Warnning: gene name AL118523.1 is not in current annotation.
Warnning: gene name AL132981.1,AL118523.1 is not in current annotation.
Warnning: gene name AC010904.2 is not in current annotation.
Warnning: gene name AC010904.1 is not in current annotation.
Warnning: gene name AC010904.2,AC010904.1 is not in current annotation.
Warnning: gene name IGKV2-30 is not in current annotation.
Warnning: gene name IGKV2-30 is not in current annotation.
Warnning: gene name IGKV3OR2-268 is not in current annotation.
Warnning: gene name IGKV3OR2-268 is not in current annotation.
Warnning: gene name AC141557.1 is not in current annotation.
Warnning: gene name AC024940.4 is not in current annotation.
Warnning: gene name AC024940.2 is not in current annotation.
Warnning: gene name AC141557.1 is not in current annotation.
Warnning: gene name AC024940.4,AC024940.2 is not in current annotation.
Warnning: gene name IGKV3-15 is not in current annotation.
Warnning: gene name IGKV3-15 is not in current annotation.
Warnning: gene name AC126763.1 is not in current annotation.
Warnning: gene name AC137803.1 is not in current annotation.
Warnning: gene name AC126763.1,AC137803.1 is not in current annotation.
Warnning: gene name AC019254.2 is not in current annotation.
Warnning: gene name AC019254.1 is not in current annotation.
Warnning: gene name AC019254.2,AC019254.1 is not in current annotation.
Warnning: gene name AL445255.1 is not in current annotation.
Warnning: gene name AL445255.1 is not in current annotation.
Warnning: gene name AL589693.1 is not in current annotation.
Warnning: gene name AL589693.1 is not in current annotation.
Warnning: gene name AL445255.1 is not in current annotation.
Warnning: gene name AL445255.1 is not in current annotation.
Warnning: gene name AL049594.1 is not in current annotation.
Warnning: gene name AL035661.1 is not in current annotation.
Warnning: gene name AL049594.1,AL035661.1 is not in current annotation.
Warnning: gene name AL391516.1 is not in current annotation.
Warnning: gene name AL356596.1 is not in current annotation.
Warnning: gene name AL391516.1,AL356596.1 is not in current annotation.
Warnning: gene name AL592464.3 is not in current annotation.
Warnning: gene name AL589702.1 is not in current annotation.
Warnning: gene name AL592464.3,AL589702.1 is not in current annotation.
Warnning: gene name AL592464.3 is not in current annotation.
Warnning: gene name AL589702.1 is not in current annotation.
Warnning: gene name AL592464.3,AL589702.1 is not in current annotation.
Warnning: gene name AL512506.3 is not in current annotation.
Warnning: gene name AL512506.3 is not in current annotation.
Warnning: gene name AL773545.3 is not in current annotation.
Warnning: gene name AL773545.3 is not in current annotation.
Warnning: gene name AC019254.2 is not in current annotation.
Warnning: gene name AC019254.1 is not in current annotation.
Warnning: gene name AC019254.2,AC019254.1 is not in current annotation.
Warnning: gene name IGKV3-11 is not in current annotation.
Warnning: gene name IGKV3-11 is not in current annotation.
Warnning: gene name IGKV3OR2-268 is not in current annotation.
Warnning: gene name IGKV3OR2-268 is not in current annotation.
Warnning: gene name AL391516.1 is not in current annotation.
Warnning: gene name AL356596.1 is not in current annotation.
Warnning: gene name AL391516.1,AL356596.1 is not in current annotation.
Warnning: gene name AC006525.1 is not in current annotation.
Warnning: gene name AC006525.1 is not in current annotation.
Warnning: gene name AC068875.1 is not in current annotation.
Warnning: gene name AC068875.1 is not in current annotation.
Warnning: gene name AC114798.1 is not in current annotation.
Warnning: gene name AC079766.1 is not in current annotation.
Warnning: gene name AC114798.1,AC079766.1 is not in current annotation.
Warnning: gene name AL352979.4 is not in current annotation.
Warnning: gene name AL352979.1 is not in current annotation.
Warnning: gene name AL352979.4,AL352979.1 is not in current annotation.
Warnning: gene name AL773545.3 is not in current annotation.
Warnning: gene name AL773545.3 is not in current annotation.
Warnning: gene name AC141557.1 is not in current annotation.
Warnning: gene name AC024940.4 is not in current annotation.
Warnning: gene name AC024940.2 is not in current annotation.
Warnning: gene name AC141557.1 is not in current annotation.
Warnning: gene name AC024940.4,AC024940.2 is not in current annotation.
Warnning: gene name AL159169.1 is not in current annotation.
Warnning: gene name AL159169.3 is not in current annotation.
Warnning: gene name AL159169.1,AL159169.3 is not in current annotation.
Warnning: gene name AL159169.1 is not in current annotation.
Warnning: gene name AL159169.3 is not in current annotation.
Warnning: gene name AL159169.1,AL159169.3 is not in current annotation.
Warnning: gene name AL589693.1 is not in current annotation.
Warnning: gene name AL589693.1 is not in current annotation.
Warnning: gene name AL158212.4 is not in current annotation.
Warnning: gene name AL158212.1 is not in current annotation.
Warnning: gene name AL158212.4,AL158212.1 is not in current annotation.
Warnning: gene name AC009264.1 is not in current annotation.
Warnning: gene name AC009264.1 is not in current annotation.
Warnning: gene name AL773545.3 is not in current annotation.
Warnning: gene name AL773545.3 is not in current annotation.
Warnning: gene name AL158212.4 is not in current annotation.
Warnning: gene name AL158212.1 is not in current annotation.
Warnning: gene name AL158212.4,AL158212.1 is not in current annotation.
Warnning: gene name AL589693.1 is not in current annotation.
Warnning: gene name AL589693.1 is not in current annotation.
Warnning: gene name AC073648.6 is not in current annotation.
Warnning: gene name AC073648.6 is not in current annotation.
Warnning: gene name AL353572.2 is not in current annotation.
Warnning: gene name AL353572.2 is not in current annotation.
Warnning: gene name AL773545.3 is not in current annotation.
Warnning: gene name AL773545.3 is not in current annotation.
Warnning: gene name AL391516.1 is not in current annotation.
Warnning: gene name AL356596.1 is not in current annotation.
Warnning: gene name AL391516.1,AL356596.1 is not in current annotation.
Warnning: gene name AC092666.1 is not in current annotation.
Warnning: gene name AC006008.1 is not in current annotation.
Warnning: gene name AC092666.1,AC006008.1 is not in current annotation.
Warnning: gene name AC126915.2 is not in current annotation.
Warnning: gene name AC126915.1 is not in current annotation.
Warnning: gene name AC126915.2,AC126915.1 is not in current annotation.
Warnning: gene name AC009264.1 is not in current annotation.
Warnning: gene name AC009264.1 is not in current annotation.
Warnning: gene name AL773545.3 is not in current annotation.
Warnning: gene name AL773545.3 is not in current annotation.
Warnning: gene name Z82210.1 is not in current annotation.
Warnning: gene name AL590229.2 is not in current annotation.
Warnning: gene name Z82210.1,AL590229.2 is not in current annotation.
Warnning: gene name AL773545.3 is not in current annotation.
Warnning: gene name AL773545.3 is not in current annotation.
Warnning: gene name AC027338.1 is not in current annotation.
Warnning: gene name AC104118.1 is not in current annotation.
Warnning: gene name AC027338.1,AC104118.1 is not in current annotation.
Warnning: gene name AC009264.1 is not in current annotation.
Warnning: gene name AC009264.1 is not in current annotation.
Warnning: gene name AL096854.1 is not in current annotation.
Warnning: gene name AL096854.1 is not in current annotation.
Warnning: gene name AL391516.1 is not in current annotation.
Warnning: gene name AL356596.1 is not in current annotation.
Warnning: gene name AL391516.1,AL356596.1 is not in current annotation.
Warnning: gene name AC126915.2 is not in current annotation.
Warnning: gene name AC126915.1 is not in current annotation.
Warnning: gene name AC126915.2,AC126915.1 is not in current annotation.
Warnning: gene name AC019254.2 is not in current annotation.
Warnning: gene name AC019254.1 is not in current annotation.
Warnning: gene name AC019254.2,AC019254.1 is not in current annotation.
Warnning: gene name AC092666.1 is not in current annotation.
Warnning: gene name AC006008.1 is not in current annotation.
Warnning: gene name AC092666.1,AC006008.1 is not in current annotation.
Warnning: gene name AC079142.1 is not in current annotation.
Warnning: gene name AC079142.1 is not in current annotation.
Warnning: gene name DNAJC25-GNG10 is not in current annotation.
Warnning: gene name DNAJC25-GNG10 is not in current annotation.
Warnning: gene name AP002530.1 is not in current annotation.
Warnning: gene name AL357139.2 is not in current annotation.
Warnning: gene name AP002530.1,AL357139.2 is not in current annotation.
Warnning: gene name AC126915.2 is not in current annotation.
Warnning: gene name AC126915.1 is not in current annotation.
Warnning: gene name AC126915.2,AC126915.1 is not in current annotation.
Warnning: gene name AL773545.3 is not in current annotation.
Warnning: gene name AL773545.3 is not in current annotation.
Warnning: gene name AC245060.4 is not in current annotation.
Warnning: gene name AL136967.1 is not in current annotation.
Warnning: gene name AL136967.2 is not in current annotation.
Warnning: gene name AC245060.4 is not in current annotation.
Warnning: gene name AL136967.1,AL136967.2 is not in current annotation.
Warnning: gene name AC245060.7 is not in current annotation.
Warnning: gene name AL136967.1 is not in current annotation.
Warnning: gene name AL136967.2 is not in current annotation.
Warnning: gene name AC245060.7 is not in current annotation.
Warnning: gene name AL136967.1,AL136967.2 is not in current annotation.
Warnning: gene name AC019254.2 is not in current annotation.
Warnning: gene name AC019254.1 is not in current annotation.
Warnning: gene name AC019254.2,AC019254.1 is not in current annotation.
Warnning: gene name AL391516.1 is not in current annotation.
Warnning: gene name AL356596.1 is not in current annotation.
Warnning: gene name AL391516.1,AL356596.1 is not in current annotation.
Warnning: gene name AC011586.2 is not in current annotation.
Warnning: gene name AC011586.2 is not in current annotation.
Warnning: gene name AL442163.1 is not in current annotation.
Warnning: gene name AL442163.1 is not in current annotation.
Warnning: gene name AC006525.1 is not in current annotation.
Warnning: gene name AC006525.1 is not in current annotation.
Warnning: gene name AC092821.1 is not in current annotation.
Warnning: gene name AC024940.4 is not in current annotation.
Warnning: gene name AC024940.2 is not in current annotation.
Warnning: gene name AC092821.1 is not in current annotation.
Warnning: gene name AC024940.4,AC024940.2 is not in current annotation.
Warnning: gene name AC092821.3 is not in current annotation.
Warnning: gene name AC024940.4 is not in current annotation.
Warnning: gene name AC024940.2 is not in current annotation.
Warnning: gene name AC092821.3 is not in current annotation.
Warnning: gene name AC024940.4,AC024940.2 is not in current annotation.
Warnning: gene name AL589693.1 is not in current annotation.
Warnning: gene name AL589693.1 is not in current annotation.
Warnning: gene name AC073648.6 is not in current annotation.
Warnning: gene name AC073648.6 is not in current annotation.
Warnning: gene name CR786580.1 is not in current annotation.
Warnning: gene name CR786580.1 is not in current annotation.
Warnning: gene name AC068533.2 is not in current annotation.
Warnning: gene name AC068533.1 is not in current annotation.
Warnning: gene name AC068533.2,AC068533.1 is not in current annotation.
Warnning: gene name AC034216.1 is not in current annotation.
Warnning: gene name AC063976.3 is not in current annotation.
Warnning: gene name AC034216.1,AC063976.3 is not in current annotation.
Warnning: gene name AC126915.2 is not in current annotation.
Warnning: gene name AC126915.1 is not in current annotation.
Warnning: gene name AC126915.2,AC126915.1 is not in current annotation.
Warnning: gene name AL773545.3 is not in current annotation.
Warnning: gene name AL773545.3 is not in current annotation.
Warnning: gene name AC090907.2 is not in current annotation.
Warnning: gene name AC019254.2 is not in current annotation.
Warnning: gene name AC090907.2,AC019254.2 is not in current annotation.
Warnning: gene name AC092821.1 is not in current annotation.
Warnning: gene name AC024940.4 is not in current annotation.
Warnning: gene name AC024940.2 is not in current annotation.
Warnning: gene name AC092821.1 is not in current annotation.
Warnning: gene name AC024940.4,AC024940.2 is not in current annotation.
Warnning: gene name AC092821.3 is not in current annotation.
Warnning: gene name AC024940.4 is not in current annotation.
Warnning: gene name AC024940.2 is not in current annotation.
Warnning: gene name AC092821.3 is not in current annotation.
Warnning: gene name AC024940.4,AC024940.2 is not in current annotation.
Warnning: gene name AC021723.2 is not in current annotation.
Warnning: gene name AC021723.2 is not in current annotation.
Warnning: gene name AL162151.3 is not in current annotation.
Warnning: gene name AL162151.1 is not in current annotation.
Warnning: gene name AL162151.3,AL162151.1 is not in current annotation.
Warnning: gene name AL773545.3 is not in current annotation.
Warnning: gene name AL773545.3 is not in current annotation.
Warnning: gene name AL589693.1 is not in current annotation.
Warnning: gene name AL589693.1 is not in current annotation.
Warnning: gene name AL353572.2 is not in current annotation.
Warnning: gene name AL353572.2 is not in current annotation.
Warnning: gene name AL096854.1 is not in current annotation.
Warnning: gene name AL096854.1 is not in current annotation.
Warnning: gene name AL353572.2 is not in current annotation.
Warnning: gene name AL353572.2 is not in current annotation.
Warnning: gene name AL773545.3 is not in current annotation.
Warnning: gene name AL773545.3 is not in current annotation.
Warnning: gene name AL773545.3 is not in current annotation.
Warnning: gene name AL773545.3 is not in current annotation.
Warnning: gene name AC090907.2 is not in current annotation.
Warnning: gene name AC019254.2 is not in current annotation.
Warnning: gene name AC090907.2,AC019254.2 is not in current annotation.
Warnning: gene name AC114798.1 is not in current annotation.
Warnning: gene name AC079766.1 is not in current annotation.
Warnning: gene name AC114798.1,AC079766.1 is not in current annotation.
Warnning: gene name Z82210.1 is not in current annotation.
Warnning: gene name AL590229.2 is not in current annotation.
Warnning: gene name Z82210.1,AL590229.2 is not in current annotation.
Warnning: gene name AC019254.2 is not in current annotation.
Warnning: gene name AC019254.1 is not in current annotation.
Warnning: gene name AC019254.2,AC019254.1 is not in current annotation.
Warnning: gene name AC009264.1 is not in current annotation.
Warnning: gene name AC009264.1 is not in current annotation.
Warnning: gene name AC011029.1 is not in current annotation.
Warnning: gene name AC011029.1 is not in current annotation.
Warnning: gene name AC079142.1 is not in current annotation.
Warnning: gene name AC079142.1 is not in current annotation.
Warnning: gene name AL589693.1 is not in current annotation.
Warnning: gene name AL589693.1 is not in current annotation.
Warnning: gene name AP000676.3 is not in current annotation.
Warnning: gene name AP000676.5 is not in current annotation.
Warnning: gene name AP000676.3,AP000676.5 is not in current annotation.
Warnning: gene name AC107223.1 is not in current annotation.
Warnning: gene name AC107223.1 is not in current annotation.
Warnning: gene name AC097634.4 is not in current annotation.
Warnning: gene name AC097634.4 is not in current annotation.
Warnning: gene name AL391516.1 is not in current annotation.
Warnning: gene name AL356596.1 is not in current annotation.
Warnning: gene name AL391516.1,AL356596.1 is not in current annotation.
Warnning: gene name AC112206.2 is not in current annotation.
Warnning: gene name AC112206.2 is not in current annotation.
Warnning: gene name AL589693.1 is not in current annotation.
Warnning: gene name AL589693.1 is not in current annotation.
Warnning: gene name AL353572.2 is not in current annotation.
Warnning: gene name AL353572.2 is not in current annotation.
Warnning: gene name AC003686.1 is not in current annotation.
Warnning: gene name AC004486.1 is not in current annotation.
Warnning: gene name AC003686.1,AC004486.1 is not in current annotation.
Warnning: gene name AL589693.1 is not in current annotation.
Warnning: gene name AL589693.1 is not in current annotation.
Warnning: gene name AL158212.4 is not in current annotation.
Warnning: gene name AL158212.1 is not in current annotation.
Warnning: gene name AL158212.4,AL158212.1 is not in current annotation.
Warnning: gene name AL096854.1 is not in current annotation.
Warnning: gene name AL096854.1 is not in current annotation.
Warnning: gene name AL353572.2 is not in current annotation.
Warnning: gene name AL353572.2 is not in current annotation.
Warnning: gene name AC126915.2 is not in current annotation.
Warnning: gene name AC126915.1 is not in current annotation.
Warnning: gene name AC126915.2,AC126915.1 is not in current annotation.
Warnning: gene name AL031315.1 is not in current annotation.
Warnning: gene name AL031315.1 is not in current annotation.
Warnning: gene name AL589693.1 is not in current annotation.
Warnning: gene name AL589693.1 is not in current annotation.
Warnning: gene name AL353803.3 is not in current annotation.
Warnning: gene name AL353803.2 is not in current annotation.
Warnning: gene name AL353803.3,AL353803.2 is not in current annotation.
Warnning: gene name AC090907.2 is not in current annotation.
Warnning: gene name AC019254.2 is not in current annotation.
Warnning: gene name AC090907.2,AC019254.2 is not in current annotation.
Warnning: gene name AC092666.1 is not in current annotation.
Warnning: gene name AC006008.1 is not in current annotation.
Warnning: gene name AC092666.1,AC006008.1 is not in current annotation.
Warnning: gene name AL773545.3 is not in current annotation.
Warnning: gene name AL773545.3 is not in current annotation.
Warnning: gene name AL022100.1 is not in current annotation.
Warnning: gene name AL023755.1 is not in current annotation.
Warnning: gene name AL022100.1,AL023755.1 is not in current annotation.
Warnning: gene name CR786580.1 is not in current annotation.
Warnning: gene name CR786580.1 is not in current annotation.
Warnning: gene name AL353572.2 is not in current annotation.
Warnning: gene name AL353572.2 is not in current annotation.
Warnning: gene name AL589693.1 is not in current annotation.
Warnning: gene name AL589693.1 is not in current annotation.
Warnning: gene name MTCL3 is not in current annotation.
Warnning: gene name MTCL3 is not in current annotation.
Warnning: gene name AC027338.1 is not in current annotation.
Warnning: gene name AC104118.1 is not in current annotation.
Warnning: gene name AC027338.1,AC104118.1 is not in current annotation.
Warnning: gene name AL049594.1 is not in current annotation.
Warnning: gene name AL035661.1 is not in current annotation.
Warnning: gene name AL049594.1,AL035661.1 is not in current annotation.
Warnning: gene name AC092666.1 is not in current annotation.
Warnning: gene name AC006008.1 is not in current annotation.
Warnning: gene name AC092666.1,AC006008.1 is not in current annotation.
Warnning: gene name AL589693.1 is not in current annotation.
Warnning: gene name AL589693.1 is not in current annotation.
Warnning: gene name AL773545.3 is not in current annotation.
Warnning: gene name AL773545.3 is not in current annotation.
Warnning: gene name AL773545.3 is not in current annotation.
Warnning: gene name AL773545.3 is not in current annotation.
Warnning: gene name AC010624.2 is not in current annotation.
Warnning: gene name AC010624.5 is not in current annotation.
Warnning: gene name AC010624.2,AC010624.5 is not in current annotation.
Warnning: gene name AL080243.1 is not in current annotation.
Warnning: gene name Y_RNA,AL080243.1 is not in current annotation.
Warnning: gene name AC018710.1 is not in current annotation.
Warnning: gene name AC020551.1 is not in current annotation.
Warnning: gene name AC018710.1,AC020551.1 is not in current annotation.
Warnning: gene name AC009264.1 is not in current annotation.
Warnning: gene name AC009264.1 is not in current annotation.
Warnning: gene name AL773545.3 is not in current annotation.
Warnning: gene name AL773545.3 is not in current annotation.
Warnning: gene name AC092666.1 is not in current annotation.
Warnning: gene name AC006008.1 is not in current annotation.
Warnning: gene name AC092666.1,AC006008.1 is not in current annotation.
Warnning: gene name AC027801.4 is not in current annotation.
Warnning: gene name AC027801.3 is not in current annotation.
Warnning: gene name AC027801.4,AC027801.3 is not in current annotation.
Warnning: gene name AC006525.1 is not in current annotation.
Warnning: gene name AC006525.1 is not in current annotation.
Warnning: gene name AC090809.1 is not in current annotation.
Warnning: gene name AP006245.2 is not in current annotation.
Warnning: gene name AC090809.1 is not in current annotation.
Warnning: gene name AC090809.1 is not in current annotation.
Warnning: gene name AP006245.2,AC090809.1 is not in current annotation.
Warnning: gene name AL353572.2 is not in current annotation.
Warnning: gene name AL353572.2 is not in current annotation.
Warnning: gene name AL589693.1 is not in current annotation.
Warnning: gene name AL589693.1 is not in current annotation.
Warnning: gene name AL589693.1 is not in current annotation.
Warnning: gene name AL589693.1 is not in current annotation.
Warnning: gene name AL589693.1 is not in current annotation.
Warnning: gene name AL589693.1 is not in current annotation.
Warnning: gene name CR786580.1 is not in current annotation.
Warnning: gene name CR786580.1 is not in current annotation.
Warnning: gene name AL008720.2 is not in current annotation.
Warnning: gene name Z72006.1 is not in current annotation.
Warnning: gene name AL008720.2,Z72006.1 is not in current annotation.
Warnning: gene name PRR5-ARHGAP8 is not in current annotation.
Warnning: gene name AL008720.2 is not in current annotation.
Warnning: gene name Z72006.1 is not in current annotation.
Warnning: gene name PRR5-ARHGAP8 is not in current annotation.
Warnning: gene name AL008720.2,Z72006.1 is not in current annotation.
Warnning: gene name AL773545.3 is not in current annotation.
Warnning: gene name AL773545.3 is not in current annotation.
Warnning: gene name AC138776.1 is not in current annotation.
Warnning: gene name AC138776.1 is not in current annotation.
Warnning: gene name AL773545.3 is not in current annotation.
Warnning: gene name AL773545.3 is not in current annotation.
Warnning: gene name AC019254.2 is not in current annotation.
Warnning: gene name AC019254.1 is not in current annotation.
Warnning: gene name AC019254.2,AC019254.1 is not in current annotation.
Warnning: gene name AL589693.1 is not in current annotation.
Warnning: gene name AL589693.1 is not in current annotation.
Warnning: gene name AL773545.3 is not in current annotation.
Warnning: gene name AL773545.3 is not in current annotation.
Warnning: gene name AC109466.1 is not in current annotation.
Warnning: gene name AC109466.1 is not in current annotation.
Warnning: gene name AP002761.2 is not in current annotation.
Warnning: gene name AP002761.1 is not in current annotation.
Warnning: gene name AP002761.2,AP002761.1 is not in current annotation.
Warnning: gene name AL356361.2 is not in current annotation.
Warnning: gene name AL356361.1 is not in current annotation.
Warnning: gene name AL356361.2,AL356361.1 is not in current annotation.
Warnning: gene name AC068448.1 is not in current annotation.
Warnning: gene name AC139426.3 is not in current annotation.
Warnning: gene name AC068448.1,AC139426.3 is not in current annotation.
Warnning: gene name AL096854.1 is not in current annotation.
Warnning: gene name AL096854.1 is not in current annotation.
Warnning: gene name AL442163.1 is not in current annotation.
Warnning: gene name AL442163.1 is not in current annotation.
Warnning: gene name AP000345.2 is not in current annotation.
Warnning: gene name AP000346.4 is not in current annotation.
Warnning: gene name AP000345.2,AP000346.4 is not in current annotation.
Warnning: gene name Z82190.2 is not in current annotation.
Warnning: gene name Z82190.2 is not in current annotation.
Warnning: gene name AC009264.1 is not in current annotation.
Warnning: gene name AC009264.1 is not in current annotation.
Warnning: gene name AC138305.1 is not in current annotation.
Warnning: gene name AC138305.1 is not in current annotation.
Warnning: gene name AC120024.1 is not in current annotation.
Warnning: gene name AC120024.4 is not in current annotation.
Warnning: gene name AC120024.1,AC120024.4 is not in current annotation.
Warnning: gene name AL353572.2 is not in current annotation.
Warnning: gene name AL353572.2 is not in current annotation.
Warnning: gene name AL451165.1 is not in current annotation.
Warnning: gene name AL139100.1 is not in current annotation.
Warnning: gene name AL451165.1,AL139100.1 is not in current annotation.
Warnning: gene name AC135068.5 is not in current annotation.
Warnning: gene name AC135068.8 is not in current annotation.
Warnning: gene name AC135068.5,AC135068.8 is not in current annotation.
Warnning: gene name AC007423.1 is not in current annotation.
Warnning: gene name AC005181.1 is not in current annotation.
Warnning: gene name AC007423.1,AC005181.1 is not in current annotation.
Warnning: gene name AL353572.2 is not in current annotation.
Warnning: gene name AL353572.2 is not in current annotation.
Warnning: gene name AC114798.1 is not in current annotation.
Warnning: gene name AC079766.1 is not in current annotation.
Warnning: gene name AC114798.1,AC079766.1 is not in current annotation.
Warnning: gene name AC092666.1 is not in current annotation.
Warnning: gene name AC006008.1 is not in current annotation.
Warnning: gene name AC092666.1,AC006008.1 is not in current annotation.
Warnning: gene name AP000961.1 is not in current annotation.
Warnning: gene name AP000474.2 is not in current annotation.
Warnning: gene name AP000961.1,AP000474.2 is not in current annotation.
Warnning: gene name AC011029.1 is not in current annotation.
Warnning: gene name AC011029.1 is not in current annotation.
Warnning: gene name AL096854.1 is not in current annotation.
Warnning: gene name AL096854.1 is not in current annotation.
Warnning: gene name AP000961.1 is not in current annotation.
Warnning: gene name AP000474.2 is not in current annotation.
Warnning: gene name AP000961.1,AP000474.2 is not in current annotation.
Warnning: gene name AC126915.2 is not in current annotation.
Warnning: gene name AC126915.1 is not in current annotation.
Warnning: gene name AC126915.2,AC126915.1 is not in current annotation.
Warnning: gene name AL008723.2 is not in current annotation.
Warnning: gene name AL021937.3 is not in current annotation.
Warnning: gene name AL008723.2,AL021937.3 is not in current annotation.
Warnning: gene name AC009264.1 is not in current annotation.
Warnning: gene name AC009264.1 is not in current annotation.
Warnning: gene name AC006525.1 is not in current annotation.
Warnning: gene name AC006525.1 is not in current annotation.
Warnning: gene name AC090907.2 is not in current annotation.
Warnning: gene name AC019254.2 is not in current annotation.
Warnning: gene name AC090907.2,AC019254.2 is not in current annotation.
Warnning: gene name AL442163.1 is not in current annotation.
Warnning: gene name AL442163.1 is not in current annotation.
Warnning: gene name AL773545.3 is not in current annotation.
Warnning: gene name AL773545.3 is not in current annotation.
Warnning: gene name AC007906.2 is not in current annotation.
Warnning: gene name AC007346.1 is not in current annotation.
Warnning: gene name AC007346.2 is not in current annotation.
Warnning: gene name AC007906.2 is not in current annotation.
Warnning: gene name AC007346.1,AC007346.2 is not in current annotation.
Warnning: gene name AC126915.2 is not in current annotation.
Warnning: gene name AC126915.1 is not in current annotation.
Warnning: gene name AC126915.2,AC126915.1 is not in current annotation.
Warnning: gene name AC079142.1 is not in current annotation.
Warnning: gene name AC079142.1 is not in current annotation.
Warnning: gene name AL773545.3 is not in current annotation.
Warnning: gene name AL773545.3 is not in current annotation.
Warnning: gene name AL391516.1 is not in current annotation.
Warnning: gene name AL356596.1 is not in current annotation.
Warnning: gene name AL391516.1,AL356596.1 is not in current annotation.
Warnning: gene name AL096854.1 is not in current annotation.
Warnning: gene name AL096854.1 is not in current annotation.
Warnning: gene name AC092666.1 is not in current annotation.
Warnning: gene name AC006008.1 is not in current annotation.
Warnning: gene name AC092666.1,AC006008.1 is not in current annotation.
Warnning: gene name AC009264.1 is not in current annotation.
Warnning: gene name AC009264.1 is not in current annotation.
Warnning: gene name AC138305.1 is not in current annotation.
Warnning: gene name AC010546.1 is not in current annotation.
Warnning: gene name AC040174.1 is not in current annotation.
Warnning: gene name AC138305.1 is not in current annotation.
Warnning: gene name AC010546.1,AC040174.1 is not in current annotation.
Warnning: gene name AL096854.1 is not in current annotation.
Warnning: gene name AL096854.1 is not in current annotation.
Warnning: gene name AC126915.2 is not in current annotation.
Warnning: gene name AC126915.1 is not in current annotation.
Warnning: gene name AC126915.2,AC126915.1 is not in current annotation.
Warnning: gene name AC092666.1 is not in current annotation.
Warnning: gene name AC006008.1 is not in current annotation.
Warnning: gene name AC092666.1,AC006008.1 is not in current annotation.
Warnning: gene name AC009264.1 is not in current annotation.
Warnning: gene name AC009264.1 is not in current annotation.
Warnning: gene name AC092666.1 is not in current annotation.
Warnning: gene name AC006008.1 is not in current annotation.
Warnning: gene name AC092666.1,AC006008.1 is not in current annotation.
Warnning: gene name AL589693.1 is not in current annotation.
Warnning: gene name AL589693.1 is not in current annotation.
Warnning: gene name AC092666.1 is not in current annotation.
Warnning: gene name AC006008.1 is not in current annotation.
Warnning: gene name AC092666.1,AC006008.1 is not in current annotation.
Warnning: gene name AC034216.1 is not in current annotation.
Warnning: gene name AC063976.3 is not in current annotation.
Warnning: gene name AC034216.1,AC063976.3 is not in current annotation.
Warnning: gene name AL589693.1 is not in current annotation.
Warnning: gene name AL589693.1 is not in current annotation.
Warnning: gene name AC009292.2 is not in current annotation.
Warnning: gene name AC022254.1 is not in current annotation.
Warnning: gene name AC009292.2,AC022254.1 is not in current annotation.
Warnning: gene name SPATA31F3 is not in current annotation.
Warnning: gene name AL162231.5 is not in current annotation.
Warnning: gene name AL589645.1 is not in current annotation.
Warnning: gene name SPATA31F3 is not in current annotation.
Warnning: gene name AL162231.5,AL589645.1 is not in current annotation.
Warnning: gene name AL442163.1 is not in current annotation.
Warnning: gene name AL442163.1 is not in current annotation.
Warnning: gene name MTRNR2L8 is not in current annotation.
Warnning: gene name MTRNR2L8 is not in current annotation.
Warnning: gene name AC009264.1 is not in current annotation.
Warnning: gene name AC009264.1 is not in current annotation.
Warnning: gene name AL589693.1 is not in current annotation.
Warnning: gene name AL589693.1 is not in current annotation.
Warnning: gene name AC092745.4 is not in current annotation.
Warnning: gene name AC092745.4 is not in current annotation.
Warnning: gene name AC092666.1 is not in current annotation.
Warnning: gene name AC006008.1 is not in current annotation.
Warnning: gene name AC092666.1,AC006008.1 is not in current annotation.
Warnning: gene name AL773545.3 is not in current annotation.
Warnning: gene name AL773545.3 is not in current annotation.
Warnning: gene name AC013643.3 is not in current annotation.
Warnning: gene name AC013643.2 is not in current annotation.
Warnning: gene name AC013643.3,AC013643.2 is not in current annotation.
Warnning: gene name AC092666.1 is not in current annotation.
Warnning: gene name AC006008.1 is not in current annotation.
Warnning: gene name AC092666.1,AC006008.1 is not in current annotation.
Warnning: gene name AL442163.1 is not in current annotation.
Warnning: gene name AL442163.1 is not in current annotation.
Warnning: gene name AC011029.1 is not in current annotation.
Warnning: gene name AC011029.1 is not in current annotation.
Warnning: gene name CR381653.1 is not in current annotation.
Warnning: gene name CR381653.1 is not in current annotation.
Warnning: gene name AL158212.4 is not in current annotation.
Warnning: gene name AL158212.1 is not in current annotation.
Warnning: gene name AL158212.4,AL158212.1 is not in current annotation.
Warnning: gene name AC019254.2 is not in current annotation.
Warnning: gene name AC019254.1 is not in current annotation.
Warnning: gene name AC019254.2,AC019254.1 is not in current annotation.
Warnning: gene name AC092821.1 is not in current annotation.
Warnning: gene name AC024940.4 is not in current annotation.
Warnning: gene name AC024940.2 is not in current annotation.
Warnning: gene name AC092821.1 is not in current annotation.
Warnning: gene name AC024940.4,AC024940.2 is not in current annotation.
Warnning: gene name AC092821.3 is not in current annotation.
Warnning: gene name AC024940.4 is not in current annotation.
Warnning: gene name AC024940.2 is not in current annotation.
Warnning: gene name AC092821.3 is not in current annotation.
Warnning: gene name AC024940.4,AC024940.2 is not in current annotation.
Warnning: gene name AC073114.1 is not in current annotation.
Warnning: gene name AC073114.1 is not in current annotation.
Warnning: gene name AL589693.1 is not in current annotation.
Warnning: gene name AL589693.1 is not in current annotation.
Warnning: gene name AL391516.1 is not in current annotation.
Warnning: gene name AL356596.1 is not in current annotation.
Warnning: gene name AL391516.1,AL356596.1 is not in current annotation.
Warnning: gene name AC007906.2 is not in current annotation.
Warnning: gene name AC007906.2 is not in current annotation.
Warnning: gene name AC073114.1 is not in current annotation.
Warnning: gene name AC073114.1 is not in current annotation.
Warnning: gene name AL773545.3 is not in current annotation.
Warnning: gene name AL773545.3 is not in current annotation.
Warnning: gene name CR381653.1 is not in current annotation.
Warnning: gene name CR381653.1 is not in current annotation.
Warnning: gene name AL162151.3 is not in current annotation.
Warnning: gene name AL162151.1 is not in current annotation.
Warnning: gene name AL162151.3,AL162151.1 is not in current annotation.
Warnning: gene name AL589693.1 is not in current annotation.
Warnning: gene name AL589693.1 is not in current annotation.
Warnning: gene name AL773545.3 is not in current annotation.
Warnning: gene name AL773545.3 is not in current annotation.
Warnning: gene name AL773545.3 is not in current annotation.
Warnning: gene name AL773545.3 is not in current annotation.
Warnning: gene name AC011287.1 is not in current annotation.
Warnning: gene name AC005019.2 is not in current annotation.
Warnning: gene name AC011287.2 is not in current annotation.
Warnning: gene name AC011287.1,AC005019.2 is not in current annotation.
Warnning: gene name AC011287.2 is not in current annotation.
Warnning: gene name AC011029.1 is not in current annotation.
Warnning: gene name AC011029.1 is not in current annotation.
Warnning: gene name AL590814.1 is not in current annotation.
Warnning: gene name AL133457.1 is not in current annotation.
Warnning: gene name AL590814.1,AL133457.1 is not in current annotation.
Warnning: gene name AC126915.2 is not in current annotation.
Warnning: gene name AC126915.1 is not in current annotation.
Warnning: gene name AC126915.2,AC126915.1 is not in current annotation.
Warnning: gene name AL135818.2 is not in current annotation.
Warnning: gene name AL135818.3 is not in current annotation.
Warnning: gene name AL135818.2,AL135818.3 is not in current annotation.
Warnning: gene name AL442163.1 is not in current annotation.
Warnning: gene name AL442163.1 is not in current annotation.
Warnning: gene name AL391516.1 is not in current annotation.
Warnning: gene name AL356596.1 is not in current annotation.
Warnning: gene name AL391516.1,AL356596.1 is not in current annotation.
Warnning: gene name AC006525.1 is not in current annotation.
Warnning: gene name AC006525.1 is not in current annotation.
Warnning: gene name AL773545.3 is not in current annotation.
Warnning: gene name AL773545.3 is not in current annotation.
Warnning: gene name AC008014.1 is not in current annotation.
Warnning: gene name AC008014.1 is not in current annotation.
Warnning: gene name AC079906.1 is not in current annotation.
Warnning: gene name AC008014.1 is not in current annotation.
Warnning: gene name AC008014.1,AC079906.1 is not in current annotation.
Warnning: gene name AC126915.2 is not in current annotation.
Warnning: gene name AC126915.1 is not in current annotation.
Warnning: gene name AC126915.2,AC126915.1 is not in current annotation.
Warnning: gene name AC113192.3 is not in current annotation.
Warnning: gene name AC113192.2 is not in current annotation.
Warnning: gene name AC113192.3,AC113192.2 is not in current annotation.
Warnning: gene name AL158212.4 is not in current annotation.
Warnning: gene name AL158212.1 is not in current annotation.
Warnning: gene name AL158212.4,AL158212.1 is not in current annotation.
Warnning: gene name AC009264.1 is not in current annotation.
Warnning: gene name AC009264.1 is not in current annotation.
Warnning: gene name AL773545.3 is not in current annotation.
Warnning: gene name AL773545.3 is not in current annotation.
Warnning: gene name AC098965.1 is not in current annotation.
Warnning: gene name AC109446.3 is not in current annotation.
Warnning: gene name AC098965.1,AC109446.3 is not in current annotation.
Warnning: gene name AC138776.1 is not in current annotation.
Warnning: gene name AC138776.1 is not in current annotation.
Warnning: gene name AC006557.6 is not in current annotation.
Warnning: gene name AC006557.5 is not in current annotation.
Warnning: gene name AC006557.6,AC006557.5 is not in current annotation.
Warnning: gene name AC011029.1 is not in current annotation.
Warnning: gene name AC011029.1 is not in current annotation.
Warnning: gene name AC019254.2 is not in current annotation.
Warnning: gene name AC019254.1 is not in current annotation.
Warnning: gene name AC019254.2,AC019254.1 is not in current annotation.
Warnning: gene name AC013643.1 is not in current annotation.
Warnning: gene name AC013643.3 is not in current annotation.
Warnning: gene name AC013643.1,AC013643.3 is not in current annotation.
Warnning: gene name AC027338.1 is not in current annotation.
Warnning: gene name AC104118.1 is not in current annotation.
Warnning: gene name AC027338.1,AC104118.1 is not in current annotation.
cff /MetaFusion/RUNS_Results/TCGA-THYM/THYM.cff.reformat.renamed.reann.WITH_SEQ
Add adjacent exons to cff
3186995 annotations from /MetaFusion/reference_files/hg38_gene.bed loaded.
16.1819729805 sec. elapsed.
Warning: Input gene annotations include multiple chr, strand, or regions (5Mb away). Skipping current gene annotation.
[('LINC00102', 'chrX', 'r'), ('LINC00102', 'chrY', 'r')]
Warning: Input gene annotations include multiple chr, strand, or regions (5Mb away). Skipping current gene annotation.
[('SNORD42', 'chr22', 'r'), ('SNORD42', 'chr4', 'r')]
Warning: Input gene annotations include multiple chr, strand, or regions (5Mb away). Skipping current gene annotation.
[('CD99P1', 'chrX', 'f'), ('CD99P1', 'chrY', 'f')]
Warning: Input gene annotations include multiple chr, strand, or regions (5Mb away). Skipping current gene annotation.
[('TNFRSF10A-DT', 'chr8', 'f'), ('TNFRSF10A-DT', 'chr8', 'r')]
Warning: Input gene annotations include multiple chr, strand, or regions (5Mb away). Skipping current gene annotation.
[('TRPC6P1', 'chrX', 'r'), ('TRPC6P1', 'chrY', 'r')]
Warning: Input gene annotations include multiple chr, strand, or regions (5Mb away). Skipping current gene annotation.
[('7SK', 'chr1', 'r'), ('7SK', 'chr1', 'f'), ('7SK', 'chr11', 'f'), ('7SK', 'chr17', 'f'), ('7SK', 'chr3', 'r'), ('7SK', 'chr6', 'f')]
Warning: Input gene annotations include multiple chr, strand, or regions (5Mb away). Skipping current gene annotation.
[('Y_RNA', 'chr1', 'r'), ('Y_RNA', 'chr1', 'f'), ('Y_RNA', 'chr10', 'r'), ('Y_RNA', 'chr10', 'f'), ('Y_RNA', 'chr11', 'f'), ('Y_RNA', 'chr11', 'r'), ('Y_RNA', 'chr12', 'r'), ('Y_RNA', 'chr12', 'f'), ('Y_RNA', 'chr13', 'f'), ('Y_RNA', 'chr14', 'f'), ('Y_RNA', 'chr14', 'r'), ('Y_RNA', 'chr15', 'f'), ('Y_RNA', 'chr15', 'r'), ('Y_RNA', 'chr16', 'f'), ('Y_RNA', 'chr16', 'r'), ('Y_RNA', 'chr17', 'f'), ('Y_RNA', 'chr17', 'r'), ('Y_RNA', 'chr18', 'f'), ('Y_RNA', 'chr18', 'r'), ('Y_RNA', 'chr19', 'r'), ('Y_RNA', 'chr19', 'f'), ('Y_RNA', 'chr2', 'f'), ('Y_RNA', 'chr2', 'r'), ('Y_RNA', 'chr20', 'f'), ('Y_RNA', 'chr20', 'r'), ('Y_RNA', 'chr21', 'f'), ('Y_RNA', 'chr21', 'r'), ('Y_RNA', 'chr22', 'f'), ('Y_RNA', 'chr22', 'r'), ('Y_RNA', 'chr3', 'r'), ('Y_RNA', 'chr3', 'f'), ('Y_RNA', 'chr4', 'r'), ('Y_RNA', 'chr4', 'f'), ('Y_RNA', 'chr5', 'r'), ('Y_RNA', 'chr5', 'f'), ('Y_RNA', 'chr6', 'r'), ('Y_RNA', 'chr6', 'f'), ('Y_RNA', 'chr7', 'r'), ('Y_RNA', 'chr7', 'f'), ('Y_RNA', 'chr8', 'f'), ('Y_RNA', 'chr8', 'r'), ('Y_RNA', 'chr9', 'f'), ('Y_RNA', 'chr9', 'r'), ('Y_RNA', 'chrX', 'r'), ('Y_RNA', 'chrX', 'f'), ('Y_RNA', 'chrY', 'f')]
Warning: Input gene annotations include multiple chr, strand, or regions (5Mb away). Skipping current gene annotation.
[('WASIR1', 'chrX', 'r'), ('WASIR1', 'chrY', 'r')]
Warning: Input gene annotations include multiple chr, strand, or regions (5Mb away). Skipping current gene annotation.
[('U8', 'chr1', 'f'), ('U8', 'chr10', 'r'), ('U8', 'chr10', 'f'), ('U8', 'chr11', 'f'), ('U8', 'chr12', 'r'), ('U8', 'chr12', 'f'), ('U8', 'chr15', 'f'), ('U8', 'chr15', 'r'), ('U8', 'chr18', 'r'), ('U8', 'chr2', 'r'), ('U8', 'chr2', 'f'), ('U8', 'chr3', 'r'), ('U8', 'chr3', 'f'), ('U8', 'chr5', 'r'), ('U8', 'chr5', 'f'), ('U8', 'chr6', 'r'), ('U8', 'chr8', 'r'), ('U8', 'chr9', 'f')]
Warning: Input gene annotations include multiple chr, strand, or regions (5Mb away). Skipping current gene annotation.
[('U4', 'chr1', 'r'), ('U4', 'chr1', 'f'), ('U4', 'chr11', 'r'), ('U4', 'chr2', 'f'), ('U4', 'chr5', 'r'), ('U4', 'chr6', 'f'), ('U4', 'chr8', 'r')]
Warning: Input gene annotations include multiple chr, strand, or regions (5Mb away). Skipping current gene annotation.
[('U7', 'chr1', 'f'), ('U7', 'chr12', 'r'), ('U7', 'chr15', 'f'), ('U7', 'chr16', 'r'), ('U7', 'chr22', 'r'), ('U7', 'chr3', 'f'), ('U7', 'chrX', 'f')]
Warning: Input gene annotations include multiple chr, strand, or regions (5Mb away). Skipping current gene annotation.
[('U6', 'chr1', 'r'), ('U6', 'chr1', 'f'), ('U6', 'chr10', 'f'), ('U6', 'chr11', 'r'), ('U6', 'chr11', 'f'), ('U6', 'chr12', 'f'), ('U6', 'chr12', 'r'), ('U6', 'chr13', 'f'), ('U6', 'chr14', 'r'), ('U6', 'chr15', 'r'), ('U6', 'chr15', 'f'), ('U6', 'chr16', 'f'), ('U6', 'chr17', 'r'), ('U6', 'chr2', 'f'), ('U6', 'chr2', 'r'), ('U6', 'chr20', 'r'), ('U6', 'chr21', 'f'), ('U6', 'chr22', 'f'), ('U6', 'chr3', 'f'), ('U6', 'chr4', 'f'), ('U6', 'chr4', 'r'), ('U6', 'chr9', 'f'), ('U6', 'chrX', 'f')]
Warning: Input gene annotations include multiple chr, strand, or regions (5Mb away). Skipping current gene annotation.
[('U1', 'chr1', 'f'), ('U1', 'chr1', 'r'), ('U1', 'chr21', 'f')]
Warning: Input gene annotations include multiple chr, strand, or regions (5Mb away). Skipping current gene annotation.
[('U3', 'chr1', 'f'), ('U3', 'chr1', 'r'), ('U3', 'chr10', 'f'), ('U3', 'chr10', 'r'), ('U3', 'chr11', 'f'), ('U3', 'chr14', 'r'), ('U3', 'chr15', 'f'), ('U3', 'chr15', 'r'), ('U3', 'chr17', 'r'), ('U3', 'chr17', 'f'), ('U3', 'chr18', 'f'), ('U3', 'chr18', 'r'), ('U3', 'chr19', 'r'), ('U3', 'chr2', 'f'), ('U3', 'chr2', 'r'), ('U3', 'chr20', 'f'), ('U3', 'chr20', 'r'), ('U3', 'chr21', 'r'), ('U3', 'chr3', 'r'), ('U3', 'chr3', 'f'), ('U3', 'chr4', 'f'), ('U3', 'chr5', 'f'), ('U3', 'chr5', 'r'), ('U3', 'chr6', 'f'), ('U3', 'chr6', 'r'), ('U3', 'chr7', 'f'), ('U3', 'chr7', 'r'), ('U3', 'chr8', 'f'), ('U3', 'chr8', 'r'), ('U3', 'chrX', 'f'), ('U3', 'chrX', 'r')]
Warning: Input gene annotations include multiple chr, strand, or regions (5Mb away). Skipping current gene annotation.
[('U2', 'chr1', 'f'), ('U2', 'chr14', 'r'), ('U2', 'chr17', 'r'), ('U2', 'chr22', 'r'), ('U2', 'chr3', 'f'), ('U2', 'chr4', 'f'), ('U2', 'chr8', 'r'), ('U2', 'chr9', 'f')]
Warning: Input gene annotations include multiple chr, strand, or regions (5Mb away). Skipping current gene annotation.
[('MIR6089', 'chrX', 'f'), ('MIR6089', 'chrY', 'f')]
Warning: Input gene annotations include multiple chr, strand, or regions (5Mb away). Skipping current gene annotation.
[('IL3RA', 'chrX', 'f'), ('IL3RA', 'chrY', 'f')]
Warning: Input gene annotations include multiple chr, strand, or regions (5Mb away). Skipping current gene annotation.
[('GTPBP6', 'chrX', 'r'), ('GTPBP6', 'chrY', 'r')]
Warning: Input gene annotations include multiple chr, strand, or regions (5Mb away). Skipping current gene annotation.
[('SNORD18', 'chr15', 'r'), ('SNORD18', 'chr2', 'r')]
Warning: Input gene annotations include multiple chr, strand, or regions (5Mb away). Skipping current gene annotation.
[('LSP1P5', 'chr1', 'f'), ('LSP1P5', 'chr2', 'r')]
Warning: Input gene annotations include multiple chr, strand, or regions (5Mb away). Skipping current gene annotation.
[('ELOCP24', 'chrX', 'r'), ('ELOCP24', 'chrY', 'r')]
Warning: Input gene annotations include multiple chr, strand, or regions (5Mb away). Skipping current gene annotation.
[('Vault', 'chr17', 'f'), ('Vault', 'chr17', 'r'), ('Vault', 'chr2', 'r'), ('Vault', 'chr5', 'r')]
Warning: Input gene annotations include multiple chr, strand, or regions (5Mb away). Skipping current gene annotation.
[('LINC03025', 'chr9', 'r'), ('LINC03025', 'chr9', 'f')]
Warning: Input gene annotations include multiple chr, strand, or regions (5Mb away). Skipping current gene annotation.
[('5S_rRNA', 'chr1', 'r'), ('5S_rRNA', 'chr16', 'r'), ('5S_rRNA', 'chr17', 'r'), ('5S_rRNA', 'chr19', 'r'), ('5S_rRNA', 'chr2', 'r'), ('5S_rRNA', 'chr2', 'f'), ('5S_rRNA', 'chr6', 'r'), ('5S_rRNA', 'chr7', 'r'), ('5S_rRNA', 'chrX', 'f')]
Warning: Input gene annotations include multiple chr, strand, or regions (5Mb away). Skipping current gene annotation.
[('WASH6P', 'chrX', 'f'), ('WASH6P', 'chrY', 'f')]
Warning: Input gene annotations include multiple chr, strand, or regions (5Mb away). Skipping current gene annotation.
[('LINC01238', 'chr2', 'f'), ('LINC01238', 'chr2', 'r')]
Warning: Input gene annotations include multiple chr, strand, or regions (5Mb away). Skipping current gene annotation.
[('MIR3690', 'chrX', 'f'), ('MIR3690', 'chrY', 'f')]
Warning: Input gene annotations include multiple chr, strand, or regions (5Mb away). Skipping current gene annotation.
[('HERC2P7', 'chr15', 'r'), ('HERC2P7', 'chr15', 'f')]
Warning: Input gene annotations include multiple chr, strand, or regions (5Mb away). Skipping current gene annotation.
[('CTSLP2', 'chr10', 'f'), ('CTSLP2', 'chr10', 'r')]
Warning: Input gene annotations include multiple chr, strand, or regions (5Mb away). Skipping current gene annotation.
[('SNORA62', 'chr1', 'f'), ('SNORA62', 'chr11', 'f'), ('SNORA62', 'chr16', 'r'), ('SNORA62', 'chr21', 'f'), ('SNORA62', 'chr3', 'f'), ('SNORA62', 'chr4', 'f'), ('SNORA62', 'chr8', 'f')]
Warning: Input gene annotations include multiple chr, strand, or regions (5Mb away). Skipping current gene annotation.
[('SNORA63', 'chr1', 'f'), ('SNORA63', 'chr1', 'r'), ('SNORA63', 'chr15', 'r'), ('SNORA63', 'chr3', 'f'), ('SNORA63', 'chr4', 'f'), ('SNORA63', 'chr5', 'f'), ('SNORA63', 'chr7', 'r')]
Warning: Input gene annotations include multiple chr, strand, or regions (5Mb away). Skipping current gene annotation.
[('SNORD116', 'chr1', 'r'), ('SNORD116', 'chr13', 'r'), ('SNORD116', 'chr9', 'f')]
Warning: Input gene annotations include multiple chr, strand, or regions (5Mb away). Skipping current gene annotation.
[('SNORD63', 'chr17', 'r'), ('SNORD63', 'chr3', 'r'), ('SNORD63', 'chr5', 'r')]
Warning: Input gene annotations include multiple chr, strand, or regions (5Mb away). Skipping current gene annotation.
[('KMT2CP1', 'chr1', 'r'), ('KMT2CP1', 'chr1', 'f')]
Warning: Input gene annotations include multiple chr, strand, or regions (5Mb away). Skipping current gene annotation.
[('SHOX', 'chrX', 'f'), ('SHOX', 'chrY', 'f')]
Warning: Input gene annotations include multiple chr, strand, or regions (5Mb away). Skipping current gene annotation.
[('RPL23AP7', 'chr2', 'r'), ('RPL23AP7', 'chr22', 'f')]
Warning: Input gene annotations include multiple chr, strand, or regions (5Mb away). Skipping current gene annotation.
[('DHRSX-IT1', 'chrX', 'r'), ('DHRSX-IT1', 'chrY', 'r')]
Warning: Input gene annotations include multiple chr, strand, or regions (5Mb away). Skipping current gene annotation.
[('SNORD39', 'chr11', 'r'), ('SNORD39', 'chr2', 'f'), ('SNORD39', 'chr4', 'r'), ('SNORD39', 'chr9', 'r')]
Warning: Input gene annotations include multiple chr, strand, or regions (5Mb away). Skipping current gene annotation.
[('ZBED1', 'chrX', 'r'), ('ZBED1', 'chrY', 'r')]
Warning: Input gene annotations include multiple chr, strand, or regions (5Mb away). Skipping current gene annotation.
[('ASMTL-AS1', 'chrX', 'f'), ('ASMTL-AS1', 'chrY', 'f')]
Warning: Input gene annotations include multiple chr, strand, or regions (5Mb away). Skipping current gene annotation.
[('SNORD30', 'chr11', 'r'), ('SNORD30', 'chrX', 'f')]
Warning: Input gene annotations include multiple chr, strand, or regions (5Mb away). Skipping current gene annotation.
[('ASMTL', 'chrX', 'r'), ('ASMTL', 'chrY', 'r')]
Warning: Input gene annotations include multiple chr, strand, or regions (5Mb away). Skipping current gene annotation.
[('FABP5P13', 'chrX', 'r'), ('FABP5P13', 'chrY', 'r')]
Warning: Input gene annotations include multiple chr, strand, or regions (5Mb away). Skipping current gene annotation.
[('CD99', 'chrX', 'f'), ('CD99', 'chrY', 'f')]
Warning: Input gene annotations include multiple chr, strand, or regions (5Mb away). Skipping current gene annotation.
[('DHRSX', 'chrX', 'r'), ('DHRSX', 'chrY', 'r')]
Warning: Input gene annotations include multiple chr, strand, or regions (5Mb away). Skipping current gene annotation.
[('SNORD33', 'chr16', 'r'), ('SNORD33', 'chr19', 'f')]
Warning: Input gene annotations include multiple chr, strand, or regions (5Mb away). Skipping current gene annotation.
[('NPIPA9', 'chr16', 'f'), ('NPIPA9', 'chr16', 'r')]
Warning: Input gene annotations include multiple chr, strand, or regions (5Mb away). Skipping current gene annotation.
[('SNORD81', 'chr1', 'f'), ('SNORD81', 'chr5', 'f'), ('SNORD81', 'chr7', 'f')]
Warning: Input gene annotations include multiple chr, strand, or regions (5Mb away). Skipping current gene annotation.
[('PLCXD1', 'chrX', 'f'), ('PLCXD1', 'chrY', 'f')]
Warning: Input gene annotations include multiple chr, strand, or regions (5Mb away). Skipping current gene annotation.
[('RNA5SP498', 'chrX', 'r'), ('RNA5SP498', 'chrY', 'r')]
Warning: Input gene annotations include multiple chr, strand, or regions (5Mb away). Skipping current gene annotation.
[('Metazoa_SRP', 'chr1', 'f'), ('Metazoa_SRP', 'chr1', 'r'), ('Metazoa_SRP', 'chr10', 'f'), ('Metazoa_SRP', 'chr10', 'r'), ('Metazoa_SRP', 'chr11', 'r'), ('Metazoa_SRP', 'chr11', 'f'), ('Metazoa_SRP', 'chr12', 'f'), ('Metazoa_SRP', 'chr12', 'r'), ('Metazoa_SRP', 'chr13', 'r'), ('Metazoa_SRP', 'chr13', 'f'), ('Metazoa_SRP', 'chr14', 'r'), ('Metazoa_SRP', 'chr14', 'f'), ('Metazoa_SRP', 'chr15', 'r'), ('Metazoa_SRP', 'chr15', 'f'), ('Metazoa_SRP', 'chr16', 'f'), ('Metazoa_SRP', 'chr16', 'r'), ('Metazoa_SRP', 'chr17', 'r'), ('Metazoa_SRP', 'chr17', 'f'), ('Metazoa_SRP', 'chr18', 'r'), ('Metazoa_SRP', 'chr19', 'f'), ('Metazoa_SRP', 'chr19', 'r'), ('Metazoa_SRP', 'chr2', 'f'), ('Metazoa_SRP', 'chr2', 'r'), ('Metazoa_SRP', 'chr20', 'f'), ('Metazoa_SRP', 'chr20', 'r'), ('Metazoa_SRP', 'chr22', 'f'), ('Metazoa_SRP', 'chr22', 'r'), ('Metazoa_SRP', 'chr3', 'r'), ('Metazoa_SRP', 'chr3', 'f'), ('Metazoa_SRP', 'chr4', 'r'), ('Metazoa_SRP', 'chr4', 'f'), ('Metazoa_SRP', 'chr5', 'f'), ('Metazoa_SRP', 'chr5', 'r'), ('Metazoa_SRP', 'chr6', 'f'), ('Metazoa_SRP', 'chr6', 'r'), ('Metazoa_SRP', 'chr7', 'f'), ('Metazoa_SRP', 'chr7', 'r'), ('Metazoa_SRP', 'chr8', 'f'), ('Metazoa_SRP', 'chr8', 'r'), ('Metazoa_SRP', 'chr9', 'f'), ('Metazoa_SRP', 'chr9', 'r'), ('Metazoa_SRP', 'chrX', 'r'), ('Metazoa_SRP', 'chrX', 'f'), ('Metazoa_SRP', 'chrY', 'r')]
Warning: Input gene annotations include multiple chr, strand, or regions (5Mb away). Skipping current gene annotation.
[('CSF2RA', 'chrX', 'f'), ('CSF2RA', 'chrY', 'f')]
Warning: Input gene annotations include multiple chr, strand, or regions (5Mb away). Skipping current gene annotation.
[('PPP2R3B', 'chrX', 'r'), ('PPP2R3B', 'chrY', 'r')]
Warning: Input gene annotations include multiple chr, strand, or regions (5Mb away). Skipping current gene annotation.
[('DPH3P2', 'chrX', 'f'), ('DPH3P2', 'chrY', 'f')]
Warning: Input gene annotations include multiple chr, strand, or regions (5Mb away). Skipping current gene annotation.
[('ASMT', 'chrX', 'f'), ('ASMT', 'chrY', 'f')]
Warning: Input gene annotations include multiple chr, strand, or regions (5Mb away). Skipping current gene annotation.
[('IL9R', 'chrX', 'f'), ('IL9R', 'chrY', 'f')]
Warning: Input gene annotations include multiple chr, strand, or regions (5Mb away). Skipping current gene annotation.
[('VAMP7', 'chrX', 'f'), ('VAMP7', 'chrY', 'f')]
Warning: Input gene annotations include multiple chr, strand, or regions (5Mb away). Skipping current gene annotation.
[('LINC02968', 'chrX', 'f'), ('LINC02968', 'chrY', 'f')]
Warning: Input gene annotations include multiple chr, strand, or regions (5Mb away). Skipping current gene annotation.
[('SNORA75', 'chr12', 'r'), ('SNORA75', 'chr12', 'f'), ('SNORA75', 'chr16', 'f'), ('SNORA75', 'chr2', 'r'), ('SNORA75', 'chr4', 'f')]
Warning: Input gene annotations include multiple chr, strand, or regions (5Mb away). Skipping current gene annotation.
[('SNORA74', 'chr12', 'r'), ('SNORA74', 'chr17', 'f'), ('SNORA74', 'chr2', 'f')]
Warning: Input gene annotations include multiple chr, strand, or regions (5Mb away). Skipping current gene annotation.
[('SNORA73', 'chr18', 'f'), ('SNORA73', 'chr18', 'r'), ('SNORA73', 'chr6', 'r')]
Warning: Input gene annotations include multiple chr, strand, or regions (5Mb away). Skipping current gene annotation.
[('SNORA72', 'chr1', 'r'), ('SNORA72', 'chr1', 'f'), ('SNORA72', 'chr2', 'f'), ('SNORA72', 'chr3', 'f'), ('SNORA72', 'chr3', 'r'), ('SNORA72', 'chr8', 'r')]
Warning: Input gene annotations include multiple chr, strand, or regions (5Mb away). Skipping current gene annotation.
[('SNORA71', 'chr10', 'f'), ('SNORA71', 'chr20', 'r'), ('SNORA71', 'chr20', 'f')]
Warning: Input gene annotations include multiple chr, strand, or regions (5Mb away). Skipping current gene annotation.
[('SNORA70', 'chr1', 'r'), ('SNORA70', 'chr12', 'r'), ('SNORA70', 'chr12', 'f'), ('SNORA70', 'chr14', 'f'), ('SNORA70', 'chr16', 'r'), ('SNORA70', 'chr17', 'r'), ('SNORA70', 'chr17', 'f'), ('SNORA70', 'chr18', 'r'), ('SNORA70', 'chr19', 'f'), ('SNORA70', 'chr21', 'f'), ('SNORA70', 'chr21', 'r'), ('SNORA70', 'chr3', 'f'), ('SNORA70', 'chr4', 'f'), ('SNORA70', 'chr5', 'f'), ('SNORA70', 'chr6', 'f'), ('SNORA70', 'chr8', 'r'), ('SNORA70', 'chr8', 'f'), ('SNORA70', 'chr9', 'f'), ('SNORA70', 'chr9', 'r'), ('SNORA70', 'chrX', 'f'), ('SNORA70', 'chrY', 'r'), ('SNORA70', 'chrY', 'f')]
Warning: Input gene annotations include multiple chr, strand, or regions (5Mb away). Skipping current gene annotation.
[('AMD1P2', 'chrX', 'r'), ('AMD1P2', 'chrY', 'r')]
Warning: Input gene annotations include multiple chr, strand, or regions (5Mb away). Skipping current gene annotation.
[('CRLF2', 'chrX', 'r'), ('CRLF2', 'chrY', 'r')]
Warning: Input gene annotations include multiple chr, strand, or regions (5Mb away). Skipping current gene annotation.
[('SNORD115', 'chr10', 'f'), ('SNORD115', 'chr15', 'f')]
Warning: Input gene annotations include multiple chr, strand, or regions (5Mb away). Skipping current gene annotation.
[('AKAP17A', 'chrX', 'f'), ('AKAP17A', 'chrY', 'f')]
Warning: Input gene annotations include multiple chr, strand, or regions (5Mb away). Skipping current gene annotation.
[('SNORD27', 'chr11', 'r'), ('SNORD27', 'chr13', 'r')]
Warning: Input gene annotations include multiple chr, strand, or regions (5Mb away). Skipping current gene annotation.
[('P2RY8', 'chrX', 'r'), ('P2RY8', 'chrY', 'r')]
Warning: Input gene annotations include multiple chr, strand, or regions (5Mb away). Skipping current gene annotation.
[('NPEPPSP1', 'chr17', 'f'), ('NPEPPSP1', 'chr17', 'r')]
Warning: Input gene annotations include multiple chr, strand, or regions (5Mb away). Skipping current gene annotation.
[('LINC00685', 'chrX', 'f'), ('LINC00685', 'chrY', 'f')]
Warning: Input gene annotations include multiple chr, strand, or regions (5Mb away). Skipping current gene annotation.
[('DDX11L2', 'chr1', 'f'), ('DDX11L2', 'chr2', 'r')]
Warning: Input gene annotations include multiple chr, strand, or regions (5Mb away). Skipping current gene annotation.
[('GABARAPL3', 'chr15', 'f'), ('GABARAPL3', 'chr15', 'r')]
Warning: Input gene annotations include multiple chr, strand, or regions (5Mb away). Skipping current gene annotation.
[('LINC02256', 'chr15', 'r'), ('LINC02256', 'chr15', 'f')]
Warning: Input gene annotations include multiple chr, strand, or regions (5Mb away). Skipping current gene annotation.
[('5_8S_rRNA', 'chr14', 'f'), ('5_8S_rRNA', 'chr20', 'r'), ('5_8S_rRNA', 'chr21', 'f'), ('5_8S_rRNA', 'chr22', 'r')]
Warning: Input gene annotations include multiple chr, strand, or regions (5Mb away). Skipping current gene annotation.
[('RPL14P5', 'chrX', 'r'), ('RPL14P5', 'chrY', 'r')]
Warning: Input gene annotations include multiple chr, strand, or regions (5Mb away). Skipping current gene annotation.
[('LINC00106', 'chrX', 'f'), ('LINC00106', 'chrY', 'f')]
Warning: Input gene annotations include multiple chr, strand, or regions (5Mb away). Skipping current gene annotation.
[('ANKRD20A5P', 'chr18', 'f'), ('ANKRD20A5P', 'chr9', 'f')]
Warning: Input gene annotations include multiple chr, strand, or regions (5Mb away). Skipping current gene annotation.
[('SLC25A6', 'chrX', 'r'), ('SLC25A6', 'chrY', 'r')]
Warning: Input gene annotations include multiple chr, strand, or regions (5Mb away). Skipping current gene annotation.
[('KRT18P53', 'chrX', 'r'), ('KRT18P53', 'chrY', 'r')]
Warning: Input gene annotations include multiple chr, strand, or regions (5Mb away). Skipping current gene annotation.
[('DDX11L16', 'chr15', 'r'), ('DDX11L16', 'chr16', 'f'), ('DDX11L16', 'chrX', 'r'), ('DDX11L16', 'chrY', 'r')]
Gene intervals loaded.
17.9937188625 sec. elapsed.
Transcript annotations loaded.
12.2222919464 sec. elapsed.
Merge cff by exons
Loading required package: graph
Loading required package: BiocGenerics

Attaching package: 'BiocGenerics'

The following objects are masked from 'package:stats':

    IQR, mad, sd, var, xtabs

The following objects are masked from 'package:base':

    Filter, Find, Map, Position, Reduce, anyDuplicated, append,
    as.data.frame, basename, cbind, colnames, dirname, do.call,
    duplicated, eval, evalq, get, grep, grepl, intersect, is.unsorted,
    lapply, mapply, match, mget, order, paste, pmax, pmax.int, pmin,
    pmin.int, rank, rbind, rownames, sapply, setdiff, sort, table,
    tapply, union, unique, unsplit, which.max, which.min

Reading FID.intersections.tsv file
18371 records to build graph
Building graph
output cis-sage.cluster file
ReadThrough, callerfilter 1
python callerfilter_num.py --cluster /MetaFusion/RUNS_Results/TCGA-THYM/THYM.cff.reformat.renamed.reann.WITH_SEQ.exons.cluster --num_tools 1 | grep -v ReadThrough > /MetaFusion/RUNS_Results/TCGA-THYM/THYM.cff.reformat.renamed.reann.WITH_SEQ.exons.cluster.RT_filter.callerfilter.1
blocklist filter
ANC adjacent noncoding filter
Rank and generate final.cluster
Running FusionAnnotator
-parsing annotation gene spans
-warning, no gene stored for identifier: [AL731769.2]
-warning, no gene stored for identifier: [BX546033.1]
-warning, no gene stored for identifier: [AC068531.2]
-warning, no gene stored for identifier: [AL590483.4]
-warning, no gene stored for identifier: [AC126121.3]
-warning, no gene stored for identifier: [AC005670.3]
-warning, no gene stored for identifier: [AC106793.1]
-warning, no gene stored for identifier: [AC009315.1]
-warning, no gene stored for identifier: [AC018809.3]
-warning, no gene stored for identifier: [AC020550.2]
-warning, no gene stored for identifier: [AC026341.1]
-warning, no gene stored for identifier: [AC093151.7]
-warning, no gene stored for identifier: [AC112236.3]
-warning, no gene stored for identifier: [AFG2A]
-warning, no gene stored for identifier: [AL162253.2]
-warning, no gene stored for identifier: [AL357556.3]
-warning, no gene stored for identifier: [AL513166.1]
-warning, no gene stored for identifier: [AL591043.2]
-warning, no gene stored for identifier: [BX284613.2]
-warning, no gene stored for identifier: [AL009177.1]
-warning, no gene stored for identifier: [DUX4L37]
-warning, no gene stored for identifier: [DUX4L34]
-warning, no gene stored for identifier: [DUX4L35]
-warning, no gene stored for identifier: [AL096870.12]
-warning, no gene stored for identifier: [FHIP1A]
-warning, no gene stored for identifier: [HAPSTR1]
-warning, no gene stored for identifier: [ATOSA]
-warning, no gene stored for identifier: [LINC02800]
-warning, no gene stored for identifier: [AC069288.1]
-warning, no gene stored for identifier: [SPMIP11]
-warning, no gene stored for identifier: [ASMER1]
-warning, no gene stored for identifier: [AC004470.2]
-warning, no gene stored for identifier: [AC069421.3]
-warning, no gene stored for identifier: [PRDX6-AS1]
-warning, no gene stored for identifier: [LINC02865]
-warning, no gene stored for identifier: [ANAPC1P2]
-warning, no gene stored for identifier: [RPS3AP20]
-warning, no gene stored for identifier: [RPS3AP21]
-warning, no gene stored for identifier: [AC137894.4]
-warning, no gene stored for identifier: [CFAP276]
-warning, no gene stored for identifier: [AL356295.1]
Adding FusionAnnotator database hits to final.cluster.CANCER_FUSIONS file
no benchmarking performed
Done
End at Sat Oct 5 20:43:01 UTC 2024 -----------
