Start at Sat Oct 5 16:42:20 UTC 2024 -----------
Generating output in /MetaFusion/RUNS_Results/TCGA-READ
mkdir: cannot create directory '/MetaFusion/RUNS_Results/TCGA-READ': File exists
Rename cff
python rename_cff_file_genes.MetaFusion.py /MetaFusion/RUNS_Results/TCGA-READ/READ.cff.reformat /MetaFusion/reference_files/Homo_sapiens.gene_info > /MetaFusion/RUNS_Results/TCGA-READ/READ.cff.reformat.renamed
Annotate cff, extract sequence surrounding breakpoint
3186995 annotations from /MetaFusion/reference_files/hg38_gene.bed loaded.
16.3662860394 sec. elapsed.
Warning: Input gene annotations include multiple chr, strand, or regions (5Mb away). Skipping current gene annotation.
[('LINC00102', 'chrX', 'r'), ('LINC00102', 'chrY', 'r')]
Warning: Input gene annotations include multiple chr, strand, or regions (5Mb away). Skipping current gene annotation.
[('SNORD42', 'chr22', 'r'), ('SNORD42', 'chr4', 'r')]
Warning: Input gene annotations include multiple chr, strand, or regions (5Mb away). Skipping current gene annotation.
[('CD99P1', 'chrX', 'f'), ('CD99P1', 'chrY', 'f')]
Warning: Input gene annotations include multiple chr, strand, or regions (5Mb away). Skipping current gene annotation.
[('TNFRSF10A-DT', 'chr8', 'f'), ('TNFRSF10A-DT', 'chr8', 'r')]
Warning: Input gene annotations include multiple chr, strand, or regions (5Mb away). Skipping current gene annotation.
[('TRPC6P1', 'chrX', 'r'), ('TRPC6P1', 'chrY', 'r')]
Warning: Input gene annotations include multiple chr, strand, or regions (5Mb away). Skipping current gene annotation.
[('7SK', 'chr1', 'r'), ('7SK', 'chr1', 'f'), ('7SK', 'chr11', 'f'), ('7SK', 'chr17', 'f'), ('7SK', 'chr3', 'r'), ('7SK', 'chr6', 'f')]
Warning: Input gene annotations include multiple chr, strand, or regions (5Mb away). Skipping current gene annotation.
[('Y_RNA', 'chr1', 'r'), ('Y_RNA', 'chr1', 'f'), ('Y_RNA', 'chr10', 'r'), ('Y_RNA', 'chr10', 'f'), ('Y_RNA', 'chr11', 'f'), ('Y_RNA', 'chr11', 'r'), ('Y_RNA', 'chr12', 'r'), ('Y_RNA', 'chr12', 'f'), ('Y_RNA', 'chr13', 'f'), ('Y_RNA', 'chr14', 'f'), ('Y_RNA', 'chr14', 'r'), ('Y_RNA', 'chr15', 'f'), ('Y_RNA', 'chr15', 'r'), ('Y_RNA', 'chr16', 'f'), ('Y_RNA', 'chr16', 'r'), ('Y_RNA', 'chr17', 'f'), ('Y_RNA', 'chr17', 'r'), ('Y_RNA', 'chr18', 'f'), ('Y_RNA', 'chr18', 'r'), ('Y_RNA', 'chr19', 'r'), ('Y_RNA', 'chr19', 'f'), ('Y_RNA', 'chr2', 'f'), ('Y_RNA', 'chr2', 'r'), ('Y_RNA', 'chr20', 'f'), ('Y_RNA', 'chr20', 'r'), ('Y_RNA', 'chr21', 'f'), ('Y_RNA', 'chr21', 'r'), ('Y_RNA', 'chr22', 'f'), ('Y_RNA', 'chr22', 'r'), ('Y_RNA', 'chr3', 'r'), ('Y_RNA', 'chr3', 'f'), ('Y_RNA', 'chr4', 'r'), ('Y_RNA', 'chr4', 'f'), ('Y_RNA', 'chr5', 'r'), ('Y_RNA', 'chr5', 'f'), ('Y_RNA', 'chr6', 'r'), ('Y_RNA', 'chr6', 'f'), ('Y_RNA', 'chr7', 'r'), ('Y_RNA', 'chr7', 'f'), ('Y_RNA', 'chr8', 'f'), ('Y_RNA', 'chr8', 'r'), ('Y_RNA', 'chr9', 'f'), ('Y_RNA', 'chr9', 'r'), ('Y_RNA', 'chrX', 'r'), ('Y_RNA', 'chrX', 'f'), ('Y_RNA', 'chrY', 'f')]
Warning: Input gene annotations include multiple chr, strand, or regions (5Mb away). Skipping current gene annotation.
[('WASIR1', 'chrX', 'r'), ('WASIR1', 'chrY', 'r')]
Warning: Input gene annotations include multiple chr, strand, or regions (5Mb away). Skipping current gene annotation.
[('U8', 'chr1', 'f'), ('U8', 'chr10', 'r'), ('U8', 'chr10', 'f'), ('U8', 'chr11', 'f'), ('U8', 'chr12', 'r'), ('U8', 'chr12', 'f'), ('U8', 'chr15', 'f'), ('U8', 'chr15', 'r'), ('U8', 'chr18', 'r'), ('U8', 'chr2', 'r'), ('U8', 'chr2', 'f'), ('U8', 'chr3', 'r'), ('U8', 'chr3', 'f'), ('U8', 'chr5', 'r'), ('U8', 'chr5', 'f'), ('U8', 'chr6', 'r'), ('U8', 'chr8', 'r'), ('U8', 'chr9', 'f')]
Warning: Input gene annotations include multiple chr, strand, or regions (5Mb away). Skipping current gene annotation.
[('U4', 'chr1', 'r'), ('U4', 'chr1', 'f'), ('U4', 'chr11', 'r'), ('U4', 'chr2', 'f'), ('U4', 'chr5', 'r'), ('U4', 'chr6', 'f'), ('U4', 'chr8', 'r')]
Warning: Input gene annotations include multiple chr, strand, or regions (5Mb away). Skipping current gene annotation.
[('U7', 'chr1', 'f'), ('U7', 'chr12', 'r'), ('U7', 'chr15', 'f'), ('U7', 'chr16', 'r'), ('U7', 'chr22', 'r'), ('U7', 'chr3', 'f'), ('U7', 'chrX', 'f')]
Warning: Input gene annotations include multiple chr, strand, or regions (5Mb away). Skipping current gene annotation.
[('U6', 'chr1', 'r'), ('U6', 'chr1', 'f'), ('U6', 'chr10', 'f'), ('U6', 'chr11', 'r'), ('U6', 'chr11', 'f'), ('U6', 'chr12', 'f'), ('U6', 'chr12', 'r'), ('U6', 'chr13', 'f'), ('U6', 'chr14', 'r'), ('U6', 'chr15', 'r'), ('U6', 'chr15', 'f'), ('U6', 'chr16', 'f'), ('U6', 'chr17', 'r'), ('U6', 'chr2', 'f'), ('U6', 'chr2', 'r'), ('U6', 'chr20', 'r'), ('U6', 'chr21', 'f'), ('U6', 'chr22', 'f'), ('U6', 'chr3', 'f'), ('U6', 'chr4', 'f'), ('U6', 'chr4', 'r'), ('U6', 'chr9', 'f'), ('U6', 'chrX', 'f')]
Warning: Input gene annotations include multiple chr, strand, or regions (5Mb away). Skipping current gene annotation.
[('U1', 'chr1', 'f'), ('U1', 'chr1', 'r'), ('U1', 'chr21', 'f')]
Warning: Input gene annotations include multiple chr, strand, or regions (5Mb away). Skipping current gene annotation.
[('U3', 'chr1', 'f'), ('U3', 'chr1', 'r'), ('U3', 'chr10', 'f'), ('U3', 'chr10', 'r'), ('U3', 'chr11', 'f'), ('U3', 'chr14', 'r'), ('U3', 'chr15', 'f'), ('U3', 'chr15', 'r'), ('U3', 'chr17', 'r'), ('U3', 'chr17', 'f'), ('U3', 'chr18', 'f'), ('U3', 'chr18', 'r'), ('U3', 'chr19', 'r'), ('U3', 'chr2', 'f'), ('U3', 'chr2', 'r'), ('U3', 'chr20', 'f'), ('U3', 'chr20', 'r'), ('U3', 'chr21', 'r'), ('U3', 'chr3', 'r'), ('U3', 'chr3', 'f'), ('U3', 'chr4', 'f'), ('U3', 'chr5', 'f'), ('U3', 'chr5', 'r'), ('U3', 'chr6', 'f'), ('U3', 'chr6', 'r'), ('U3', 'chr7', 'f'), ('U3', 'chr7', 'r'), ('U3', 'chr8', 'f'), ('U3', 'chr8', 'r'), ('U3', 'chrX', 'f'), ('U3', 'chrX', 'r')]
Warning: Input gene annotations include multiple chr, strand, or regions (5Mb away). Skipping current gene annotation.
[('U2', 'chr1', 'f'), ('U2', 'chr14', 'r'), ('U2', 'chr17', 'r'), ('U2', 'chr22', 'r'), ('U2', 'chr3', 'f'), ('U2', 'chr4', 'f'), ('U2', 'chr8', 'r'), ('U2', 'chr9', 'f')]
Warning: Input gene annotations include multiple chr, strand, or regions (5Mb away). Skipping current gene annotation.
[('MIR6089', 'chrX', 'f'), ('MIR6089', 'chrY', 'f')]
Warning: Input gene annotations include multiple chr, strand, or regions (5Mb away). Skipping current gene annotation.
[('IL3RA', 'chrX', 'f'), ('IL3RA', 'chrY', 'f')]
Warning: Input gene annotations include multiple chr, strand, or regions (5Mb away). Skipping current gene annotation.
[('GTPBP6', 'chrX', 'r'), ('GTPBP6', 'chrY', 'r')]
Warning: Input gene annotations include multiple chr, strand, or regions (5Mb away). Skipping current gene annotation.
[('SNORD18', 'chr15', 'r'), ('SNORD18', 'chr2', 'r')]
Warning: Input gene annotations include multiple chr, strand, or regions (5Mb away). Skipping current gene annotation.
[('LSP1P5', 'chr1', 'f'), ('LSP1P5', 'chr2', 'r')]
Warning: Input gene annotations include multiple chr, strand, or regions (5Mb away). Skipping current gene annotation.
[('ELOCP24', 'chrX', 'r'), ('ELOCP24', 'chrY', 'r')]
Warning: Input gene annotations include multiple chr, strand, or regions (5Mb away). Skipping current gene annotation.
[('Vault', 'chr17', 'f'), ('Vault', 'chr17', 'r'), ('Vault', 'chr2', 'r'), ('Vault', 'chr5', 'r')]
Warning: Input gene annotations include multiple chr, strand, or regions (5Mb away). Skipping current gene annotation.
[('LINC03025', 'chr9', 'r'), ('LINC03025', 'chr9', 'f')]
Warning: Input gene annotations include multiple chr, strand, or regions (5Mb away). Skipping current gene annotation.
[('5S_rRNA', 'chr1', 'r'), ('5S_rRNA', 'chr16', 'r'), ('5S_rRNA', 'chr17', 'r'), ('5S_rRNA', 'chr19', 'r'), ('5S_rRNA', 'chr2', 'r'), ('5S_rRNA', 'chr2', 'f'), ('5S_rRNA', 'chr6', 'r'), ('5S_rRNA', 'chr7', 'r'), ('5S_rRNA', 'chrX', 'f')]
Warning: Input gene annotations include multiple chr, strand, or regions (5Mb away). Skipping current gene annotation.
[('WASH6P', 'chrX', 'f'), ('WASH6P', 'chrY', 'f')]
Warning: Input gene annotations include multiple chr, strand, or regions (5Mb away). Skipping current gene annotation.
[('LINC01238', 'chr2', 'f'), ('LINC01238', 'chr2', 'r')]
Warning: Input gene annotations include multiple chr, strand, or regions (5Mb away). Skipping current gene annotation.
[('MIR3690', 'chrX', 'f'), ('MIR3690', 'chrY', 'f')]
Warning: Input gene annotations include multiple chr, strand, or regions (5Mb away). Skipping current gene annotation.
[('HERC2P7', 'chr15', 'r'), ('HERC2P7', 'chr15', 'f')]
Warning: Input gene annotations include multiple chr, strand, or regions (5Mb away). Skipping current gene annotation.
[('CTSLP2', 'chr10', 'f'), ('CTSLP2', 'chr10', 'r')]
Warning: Input gene annotations include multiple chr, strand, or regions (5Mb away). Skipping current gene annotation.
[('SNORA62', 'chr1', 'f'), ('SNORA62', 'chr11', 'f'), ('SNORA62', 'chr16', 'r'), ('SNORA62', 'chr21', 'f'), ('SNORA62', 'chr3', 'f'), ('SNORA62', 'chr4', 'f'), ('SNORA62', 'chr8', 'f')]
Warning: Input gene annotations include multiple chr, strand, or regions (5Mb away). Skipping current gene annotation.
[('SNORA63', 'chr1', 'f'), ('SNORA63', 'chr1', 'r'), ('SNORA63', 'chr15', 'r'), ('SNORA63', 'chr3', 'f'), ('SNORA63', 'chr4', 'f'), ('SNORA63', 'chr5', 'f'), ('SNORA63', 'chr7', 'r')]
Warning: Input gene annotations include multiple chr, strand, or regions (5Mb away). Skipping current gene annotation.
[('SNORD116', 'chr1', 'r'), ('SNORD116', 'chr13', 'r'), ('SNORD116', 'chr9', 'f')]
Warning: Input gene annotations include multiple chr, strand, or regions (5Mb away). Skipping current gene annotation.
[('SNORD63', 'chr17', 'r'), ('SNORD63', 'chr3', 'r'), ('SNORD63', 'chr5', 'r')]
Warning: Input gene annotations include multiple chr, strand, or regions (5Mb away). Skipping current gene annotation.
[('KMT2CP1', 'chr1', 'r'), ('KMT2CP1', 'chr1', 'f')]
Warning: Input gene annotations include multiple chr, strand, or regions (5Mb away). Skipping current gene annotation.
[('SHOX', 'chrX', 'f'), ('SHOX', 'chrY', 'f')]
Warning: Input gene annotations include multiple chr, strand, or regions (5Mb away). Skipping current gene annotation.
[('RPL23AP7', 'chr2', 'r'), ('RPL23AP7', 'chr22', 'f')]
Warning: Input gene annotations include multiple chr, strand, or regions (5Mb away). Skipping current gene annotation.
[('DHRSX-IT1', 'chrX', 'r'), ('DHRSX-IT1', 'chrY', 'r')]
Warning: Input gene annotations include multiple chr, strand, or regions (5Mb away). Skipping current gene annotation.
[('SNORD39', 'chr11', 'r'), ('SNORD39', 'chr2', 'f'), ('SNORD39', 'chr4', 'r'), ('SNORD39', 'chr9', 'r')]
Warning: Input gene annotations include multiple chr, strand, or regions (5Mb away). Skipping current gene annotation.
[('ZBED1', 'chrX', 'r'), ('ZBED1', 'chrY', 'r')]
Warning: Input gene annotations include multiple chr, strand, or regions (5Mb away). Skipping current gene annotation.
[('ASMTL-AS1', 'chrX', 'f'), ('ASMTL-AS1', 'chrY', 'f')]
Warning: Input gene annotations include multiple chr, strand, or regions (5Mb away). Skipping current gene annotation.
[('SNORD30', 'chr11', 'r'), ('SNORD30', 'chrX', 'f')]
Warning: Input gene annotations include multiple chr, strand, or regions (5Mb away). Skipping current gene annotation.
[('ASMTL', 'chrX', 'r'), ('ASMTL', 'chrY', 'r')]
Warning: Input gene annotations include multiple chr, strand, or regions (5Mb away). Skipping current gene annotation.
[('FABP5P13', 'chrX', 'r'), ('FABP5P13', 'chrY', 'r')]
Warning: Input gene annotations include multiple chr, strand, or regions (5Mb away). Skipping current gene annotation.
[('CD99', 'chrX', 'f'), ('CD99', 'chrY', 'f')]
Warning: Input gene annotations include multiple chr, strand, or regions (5Mb away). Skipping current gene annotation.
[('DHRSX', 'chrX', 'r'), ('DHRSX', 'chrY', 'r')]
Warning: Input gene annotations include multiple chr, strand, or regions (5Mb away). Skipping current gene annotation.
[('SNORD33', 'chr16', 'r'), ('SNORD33', 'chr19', 'f')]
Warning: Input gene annotations include multiple chr, strand, or regions (5Mb away). Skipping current gene annotation.
[('NPIPA9', 'chr16', 'f'), ('NPIPA9', 'chr16', 'r')]
Warning: Input gene annotations include multiple chr, strand, or regions (5Mb away). Skipping current gene annotation.
[('SNORD81', 'chr1', 'f'), ('SNORD81', 'chr5', 'f'), ('SNORD81', 'chr7', 'f')]
Warning: Input gene annotations include multiple chr, strand, or regions (5Mb away). Skipping current gene annotation.
[('PLCXD1', 'chrX', 'f'), ('PLCXD1', 'chrY', 'f')]
Warning: Input gene annotations include multiple chr, strand, or regions (5Mb away). Skipping current gene annotation.
[('RNA5SP498', 'chrX', 'r'), ('RNA5SP498', 'chrY', 'r')]
Warning: Input gene annotations include multiple chr, strand, or regions (5Mb away). Skipping current gene annotation.
[('Metazoa_SRP', 'chr1', 'f'), ('Metazoa_SRP', 'chr1', 'r'), ('Metazoa_SRP', 'chr10', 'f'), ('Metazoa_SRP', 'chr10', 'r'), ('Metazoa_SRP', 'chr11', 'r'), ('Metazoa_SRP', 'chr11', 'f'), ('Metazoa_SRP', 'chr12', 'f'), ('Metazoa_SRP', 'chr12', 'r'), ('Metazoa_SRP', 'chr13', 'r'), ('Metazoa_SRP', 'chr13', 'f'), ('Metazoa_SRP', 'chr14', 'r'), ('Metazoa_SRP', 'chr14', 'f'), ('Metazoa_SRP', 'chr15', 'r'), ('Metazoa_SRP', 'chr15', 'f'), ('Metazoa_SRP', 'chr16', 'f'), ('Metazoa_SRP', 'chr16', 'r'), ('Metazoa_SRP', 'chr17', 'r'), ('Metazoa_SRP', 'chr17', 'f'), ('Metazoa_SRP', 'chr18', 'r'), ('Metazoa_SRP', 'chr19', 'f'), ('Metazoa_SRP', 'chr19', 'r'), ('Metazoa_SRP', 'chr2', 'f'), ('Metazoa_SRP', 'chr2', 'r'), ('Metazoa_SRP', 'chr20', 'f'), ('Metazoa_SRP', 'chr20', 'r'), ('Metazoa_SRP', 'chr22', 'f'), ('Metazoa_SRP', 'chr22', 'r'), ('Metazoa_SRP', 'chr3', 'r'), ('Metazoa_SRP', 'chr3', 'f'), ('Metazoa_SRP', 'chr4', 'r'), ('Metazoa_SRP', 'chr4', 'f'), ('Metazoa_SRP', 'chr5', 'f'), ('Metazoa_SRP', 'chr5', 'r'), ('Metazoa_SRP', 'chr6', 'f'), ('Metazoa_SRP', 'chr6', 'r'), ('Metazoa_SRP', 'chr7', 'f'), ('Metazoa_SRP', 'chr7', 'r'), ('Metazoa_SRP', 'chr8', 'f'), ('Metazoa_SRP', 'chr8', 'r'), ('Metazoa_SRP', 'chr9', 'f'), ('Metazoa_SRP', 'chr9', 'r'), ('Metazoa_SRP', 'chrX', 'r'), ('Metazoa_SRP', 'chrX', 'f'), ('Metazoa_SRP', 'chrY', 'r')]
Warning: Input gene annotations include multiple chr, strand, or regions (5Mb away). Skipping current gene annotation.
[('CSF2RA', 'chrX', 'f'), ('CSF2RA', 'chrY', 'f')]
Warning: Input gene annotations include multiple chr, strand, or regions (5Mb away). Skipping current gene annotation.
[('PPP2R3B', 'chrX', 'r'), ('PPP2R3B', 'chrY', 'r')]
Warning: Input gene annotations include multiple chr, strand, or regions (5Mb away). Skipping current gene annotation.
[('DPH3P2', 'chrX', 'f'), ('DPH3P2', 'chrY', 'f')]
Warning: Input gene annotations include multiple chr, strand, or regions (5Mb away). Skipping current gene annotation.
[('ASMT', 'chrX', 'f'), ('ASMT', 'chrY', 'f')]
Warning: Input gene annotations include multiple chr, strand, or regions (5Mb away). Skipping current gene annotation.
[('IL9R', 'chrX', 'f'), ('IL9R', 'chrY', 'f')]
Warning: Input gene annotations include multiple chr, strand, or regions (5Mb away). Skipping current gene annotation.
[('VAMP7', 'chrX', 'f'), ('VAMP7', 'chrY', 'f')]
Warning: Input gene annotations include multiple chr, strand, or regions (5Mb away). Skipping current gene annotation.
[('LINC02968', 'chrX', 'f'), ('LINC02968', 'chrY', 'f')]
Warning: Input gene annotations include multiple chr, strand, or regions (5Mb away). Skipping current gene annotation.
[('SNORA75', 'chr12', 'r'), ('SNORA75', 'chr12', 'f'), ('SNORA75', 'chr16', 'f'), ('SNORA75', 'chr2', 'r'), ('SNORA75', 'chr4', 'f')]
Warning: Input gene annotations include multiple chr, strand, or regions (5Mb away). Skipping current gene annotation.
[('SNORA74', 'chr12', 'r'), ('SNORA74', 'chr17', 'f'), ('SNORA74', 'chr2', 'f')]
Warning: Input gene annotations include multiple chr, strand, or regions (5Mb away). Skipping current gene annotation.
[('SNORA73', 'chr18', 'f'), ('SNORA73', 'chr18', 'r'), ('SNORA73', 'chr6', 'r')]
Warning: Input gene annotations include multiple chr, strand, or regions (5Mb away). Skipping current gene annotation.
[('SNORA72', 'chr1', 'r'), ('SNORA72', 'chr1', 'f'), ('SNORA72', 'chr2', 'f'), ('SNORA72', 'chr3', 'f'), ('SNORA72', 'chr3', 'r'), ('SNORA72', 'chr8', 'r')]
Warning: Input gene annotations include multiple chr, strand, or regions (5Mb away). Skipping current gene annotation.
[('SNORA71', 'chr10', 'f'), ('SNORA71', 'chr20', 'r'), ('SNORA71', 'chr20', 'f')]
Warning: Input gene annotations include multiple chr, strand, or regions (5Mb away). Skipping current gene annotation.
[('SNORA70', 'chr1', 'r'), ('SNORA70', 'chr12', 'r'), ('SNORA70', 'chr12', 'f'), ('SNORA70', 'chr14', 'f'), ('SNORA70', 'chr16', 'r'), ('SNORA70', 'chr17', 'r'), ('SNORA70', 'chr17', 'f'), ('SNORA70', 'chr18', 'r'), ('SNORA70', 'chr19', 'f'), ('SNORA70', 'chr21', 'f'), ('SNORA70', 'chr21', 'r'), ('SNORA70', 'chr3', 'f'), ('SNORA70', 'chr4', 'f'), ('SNORA70', 'chr5', 'f'), ('SNORA70', 'chr6', 'f'), ('SNORA70', 'chr8', 'r'), ('SNORA70', 'chr8', 'f'), ('SNORA70', 'chr9', 'f'), ('SNORA70', 'chr9', 'r'), ('SNORA70', 'chrX', 'f'), ('SNORA70', 'chrY', 'r'), ('SNORA70', 'chrY', 'f')]
Warning: Input gene annotations include multiple chr, strand, or regions (5Mb away). Skipping current gene annotation.
[('AMD1P2', 'chrX', 'r'), ('AMD1P2', 'chrY', 'r')]
Warning: Input gene annotations include multiple chr, strand, or regions (5Mb away). Skipping current gene annotation.
[('CRLF2', 'chrX', 'r'), ('CRLF2', 'chrY', 'r')]
Warning: Input gene annotations include multiple chr, strand, or regions (5Mb away). Skipping current gene annotation.
[('SNORD115', 'chr10', 'f'), ('SNORD115', 'chr15', 'f')]
Warning: Input gene annotations include multiple chr, strand, or regions (5Mb away). Skipping current gene annotation.
[('AKAP17A', 'chrX', 'f'), ('AKAP17A', 'chrY', 'f')]
Warning: Input gene annotations include multiple chr, strand, or regions (5Mb away). Skipping current gene annotation.
[('SNORD27', 'chr11', 'r'), ('SNORD27', 'chr13', 'r')]
Warning: Input gene annotations include multiple chr, strand, or regions (5Mb away). Skipping current gene annotation.
[('P2RY8', 'chrX', 'r'), ('P2RY8', 'chrY', 'r')]
Warning: Input gene annotations include multiple chr, strand, or regions (5Mb away). Skipping current gene annotation.
[('NPEPPSP1', 'chr17', 'f'), ('NPEPPSP1', 'chr17', 'r')]
Warning: Input gene annotations include multiple chr, strand, or regions (5Mb away). Skipping current gene annotation.
[('LINC00685', 'chrX', 'f'), ('LINC00685', 'chrY', 'f')]
Warning: Input gene annotations include multiple chr, strand, or regions (5Mb away). Skipping current gene annotation.
[('DDX11L2', 'chr1', 'f'), ('DDX11L2', 'chr2', 'r')]
Warning: Input gene annotations include multiple chr, strand, or regions (5Mb away). Skipping current gene annotation.
[('GABARAPL3', 'chr15', 'f'), ('GABARAPL3', 'chr15', 'r')]
Warning: Input gene annotations include multiple chr, strand, or regions (5Mb away). Skipping current gene annotation.
[('LINC02256', 'chr15', 'r'), ('LINC02256', 'chr15', 'f')]
Warning: Input gene annotations include multiple chr, strand, or regions (5Mb away). Skipping current gene annotation.
[('5_8S_rRNA', 'chr14', 'f'), ('5_8S_rRNA', 'chr20', 'r'), ('5_8S_rRNA', 'chr21', 'f'), ('5_8S_rRNA', 'chr22', 'r')]
Warning: Input gene annotations include multiple chr, strand, or regions (5Mb away). Skipping current gene annotation.
[('RPL14P5', 'chrX', 'r'), ('RPL14P5', 'chrY', 'r')]
Warning: Input gene annotations include multiple chr, strand, or regions (5Mb away). Skipping current gene annotation.
[('LINC00106', 'chrX', 'f'), ('LINC00106', 'chrY', 'f')]
Warning: Input gene annotations include multiple chr, strand, or regions (5Mb away). Skipping current gene annotation.
[('ANKRD20A5P', 'chr18', 'f'), ('ANKRD20A5P', 'chr9', 'f')]
Warning: Input gene annotations include multiple chr, strand, or regions (5Mb away). Skipping current gene annotation.
[('SLC25A6', 'chrX', 'r'), ('SLC25A6', 'chrY', 'r')]
Warning: Input gene annotations include multiple chr, strand, or regions (5Mb away). Skipping current gene annotation.
[('KRT18P53', 'chrX', 'r'), ('KRT18P53', 'chrY', 'r')]
Warning: Input gene annotations include multiple chr, strand, or regions (5Mb away). Skipping current gene annotation.
[('DDX11L16', 'chr15', 'r'), ('DDX11L16', 'chr16', 'f'), ('DDX11L16', 'chrX', 'r'), ('DDX11L16', 'chrY', 'r')]
Gene intervals loaded.
18.3078899384 sec. elapsed.
Transcript annotations loaded.
12.3774540424 sec. elapsed.
Warnning: gene name AC006525.1 is not in current annotation.
Warnning: gene name AC006525.1 is not in current annotation.
Warnning: gene name AC092681.1 is not in current annotation.
Warnning: gene name AC092681.2 is not in current annotation.
Warnning: gene name AC092681.1,AC092681.2 is not in current annotation.
Warnning: gene name AC064872.1 is not in current annotation.
Warnning: gene name AC092660.1 is not in current annotation.
Warnning: gene name AC012494.1 is not in current annotation.
Warnning: gene name AC064872.1,AC092660.1 is not in current annotation.
Warnning: gene name AC012494.1 is not in current annotation.
Warnning: gene name AP001453.3 is not in current annotation.
Warnning: gene name AP001453.3 is not in current annotation.
Warnning: gene name AL096854.1 is not in current annotation.
Warnning: gene name AL096854.1 is not in current annotation.
Warnning: gene name CR786580.1 is not in current annotation.
Warnning: gene name CR786580.1 is not in current annotation.
Warnning: gene name AL773545.3 is not in current annotation.
Warnning: gene name AL773545.3 is not in current annotation.
Warnning: gene name AL158212.4 is not in current annotation.
Warnning: gene name AL158212.1 is not in current annotation.
Warnning: gene name AL158212.4,AL158212.1 is not in current annotation.
Warnning: gene name IGKV1D-8 is not in current annotation.
Warnning: gene name IGKV1D-8 is not in current annotation.
Warnning: gene name AC012368.1 is not in current annotation.
Warnning: gene name AC114752.1 is not in current annotation.
Warnning: gene name AC012368.1,AC114752.1 is not in current annotation.
Warnning: gene name CR786580.1 is not in current annotation.
Warnning: gene name CR786580.1 is not in current annotation.
Warnning: gene name AC064872.1 is not in current annotation.
Warnning: gene name AC092660.1 is not in current annotation.
Warnning: gene name AC013716.1 is not in current annotation.
Warnning: gene name AC064872.1,AC092660.1 is not in current annotation.
Warnning: gene name AC013716.1 is not in current annotation.
Warnning: gene name AL158212.4 is not in current annotation.
Warnning: gene name AL158212.1 is not in current annotation.
Warnning: gene name AL158212.4,AL158212.1 is not in current annotation.
Warnning: gene name AC098965.1 is not in current annotation.
Warnning: gene name AC109446.3 is not in current annotation.
Warnning: gene name AC098965.1,AC109446.3 is not in current annotation.
Warnning: gene name AC119677.1 is not in current annotation.
Warnning: gene name AL391730.1 is not in current annotation.
Warnning: gene name AC119677.1,AL391730.1 is not in current annotation.
Warnning: gene name AC004890.2 is not in current annotation.
Warnning: gene name AC004941.2 is not in current annotation.
Warnning: gene name AC004890.2,AC004941.2 is not in current annotation.
Warnning: gene name AC004890.2 is not in current annotation.
Warnning: gene name AC004941.2 is not in current annotation.
Warnning: gene name AC004890.2,AC004941.2 is not in current annotation.
Warnning: gene name AL591222.3 is not in current annotation.
Warnning: gene name AL512635.1 is not in current annotation.
Warnning: gene name AL591222.3,AL512635.1 is not in current annotation.
Warnning: gene name AC068533.2 is not in current annotation.
Warnning: gene name AC068533.1 is not in current annotation.
Warnning: gene name AC068533.2,AC068533.1 is not in current annotation.
Warnning: gene name AC093025.1 is not in current annotation.
Warnning: gene name AC090679.3 is not in current annotation.
Warnning: gene name AC093025.1,AC090679.3 is not in current annotation.
Warnning: gene name AC093025.1 is not in current annotation.
Warnning: gene name AC090679.3 is not in current annotation.
Warnning: gene name AC093025.1,AC090679.3 is not in current annotation.
Warnning: gene name TVP23C-CDRT4 is not in current annotation.
Warnning: gene name TVP23C-CDRT4 is not in current annotation.
Warnning: gene name AC243829.1 is not in current annotation.
Warnning: gene name AC243829.1 is not in current annotation.
Warnning: gene name AC105081.1 is not in current annotation.
Warnning: gene name AP003351.1 is not in current annotation.
Warnning: gene name AC105081.1,AP003351.1 is not in current annotation.
Warnning: gene name CR786580.1 is not in current annotation.
Warnning: gene name CR786580.1 is not in current annotation.
Warnning: gene name AC093884.1 is not in current annotation.
Warnning: gene name AC093884.1 is not in current annotation.
Warnning: gene name AL080315.1 is not in current annotation.
Warnning: gene name AL080315.1,Y_RNA is not in current annotation.
Warnning: gene name AC011396.2 is not in current annotation.
Warnning: gene name AC011396.1 is not in current annotation.
Warnning: gene name AC011396.2,AC011396.1 is not in current annotation.
Warnning: gene name AC011396.2 is not in current annotation.
Warnning: gene name AC011396.1 is not in current annotation.
Warnning: gene name AC011396.2,AC011396.1 is not in current annotation.
Warnning: gene name AL161431.1 is not in current annotation.
Warnning: gene name AL161431.1 is not in current annotation.
Warnning: gene name AL096854.1 is not in current annotation.
Warnning: gene name AL096854.1 is not in current annotation.
Warnning: gene name AL080315.1 is not in current annotation.
Warnning: gene name AL080315.1,Y_RNA is not in current annotation.
Warnning: gene name AC093297.2 is not in current annotation.
Warnning: gene name AC114954.1 is not in current annotation.
Warnning: gene name AC093297.2,AC114954.1 is not in current annotation.
Warnning: gene name AC245884.5 is not in current annotation.
Warnning: gene name AC245884.12 is not in current annotation.
Warnning: gene name AC245884.5,AC245884.12 is not in current annotation.
Warnning: gene name AL096854.1 is not in current annotation.
Warnning: gene name AL096854.1 is not in current annotation.
Warnning: gene name IGKV3-7 is not in current annotation.
Warnning: gene name IGKV3-7 is not in current annotation.
Warnning: gene name AC087783.1 is not in current annotation.
Warnning: gene name AL359999.1 is not in current annotation.
Warnning: gene name AC087783.1,AL359999.1 is not in current annotation.
Warnning: gene name AC105081.1 is not in current annotation.
Warnning: gene name AP003351.1 is not in current annotation.
Warnning: gene name AC105081.1,AP003351.1 is not in current annotation.
Warnning: gene name AL139316.1 is not in current annotation.
Warnning: gene name AL158801.4 is not in current annotation.
Warnning: gene name AL139316.1,AL158801.4 is not in current annotation.
Warnning: gene name AC135001.1 is not in current annotation.
Warnning: gene name AC092112.1 is not in current annotation.
Warnning: gene name AC135001.1,AC092112.1 is not in current annotation.
Warnning: gene name AC005050.2 is not in current annotation.
Warnning: gene name AC005050.2 is not in current annotation.
Warnning: gene name AC245884.5 is not in current annotation.
Warnning: gene name AC245884.12 is not in current annotation.
Warnning: gene name AC245884.5,AC245884.12 is not in current annotation.
Warnning: gene name AC245884.5 is not in current annotation.
Warnning: gene name AC245884.12 is not in current annotation.
Warnning: gene name AC245884.5,AC245884.12 is not in current annotation.
Warnning: gene name AC188616.1 is not in current annotation.
Warnning: gene name AC226118.1 is not in current annotation.
Warnning: gene name AC188616.1,AC226118.1 is not in current annotation.
Warnning: gene name AC253536.7 is not in current annotation.
Warnning: gene name AP000350.6 is not in current annotation.
Warnning: gene name AP000350.2 is not in current annotation.
Warnning: gene name AC253536.7 is not in current annotation.
Warnning: gene name AP000350.6,AP000350.2 is not in current annotation.
Warnning: gene name AP000350.6 is not in current annotation.
Warnning: gene name AP000350.2 is not in current annotation.
Warnning: gene name AP000350.6,AP000350.2 is not in current annotation.
Warnning: gene name IGKV1-12 is not in current annotation.
Warnning: gene name IGKV1-12 is not in current annotation.
Warnning: gene name IGKV1-12 is not in current annotation.
Warnning: gene name IGKV1-12 is not in current annotation.
Warnning: gene name AC105046.2 is not in current annotation.
Warnning: gene name AC105046.2 is not in current annotation.
Warnning: gene name AL096854.1 is not in current annotation.
Warnning: gene name AL096854.1 is not in current annotation.
Warnning: gene name AL160272.2 is not in current annotation.
Warnning: gene name AL160272.2 is not in current annotation.
Warnning: gene name AC005050.2 is not in current annotation.
Warnning: gene name AC005050.2 is not in current annotation.
Warnning: gene name AL161431.1 is not in current annotation.
Warnning: gene name AL161431.1 is not in current annotation.
Warnning: gene name AP001453.3 is not in current annotation.
Warnning: gene name AP001453.3 is not in current annotation.
Warnning: gene name AP001931.2 is not in current annotation.
Warnning: gene name AP001931.2 is not in current annotation.
Warnning: gene name AC126763.1 is not in current annotation.
Warnning: gene name AC137803.1 is not in current annotation.
Warnning: gene name AC126763.1,AC137803.1 is not in current annotation.
Warnning: gene name AP001931.1 is not in current annotation.
Warnning: gene name AP001931.1 is not in current annotation.
Warnning: gene name AC245884.5 is not in current annotation.
Warnning: gene name AC245884.12 is not in current annotation.
Warnning: gene name AC245884.5,AC245884.12 is not in current annotation.
Warnning: gene name AL645939.4 is not in current annotation.
Warnning: gene name AL645939.5 is not in current annotation.
Warnning: gene name AL645939.4,AL645939.5 is not in current annotation.
Warnning: gene name AL391538.1 is not in current annotation.
Warnning: gene name AL022099.1 is not in current annotation.
Warnning: gene name AL391538.1,AL022099.1 is not in current annotation.
Warnning: gene name AC006525.1 is not in current annotation.
Warnning: gene name AC006525.1 is not in current annotation.
Warnning: gene name AP000350.6 is not in current annotation.
Warnning: gene name AP000350.2 is not in current annotation.
Warnning: gene name AP000350.6,AP000350.2 is not in current annotation.
Warnning: gene name AC253536.7 is not in current annotation.
Warnning: gene name AP000350.6 is not in current annotation.
Warnning: gene name AP000350.2 is not in current annotation.
Warnning: gene name AC253536.7 is not in current annotation.
Warnning: gene name AP000350.6,AP000350.2 is not in current annotation.
Warnning: gene name CR786580.1 is not in current annotation.
Warnning: gene name CR786580.1 is not in current annotation.
Warnning: gene name AC006525.1 is not in current annotation.
Warnning: gene name AC006525.1 is not in current annotation.
Warnning: gene name AC092681.1 is not in current annotation.
Warnning: gene name AC092681.2 is not in current annotation.
Warnning: gene name AC092681.1,AC092681.2 is not in current annotation.
Warnning: gene name CCDC169-SOHLH2 is not in current annotation.
Warnning: gene name CCDC169-SOHLH2 is not in current annotation.
Warnning: gene name AC011029.1 is not in current annotation.
Warnning: gene name AC011029.1 is not in current annotation.
Warnning: gene name AL161431.1 is not in current annotation.
Warnning: gene name AL161431.1 is not in current annotation.
Warnning: gene name AC126763.1 is not in current annotation.
Warnning: gene name AC137803.1 is not in current annotation.
Warnning: gene name AC126763.1,AC137803.1 is not in current annotation.
Warnning: gene name SPMIP10 is not in current annotation.
Warnning: gene name SPMIP10 is not in current annotation.
Warnning: gene name AC026782.1 is not in current annotation.
Warnning: gene name AC026782.2 is not in current annotation.
Warnning: gene name AC026782.1,AC026782.2 is not in current annotation.
Warnning: gene name AC091551.1 is not in current annotation.
Warnning: gene name AC091551.1 is not in current annotation.
Warnning: gene name AL161431.1 is not in current annotation.
Warnning: gene name AL161431.1 is not in current annotation.
Warnning: gene name AL159169.1 is not in current annotation.
Warnning: gene name AL159169.3 is not in current annotation.
Warnning: gene name AL159169.1,AL159169.3 is not in current annotation.
Warnning: gene name CR786580.1 is not in current annotation.
Warnning: gene name CR786580.1 is not in current annotation.
Warnning: gene name AL773545.3 is not in current annotation.
Warnning: gene name AL773545.3 is not in current annotation.
Warnning: gene name AL773545.3 is not in current annotation.
Warnning: gene name AL773545.3 is not in current annotation.
Warnning: gene name AP003071.5 is not in current annotation.
Warnning: gene name AP003071.5 is not in current annotation.
Warnning: gene name AC005699.1 is not in current annotation.
Warnning: gene name AC108037.1 is not in current annotation.
Warnning: gene name AC005699.1,AC108037.1 is not in current annotation.
Warnning: gene name AL161431.1 is not in current annotation.
Warnning: gene name AL161431.1 is not in current annotation.
Warnning: gene name AL161447.2 is not in current annotation.
Warnning: gene name AL161447.1 is not in current annotation.
Warnning: gene name AL161447.2,AL161447.1 is not in current annotation.
Warnning: gene name AL773545.3 is not in current annotation.
Warnning: gene name AL773545.3 is not in current annotation.
Warnning: gene name CR786580.1 is not in current annotation.
Warnning: gene name CR786580.1 is not in current annotation.
Warnning: gene name AL773545.3 is not in current annotation.
Warnning: gene name AL773545.3 is not in current annotation.
Warnning: gene name AC129926.2 is not in current annotation.
Warnning: gene name AC129926.1 is not in current annotation.
Warnning: gene name AC129926.2,AC129926.1 is not in current annotation.
Warnning: gene name AC018521.7 is not in current annotation.
Warnning: gene name AC018521.5 is not in current annotation.
Warnning: gene name AC018521.7,AC018521.5 is not in current annotation.
Warnning: gene name AP001486.3 is not in current annotation.
Warnning: gene name AP001486.1 is not in current annotation.
Warnning: gene name AP001486.3,AP001486.1 is not in current annotation.
Warnning: gene name CR786580.1 is not in current annotation.
Warnning: gene name CR786580.1 is not in current annotation.
Warnning: gene name AC019254.2 is not in current annotation.
Warnning: gene name AC019254.1 is not in current annotation.
Warnning: gene name AC019254.2,AC019254.1 is not in current annotation.
Warnning: gene name AC091905.4 is not in current annotation.
Warnning: gene name AC034229.1 is not in current annotation.
Warnning: gene name AC091905.4,AC034229.1 is not in current annotation.
Warnning: gene name AL158212.4 is not in current annotation.
Warnning: gene name AL158212.1 is not in current annotation.
Warnning: gene name AL158212.4,AL158212.1 is not in current annotation.
Warnning: gene name AC064872.1 is not in current annotation.
Warnning: gene name AC092660.1 is not in current annotation.
Warnning: gene name AC064872.1,AC092660.1 is not in current annotation.
Warnning: gene name AC064872.1 is not in current annotation.
Warnning: gene name AC092660.1 is not in current annotation.
Warnning: gene name AC013716.1 is not in current annotation.
Warnning: gene name AC064872.1,AC092660.1 is not in current annotation.
Warnning: gene name AC013716.1 is not in current annotation.
Warnning: gene name AC064872.1 is not in current annotation.
Warnning: gene name AC092660.1 is not in current annotation.
Warnning: gene name AC013716.1 is not in current annotation.
Warnning: gene name AC064872.1,AC092660.1 is not in current annotation.
Warnning: gene name AC013716.1 is not in current annotation.
Warnning: gene name AC098965.1 is not in current annotation.
Warnning: gene name AC109446.3 is not in current annotation.
Warnning: gene name AC098965.1,AC109446.3 is not in current annotation.
Warnning: gene name CR786580.1 is not in current annotation.
Warnning: gene name CR786580.1 is not in current annotation.
Warnning: gene name AC026736.1 is not in current annotation.
Warnning: gene name AC010266.2 is not in current annotation.
Warnning: gene name AC026736.1,AC010266.2 is not in current annotation.
Warnning: gene name CR786580.1 is not in current annotation.
Warnning: gene name CR786580.1 is not in current annotation.
Warnning: gene name AP006621.5 is not in current annotation.
Warnning: gene name AP006621.5 is not in current annotation.
Warnning: gene name AL161431.1 is not in current annotation.
Warnning: gene name AL161431.1 is not in current annotation.
Warnning: gene name AL158212.4 is not in current annotation.
Warnning: gene name AL158212.1 is not in current annotation.
Warnning: gene name AL158212.4,AL158212.1 is not in current annotation.
Warnning: gene name AL160272.2 is not in current annotation.
Warnning: gene name AL160272.2 is not in current annotation.
Warnning: gene name AC137770.1 is not in current annotation.
Warnning: gene name AC008700.1 is not in current annotation.
Warnning: gene name AC137770.1,AC008700.1 is not in current annotation.
Warnning: gene name AL773545.3 is not in current annotation.
Warnning: gene name AL773545.3 is not in current annotation.
Warnning: gene name CR786580.1 is not in current annotation.
Warnning: gene name CR786580.1 is not in current annotation.
Warnning: gene name AC016629.3 is not in current annotation.
Warnning: gene name AC012313.4 is not in current annotation.
Warnning: gene name AC012313.5 is not in current annotation.
Warnning: gene name AC016629.3 is not in current annotation.
Warnning: gene name AC012313.4,AC012313.5 is not in current annotation.
Warnning: gene name AC012313.4 is not in current annotation.
Warnning: gene name AC012313.5 is not in current annotation.
Warnning: gene name AC012313.4,AC012313.5 is not in current annotation.
Warnning: gene name AL161431.1 is not in current annotation.
Warnning: gene name AL161431.1 is not in current annotation.
Warnning: gene name AL161431.1 is not in current annotation.
Warnning: gene name AL161431.1 is not in current annotation.
Warnning: gene name AL773545.3 is not in current annotation.
Warnning: gene name AL773545.3 is not in current annotation.
Warnning: gene name AP000357.2 is not in current annotation.
Warnning: gene name AP000358.1 is not in current annotation.
Warnning: gene name AP000357.2,AP000358.1 is not in current annotation.
Warnning: gene name AL121900.1 is not in current annotation.
Warnning: gene name AL121900.1 is not in current annotation.
Warnning: gene name AL161431.1 is not in current annotation.
Warnning: gene name AL161431.1 is not in current annotation.
Warnning: gene name AL161431.1 is not in current annotation.
Warnning: gene name AL161431.1 is not in current annotation.
Warnning: gene name AC019254.2 is not in current annotation.
Warnning: gene name AC019254.1 is not in current annotation.
Warnning: gene name AC019254.2,AC019254.1 is not in current annotation.
Warnning: gene name AC098969.2 is not in current annotation.
Warnning: gene name AC020655.1 is not in current annotation.
Warnning: gene name AC098969.2,AC020655.1 is not in current annotation.
Warnning: gene name AC064872.1 is not in current annotation.
Warnning: gene name AC092660.1 is not in current annotation.
Warnning: gene name AC012494.1 is not in current annotation.
Warnning: gene name AC064872.1,AC092660.1 is not in current annotation.
Warnning: gene name AC012494.1 is not in current annotation.
Warnning: gene name AC126763.1 is not in current annotation.
Warnning: gene name AC137803.1 is not in current annotation.
Warnning: gene name AC126763.1,AC137803.1 is not in current annotation.
Warnning: gene name AL161431.1 is not in current annotation.
Warnning: gene name AL161431.1 is not in current annotation.
Warnning: gene name AL161431.1 is not in current annotation.
Warnning: gene name AL161431.1 is not in current annotation.
Warnning: gene name CR786580.1 is not in current annotation.
Warnning: gene name CR786580.1 is not in current annotation.
Warnning: gene name AL162151.3 is not in current annotation.
Warnning: gene name AL162151.1 is not in current annotation.
Warnning: gene name AL162151.3,AL162151.1 is not in current annotation.
Warnning: gene name AC092681.1 is not in current annotation.
Warnning: gene name AC092681.2 is not in current annotation.
Warnning: gene name AC092681.1,AC092681.2 is not in current annotation.
Warnning: gene name AL139142.2 is not in current annotation.
Warnning: gene name AL139142.2 is not in current annotation.
Warnning: gene name MUC20-OT1 is not in current annotation.
Warnning: gene name MUC20-OT1 is not in current annotation.
Warnning: gene name AL773545.3 is not in current annotation.
Warnning: gene name AL773545.3 is not in current annotation.
Warnning: gene name AL161431.1 is not in current annotation.
Warnning: gene name AL161431.1 is not in current annotation.
Warnning: gene name AL590814.1 is not in current annotation.
Warnning: gene name AL133457.1 is not in current annotation.
Warnning: gene name AL590814.1,AL133457.1 is not in current annotation.
Warnning: gene name AL589693.1 is not in current annotation.
Warnning: gene name AL589693.1 is not in current annotation.
Warnning: gene name AC243830.2 is not in current annotation.
Warnning: gene name AC243830.3 is not in current annotation.
Warnning: gene name AC243830.2,AC243830.3 is not in current annotation.
Warnning: gene name CR786580.1 is not in current annotation.
Warnning: gene name CR786580.1 is not in current annotation.
Warnning: gene name AC092681.1 is not in current annotation.
Warnning: gene name AC092681.2 is not in current annotation.
Warnning: gene name AC092681.1,AC092681.2 is not in current annotation.
Warnning: gene name AC092666.1 is not in current annotation.
Warnning: gene name AC006008.1 is not in current annotation.
Warnning: gene name AC092666.1,AC006008.1 is not in current annotation.
Warnning: gene name AP000350.6 is not in current annotation.
Warnning: gene name AP000350.2 is not in current annotation.
Warnning: gene name AP000350.6,AP000350.2 is not in current annotation.
Warnning: gene name AC253536.7 is not in current annotation.
Warnning: gene name AP000350.6 is not in current annotation.
Warnning: gene name AP000350.2 is not in current annotation.
Warnning: gene name AC253536.7 is not in current annotation.
Warnning: gene name AP000350.6,AP000350.2 is not in current annotation.
Warnning: gene name AC245884.5 is not in current annotation.
Warnning: gene name AC245884.12 is not in current annotation.
Warnning: gene name AC245884.5,AC245884.12 is not in current annotation.
Warnning: gene name SPMIP10 is not in current annotation.
Warnning: gene name SPMIP10 is not in current annotation.
Warnning: gene name AC092681.1 is not in current annotation.
Warnning: gene name AC092681.2 is not in current annotation.
Warnning: gene name AC092681.1,AC092681.2 is not in current annotation.
Warnning: gene name AL158212.4 is not in current annotation.
Warnning: gene name AL158212.1 is not in current annotation.
Warnning: gene name AL158212.4,AL158212.1 is not in current annotation.
Warnning: gene name AL161431.1 is not in current annotation.
Warnning: gene name AL161431.1 is not in current annotation.
Warnning: gene name AL160275.1 is not in current annotation.
Warnning: gene name AL390240.1 is not in current annotation.
Warnning: gene name AL160275.1,AL390240.1 is not in current annotation.
Warnning: gene name AL773545.3 is not in current annotation.
Warnning: gene name AL773545.3 is not in current annotation.
Warnning: gene name CR786580.1 is not in current annotation.
Warnning: gene name CR786580.1 is not in current annotation.
Warnning: gene name AC092681.1 is not in current annotation.
Warnning: gene name AC092681.2 is not in current annotation.
Warnning: gene name AC092681.1,AC092681.2 is not in current annotation.
Warnning: gene name AL773545.3 is not in current annotation.
Warnning: gene name AL773545.3 is not in current annotation.
Warnning: gene name MTRNR2L12 is not in current annotation.
Warnning: gene name MTRNR2L12 is not in current annotation.
Warnning: gene name AL591441.1 is not in current annotation.
Warnning: gene name FP325317.1 is not in current annotation.
Warnning: gene name AL591441.1,FP325317.1 is not in current annotation.
Warnning: gene name AC026583.1 is not in current annotation.
Warnning: gene name AC048383.1 is not in current annotation.
Warnning: gene name AC026583.1,AC048383.1 is not in current annotation.
Warnning: gene name AC009245.1 is not in current annotation.
Warnning: gene name AC083867.1 is not in current annotation.
Warnning: gene name AC008155.1 is not in current annotation.
Warnning: gene name AC009245.1 is not in current annotation.
Warnning: gene name AC083867.1,AC008155.1 is not in current annotation.
Warnning: gene name AL031847.1 is not in current annotation.
Warnning: gene name AL031847.1 is not in current annotation.
Warnning: gene name AC004854.2 is not in current annotation.
Warnning: gene name AC004854.1 is not in current annotation.
Warnning: gene name AC004854.2,AC004854.1 is not in current annotation.
Warnning: gene name AC126763.1 is not in current annotation.
Warnning: gene name AC137803.1 is not in current annotation.
Warnning: gene name AC126763.1,AC137803.1 is not in current annotation.
Warnning: gene name AC009245.1 is not in current annotation.
Warnning: gene name AC009245.1 is not in current annotation.
Warnning: gene name MTRNR2L12 is not in current annotation.
Warnning: gene name MTRNR2L12 is not in current annotation.
Warnning: gene name CIMIP1 is not in current annotation.
Warnning: gene name CIMIP1 is not in current annotation.
Warnning: gene name AC018706.1 is not in current annotation.
Warnning: gene name AC010719.1 is not in current annotation.
Warnning: gene name AC018706.1,AC010719.1 is not in current annotation.
Warnning: gene name AL773545.3 is not in current annotation.
Warnning: gene name AL773545.3 is not in current annotation.
Warnning: gene name AC026782.2 is not in current annotation.
Warnning: gene name AC008885.2 is not in current annotation.
Warnning: gene name AC026782.2,AC008885.2 is not in current annotation.
Warnning: gene name AL157371.1 is not in current annotation.
Warnning: gene name AL109615.3 is not in current annotation.
Warnning: gene name AL157371.1,AL109615.3 is not in current annotation.
Warnning: gene name MTRNR2L12 is not in current annotation.
Warnning: gene name AC106719.1 is not in current annotation.
Warnning: gene name AC107304.1 is not in current annotation.
Warnning: gene name MTRNR2L12 is not in current annotation.
Warnning: gene name AC106719.1,AC107304.1 is not in current annotation.
Warnning: gene name AL451007.2 is not in current annotation.
Warnning: gene name BX323046.2 is not in current annotation.
Warnning: gene name AL451007.2,BX323046.2 is not in current annotation.
Warnning: gene name MTRNR2L12 is not in current annotation.
Warnning: gene name AC106719.1 is not in current annotation.
Warnning: gene name AC107304.1 is not in current annotation.
Warnning: gene name MTRNR2L12 is not in current annotation.
Warnning: gene name AC106719.1,AC107304.1 is not in current annotation.
Warnning: gene name AC124293.1 is not in current annotation.
Warnning: gene name AC011131.1 is not in current annotation.
Warnning: gene name AC124293.1,AC011131.1 is not in current annotation.
Warnning: gene name AC013410.2 is not in current annotation.
Warnning: gene name AC106900.1 is not in current annotation.
Warnning: gene name AC013410.2,AC106900.1 is not in current annotation.
Warnning: gene name MTRNR2L8 is not in current annotation.
Warnning: gene name MTRNR2L8 is not in current annotation.
Warnning: gene name AC115286.1 is not in current annotation.
Warnning: gene name AC099565.1 is not in current annotation.
Warnning: gene name AC115286.1,AC099565.1 is not in current annotation.
Warnning: gene name AC115223.1 is not in current annotation.
Warnning: gene name AC115223.1 is not in current annotation.
Warnning: gene name AC009021.1 is not in current annotation.
Warnning: gene name AC130466.1 is not in current annotation.
Warnning: gene name AC009021.1,AC130466.1 is not in current annotation.
Warnning: gene name AC226119.3 is not in current annotation.
Warnning: gene name AC116562.3 is not in current annotation.
Warnning: gene name AC226119.3,AC116562.3 is not in current annotation.
Warnning: gene name MUC20-OT1 is not in current annotation.
Warnning: gene name MUC20-OT1 is not in current annotation.
Warnning: gene name AL450405.1 is not in current annotation.
Warnning: gene name AL450405.1 is not in current annotation.
Warnning: gene name AC087667.1 is not in current annotation.
Warnning: gene name AC084116.2 is not in current annotation.
Warnning: gene name AC087667.1,AC084116.2 is not in current annotation.
Warnning: gene name AC009021.1 is not in current annotation.
Warnning: gene name AC130466.1 is not in current annotation.
Warnning: gene name AC009021.1,AC130466.1 is not in current annotation.
Warnning: gene name AL353072.2 is not in current annotation.
Warnning: gene name AL353709.1 is not in current annotation.
Warnning: gene name AL353072.2,AL353709.1 is not in current annotation.
Warnning: gene name AC015712.2 is not in current annotation.
Warnning: gene name AC099552.3 is not in current annotation.
Warnning: gene name AC099552.5 is not in current annotation.
Warnning: gene name AC015712.2 is not in current annotation.
Warnning: gene name AC099552.3,AC099552.5 is not in current annotation.
Warnning: gene name AC126763.1 is not in current annotation.
Warnning: gene name AC137803.1 is not in current annotation.
Warnning: gene name AC126763.1,AC137803.1 is not in current annotation.
Warnning: gene name AL133229.1 is not in current annotation.
Warnning: gene name AL049812.2 is not in current annotation.
Warnning: gene name AL133229.1,AL049812.2 is not in current annotation.
Warnning: gene name AC007568.1 is not in current annotation.
Warnning: gene name AC003084.1 is not in current annotation.
Warnning: gene name AC007568.1,AC003084.1 is not in current annotation.
Warnning: gene name AC010624.5 is not in current annotation.
Warnning: gene name AC010624.5 is not in current annotation.
Warnning: gene name AC064872.1 is not in current annotation.
Warnning: gene name AC092660.1 is not in current annotation.
Warnning: gene name AC012494.1 is not in current annotation.
Warnning: gene name AC064872.1,AC092660.1 is not in current annotation.
Warnning: gene name AC012494.1 is not in current annotation.
Warnning: gene name AC092681.1 is not in current annotation.
Warnning: gene name AC092681.2 is not in current annotation.
Warnning: gene name AC092681.1,AC092681.2 is not in current annotation.
Warnning: gene name AL161431.1 is not in current annotation.
Warnning: gene name AL161431.1 is not in current annotation.
Warnning: gene name AC092681.1 is not in current annotation.
Warnning: gene name AC092681.2 is not in current annotation.
Warnning: gene name AC092681.1,AC092681.2 is not in current annotation.
Warnning: gene name AC006525.1 is not in current annotation.
Warnning: gene name AC006525.1 is not in current annotation.
Warnning: gene name AC090227.2 is not in current annotation.
Warnning: gene name AC090227.2 is not in current annotation.
Warnning: gene name IGKV3-11 is not in current annotation.
Warnning: gene name IGKV3-11 is not in current annotation.
Warnning: gene name AL161431.1 is not in current annotation.
Warnning: gene name AL161431.1 is not in current annotation.
Warnning: gene name AP000350.6 is not in current annotation.
Warnning: gene name AP000350.2 is not in current annotation.
Warnning: gene name AP000350.6,AP000350.2 is not in current annotation.
Warnning: gene name AC018688.1 is not in current annotation.
Warnning: gene name 5_8S_rRNA,AC018688.1 is not in current annotation.
Warnning: gene name AC114798.1 is not in current annotation.
Warnning: gene name AC079766.1 is not in current annotation.
Warnning: gene name AC114798.1,AC079766.1 is not in current annotation.
Warnning: gene name AL161431.1 is not in current annotation.
Warnning: gene name AL161431.1 is not in current annotation.
Warnning: gene name CR786580.1 is not in current annotation.
Warnning: gene name CR786580.1 is not in current annotation.
Warnning: gene name AC245884.5 is not in current annotation.
Warnning: gene name AC245884.12 is not in current annotation.
Warnning: gene name AC245884.5,AC245884.12 is not in current annotation.
Warnning: gene name AC008514.1 is not in current annotation.
Warnning: gene name AC008514.1 is not in current annotation.
Warnning: gene name AC004805.1 is not in current annotation.
Warnning: gene name AC004805.1 is not in current annotation.
Warnning: gene name AC004805.1 is not in current annotation.
Warnning: gene name AC004805.1 is not in current annotation.
Warnning: gene name AC064872.1 is not in current annotation.
Warnning: gene name AC092660.1 is not in current annotation.
Warnning: gene name AC012494.1 is not in current annotation.
Warnning: gene name AC064872.1,AC092660.1 is not in current annotation.
Warnning: gene name AC012494.1 is not in current annotation.
Warnning: gene name AC020658.2 is not in current annotation.
Warnning: gene name AC020658.2 is not in current annotation.
Warnning: gene name AC011287.1 is not in current annotation.
Warnning: gene name AC011287.1 is not in current annotation.
Warnning: gene name AC005019.2 is not in current annotation.
Warnning: gene name AC011287.1 is not in current annotation.
Warnning: gene name AC011287.1,AC005019.2 is not in current annotation.
Warnning: gene name AL135936.1 is not in current annotation.
Warnning: gene name AL136090.2 is not in current annotation.
Warnning: gene name AL135936.1,AL136090.2 is not in current annotation.
Warnning: gene name AL096854.1 is not in current annotation.
Warnning: gene name AL096854.1 is not in current annotation.
Warnning: gene name AL135936.1 is not in current annotation.
Warnning: gene name AL136090.2 is not in current annotation.
Warnning: gene name AL135936.1,AL136090.2 is not in current annotation.
Warnning: gene name AL357558.1 is not in current annotation.
Warnning: gene name AL357558.3 is not in current annotation.
Warnning: gene name AL357558.1,AL357558.3 is not in current annotation.
Warnning: gene name CR786580.1 is not in current annotation.
Warnning: gene name CR786580.1 is not in current annotation.
Warnning: gene name AL773545.3 is not in current annotation.
Warnning: gene name AL773545.3 is not in current annotation.
Warnning: gene name AC092329.3 is not in current annotation.
Warnning: gene name AC092329.3 is not in current annotation.
Warnning: gene name AL161431.1 is not in current annotation.
Warnning: gene name AL161431.1 is not in current annotation.
cff /MetaFusion/RUNS_Results/TCGA-READ/READ.cff.reformat.renamed.reann.WITH_SEQ
Add adjacent exons to cff
3186995 annotations from /MetaFusion/reference_files/hg38_gene.bed loaded.
16.2664430141 sec. elapsed.
Warning: Input gene annotations include multiple chr, strand, or regions (5Mb away). Skipping current gene annotation.
[('LINC00102', 'chrX', 'r'), ('LINC00102', 'chrY', 'r')]
Warning: Input gene annotations include multiple chr, strand, or regions (5Mb away). Skipping current gene annotation.
[('SNORD42', 'chr22', 'r'), ('SNORD42', 'chr4', 'r')]
Warning: Input gene annotations include multiple chr, strand, or regions (5Mb away). Skipping current gene annotation.
[('CD99P1', 'chrX', 'f'), ('CD99P1', 'chrY', 'f')]
Warning: Input gene annotations include multiple chr, strand, or regions (5Mb away). Skipping current gene annotation.
[('TNFRSF10A-DT', 'chr8', 'f'), ('TNFRSF10A-DT', 'chr8', 'r')]
Warning: Input gene annotations include multiple chr, strand, or regions (5Mb away). Skipping current gene annotation.
[('TRPC6P1', 'chrX', 'r'), ('TRPC6P1', 'chrY', 'r')]
Warning: Input gene annotations include multiple chr, strand, or regions (5Mb away). Skipping current gene annotation.
[('7SK', 'chr1', 'r'), ('7SK', 'chr1', 'f'), ('7SK', 'chr11', 'f'), ('7SK', 'chr17', 'f'), ('7SK', 'chr3', 'r'), ('7SK', 'chr6', 'f')]
Warning: Input gene annotations include multiple chr, strand, or regions (5Mb away). Skipping current gene annotation.
[('Y_RNA', 'chr1', 'r'), ('Y_RNA', 'chr1', 'f'), ('Y_RNA', 'chr10', 'r'), ('Y_RNA', 'chr10', 'f'), ('Y_RNA', 'chr11', 'f'), ('Y_RNA', 'chr11', 'r'), ('Y_RNA', 'chr12', 'r'), ('Y_RNA', 'chr12', 'f'), ('Y_RNA', 'chr13', 'f'), ('Y_RNA', 'chr14', 'f'), ('Y_RNA', 'chr14', 'r'), ('Y_RNA', 'chr15', 'f'), ('Y_RNA', 'chr15', 'r'), ('Y_RNA', 'chr16', 'f'), ('Y_RNA', 'chr16', 'r'), ('Y_RNA', 'chr17', 'f'), ('Y_RNA', 'chr17', 'r'), ('Y_RNA', 'chr18', 'f'), ('Y_RNA', 'chr18', 'r'), ('Y_RNA', 'chr19', 'r'), ('Y_RNA', 'chr19', 'f'), ('Y_RNA', 'chr2', 'f'), ('Y_RNA', 'chr2', 'r'), ('Y_RNA', 'chr20', 'f'), ('Y_RNA', 'chr20', 'r'), ('Y_RNA', 'chr21', 'f'), ('Y_RNA', 'chr21', 'r'), ('Y_RNA', 'chr22', 'f'), ('Y_RNA', 'chr22', 'r'), ('Y_RNA', 'chr3', 'r'), ('Y_RNA', 'chr3', 'f'), ('Y_RNA', 'chr4', 'r'), ('Y_RNA', 'chr4', 'f'), ('Y_RNA', 'chr5', 'r'), ('Y_RNA', 'chr5', 'f'), ('Y_RNA', 'chr6', 'r'), ('Y_RNA', 'chr6', 'f'), ('Y_RNA', 'chr7', 'r'), ('Y_RNA', 'chr7', 'f'), ('Y_RNA', 'chr8', 'f'), ('Y_RNA', 'chr8', 'r'), ('Y_RNA', 'chr9', 'f'), ('Y_RNA', 'chr9', 'r'), ('Y_RNA', 'chrX', 'r'), ('Y_RNA', 'chrX', 'f'), ('Y_RNA', 'chrY', 'f')]
Warning: Input gene annotations include multiple chr, strand, or regions (5Mb away). Skipping current gene annotation.
[('WASIR1', 'chrX', 'r'), ('WASIR1', 'chrY', 'r')]
Warning: Input gene annotations include multiple chr, strand, or regions (5Mb away). Skipping current gene annotation.
[('U8', 'chr1', 'f'), ('U8', 'chr10', 'r'), ('U8', 'chr10', 'f'), ('U8', 'chr11', 'f'), ('U8', 'chr12', 'r'), ('U8', 'chr12', 'f'), ('U8', 'chr15', 'f'), ('U8', 'chr15', 'r'), ('U8', 'chr18', 'r'), ('U8', 'chr2', 'r'), ('U8', 'chr2', 'f'), ('U8', 'chr3', 'r'), ('U8', 'chr3', 'f'), ('U8', 'chr5', 'r'), ('U8', 'chr5', 'f'), ('U8', 'chr6', 'r'), ('U8', 'chr8', 'r'), ('U8', 'chr9', 'f')]
Warning: Input gene annotations include multiple chr, strand, or regions (5Mb away). Skipping current gene annotation.
[('U4', 'chr1', 'r'), ('U4', 'chr1', 'f'), ('U4', 'chr11', 'r'), ('U4', 'chr2', 'f'), ('U4', 'chr5', 'r'), ('U4', 'chr6', 'f'), ('U4', 'chr8', 'r')]
Warning: Input gene annotations include multiple chr, strand, or regions (5Mb away). Skipping current gene annotation.
[('U7', 'chr1', 'f'), ('U7', 'chr12', 'r'), ('U7', 'chr15', 'f'), ('U7', 'chr16', 'r'), ('U7', 'chr22', 'r'), ('U7', 'chr3', 'f'), ('U7', 'chrX', 'f')]
Warning: Input gene annotations include multiple chr, strand, or regions (5Mb away). Skipping current gene annotation.
[('U6', 'chr1', 'r'), ('U6', 'chr1', 'f'), ('U6', 'chr10', 'f'), ('U6', 'chr11', 'r'), ('U6', 'chr11', 'f'), ('U6', 'chr12', 'f'), ('U6', 'chr12', 'r'), ('U6', 'chr13', 'f'), ('U6', 'chr14', 'r'), ('U6', 'chr15', 'r'), ('U6', 'chr15', 'f'), ('U6', 'chr16', 'f'), ('U6', 'chr17', 'r'), ('U6', 'chr2', 'f'), ('U6', 'chr2', 'r'), ('U6', 'chr20', 'r'), ('U6', 'chr21', 'f'), ('U6', 'chr22', 'f'), ('U6', 'chr3', 'f'), ('U6', 'chr4', 'f'), ('U6', 'chr4', 'r'), ('U6', 'chr9', 'f'), ('U6', 'chrX', 'f')]
Warning: Input gene annotations include multiple chr, strand, or regions (5Mb away). Skipping current gene annotation.
[('U1', 'chr1', 'f'), ('U1', 'chr1', 'r'), ('U1', 'chr21', 'f')]
Warning: Input gene annotations include multiple chr, strand, or regions (5Mb away). Skipping current gene annotation.
[('U3', 'chr1', 'f'), ('U3', 'chr1', 'r'), ('U3', 'chr10', 'f'), ('U3', 'chr10', 'r'), ('U3', 'chr11', 'f'), ('U3', 'chr14', 'r'), ('U3', 'chr15', 'f'), ('U3', 'chr15', 'r'), ('U3', 'chr17', 'r'), ('U3', 'chr17', 'f'), ('U3', 'chr18', 'f'), ('U3', 'chr18', 'r'), ('U3', 'chr19', 'r'), ('U3', 'chr2', 'f'), ('U3', 'chr2', 'r'), ('U3', 'chr20', 'f'), ('U3', 'chr20', 'r'), ('U3', 'chr21', 'r'), ('U3', 'chr3', 'r'), ('U3', 'chr3', 'f'), ('U3', 'chr4', 'f'), ('U3', 'chr5', 'f'), ('U3', 'chr5', 'r'), ('U3', 'chr6', 'f'), ('U3', 'chr6', 'r'), ('U3', 'chr7', 'f'), ('U3', 'chr7', 'r'), ('U3', 'chr8', 'f'), ('U3', 'chr8', 'r'), ('U3', 'chrX', 'f'), ('U3', 'chrX', 'r')]
Warning: Input gene annotations include multiple chr, strand, or regions (5Mb away). Skipping current gene annotation.
[('U2', 'chr1', 'f'), ('U2', 'chr14', 'r'), ('U2', 'chr17', 'r'), ('U2', 'chr22', 'r'), ('U2', 'chr3', 'f'), ('U2', 'chr4', 'f'), ('U2', 'chr8', 'r'), ('U2', 'chr9', 'f')]
Warning: Input gene annotations include multiple chr, strand, or regions (5Mb away). Skipping current gene annotation.
[('MIR6089', 'chrX', 'f'), ('MIR6089', 'chrY', 'f')]
Warning: Input gene annotations include multiple chr, strand, or regions (5Mb away). Skipping current gene annotation.
[('IL3RA', 'chrX', 'f'), ('IL3RA', 'chrY', 'f')]
Warning: Input gene annotations include multiple chr, strand, or regions (5Mb away). Skipping current gene annotation.
[('GTPBP6', 'chrX', 'r'), ('GTPBP6', 'chrY', 'r')]
Warning: Input gene annotations include multiple chr, strand, or regions (5Mb away). Skipping current gene annotation.
[('SNORD18', 'chr15', 'r'), ('SNORD18', 'chr2', 'r')]
Warning: Input gene annotations include multiple chr, strand, or regions (5Mb away). Skipping current gene annotation.
[('LSP1P5', 'chr1', 'f'), ('LSP1P5', 'chr2', 'r')]
Warning: Input gene annotations include multiple chr, strand, or regions (5Mb away). Skipping current gene annotation.
[('ELOCP24', 'chrX', 'r'), ('ELOCP24', 'chrY', 'r')]
Warning: Input gene annotations include multiple chr, strand, or regions (5Mb away). Skipping current gene annotation.
[('Vault', 'chr17', 'f'), ('Vault', 'chr17', 'r'), ('Vault', 'chr2', 'r'), ('Vault', 'chr5', 'r')]
Warning: Input gene annotations include multiple chr, strand, or regions (5Mb away). Skipping current gene annotation.
[('LINC03025', 'chr9', 'r'), ('LINC03025', 'chr9', 'f')]
Warning: Input gene annotations include multiple chr, strand, or regions (5Mb away). Skipping current gene annotation.
[('5S_rRNA', 'chr1', 'r'), ('5S_rRNA', 'chr16', 'r'), ('5S_rRNA', 'chr17', 'r'), ('5S_rRNA', 'chr19', 'r'), ('5S_rRNA', 'chr2', 'r'), ('5S_rRNA', 'chr2', 'f'), ('5S_rRNA', 'chr6', 'r'), ('5S_rRNA', 'chr7', 'r'), ('5S_rRNA', 'chrX', 'f')]
Warning: Input gene annotations include multiple chr, strand, or regions (5Mb away). Skipping current gene annotation.
[('WASH6P', 'chrX', 'f'), ('WASH6P', 'chrY', 'f')]
Warning: Input gene annotations include multiple chr, strand, or regions (5Mb away). Skipping current gene annotation.
[('LINC01238', 'chr2', 'f'), ('LINC01238', 'chr2', 'r')]
Warning: Input gene annotations include multiple chr, strand, or regions (5Mb away). Skipping current gene annotation.
[('MIR3690', 'chrX', 'f'), ('MIR3690', 'chrY', 'f')]
Warning: Input gene annotations include multiple chr, strand, or regions (5Mb away). Skipping current gene annotation.
[('HERC2P7', 'chr15', 'r'), ('HERC2P7', 'chr15', 'f')]
Warning: Input gene annotations include multiple chr, strand, or regions (5Mb away). Skipping current gene annotation.
[('CTSLP2', 'chr10', 'f'), ('CTSLP2', 'chr10', 'r')]
Warning: Input gene annotations include multiple chr, strand, or regions (5Mb away). Skipping current gene annotation.
[('SNORA62', 'chr1', 'f'), ('SNORA62', 'chr11', 'f'), ('SNORA62', 'chr16', 'r'), ('SNORA62', 'chr21', 'f'), ('SNORA62', 'chr3', 'f'), ('SNORA62', 'chr4', 'f'), ('SNORA62', 'chr8', 'f')]
Warning: Input gene annotations include multiple chr, strand, or regions (5Mb away). Skipping current gene annotation.
[('SNORA63', 'chr1', 'f'), ('SNORA63', 'chr1', 'r'), ('SNORA63', 'chr15', 'r'), ('SNORA63', 'chr3', 'f'), ('SNORA63', 'chr4', 'f'), ('SNORA63', 'chr5', 'f'), ('SNORA63', 'chr7', 'r')]
Warning: Input gene annotations include multiple chr, strand, or regions (5Mb away). Skipping current gene annotation.
[('SNORD116', 'chr1', 'r'), ('SNORD116', 'chr13', 'r'), ('SNORD116', 'chr9', 'f')]
Warning: Input gene annotations include multiple chr, strand, or regions (5Mb away). Skipping current gene annotation.
[('SNORD63', 'chr17', 'r'), ('SNORD63', 'chr3', 'r'), ('SNORD63', 'chr5', 'r')]
Warning: Input gene annotations include multiple chr, strand, or regions (5Mb away). Skipping current gene annotation.
[('KMT2CP1', 'chr1', 'r'), ('KMT2CP1', 'chr1', 'f')]
Warning: Input gene annotations include multiple chr, strand, or regions (5Mb away). Skipping current gene annotation.
[('SHOX', 'chrX', 'f'), ('SHOX', 'chrY', 'f')]
Warning: Input gene annotations include multiple chr, strand, or regions (5Mb away). Skipping current gene annotation.
[('RPL23AP7', 'chr2', 'r'), ('RPL23AP7', 'chr22', 'f')]
Warning: Input gene annotations include multiple chr, strand, or regions (5Mb away). Skipping current gene annotation.
[('DHRSX-IT1', 'chrX', 'r'), ('DHRSX-IT1', 'chrY', 'r')]
Warning: Input gene annotations include multiple chr, strand, or regions (5Mb away). Skipping current gene annotation.
[('SNORD39', 'chr11', 'r'), ('SNORD39', 'chr2', 'f'), ('SNORD39', 'chr4', 'r'), ('SNORD39', 'chr9', 'r')]
Warning: Input gene annotations include multiple chr, strand, or regions (5Mb away). Skipping current gene annotation.
[('ZBED1', 'chrX', 'r'), ('ZBED1', 'chrY', 'r')]
Warning: Input gene annotations include multiple chr, strand, or regions (5Mb away). Skipping current gene annotation.
[('ASMTL-AS1', 'chrX', 'f'), ('ASMTL-AS1', 'chrY', 'f')]
Warning: Input gene annotations include multiple chr, strand, or regions (5Mb away). Skipping current gene annotation.
[('SNORD30', 'chr11', 'r'), ('SNORD30', 'chrX', 'f')]
Warning: Input gene annotations include multiple chr, strand, or regions (5Mb away). Skipping current gene annotation.
[('ASMTL', 'chrX', 'r'), ('ASMTL', 'chrY', 'r')]
Warning: Input gene annotations include multiple chr, strand, or regions (5Mb away). Skipping current gene annotation.
[('FABP5P13', 'chrX', 'r'), ('FABP5P13', 'chrY', 'r')]
Warning: Input gene annotations include multiple chr, strand, or regions (5Mb away). Skipping current gene annotation.
[('CD99', 'chrX', 'f'), ('CD99', 'chrY', 'f')]
Warning: Input gene annotations include multiple chr, strand, or regions (5Mb away). Skipping current gene annotation.
[('DHRSX', 'chrX', 'r'), ('DHRSX', 'chrY', 'r')]
Warning: Input gene annotations include multiple chr, strand, or regions (5Mb away). Skipping current gene annotation.
[('SNORD33', 'chr16', 'r'), ('SNORD33', 'chr19', 'f')]
Warning: Input gene annotations include multiple chr, strand, or regions (5Mb away). Skipping current gene annotation.
[('NPIPA9', 'chr16', 'f'), ('NPIPA9', 'chr16', 'r')]
Warning: Input gene annotations include multiple chr, strand, or regions (5Mb away). Skipping current gene annotation.
[('SNORD81', 'chr1', 'f'), ('SNORD81', 'chr5', 'f'), ('SNORD81', 'chr7', 'f')]
Warning: Input gene annotations include multiple chr, strand, or regions (5Mb away). Skipping current gene annotation.
[('PLCXD1', 'chrX', 'f'), ('PLCXD1', 'chrY', 'f')]
Warning: Input gene annotations include multiple chr, strand, or regions (5Mb away). Skipping current gene annotation.
[('RNA5SP498', 'chrX', 'r'), ('RNA5SP498', 'chrY', 'r')]
Warning: Input gene annotations include multiple chr, strand, or regions (5Mb away). Skipping current gene annotation.
[('Metazoa_SRP', 'chr1', 'f'), ('Metazoa_SRP', 'chr1', 'r'), ('Metazoa_SRP', 'chr10', 'f'), ('Metazoa_SRP', 'chr10', 'r'), ('Metazoa_SRP', 'chr11', 'r'), ('Metazoa_SRP', 'chr11', 'f'), ('Metazoa_SRP', 'chr12', 'f'), ('Metazoa_SRP', 'chr12', 'r'), ('Metazoa_SRP', 'chr13', 'r'), ('Metazoa_SRP', 'chr13', 'f'), ('Metazoa_SRP', 'chr14', 'r'), ('Metazoa_SRP', 'chr14', 'f'), ('Metazoa_SRP', 'chr15', 'r'), ('Metazoa_SRP', 'chr15', 'f'), ('Metazoa_SRP', 'chr16', 'f'), ('Metazoa_SRP', 'chr16', 'r'), ('Metazoa_SRP', 'chr17', 'r'), ('Metazoa_SRP', 'chr17', 'f'), ('Metazoa_SRP', 'chr18', 'r'), ('Metazoa_SRP', 'chr19', 'f'), ('Metazoa_SRP', 'chr19', 'r'), ('Metazoa_SRP', 'chr2', 'f'), ('Metazoa_SRP', 'chr2', 'r'), ('Metazoa_SRP', 'chr20', 'f'), ('Metazoa_SRP', 'chr20', 'r'), ('Metazoa_SRP', 'chr22', 'f'), ('Metazoa_SRP', 'chr22', 'r'), ('Metazoa_SRP', 'chr3', 'r'), ('Metazoa_SRP', 'chr3', 'f'), ('Metazoa_SRP', 'chr4', 'r'), ('Metazoa_SRP', 'chr4', 'f'), ('Metazoa_SRP', 'chr5', 'f'), ('Metazoa_SRP', 'chr5', 'r'), ('Metazoa_SRP', 'chr6', 'f'), ('Metazoa_SRP', 'chr6', 'r'), ('Metazoa_SRP', 'chr7', 'f'), ('Metazoa_SRP', 'chr7', 'r'), ('Metazoa_SRP', 'chr8', 'f'), ('Metazoa_SRP', 'chr8', 'r'), ('Metazoa_SRP', 'chr9', 'f'), ('Metazoa_SRP', 'chr9', 'r'), ('Metazoa_SRP', 'chrX', 'r'), ('Metazoa_SRP', 'chrX', 'f'), ('Metazoa_SRP', 'chrY', 'r')]
Warning: Input gene annotations include multiple chr, strand, or regions (5Mb away). Skipping current gene annotation.
[('CSF2RA', 'chrX', 'f'), ('CSF2RA', 'chrY', 'f')]
Warning: Input gene annotations include multiple chr, strand, or regions (5Mb away). Skipping current gene annotation.
[('PPP2R3B', 'chrX', 'r'), ('PPP2R3B', 'chrY', 'r')]
Warning: Input gene annotations include multiple chr, strand, or regions (5Mb away). Skipping current gene annotation.
[('DPH3P2', 'chrX', 'f'), ('DPH3P2', 'chrY', 'f')]
Warning: Input gene annotations include multiple chr, strand, or regions (5Mb away). Skipping current gene annotation.
[('ASMT', 'chrX', 'f'), ('ASMT', 'chrY', 'f')]
Warning: Input gene annotations include multiple chr, strand, or regions (5Mb away). Skipping current gene annotation.
[('IL9R', 'chrX', 'f'), ('IL9R', 'chrY', 'f')]
Warning: Input gene annotations include multiple chr, strand, or regions (5Mb away). Skipping current gene annotation.
[('VAMP7', 'chrX', 'f'), ('VAMP7', 'chrY', 'f')]
Warning: Input gene annotations include multiple chr, strand, or regions (5Mb away). Skipping current gene annotation.
[('LINC02968', 'chrX', 'f'), ('LINC02968', 'chrY', 'f')]
Warning: Input gene annotations include multiple chr, strand, or regions (5Mb away). Skipping current gene annotation.
[('SNORA75', 'chr12', 'r'), ('SNORA75', 'chr12', 'f'), ('SNORA75', 'chr16', 'f'), ('SNORA75', 'chr2', 'r'), ('SNORA75', 'chr4', 'f')]
Warning: Input gene annotations include multiple chr, strand, or regions (5Mb away). Skipping current gene annotation.
[('SNORA74', 'chr12', 'r'), ('SNORA74', 'chr17', 'f'), ('SNORA74', 'chr2', 'f')]
Warning: Input gene annotations include multiple chr, strand, or regions (5Mb away). Skipping current gene annotation.
[('SNORA73', 'chr18', 'f'), ('SNORA73', 'chr18', 'r'), ('SNORA73', 'chr6', 'r')]
Warning: Input gene annotations include multiple chr, strand, or regions (5Mb away). Skipping current gene annotation.
[('SNORA72', 'chr1', 'r'), ('SNORA72', 'chr1', 'f'), ('SNORA72', 'chr2', 'f'), ('SNORA72', 'chr3', 'f'), ('SNORA72', 'chr3', 'r'), ('SNORA72', 'chr8', 'r')]
Warning: Input gene annotations include multiple chr, strand, or regions (5Mb away). Skipping current gene annotation.
[('SNORA71', 'chr10', 'f'), ('SNORA71', 'chr20', 'r'), ('SNORA71', 'chr20', 'f')]
Warning: Input gene annotations include multiple chr, strand, or regions (5Mb away). Skipping current gene annotation.
[('SNORA70', 'chr1', 'r'), ('SNORA70', 'chr12', 'r'), ('SNORA70', 'chr12', 'f'), ('SNORA70', 'chr14', 'f'), ('SNORA70', 'chr16', 'r'), ('SNORA70', 'chr17', 'r'), ('SNORA70', 'chr17', 'f'), ('SNORA70', 'chr18', 'r'), ('SNORA70', 'chr19', 'f'), ('SNORA70', 'chr21', 'f'), ('SNORA70', 'chr21', 'r'), ('SNORA70', 'chr3', 'f'), ('SNORA70', 'chr4', 'f'), ('SNORA70', 'chr5', 'f'), ('SNORA70', 'chr6', 'f'), ('SNORA70', 'chr8', 'r'), ('SNORA70', 'chr8', 'f'), ('SNORA70', 'chr9', 'f'), ('SNORA70', 'chr9', 'r'), ('SNORA70', 'chrX', 'f'), ('SNORA70', 'chrY', 'r'), ('SNORA70', 'chrY', 'f')]
Warning: Input gene annotations include multiple chr, strand, or regions (5Mb away). Skipping current gene annotation.
[('AMD1P2', 'chrX', 'r'), ('AMD1P2', 'chrY', 'r')]
Warning: Input gene annotations include multiple chr, strand, or regions (5Mb away). Skipping current gene annotation.
[('CRLF2', 'chrX', 'r'), ('CRLF2', 'chrY', 'r')]
Warning: Input gene annotations include multiple chr, strand, or regions (5Mb away). Skipping current gene annotation.
[('SNORD115', 'chr10', 'f'), ('SNORD115', 'chr15', 'f')]
Warning: Input gene annotations include multiple chr, strand, or regions (5Mb away). Skipping current gene annotation.
[('AKAP17A', 'chrX', 'f'), ('AKAP17A', 'chrY', 'f')]
Warning: Input gene annotations include multiple chr, strand, or regions (5Mb away). Skipping current gene annotation.
[('SNORD27', 'chr11', 'r'), ('SNORD27', 'chr13', 'r')]
Warning: Input gene annotations include multiple chr, strand, or regions (5Mb away). Skipping current gene annotation.
[('P2RY8', 'chrX', 'r'), ('P2RY8', 'chrY', 'r')]
Warning: Input gene annotations include multiple chr, strand, or regions (5Mb away). Skipping current gene annotation.
[('NPEPPSP1', 'chr17', 'f'), ('NPEPPSP1', 'chr17', 'r')]
Warning: Input gene annotations include multiple chr, strand, or regions (5Mb away). Skipping current gene annotation.
[('LINC00685', 'chrX', 'f'), ('LINC00685', 'chrY', 'f')]
Warning: Input gene annotations include multiple chr, strand, or regions (5Mb away). Skipping current gene annotation.
[('DDX11L2', 'chr1', 'f'), ('DDX11L2', 'chr2', 'r')]
Warning: Input gene annotations include multiple chr, strand, or regions (5Mb away). Skipping current gene annotation.
[('GABARAPL3', 'chr15', 'f'), ('GABARAPL3', 'chr15', 'r')]
Warning: Input gene annotations include multiple chr, strand, or regions (5Mb away). Skipping current gene annotation.
[('LINC02256', 'chr15', 'r'), ('LINC02256', 'chr15', 'f')]
Warning: Input gene annotations include multiple chr, strand, or regions (5Mb away). Skipping current gene annotation.
[('5_8S_rRNA', 'chr14', 'f'), ('5_8S_rRNA', 'chr20', 'r'), ('5_8S_rRNA', 'chr21', 'f'), ('5_8S_rRNA', 'chr22', 'r')]
Warning: Input gene annotations include multiple chr, strand, or regions (5Mb away). Skipping current gene annotation.
[('RPL14P5', 'chrX', 'r'), ('RPL14P5', 'chrY', 'r')]
Warning: Input gene annotations include multiple chr, strand, or regions (5Mb away). Skipping current gene annotation.
[('LINC00106', 'chrX', 'f'), ('LINC00106', 'chrY', 'f')]
Warning: Input gene annotations include multiple chr, strand, or regions (5Mb away). Skipping current gene annotation.
[('ANKRD20A5P', 'chr18', 'f'), ('ANKRD20A5P', 'chr9', 'f')]
Warning: Input gene annotations include multiple chr, strand, or regions (5Mb away). Skipping current gene annotation.
[('SLC25A6', 'chrX', 'r'), ('SLC25A6', 'chrY', 'r')]
Warning: Input gene annotations include multiple chr, strand, or regions (5Mb away). Skipping current gene annotation.
[('KRT18P53', 'chrX', 'r'), ('KRT18P53', 'chrY', 'r')]
Warning: Input gene annotations include multiple chr, strand, or regions (5Mb away). Skipping current gene annotation.
[('DDX11L16', 'chr15', 'r'), ('DDX11L16', 'chr16', 'f'), ('DDX11L16', 'chrX', 'r'), ('DDX11L16', 'chrY', 'r')]
Gene intervals loaded.
18.1057839394 sec. elapsed.
Transcript annotations loaded.
12.3715429306 sec. elapsed.
Merge cff by exons
Loading required package: graph
Loading required package: BiocGenerics

Attaching package: 'BiocGenerics'

The following objects are masked from 'package:stats':

    IQR, mad, sd, var, xtabs

The following objects are masked from 'package:base':

    Filter, Find, Map, Position, Reduce, anyDuplicated, append,
    as.data.frame, basename, cbind, colnames, dirname, do.call,
    duplicated, eval, evalq, get, grep, grepl, intersect, is.unsorted,
    lapply, mapply, match, mget, order, paste, pmax, pmax.int, pmin,
    pmin.int, rank, rbind, rownames, sapply, setdiff, sort, table,
    tapply, union, unique, unsplit, which.max, which.min

Reading FID.intersections.tsv file
7385 records to build graph
Building graph
output cis-sage.cluster file
ReadThrough, callerfilter 1
python callerfilter_num.py --cluster /MetaFusion/RUNS_Results/TCGA-READ/READ.cff.reformat.renamed.reann.WITH_SEQ.exons.cluster --num_tools 1 | grep -v ReadThrough > /MetaFusion/RUNS_Results/TCGA-READ/READ.cff.reformat.renamed.reann.WITH_SEQ.exons.cluster.RT_filter.callerfilter.1
blocklist filter
ANC adjacent noncoding filter
Rank and generate final.cluster
Running FusionAnnotator
-parsing annotation gene spans
-warning, no gene stored for identifier: [AL442636.1]
-warning, no gene stored for identifier: [BMAL2]
-warning, no gene stored for identifier: [PALS1]
-warning, no gene stored for identifier: [AC090515.6]
-warning, no gene stored for identifier: [ZNF56P]
-warning, no gene stored for identifier: [AC005041.5]
-warning, no gene stored for identifier: [ZKSCAN8P1]
-warning, no gene stored for identifier: [AC009093.11]
-warning, no gene stored for identifier: [AC105046.2]
-warning, no gene stored for identifier: [AC021087.5]
-warning, no gene stored for identifier: [H2BC6]
-warning, no gene stored for identifier: [AL050309.1]
-warning, no gene stored for identifier: [AP002748.5]
-warning, no gene stored for identifier: [ZBTB44-DT]
-warning, no gene stored for identifier: [AHI1-DT]
-warning, no gene stored for identifier: [USP12-DT]
-warning, no gene stored for identifier: [AC021851.2]
-warning, no gene stored for identifier: [AC046134.2]
-warning, no gene stored for identifier: [AC025508.1]
-warning, no gene stored for identifier: [AC126121.3]
-warning, no gene stored for identifier: [SNHG31]
-warning, no gene stored for identifier: [ZNF8-ERVK3-1]
-warning, no gene stored for identifier: [AL357556.3]
-warning, no gene stored for identifier: [SLC7A14-AS1]
-warning, no gene stored for identifier: [AL356295.1]
-warning, no gene stored for identifier: [LINC02774]
-warning, no gene stored for identifier: [AL133334.1]
-warning, no gene stored for identifier: [HYCC1]
-warning, no gene stored for identifier: [IFT25]
-warning, no gene stored for identifier: [IGL-@-ext]
-warning, no gene stored for identifier: [AC108066.2]
-warning, no gene stored for identifier: [LASP1NB]
-warning, no gene stored for identifier: [CFAP418-AS1]
-warning, no gene stored for identifier: [PDC-AS1]
-warning, no gene stored for identifier: [AC010476.2]
-warning, no gene stored for identifier: [AL355835.1]
-warning, no gene stored for identifier: [LINC01414]
-warning, no gene stored for identifier: [RNF32-AS1]
-warning, no gene stored for identifier: [MMADHC-DT]
-warning, no gene stored for identifier: [AC069288.1]
-warning, no gene stored for identifier: [LINC02646]
-warning, no gene stored for identifier: [AC104472.4]
-warning, no gene stored for identifier: [CSTPP1]
-warning, no gene stored for identifier: [CAPS2-AS1]
-warning, no gene stored for identifier: [P3R3URF-PIK3R3]
-warning, no gene stored for identifier: [AC136431.1]
-warning, no gene stored for identifier: [ASMER1]
-warning, no gene stored for identifier: [PABIR2]
-warning, no gene stored for identifier: [MAPK10-AS1]
-warning, no gene stored for identifier: [AL049828.1]
-warning, no gene stored for identifier: [UST-AS2]
-warning, no gene stored for identifier: [PRDX6-AS1]
-warning, no gene stored for identifier: [CCDST]
-warning, no gene stored for identifier: [PWWP3A]
-warning, no gene stored for identifier: [RABGAP1L-DT]
-warning, no gene stored for identifier: [AC013287.1]
-warning, no gene stored for identifier: [RIGI]
-warning, no gene stored for identifier: [ANAPC1P2]
-warning, no gene stored for identifier: [MTRFR]
-warning, no gene stored for identifier: [TOP6BL]
-warning, no gene stored for identifier: [RPL26P36]
-warning, no gene stored for identifier: [AP001021.3]
-warning, no gene stored for identifier: [RPS28P4]
-warning, no gene stored for identifier: [RPS3AP20]
-warning, no gene stored for identifier: [RPS3AP21]
-warning, no gene stored for identifier: [AC018688.1]
-warning, no gene stored for identifier: [SLX9]
-warning, no gene stored for identifier: [AC107223.1]
-warning, no gene stored for identifier: [EEIG2]
-warning, no gene stored for identifier: [SPMAP2L]
-warning, no gene stored for identifier: [AL096870.12]
-warning, no gene stored for identifier: [PDCD6-AHRR]
-warning, no gene stored for identifier: [AC011246.1]
-warning, no gene stored for identifier: [PITX1-AS1]
-warning, no gene stored for identifier: [VDAC2P5]
-warning, no gene stored for identifier: [LAMA4-AS1]
-warning, no gene stored for identifier: [AC078815.1]
-warning, no gene stored for identifier: [AC074091.2]
-warning, no gene stored for identifier: [ZNG1B]
-warning, no gene stored for identifier: [ZNG1E]
-warning, no gene stored for identifier: [TMEM252-DT]
-warning, no gene stored for identifier: [KRT10-AS1]
Adding FusionAnnotator database hits to final.cluster.CANCER_FUSIONS file
no benchmarking performed
Done
End at Sat Oct 5 16:50:07 UTC 2024 -----------
